[2023-05-10 23:11:07,122][Main][INFO] - Distributed environment: NO
Num processes: 1
Process index: 0
Local process index: 0
Device: cuda

Mixed precision type: no

[2023-05-10 23:11:07,122][Main][INFO] - Working directory is /data/spencer/byt5/nanobyT5/logs/2023-05-10/23-11-07
[2023-05-10 23:11:09,635][datasets.arrow_dataset][WARNING] - Loading cached processed dataset at /data/spencer/byt5/nanobyT5/nanoT5/utils/local_data/train/cache-55811058ae2730a0.arrow
[2023-05-10 23:11:09,635][datasets.arrow_dataset][WARNING] - Loading cached shuffled indices for dataset at /data/spencer/byt5/nanobyT5/nanoT5/utils/local_data/train/cache-c639dc3b982c1d18.arrow
[2023-05-10 23:11:09,639][datasets.arrow_dataset][WARNING] - Loading cached processed dataset at /data/spencer/byt5/nanobyT5/nanoT5/utils/local_data/test/cache-4fbda65458655174.arrow
[2023-05-10 23:11:09,639][datasets.arrow_dataset][WARNING] - Loading cached shuffled indices for dataset at /data/spencer/byt5/nanobyT5/nanoT5/utils/local_data/test/cache-0122d01ccc9e02bd.arrow
[2023-05-10 23:11:10,696][torch._utils_internal][INFO] - dynamo _convert_frame_assert._compile: {'co_name': 'forward', 'co_filename': '/home/ssh6847/miniconda3/envs/byt5/lib/python3.8/site-packages/transformers/models/t5/modeling_t5.py', 'co_firstlineno': 1615, 'cache_size': 0}
[2023-05-10 23:11:10,697][torch._subclasses.fake_tensor][INFO] - create_mode 0x7fbc84c36cd0
[2023-05-10 23:11:12,418][torch._subclasses.fake_tensor][INFO] - create_mode 0x7fbc7cd95460
[2023-05-10 23:11:14,566][torch._subclasses.fake_tensor][INFO] - create_mode 0x7fbc7cd075e0
[2023-05-10 23:11:16,497][torch._subclasses.fake_tensor][INFO] - create_mode 0x7fbc7bcf5970
[2023-05-10 23:11:19,958][torch._utils_internal][INFO] - dynamo _convert_frame_assert._compile: {'co_name': '__getitem__', 'co_filename': '/home/ssh6847/miniconda3/envs/byt5/lib/python3.8/site-packages/torch/nn/modules/container.py', 'co_firstlineno': 290, 'cache_size': 0}
[2023-05-10 23:11:19,958][torch._subclasses.fake_tensor][INFO] - create_mode 0x7fbc7cd51ca0
[2023-05-10 23:11:19,962][torch._utils_internal][INFO] - dynamo _convert_frame_assert._compile: {'co_name': '_get_abs_string_index', 'co_filename': '/home/ssh6847/miniconda3/envs/byt5/lib/python3.8/site-packages/torch/nn/modules/container.py', 'co_firstlineno': 281, 'cache_size': 0}
[2023-05-10 23:11:19,962][torch._subclasses.fake_tensor][INFO] - create_mode 0x7fbc7d37b0d0
[2023-05-10 23:11:19,964][torch._utils_internal][INFO] - dynamo _convert_frame_assert._compile: {'co_name': '__len__', 'co_filename': '/home/ssh6847/miniconda3/envs/byt5/lib/python3.8/site-packages/torch/nn/modules/container.py', 'co_firstlineno': 311, 'cache_size': 0}
[2023-05-10 23:11:19,964][torch._subclasses.fake_tensor][INFO] - create_mode 0x7fbc7c4a9fa0
