[2023-05-10 23:06:37,532][Main][INFO] - Distributed environment: NO
Num processes: 1
Process index: 0
Local process index: 0
Device: cuda

Mixed precision type: no

[2023-05-10 23:06:37,532][Main][INFO] - Working directory is /data/spencer/byt5/nanobyT5/logs/2023-05-10/23-06-37
[2023-05-10 23:06:39,951][datasets.arrow_dataset][WARNING] - Loading cached processed dataset at /data/spencer/byt5/nanobyT5/nanoT5/utils/local_data/train/cache-55811058ae2730a0.arrow
[2023-05-10 23:06:39,952][datasets.arrow_dataset][WARNING] - Loading cached shuffled indices for dataset at /data/spencer/byt5/nanobyT5/nanoT5/utils/local_data/train/cache-c639dc3b982c1d18.arrow
[2023-05-10 23:06:39,955][datasets.arrow_dataset][WARNING] - Loading cached processed dataset at /data/spencer/byt5/nanobyT5/nanoT5/utils/local_data/test/cache-4fbda65458655174.arrow
[2023-05-10 23:06:39,956][datasets.arrow_dataset][WARNING] - Loading cached shuffled indices for dataset at /data/spencer/byt5/nanobyT5/nanoT5/utils/local_data/test/cache-0122d01ccc9e02bd.arrow
[2023-05-10 23:06:41,013][torch._utils_internal][INFO] - dynamo _convert_frame_assert._compile: {'co_name': 'forward', 'co_filename': '/home/ssh6847/miniconda3/envs/byt5/lib/python3.8/site-packages/transformers/models/t5/modeling_t5.py', 'co_firstlineno': 1615, 'cache_size': 0}
[2023-05-10 23:06:41,014][torch._subclasses.fake_tensor][INFO] - create_mode 0x7f996ae36a00
[2023-05-10 23:06:42,730][torch._subclasses.fake_tensor][INFO] - create_mode 0x7f9967995130
[2023-05-10 23:06:44,876][torch._subclasses.fake_tensor][INFO] - create_mode 0x7f996790ec70
[2023-05-10 23:06:46,799][torch._subclasses.fake_tensor][INFO] - create_mode 0x7f99611ff7c0
[2023-05-10 23:06:50,234][torch._utils_internal][INFO] - dynamo _convert_frame_assert._compile: {'co_name': '__getitem__', 'co_filename': '/home/ssh6847/miniconda3/envs/byt5/lib/python3.8/site-packages/torch/nn/modules/container.py', 'co_firstlineno': 290, 'cache_size': 0}
[2023-05-10 23:06:50,234][torch._subclasses.fake_tensor][INFO] - create_mode 0x7f995f28dbb0
[2023-05-10 23:06:50,238][torch._utils_internal][INFO] - dynamo _convert_frame_assert._compile: {'co_name': '_get_abs_string_index', 'co_filename': '/home/ssh6847/miniconda3/envs/byt5/lib/python3.8/site-packages/torch/nn/modules/container.py', 'co_firstlineno': 281, 'cache_size': 0}
[2023-05-10 23:06:50,238][torch._subclasses.fake_tensor][INFO] - create_mode 0x7f9967ff8f10
[2023-05-10 23:06:50,239][torch._utils_internal][INFO] - dynamo _convert_frame_assert._compile: {'co_name': '__len__', 'co_filename': '/home/ssh6847/miniconda3/envs/byt5/lib/python3.8/site-packages/torch/nn/modules/container.py', 'co_firstlineno': 311, 'cache_size': 0}
[2023-05-10 23:06:50,239][torch._subclasses.fake_tensor][INFO] - create_mode 0x7f995c3613a0
