{"obj": {"type": "AssignString", "path": ["sys", "name"], "value": "Untitled"}, "version": 1}
{"obj": {"type": "AssignString", "path": ["sys", "description"], "value": ""}, "version": 2}
{"obj": {"type": "AssignString", "path": ["monitoring", "0daa1672", "hostname"], "value": "seoul"}, "version": 3}
{"obj": {"type": "AssignString", "path": ["sys", "hostname"], "value": "seoul"}, "version": 4}
{"obj": {"type": "AssignString", "path": ["monitoring", "0daa1672", "pid"], "value": "75213"}, "version": 5}
{"obj": {"type": "AssignString", "path": ["monitoring", "0daa1672", "tid"], "value": "139766134716224"}, "version": 6}
{"obj": {"type": "AddStrings", "path": ["sys", "tags"], "values": ["test_run"]}, "version": 7}
{"obj": {"type": "AssignBool", "path": ["sys", "failed"], "value": false}, "version": 8}
{"obj": {"type": "ClearStringLog", "path": ["monitoring", "0daa1672", "stdout"]}, "version": 9}
{"obj": {"type": "ClearStringLog", "path": ["monitoring", "0daa1672", "stderr"]}, "version": 10}
{"obj": {"type": "AssignString", "path": ["source_code", "entrypoint"], "value": "main.py"}, "version": 11}
{"obj": {"type": "UploadFileSet", "path": ["source_code", "files"], "file_globs": ["/data/spencer/byt5/nanobyT5/nanoT5/main.py"], "reset": "False"}, "version": 12}
{"obj": {"type": "ConfigFloatSeries", "path": ["monitoring", "0daa1672", "cpu"], "min": 0.0, "max": 100.0, "unit": "%"}, "version": 13}
{"obj": {"type": "ClearFloatLog", "path": ["monitoring", "0daa1672", "cpu"]}, "version": 14}
{"obj": {"type": "ConfigFloatSeries", "path": ["monitoring", "0daa1672", "memory"], "min": 0.0, "max": 125.61768341064453, "unit": "GB"}, "version": 15}
{"obj": {"type": "ClearFloatLog", "path": ["monitoring", "0daa1672", "memory"]}, "version": 16}
{"obj": {"type": "ConfigFloatSeries", "path": ["monitoring", "0daa1672", "gpu_0"], "min": 0.0, "max": 100.0, "unit": "%"}, "version": 17}
{"obj": {"type": "ClearFloatLog", "path": ["monitoring", "0daa1672", "gpu_0"]}, "version": 18}
{"obj": {"type": "ConfigFloatSeries", "path": ["monitoring", "0daa1672", "gpu_1"], "min": 0.0, "max": 100.0, "unit": "%"}, "version": 19}
{"obj": {"type": "ClearFloatLog", "path": ["monitoring", "0daa1672", "gpu_1"]}, "version": 20}
{"obj": {"type": "ConfigFloatSeries", "path": ["monitoring", "0daa1672", "gpu_memory_0"], "min": 0.0, "max": 48.0, "unit": "GB"}, "version": 21}
{"obj": {"type": "ClearFloatLog", "path": ["monitoring", "0daa1672", "gpu_memory_0"]}, "version": 22}
{"obj": {"type": "ConfigFloatSeries", "path": ["monitoring", "0daa1672", "gpu_memory_1"], "min": 0.0, "max": 48.0, "unit": "GB"}, "version": 23}
{"obj": {"type": "ClearFloatLog", "path": ["monitoring", "0daa1672", "gpu_memory_1"]}, "version": 24}
{"obj": {"type": "LogFloats", "path": ["monitoring", "0daa1672", "cpu"], "values": [{"value": 1.5, "step": null, "ts": 1683778368.3510315}]}, "version": 25}
{"obj": {"type": "LogFloats", "path": ["monitoring", "0daa1672", "memory"], "values": [{"value": 11.925163269042969, "step": null, "ts": 1683778368.3510315}]}, "version": 26}
{"obj": {"type": "LogFloats", "path": ["monitoring", "0daa1672", "gpu_memory_0"], "values": [{"value": 0.54620361328125, "step": null, "ts": 1683778368.3510315}]}, "version": 27}
{"obj": {"type": "LogFloats", "path": ["monitoring", "0daa1672", "gpu_memory_1"], "values": [{"value": 0.86212158203125, "step": null, "ts": 1683778368.3510315}]}, "version": 28}
{"obj": {"type": "AssignString", "path": ["args", "mode"], "value": "pt"}, "version": 29}
{"obj": {"type": "AssignString", "path": ["args", "device"], "value": "gpu"}, "version": 30}
{"obj": {"type": "AssignBool", "path": ["args", "eval_only"], "value": false}, "version": 31}
{"obj": {"type": "AssignBool", "path": ["args", "predict_only"], "value": false}, "version": 32}
{"obj": {"type": "AssignInt", "path": ["args", "seed"], "value": 2137}, "version": 33}
{"obj": {"type": "AssignString", "path": ["args", "model", "checkpoint_path"], "value": ""}, "version": 34}
{"obj": {"type": "AssignFloat", "path": ["args", "model", "dropout"], "value": 0.0}, "version": 35}
{"obj": {"type": "AssignBool", "path": ["args", "model", "random_init"], "value": true}, "version": 36}
{"obj": {"type": "AssignBool", "path": ["args", "model", "compile"], "value": true}, "version": 37}
{"obj": {"type": "AssignInt", "path": ["args", "data", "input_length"], "value": 512}, "version": 38}
{"obj": {"type": "AssignFloat", "path": ["args", "data", "mlm_probability"], "value": 0.15}, "version": 39}
{"obj": {"type": "AssignFloat", "path": ["args", "data", "mean_noise_span_length"], "value": 3.0}, "version": 40}
{"obj": {"type": "AssignInt", "path": ["args", "data", "num_workers"], "value": 2}, "version": 41}
{"obj": {"type": "AssignInt", "path": ["args", "data", "before_mask_input_length"], "value": 568}, "version": 42}
{"obj": {"type": "AssignInt", "path": ["args", "data", "target_length"], "value": 114}, "version": 43}
{"obj": {"type": "AssignInt", "path": ["args", "data", "train_batches"], "value": 1}, "version": 44}
{"obj": {"type": "AssignInt", "path": ["args", "data", "test_batches"], "value": 1}, "version": 45}
{"obj": {"type": "AssignString", "path": ["args", "optim", "name"], "value": "adamwscale"}, "version": 46}
{"obj": {"type": "AssignFloat", "path": ["args", "optim", "base_lr"], "value": 0.02}, "version": 47}
{"obj": {"type": "AssignInt", "path": ["args", "optim", "batch_size"], "value": 144}, "version": 48}
{"obj": {"type": "AssignInt", "path": ["args", "optim", "total_steps"], "value": 1}, "version": 49}
{"obj": {"type": "AssignInt", "path": ["args", "optim", "epochs"], "value": -1}, "version": 50}
{"obj": {"type": "AssignInt", "path": ["args", "optim", "warmup_steps"], "value": 1}, "version": 51}
{"obj": {"type": "AssignString", "path": ["args", "optim", "lr_scheduler"], "value": "cosine"}, "version": 52}
{"obj": {"type": "AssignFloat", "path": ["args", "optim", "weight_decay"], "value": 0.0}, "version": 53}
{"obj": {"type": "AssignFloat", "path": ["args", "optim", "grad_clip"], "value": 1.0}, "version": 54}
{"obj": {"type": "AssignInt", "path": ["args", "optim", "grad_acc"], "value": 2}, "version": 55}
{"obj": {"type": "AssignFloat", "path": ["args", "optim", "final_cosine"], "value": 1e-05}, "version": 56}
{"obj": {"type": "AssignInt", "path": ["args", "eval", "every_steps"], "value": 300}, "version": 57}
{"obj": {"type": "AssignInt", "path": ["args", "eval", "steps"], "value": 5}, "version": 58}
{"obj": {"type": "AssignFloat", "path": ["args", "eval", "corrected_steps"], "value": 2.5}, "version": 59}
{"obj": {"type": "AssignInt", "path": ["args", "checkpoint", "every_steps"], "value": 3}, "version": 60}
{"obj": {"type": "AssignBool", "path": ["args", "logging", "neptune"], "value": true}, "version": 61}
{"obj": {"type": "AssignString", "path": ["args", "logging", "neptune_creds", "project"], "value": "kavisubramanyan2025/local-byt5-train"}, "version": 62}
{"obj": {"type": "AssignString", "path": ["args", "logging", "neptune_creds", "api_token"], "value": "eyJhcGlfYWRkcmVzcyI6Imh0dHBzOi8vYXBwLm5lcHR1bmUuYWkiLCJhcGlfdXJsIjoiaHR0cHM6Ly9hcHAubmVwdHVuZS5haSIsImFwaV9rZXkiOiJkNTEwZWMzNS0xNGVkLTRlMzctYmIwYS1kMDhjNjhlOWI1YTUifQ=="}, "version": 63}
{"obj": {"type": "AssignString", "path": ["args", "logging", "neptune_creds", "tags"], "value": "test_run"}, "version": 64}
{"obj": {"type": "AssignInt", "path": ["args", "logging", "every_steps"], "value": 100}, "version": 65}
{"obj": {"type": "AssignBool", "path": ["args", "logging", "grad_l2"], "value": true}, "version": 66}
{"obj": {"type": "AssignBool", "path": ["args", "logging", "weights_l2"], "value": true}, "version": 67}
{"obj": {"type": "AssignString", "path": ["args", "slurm_id"], "value": "none"}, "version": 68}
{"obj": {"type": "AssignString", "path": ["args", "working_dir"], "value": "/data/spencer/byt5/nanobyT5/logs/2023-05-10/23-12-46"}, "version": 69}
{"obj": {"type": "AssignString", "path": ["args", "neptune_id"], "value": "LOC-103"}, "version": 70}
{"obj": {"type": "LogStrings", "path": ["monitoring", "0daa1672", "stdout"], "values": [{"value": "1", "step": null, "ts": 1683778370.0767632}]}, "version": 71}
{"obj": {"type": "LogStrings", "path": ["monitoring", "0daa1672", "stdout"], "values": [{"value": "\n", "step": null, "ts": 1683778370.1027591}]}, "version": 72}
{"obj": {"type": "LogStrings", "path": ["monitoring", "0daa1672", "stdout"], "values": [{"value": "why is it always", "step": null, "ts": 1683778370.1036325}]}, "version": 73}
{"obj": {"type": "LogStrings", "path": ["monitoring", "0daa1672", "stdout"], "values": [{"value": " ", "step": null, "ts": 1683778370.1046753}]}, "version": 74}
{"obj": {"type": "LogStrings", "path": ["monitoring", "0daa1672", "stdout"], "values": [{"value": "1", "step": null, "ts": 1683778370.1051583}]}, "version": 75}
{"obj": {"type": "LogStrings", "path": ["monitoring", "0daa1672", "stdout"], "values": [{"value": "\n", "step": null, "ts": 1683778370.1055033}]}, "version": 76}
{"obj": {"type": "LogStrings", "path": ["monitoring", "0daa1672", "stdout"], "values": [{"value": "{'input_ids': tensor([[ 56,  59,  60,  ...,  45, 356,   1],\n        [ 48,  55,  52,  ..., 129, 356,   1],\n        [ 48,  58,  58,  ...,  48, 356,   1],\n        ...,\n        [ 60,  51,  55,  ...,  45, 356,   1],\n        [ 48,  54,  58,  ...,  55, 356,   1],\n        [ 13,  48,  52,  ...,  54, 356,   1]], device='cuda:0'), 'labels': tensor([[383,  52, 382,  ..., 356, 123,   1],\n        [383,  55,  52,  ..., 356,  96,   1],\n        [383,  57, 382,  ..., 356,  60,   1],\n        ...,\n        [383,  64,  53,  ..., 356, 123,   1],\n        [383,  45, 382,  ...,  48,  52,   1],\n        [383, 129, 382,  ...,  55,  54,   1]], device='cuda:0')}", "step": null, "ts": 1683778370.106019}]}, "version": 77}
{"obj": {"type": "LogStrings", "path": ["monitoring", "0daa1672", "stdout"], "values": [{"value": " ", "step": null, "ts": 1683778370.106418}]}, "version": 78}
{"obj": {"type": "LogStrings", "path": ["monitoring", "0daa1672", "stdout"], "values": [{"value": "batch is actually changing though...", "step": null, "ts": 1683778370.1065855}]}, "version": 79}
{"obj": {"type": "LogStrings", "path": ["monitoring", "0daa1672", "stdout"], "values": [{"value": "\n", "step": null, "ts": 1683778370.106913}]}, "version": 80}
{"obj": {"type": "LogFloats", "path": ["monitoring", "0daa1672", "cpu"], "values": [{"value": 7.7, "step": null, "ts": 1683778378.3590577}]}, "version": 81}
{"obj": {"type": "LogFloats", "path": ["monitoring", "0daa1672", "memory"], "values": [{"value": 19.409564971923828, "step": null, "ts": 1683778378.3590577}]}, "version": 82}
{"obj": {"type": "LogFloats", "path": ["monitoring", "0daa1672", "gpu_memory_0"], "values": [{"value": 1.42218017578125, "step": null, "ts": 1683778378.3590577}]}, "version": 83}
{"obj": {"type": "LogFloats", "path": ["monitoring", "0daa1672", "gpu_memory_1"], "values": [{"value": 0.86212158203125, "step": null, "ts": 1683778378.3590577}]}, "version": 84}
{"obj": {"type": "LogStrings", "path": ["monitoring", "0daa1672", "stdout"], "values": [{"value": "1", "step": null, "ts": 1683778382.3638587}]}, "version": 85}
{"obj": {"type": "LogStrings", "path": ["monitoring", "0daa1672", "stdout"], "values": [{"value": "\n", "step": null, "ts": 1683778382.4458308}]}, "version": 86}
{"obj": {"type": "LogStrings", "path": ["monitoring", "0daa1672", "stdout"], "values": [{"value": "why is it always", "step": null, "ts": 1683778382.4466271}]}, "version": 87}
{"obj": {"type": "LogStrings", "path": ["monitoring", "0daa1672", "stdout"], "values": [{"value": " ", "step": null, "ts": 1683778382.4471104}]}, "version": 88}
{"obj": {"type": "LogStrings", "path": ["monitoring", "0daa1672", "stdout"], "values": [{"value": "1", "step": null, "ts": 1683778382.4474583}]}, "version": 89}
{"obj": {"type": "LogStrings", "path": ["monitoring", "0daa1672", "stdout"], "values": [{"value": "\n", "step": null, "ts": 1683778382.447747}]}, "version": 90}
{"obj": {"type": "LogStrings", "path": ["monitoring", "0daa1672", "stdout"], "values": [{"value": "{'input_ids': tensor([[ 60,  51,  55,  ...,  48, 356,   1],\n        [ 46,  51,  64,  ...,  56, 356,   1],\n        [ 56,  59,  60,  ...,  57, 356,   1],\n        ...,\n        [ 56,  56,  51,  ...,  60, 356,   1],\n        [ 51,  45, 123,  ...,  51, 356,   1],\n        [ 13,  48, 383,  ...,  59, 356,   1]], device='cuda:0'), 'labels': tensor([[383,  13,  94,  ...,  45, 123,   1],\n        [383,  45, 123,  ...,  52,  59,   1],\n        [383,  57,  45,  ...,  45, 123,   1],\n        ...,\n        [383,  64, 382,  ..., 123,  46,   1],\n        [383,  52,  55,  ...,  55,  59,   1],\n        [383,  52, 382,  ...,  55,  54,   1]], device='cuda:0')}", "step": null, "ts": 1683778382.448047}]}, "version": 91}
{"obj": {"type": "LogStrings", "path": ["monitoring", "0daa1672", "stdout"], "values": [{"value": " ", "step": null, "ts": 1683778382.4482505}]}, "version": 92}
{"obj": {"type": "LogStrings", "path": ["monitoring", "0daa1672", "stdout"], "values": [{"value": "batch is actually changing though...", "step": null, "ts": 1683778382.4484646}]}, "version": 93}
{"obj": {"type": "LogStrings", "path": ["monitoring", "0daa1672", "stdout"], "values": [{"value": "\n", "step": null, "ts": 1683778382.4486787}]}, "version": 94}
{"obj": {"type": "LogStrings", "path": ["monitoring", "0daa1672", "stdout"], "values": [{"value": "1", "step": null, "ts": 1683778382.6059768}]}, "version": 95}
{"obj": {"type": "LogStrings", "path": ["monitoring", "0daa1672", "stdout"], "values": [{"value": "\n", "step": null, "ts": 1683778382.6068141}]}, "version": 96}
{"obj": {"type": "LogStrings", "path": ["monitoring", "0daa1672", "stdout"], "values": [{"value": "why is it always", "step": null, "ts": 1683778382.607666}]}, "version": 97}
{"obj": {"type": "LogStrings", "path": ["monitoring", "0daa1672", "stdout"], "values": [{"value": " ", "step": null, "ts": 1683778382.6084995}]}, "version": 98}
{"obj": {"type": "LogStrings", "path": ["monitoring", "0daa1672", "stdout"], "values": [{"value": "1", "step": null, "ts": 1683778382.6103544}]}, "version": 99}
{"obj": {"type": "LogStrings", "path": ["monitoring", "0daa1672", "stdout"], "values": [{"value": "\n", "step": null, "ts": 1683778382.6108692}]}, "version": 100}
{"obj": {"type": "LogStrings", "path": ["monitoring", "0daa1672", "stdout"], "values": [{"value": "{'input_ids': tensor([[ 46,  53,  52,  ...,  51, 356,   1],\n        [ 48,  55,  52,  ...,  51, 356,   1],\n        [ 13,  48,  52,  ...,  55, 356,   1],\n        ...,\n        [ 60,  54,  60,  ...,  45, 356,   1],\n        [ 54,  51,  56,  ..., 123, 356,   1],\n        [ 45, 123,  46,  ...,  53, 356,   1]], device='cuda:0'), 'labels': tensor([[383, 123, 382,  ..., 356,  45,   1],\n        [383, 129,  96,  ..., 129,  96,   1],\n        [383,  13, 123,  ...,  55,  54,   1],\n        ...,\n        [383,  45, 123,  ...,  45, 123,   1],\n        [383,  13,  94,  ...,  48,  54,   1],\n        [383, 123,  48,  ..., 356,  59,   1]], device='cuda:0')}", "step": null, "ts": 1683778382.6111817}]}, "version": 101}
{"obj": {"type": "LogStrings", "path": ["monitoring", "0daa1672", "stdout"], "values": [{"value": " ", "step": null, "ts": 1683778382.6115558}]}, "version": 102}
{"obj": {"type": "LogStrings", "path": ["monitoring", "0daa1672", "stdout"], "values": [{"value": "batch is actually changing though...", "step": null, "ts": 1683778382.6119866}]}, "version": 103}
{"obj": {"type": "LogStrings", "path": ["monitoring", "0daa1672", "stdout"], "values": [{"value": "\n", "step": null, "ts": 1683778382.6886914}]}, "version": 104}
{"obj": {"type": "LogStrings", "path": ["monitoring", "0daa1672", "stdout"], "values": [{"value": "1", "step": null, "ts": 1683778382.8512018}]}, "version": 105}
{"obj": {"type": "LogStrings", "path": ["monitoring", "0daa1672", "stdout"], "values": [{"value": "\n", "step": null, "ts": 1683778382.8519678}]}, "version": 106}
{"obj": {"type": "LogStrings", "path": ["monitoring", "0daa1672", "stdout"], "values": [{"value": "why is it always", "step": null, "ts": 1683778382.852798}]}, "version": 107}
{"obj": {"type": "LogStrings", "path": ["monitoring", "0daa1672", "stdout"], "values": [{"value": " ", "step": null, "ts": 1683778382.853462}]}, "version": 108}
{"obj": {"type": "LogStrings", "path": ["monitoring", "0daa1672", "stdout"], "values": [{"value": "1", "step": null, "ts": 1683778382.8537815}]}, "version": 109}
{"obj": {"type": "LogStrings", "path": ["monitoring", "0daa1672", "stdout"], "values": [{"value": "\n", "step": null, "ts": 1683778382.85403}]}, "version": 110}
{"obj": {"type": "LogStrings", "path": ["monitoring", "0daa1672", "stdout"], "values": [{"value": "{'input_ids': tensor([[ 48,  54,  58,  ...,  48, 356,   1],\n        [ 51,  45, 123,  ...,  45, 356,   1],\n        [ 46,  51,  64,  ...,  60, 356,   1],\n        ...,\n        [ 46,  53,  52,  ...,  51, 356,   1],\n        [ 56,  45, 123,  ...,  43, 356,   1],\n        [ 54,  60,  55,  ...,  96, 356,   1]], device='cuda:0'), 'labels': tensor([[383,  48,  55,  ..., 356,  52,   1],\n        [383,  46,  55,  ...,  55,  59,   1],\n        [383,  46, 382,  ...,  52,  59,   1],\n        ...,\n        [383,  46,  53,  ..., 356,  45,   1],\n        [383,  94, 129,  ..., 356,  54,   1],\n        [383,  48, 382,  ..., 356,  13,   1]], device='cuda:0')}", "step": null, "ts": 1683778382.8542752}]}, "version": 111}
{"obj": {"type": "LogStrings", "path": ["monitoring", "0daa1672", "stdout"], "values": [{"value": " ", "step": null, "ts": 1683778382.854565}]}, "version": 112}
{"obj": {"type": "LogStrings", "path": ["monitoring", "0daa1672", "stdout"], "values": [{"value": "batch is actually changing though...", "step": null, "ts": 1683778382.8548203}]}, "version": 113}
{"obj": {"type": "LogStrings", "path": ["monitoring", "0daa1672", "stdout"], "values": [{"value": "\n", "step": null, "ts": 1683778382.8550997}]}, "version": 114}
{"obj": {"type": "LogStrings", "path": ["monitoring", "0daa1672", "stdout"], "values": [{"value": "1", "step": null, "ts": 1683778383.1115904}]}, "version": 115}
{"obj": {"type": "LogStrings", "path": ["monitoring", "0daa1672", "stdout"], "values": [{"value": "\n", "step": null, "ts": 1683778383.1121917}]}, "version": 116}
{"obj": {"type": "LogStrings", "path": ["monitoring", "0daa1672", "stdout"], "values": [{"value": "why is it always", "step": null, "ts": 1683778383.1129417}]}, "version": 117}
{"obj": {"type": "LogStrings", "path": ["monitoring", "0daa1672", "stdout"], "values": [{"value": " ", "step": null, "ts": 1683778383.1134565}]}, "version": 118}
{"obj": {"type": "LogStrings", "path": ["monitoring", "0daa1672", "stdout"], "values": [{"value": "1", "step": null, "ts": 1683778383.1139379}]}, "version": 119}
{"obj": {"type": "LogStrings", "path": ["monitoring", "0daa1672", "stdout"], "values": [{"value": "\n", "step": null, "ts": 1683778383.1143324}]}, "version": 120}
{"obj": {"type": "LogStrings", "path": ["monitoring", "0daa1672", "stdout"], "values": [{"value": "{'input_ids': tensor([[ 13,  48,  52,  ...,  54, 356,   1],\n        [ 46,  51, 383,  ...,  13, 356,   1],\n        [ 48,  54,  58,  ...,  45, 356,   1],\n        ...,\n        [ 60,  45, 123,  ...,  51, 356,   1],\n        [123,  46,  53,  ...,  52, 356,   1],\n        [ 45, 383,  57,  ...,  54, 356,   1]], device='cuda:0'), 'labels': tensor([[383,  13, 382,  ...,  55,  54,   1],\n        [383,  64,  48,  ...,  52,  59,   1],\n        [383,  45, 382,  ...,  48,  52,   1],\n        ...,\n        [383,  48,  55,  ...,  64,  48,   1],\n        [383,  53,  45,  ...,  58,  51,   1],\n        [383, 123,  46,  ...,  53,  59,   1]], device='cuda:0')}", "step": null, "ts": 1683778383.1146946}]}, "version": 121}
{"obj": {"type": "LogStrings", "path": ["monitoring", "0daa1672", "stdout"], "values": [{"value": " ", "step": null, "ts": 1683778383.115091}]}, "version": 122}
{"obj": {"type": "LogStrings", "path": ["monitoring", "0daa1672", "stdout"], "values": [{"value": "batch is actually changing though...", "step": null, "ts": 1683778383.115343}]}, "version": 123}
{"obj": {"type": "LogStrings", "path": ["monitoring", "0daa1672", "stdout"], "values": [{"value": "\n", "step": null, "ts": 1683778383.1155584}]}, "version": 124}
{"obj": {"type": "LogStrings", "path": ["monitoring", "0daa1672", "stdout"], "values": [{"value": "1", "step": null, "ts": 1683778383.3709657}]}, "version": 125}
{"obj": {"type": "LogStrings", "path": ["monitoring", "0daa1672", "stdout"], "values": [{"value": "\n", "step": null, "ts": 1683778383.4530332}]}, "version": 126}
{"obj": {"type": "LogStrings", "path": ["monitoring", "0daa1672", "stdout"], "values": [{"value": "why is it always", "step": null, "ts": 1683778383.454005}]}, "version": 127}
{"obj": {"type": "LogStrings", "path": ["monitoring", "0daa1672", "stdout"], "values": [{"value": " ", "step": null, "ts": 1683778383.4545393}]}, "version": 128}
{"obj": {"type": "LogStrings", "path": ["monitoring", "0daa1672", "stdout"], "values": [{"value": "1", "step": null, "ts": 1683778383.455091}]}, "version": 129}
{"obj": {"type": "LogStrings", "path": ["monitoring", "0daa1672", "stdout"], "values": [{"value": "\n", "step": null, "ts": 1683778383.4555402}]}, "version": 130}
{"obj": {"type": "LogStrings", "path": ["monitoring", "0daa1672", "stdout"], "values": [{"value": "{'input_ids': tensor([[ 56,  45, 123,  ...,  43, 356,   1],\n        [ 48,  54,  58,  ..., 123, 356,   1],\n        [ 46,  51,  64,  ...,  94, 356,   1],\n        ...,\n        [ 46,  53,  52,  ...,  51, 356,   1],\n        [ 48,  55,  52,  ...,  53, 356,   1],\n        [ 60,  45, 123,  ..., 123, 356,   1]], device='cuda:0'), 'labels': tensor([[383,  52,  53,  ..., 356,  54,   1],\n        [383, 123,  46,  ...,  48,  52,   1],\n        [383,  96,  13,  ...,  52,  59,   1],\n        ...,\n        [383,  53,  52,  ..., 356,  45,   1],\n        [383,  48, 382,  ..., 129,  96,   1],\n        [383,  94, 129,  ...,  64,  48,   1]], device='cuda:0')}", "step": null, "ts": 1683778383.4560087}]}, "version": 131}
{"obj": {"type": "LogStrings", "path": ["monitoring", "0daa1672", "stdout"], "values": [{"value": " ", "step": null, "ts": 1683778383.4563475}]}, "version": 132}
{"obj": {"type": "LogStrings", "path": ["monitoring", "0daa1672", "stdout"], "values": [{"value": "batch is actually changing though...", "step": null, "ts": 1683778383.4567864}]}, "version": 133}
{"obj": {"type": "LogStrings", "path": ["monitoring", "0daa1672", "stdout"], "values": [{"value": "\n", "step": null, "ts": 1683778383.457022}]}, "version": 134}
{"obj": {"type": "LogStrings", "path": ["monitoring", "0daa1672", "stdout"], "values": [{"value": "1", "step": null, "ts": 1683778383.6322327}]}, "version": 135}
{"obj": {"type": "LogStrings", "path": ["monitoring", "0daa1672", "stdout"], "values": [{"value": "\n", "step": null, "ts": 1683778383.6330373}]}, "version": 136}
{"obj": {"type": "LogStrings", "path": ["monitoring", "0daa1672", "stdout"], "values": [{"value": "why is it always", "step": null, "ts": 1683778383.6338112}]}, "version": 137}
{"obj": {"type": "LogStrings", "path": ["monitoring", "0daa1672", "stdout"], "values": [{"value": " ", "step": null, "ts": 1683778383.6346097}]}, "version": 138}
{"obj": {"type": "LogStrings", "path": ["monitoring", "0daa1672", "stdout"], "values": [{"value": "1", "step": null, "ts": 1683778383.6354601}]}, "version": 139}
{"obj": {"type": "LogStrings", "path": ["monitoring", "0daa1672", "stdout"], "values": [{"value": "\n", "step": null, "ts": 1683778383.6359076}]}, "version": 140}
{"obj": {"type": "LogStrings", "path": ["monitoring", "0daa1672", "stdout"], "values": [{"value": "{'input_ids': tensor([[ 46, 383,  13,  ...,  51, 356,   1],\n        [ 60,  45, 123,  ...,  51, 356,   1],\n        [ 60,  54,  60,  ...,  57, 356,   1],\n        ...,\n        [ 45, 123,  46,  ...,  53, 356,   1],\n        [ 46,  51,  64,  ...,  56, 356,   1],\n        [123,  46,  53,  ..., 123, 356,   1]], device='cuda:0'), 'labels': tensor([[383,  53,  52,  ..., 356,  45,   1],\n        [383,  57,  13,  ...,  64,  48,   1],\n        [383,  52,  60,  ...,  45, 123,   1],\n        ...,\n        [383,  96,  13,  ..., 356,  59,   1],\n        [383,  49, 382,  ...,  52,  59,   1],\n        [383,  52, 382,  ...,  58,  51,   1]], device='cuda:0')}", "step": null, "ts": 1683778383.6363041}]}, "version": 141}
{"obj": {"type": "LogStrings", "path": ["monitoring", "0daa1672", "stdout"], "values": [{"value": " ", "step": null, "ts": 1683778383.6367028}]}, "version": 142}
{"obj": {"type": "LogStrings", "path": ["monitoring", "0daa1672", "stdout"], "values": [{"value": "batch is actually changing though...", "step": null, "ts": 1683778383.637041}]}, "version": 143}
{"obj": {"type": "LogStrings", "path": ["monitoring", "0daa1672", "stdout"], "values": [{"value": "\n", "step": null, "ts": 1683778383.6372578}]}, "version": 144}
{"obj": {"type": "LogStrings", "path": ["monitoring", "0daa1672", "stdout"], "values": [{"value": "1", "step": null, "ts": 1683778383.8951607}]}, "version": 145}
{"obj": {"type": "LogStrings", "path": ["monitoring", "0daa1672", "stdout"], "values": [{"value": "\n", "step": null, "ts": 1683778383.895797}]}, "version": 146}
{"obj": {"type": "LogStrings", "path": ["monitoring", "0daa1672", "stdout"], "values": [{"value": "why is it always", "step": null, "ts": 1683778383.896654}]}, "version": 147}
{"obj": {"type": "LogStrings", "path": ["monitoring", "0daa1672", "stdout"], "values": [{"value": " ", "step": null, "ts": 1683778383.8972216}]}, "version": 148}
{"obj": {"type": "LogStrings", "path": ["monitoring", "0daa1672", "stdout"], "values": [{"value": "1", "step": null, "ts": 1683778383.8977468}]}, "version": 149}
{"obj": {"type": "LogStrings", "path": ["monitoring", "0daa1672", "stdout"], "values": [{"value": "\n", "step": null, "ts": 1683778383.8980553}]}, "version": 150}
{"obj": {"type": "LogStrings", "path": ["monitoring", "0daa1672", "stdout"], "values": [{"value": "{'input_ids': tensor([[123,  46,  53,  ...,  45, 356,   1],\n        [ 51,  45, 123,  ...,  55, 356,   1],\n        [ 56,  45, 123,  ...,  64, 356,   1],\n        ...,\n        [ 55,  58,  54,  ...,  54, 356,   1],\n        [ 56,  59,  60,  ...,  45, 356,   1],\n        [ 46,  51,  64,  ...,  52, 356,   1]], device='cuda:0'), 'labels': tensor([[383,  60,  52,  ...,  58,  51,   1],\n        [383,  57,  54,  ..., 356,  59,   1],\n        [383,  54,  60,  ...,  43,  54,   1],\n        ...,\n        [383,  94, 129,  ...,  53,  64,   1],\n        [383, 123, 382,  ..., 356, 123,   1],\n        [383,  96, 382,  ..., 356,  59,   1]], device='cuda:0')}", "step": null, "ts": 1683778383.8985264}]}, "version": 151}
{"obj": {"type": "LogStrings", "path": ["monitoring", "0daa1672", "stdout"], "values": [{"value": " ", "step": null, "ts": 1683778383.8989072}]}, "version": 152}
{"obj": {"type": "LogStrings", "path": ["monitoring", "0daa1672", "stdout"], "values": [{"value": "batch is actually changing though...", "step": null, "ts": 1683778383.8992326}]}, "version": 153}
{"obj": {"type": "LogStrings", "path": ["monitoring", "0daa1672", "stdout"], "values": [{"value": "\n", "step": null, "ts": 1683778383.899482}]}, "version": 154}
{"obj": {"type": "LogStrings", "path": ["monitoring", "0daa1672", "stdout"], "values": [{"value": "1", "step": null, "ts": 1683778384.1574464}]}, "version": 155}
{"obj": {"type": "LogStrings", "path": ["monitoring", "0daa1672", "stdout"], "values": [{"value": "\n", "step": null, "ts": 1683778384.242127}]}, "version": 156}
{"obj": {"type": "LogStrings", "path": ["monitoring", "0daa1672", "stdout"], "values": [{"value": "why is it always", "step": null, "ts": 1683778384.242946}]}, "version": 157}
{"obj": {"type": "LogStrings", "path": ["monitoring", "0daa1672", "stdout"], "values": [{"value": " ", "step": null, "ts": 1683778384.2435224}]}, "version": 158}
{"obj": {"type": "LogStrings", "path": ["monitoring", "0daa1672", "stdout"], "values": [{"value": "1", "step": null, "ts": 1683778384.244184}]}, "version": 159}
{"obj": {"type": "LogStrings", "path": ["monitoring", "0daa1672", "stdout"], "values": [{"value": "\n", "step": null, "ts": 1683778384.2447731}]}, "version": 160}
{"obj": {"type": "LogStrings", "path": ["monitoring", "0daa1672", "stdout"], "values": [{"value": "{'input_ids': tensor([[ 51,  45, 123,  ...,  53, 356,   1],\n        [ 60,  51,  55,  ...,  54, 356,   1],\n        [ 54,  51,  56,  ...,  45, 356,   1],\n        ...,\n        [ 46,  51,  64,  ...,  13, 356,   1],\n        [ 54, 383,  57,  ...,  13, 356,   1],\n        [123,  48,  53,  ...,  45, 356,   1]], device='cuda:0'), 'labels': tensor([[383,  46,  53,  ...,  55,  59,   1],\n        [383, 123,  64,  ...,  45, 123,   1],\n        [383,  13,  94,  ...,  48,  54,   1],\n        ...,\n        [383,  52, 382,  ...,  52,  59,   1],\n        [383,  60,  55,  ...,  96,  13,   1],\n        [383,  55,  45,  ..., 356, 123,   1]], device='cuda:0')}", "step": null, "ts": 1683778384.2453992}]}, "version": 161}
{"obj": {"type": "LogStrings", "path": ["monitoring", "0daa1672", "stdout"], "values": [{"value": " ", "step": null, "ts": 1683778384.245641}]}, "version": 162}
{"obj": {"type": "LogStrings", "path": ["monitoring", "0daa1672", "stdout"], "values": [{"value": "batch is actually changing though...", "step": null, "ts": 1683778384.245929}]}, "version": 163}
{"obj": {"type": "LogStrings", "path": ["monitoring", "0daa1672", "stdout"], "values": [{"value": "\n", "step": null, "ts": 1683778384.2463396}]}, "version": 164}
{"obj": {"type": "LogStrings", "path": ["monitoring", "0daa1672", "stdout"], "values": [{"value": "1", "step": null, "ts": 1683778384.4210315}]}, "version": 165}
{"obj": {"type": "LogStrings", "path": ["monitoring", "0daa1672", "stdout"], "values": [{"value": "\n", "step": null, "ts": 1683778384.421757}]}, "version": 166}
{"obj": {"type": "LogStrings", "path": ["monitoring", "0daa1672", "stdout"], "values": [{"value": "why is it always", "step": null, "ts": 1683778384.4228628}]}, "version": 167}
{"obj": {"type": "LogStrings", "path": ["monitoring", "0daa1672", "stdout"], "values": [{"value": " ", "step": null, "ts": 1683778384.4231453}]}, "version": 168}
{"obj": {"type": "LogStrings", "path": ["monitoring", "0daa1672", "stdout"], "values": [{"value": "1", "step": null, "ts": 1683778384.4233785}]}, "version": 169}
{"obj": {"type": "LogStrings", "path": ["monitoring", "0daa1672", "stdout"], "values": [{"value": "\n", "step": null, "ts": 1683778384.4236615}]}, "version": 170}
{"obj": {"type": "LogStrings", "path": ["monitoring", "0daa1672", "stdout"], "values": [{"value": "{'input_ids': tensor([[ 48,  55,  52,  ...,  13, 356,   1],\n        [ 13,  48,  52,  ..., 123, 356,   1],\n        [ 48,  58,  58,  ...,  96, 356,   1],\n        ...,\n        [ 60,  54,  60,  ...,  57, 356,   1],\n        [ 60,  51, 383,  ...,  45, 356,   1],\n        [123,  48, 383,  ...,  45, 356,   1]], device='cuda:0'), 'labels': tensor([[383,  52,  58,  ..., 129,  96,   1],\n        [383, 123, 382,  ...,  55,  54,   1],\n        [383,  96,  13,  ...,  48,  60,   1],\n        ...,\n        [383, 129,  96,  ...,  45, 123,   1],\n        [383,  55,  45,  ..., 356, 123,   1],\n        [383,  53,  52,  ..., 356, 123,   1]], device='cuda:0')}", "step": null, "ts": 1683778384.4239044}]}, "version": 171}
{"obj": {"type": "LogStrings", "path": ["monitoring", "0daa1672", "stdout"], "values": [{"value": " ", "step": null, "ts": 1683778384.4241285}]}, "version": 172}
{"obj": {"type": "LogStrings", "path": ["monitoring", "0daa1672", "stdout"], "values": [{"value": "batch is actually changing though...", "step": null, "ts": 1683778384.4243398}]}, "version": 173}
{"obj": {"type": "LogStrings", "path": ["monitoring", "0daa1672", "stdout"], "values": [{"value": "\n", "step": null, "ts": 1683778384.4245567}]}, "version": 174}
{"obj": {"type": "LogStrings", "path": ["monitoring", "0daa1672", "stdout"], "values": [{"value": "1", "step": null, "ts": 1683778384.6835396}]}, "version": 175}
{"obj": {"type": "LogStrings", "path": ["monitoring", "0daa1672", "stdout"], "values": [{"value": "\n", "step": null, "ts": 1683778384.684241}]}, "version": 176}
{"obj": {"type": "LogStrings", "path": ["monitoring", "0daa1672", "stdout"], "values": [{"value": "why is it always", "step": null, "ts": 1683778384.685024}]}, "version": 177}
{"obj": {"type": "LogStrings", "path": ["monitoring", "0daa1672", "stdout"], "values": [{"value": " ", "step": null, "ts": 1683778384.685563}]}, "version": 178}
{"obj": {"type": "LogStrings", "path": ["monitoring", "0daa1672", "stdout"], "values": [{"value": "1", "step": null, "ts": 1683778384.6859589}]}, "version": 179}
{"obj": {"type": "LogStrings", "path": ["monitoring", "0daa1672", "stdout"], "values": [{"value": "\n", "step": null, "ts": 1683778384.6863625}]}, "version": 180}
{"obj": {"type": "LogStrings", "path": ["monitoring", "0daa1672", "stdout"], "values": [{"value": "{'input_ids': tensor([[ 51,  45, 123,  ...,  51, 356,   1],\n        [ 45, 123,  46,  ...,  51, 356,   1],\n        [ 48,  58,  58,  ...,  48, 356,   1],\n        ...,\n        [123,  48,  53,  ...,  58, 356,   1],\n        [123,  46,  53,  ...,  58, 356,   1],\n        [ 45, 123,  46,  ...,  45, 356,   1]], device='cuda:0'), 'labels': tensor([[383,  51,  45,  ...,  55,  59,   1],\n        [383, 129, 382,  ...,  58,  45,   1],\n        [383,  53,  56,  ..., 356,  60,   1],\n        ...,\n        [383,  45, 123,  ...,  45, 123,   1],\n        [383,  52,  58,  ..., 356,  51,   1],\n        [383,  52,  52,  ...,  53,  59,   1]], device='cuda:0')}", "step": null, "ts": 1683778384.6866443}]}, "version": 181}
{"obj": {"type": "LogStrings", "path": ["monitoring", "0daa1672", "stdout"], "values": [{"value": " ", "step": null, "ts": 1683778384.6868894}]}, "version": 182}
{"obj": {"type": "LogStrings", "path": ["monitoring", "0daa1672", "stdout"], "values": [{"value": "batch is actually changing though...", "step": null, "ts": 1683778384.687115}]}, "version": 183}
{"obj": {"type": "LogStrings", "path": ["monitoring", "0daa1672", "stdout"], "values": [{"value": "\n", "step": null, "ts": 1683778384.6873505}]}, "version": 184}
{"obj": {"type": "LogStrings", "path": ["monitoring", "0daa1672", "stdout"], "values": [{"value": "1", "step": null, "ts": 1683778384.9463003}]}, "version": 185}
{"obj": {"type": "LogStrings", "path": ["monitoring", "0daa1672", "stdout"], "values": [{"value": "\n", "step": null, "ts": 1683778384.9471135}]}, "version": 186}
{"obj": {"type": "LogStrings", "path": ["monitoring", "0daa1672", "stdout"], "values": [{"value": "why is it always", "step": null, "ts": 1683778384.947951}]}, "version": 187}
{"obj": {"type": "LogStrings", "path": ["monitoring", "0daa1672", "stdout"], "values": [{"value": " ", "step": null, "ts": 1683778384.9482298}]}, "version": 188}
{"obj": {"type": "LogStrings", "path": ["monitoring", "0daa1672", "stdout"], "values": [{"value": "1", "step": null, "ts": 1683778384.948762}]}, "version": 189}
{"obj": {"type": "LogStrings", "path": ["monitoring", "0daa1672", "stdout"], "values": [{"value": "\n", "step": null, "ts": 1683778384.9489336}]}, "version": 190}
{"obj": {"type": "LogStrings", "path": ["monitoring", "0daa1672", "stdout"], "values": [{"value": "{'input_ids': tensor([[ 60,  54, 383,  ...,  48, 356,   1],\n        [ 48,  58,  58,  ...,  96, 356,   1],\n        [ 56,  56,  51,  ...,  45, 356,   1],\n        ...,\n        [ 46,  51,  64,  ...,  56, 356,   1],\n        [ 45, 123,  46,  ...,  54, 356,   1],\n        [ 56,  59,  60,  ...,  45, 356,   1]], device='cuda:0'), 'labels': tensor([[383,  60,  45,  ...,  45, 123,   1],\n        [383, 123,  48,  ...,  48,  60,   1],\n        [383,  51,  13,  ..., 123,  46,   1],\n        ...,\n        [383, 129,  96,  ...,  52,  59,   1],\n        [383,  60,  52,  ...,  58,  45,   1],\n        [383, 123,  48,  ..., 356, 123,   1]], device='cuda:0')}", "step": null, "ts": 1683778384.949255}]}, "version": 191}
{"obj": {"type": "LogStrings", "path": ["monitoring", "0daa1672", "stdout"], "values": [{"value": " ", "step": null, "ts": 1683778384.9494252}]}, "version": 192}
{"obj": {"type": "LogStrings", "path": ["monitoring", "0daa1672", "stdout"], "values": [{"value": "batch is actually changing though...", "step": null, "ts": 1683778384.949633}]}, "version": 193}
{"obj": {"type": "LogStrings", "path": ["monitoring", "0daa1672", "stdout"], "values": [{"value": "\n", "step": null, "ts": 1683778384.9498415}]}, "version": 194}
{"obj": {"type": "LogStrings", "path": ["monitoring", "0daa1672", "stdout"], "values": [{"value": "1", "step": null, "ts": 1683778385.2100096}]}, "version": 195}
{"obj": {"type": "LogStrings", "path": ["monitoring", "0daa1672", "stdout"], "values": [{"value": "\n", "step": null, "ts": 1683778385.2931173}]}, "version": 196}
{"obj": {"type": "LogStrings", "path": ["monitoring", "0daa1672", "stdout"], "values": [{"value": "why is it always", "step": null, "ts": 1683778385.2939613}]}, "version": 197}
{"obj": {"type": "LogStrings", "path": ["monitoring", "0daa1672", "stdout"], "values": [{"value": " ", "step": null, "ts": 1683778385.2944264}]}, "version": 198}
{"obj": {"type": "LogStrings", "path": ["monitoring", "0daa1672", "stdout"], "values": [{"value": "1", "step": null, "ts": 1683778385.294872}]}, "version": 199}
{"obj": {"type": "LogStrings", "path": ["monitoring", "0daa1672", "stdout"], "values": [{"value": "\n", "step": null, "ts": 1683778385.2952962}]}, "version": 200}
{"obj": {"type": "LogStrings", "path": ["monitoring", "0daa1672", "stdout"], "values": [{"value": "{'input_ids': tensor([[ 55,  58,  54,  ...,  45, 356,   1],\n        [ 48,  58,  58,  ...,  48, 356,   1],\n        [ 60,  45, 383,  ...,  51, 356,   1],\n        ...,\n        [ 54,  51,  56,  ...,  59, 356,   1],\n        [ 46,  53,  52,  ...,  53, 356,   1],\n        [ 45, 123,  46,  ...,  53, 356,   1]], device='cuda:0'), 'labels': tensor([[383,  51, 382,  ...,  53,  64,   1],\n        [383,  48,  60,  ..., 356,  60,   1],\n        [383, 123,  48,  ...,  64,  48,   1],\n        ...,\n        [383,  56, 382,  ...,  48,  54,   1],\n        [383,  94, 129,  ...,  51,  45,   1],\n        [383,  56,  13,  ..., 356,  59,   1]], device='cuda:0')}", "step": null, "ts": 1683778385.295722}]}, "version": 201}
{"obj": {"type": "LogStrings", "path": ["monitoring", "0daa1672", "stdout"], "values": [{"value": " ", "step": null, "ts": 1683778385.2959707}]}, "version": 202}
{"obj": {"type": "LogStrings", "path": ["monitoring", "0daa1672", "stdout"], "values": [{"value": "batch is actually changing though...", "step": null, "ts": 1683778385.2963061}]}, "version": 203}
{"obj": {"type": "LogStrings", "path": ["monitoring", "0daa1672", "stdout"], "values": [{"value": "\n", "step": null, "ts": 1683778385.2965767}]}, "version": 204}
{"obj": {"type": "LogStrings", "path": ["monitoring", "0daa1672", "stdout"], "values": [{"value": "1", "step": null, "ts": 1683778385.4724445}]}, "version": 205}
{"obj": {"type": "LogStrings", "path": ["monitoring", "0daa1672", "stdout"], "values": [{"value": "\n", "step": null, "ts": 1683778385.473254}]}, "version": 206}
{"obj": {"type": "LogStrings", "path": ["monitoring", "0daa1672", "stdout"], "values": [{"value": "why is it always", "step": null, "ts": 1683778385.474081}]}, "version": 207}
{"obj": {"type": "LogStrings", "path": ["monitoring", "0daa1672", "stdout"], "values": [{"value": " ", "step": null, "ts": 1683778385.4756756}]}, "version": 208}
{"obj": {"type": "LogStrings", "path": ["monitoring", "0daa1672", "stdout"], "values": [{"value": "1", "step": null, "ts": 1683778385.476753}]}, "version": 209}
{"obj": {"type": "LogStrings", "path": ["monitoring", "0daa1672", "stdout"], "values": [{"value": "\n", "step": null, "ts": 1683778385.4774537}]}, "version": 210}
{"obj": {"type": "LogStrings", "path": ["monitoring", "0daa1672", "stdout"], "values": [{"value": "{'input_ids': tensor([[123,  46,  53,  ...,  46, 356,   1],\n        [ 54,  51,  56,  ..., 123, 356,   1],\n        [ 45, 123,  46,  ...,  55, 356,   1],\n        ...,\n        [ 56,  45, 123,  ...,  64, 356,   1],\n        [ 55,  58, 383,  ...,  60, 356,   1],\n        [ 48,  54,  58,  ...,  57, 356,   1]], device='cuda:0'), 'labels': tensor([[383, 123,  48,  ...,  58,  51,   1],\n        [383, 123,  64,  ...,  48,  54,   1],\n        [383,  55,  55,  ...,  58,  45,   1],\n        ...,\n        [383, 129,  96,  ...,  43,  54,   1],\n        [383,  54,  50,  ...,  53,  64,   1],\n        [383, 123,  48,  ...,  48,  52,   1]], device='cuda:0')}", "step": null, "ts": 1683778385.5554516}]}, "version": 211}
{"obj": {"type": "LogStrings", "path": ["monitoring", "0daa1672", "stdout"], "values": [{"value": " ", "step": null, "ts": 1683778385.5562398}]}, "version": 212}
{"obj": {"type": "LogStrings", "path": ["monitoring", "0daa1672", "stdout"], "values": [{"value": "batch is actually changing though...", "step": null, "ts": 1683778385.5567153}]}, "version": 213}
{"obj": {"type": "LogStrings", "path": ["monitoring", "0daa1672", "stdout"], "values": [{"value": "\n", "step": null, "ts": 1683778385.5572088}]}, "version": 214}
{"obj": {"type": "LogStrings", "path": ["monitoring", "0daa1672", "stdout"], "values": [{"value": "1", "step": null, "ts": 1683778385.736462}]}, "version": 215}
{"obj": {"type": "LogStrings", "path": ["monitoring", "0daa1672", "stdout"], "values": [{"value": "\n", "step": null, "ts": 1683778385.7371912}]}, "version": 216}
{"obj": {"type": "LogStrings", "path": ["monitoring", "0daa1672", "stdout"], "values": [{"value": "why is it always", "step": null, "ts": 1683778385.7379847}]}, "version": 217}
{"obj": {"type": "LogStrings", "path": ["monitoring", "0daa1672", "stdout"], "values": [{"value": " ", "step": null, "ts": 1683778385.7386513}]}, "version": 218}
{"obj": {"type": "LogStrings", "path": ["monitoring", "0daa1672", "stdout"], "values": [{"value": "1", "step": null, "ts": 1683778385.7389238}]}, "version": 219}
{"obj": {"type": "LogStrings", "path": ["monitoring", "0daa1672", "stdout"], "values": [{"value": "\n", "step": null, "ts": 1683778385.7392635}]}, "version": 220}
{"obj": {"type": "LogStrings", "path": ["monitoring", "0daa1672", "stdout"], "values": [{"value": "{'input_ids': tensor([[ 56,  45, 123,  ..., 129, 356,   1],\n        [ 46,  53,  52,  ...,  51, 356,   1],\n        [ 48,  58,  58,  ...,  48, 356,   1],\n        ...,\n        [ 13,  48,  52,  ..., 123, 356,   1],\n        [ 46,  51,  64,  ...,  55, 356,   1],\n        [ 45, 123,  46,  ...,  51, 356,   1]], device='cuda:0'), 'labels': tensor([[383,  96, 382,  ...,  43,  54,   1],\n        [383,  46,  53,  ..., 356,  45,   1],\n        [383,  45, 123,  ..., 356,  60,   1],\n        ...,\n        [383,  13, 382,  ...,  55,  54,   1],\n        [383,  52, 382,  ...,  52,  59,   1],\n        [383,  55,  13,  ...,  58,  45,   1]], device='cuda:0')}", "step": null, "ts": 1683778385.7395387}]}, "version": 221}
{"obj": {"type": "LogStrings", "path": ["monitoring", "0daa1672", "stdout"], "values": [{"value": " ", "step": null, "ts": 1683778385.7398024}]}, "version": 222}
{"obj": {"type": "LogStrings", "path": ["monitoring", "0daa1672", "stdout"], "values": [{"value": "batch is actually changing though...", "step": null, "ts": 1683778385.7400253}]}, "version": 223}
{"obj": {"type": "LogStrings", "path": ["monitoring", "0daa1672", "stdout"], "values": [{"value": "\n", "step": null, "ts": 1683778385.7402532}]}, "version": 224}
{"obj": {"type": "LogStrings", "path": ["monitoring", "0daa1672", "stdout"], "values": [{"value": "1", "step": null, "ts": 1683778385.99671}]}, "version": 225}
{"obj": {"type": "LogStrings", "path": ["monitoring", "0daa1672", "stdout"], "values": [{"value": "\n", "step": null, "ts": 1683778385.9973822}]}, "version": 226}
{"obj": {"type": "LogStrings", "path": ["monitoring", "0daa1672", "stdout"], "values": [{"value": "why is it always", "step": null, "ts": 1683778385.9981248}]}, "version": 227}
{"obj": {"type": "LogStrings", "path": ["monitoring", "0daa1672", "stdout"], "values": [{"value": " ", "step": null, "ts": 1683778385.9985414}]}, "version": 228}
{"obj": {"type": "LogStrings", "path": ["monitoring", "0daa1672", "stdout"], "values": [{"value": "1", "step": null, "ts": 1683778385.9991183}]}, "version": 229}
{"obj": {"type": "LogStrings", "path": ["monitoring", "0daa1672", "stdout"], "values": [{"value": "\n", "step": null, "ts": 1683778385.9994526}]}, "version": 230}
{"obj": {"type": "LogStrings", "path": ["monitoring", "0daa1672", "stdout"], "values": [{"value": "{'input_ids': tensor([[123,  46,  53,  ...,  46, 356,   1],\n        [ 45, 123,  46,  ...,  58, 356,   1],\n        [ 60,  54,  60,  ...,  53, 356,   1],\n        ...,\n        [ 60,  45, 123,  ...,  46, 356,   1],\n        [ 54,  51,  56,  ...,  59, 356,   1],\n        [ 55,  58, 383,  ...,  53, 356,   1]], device='cuda:0'), 'labels': tensor([[383,  55, 382,  ...,  58,  51,   1],\n        [383,  55,  55,  ..., 356,  45,   1],\n        [383,  45, 382,  ...,  45, 123,   1],\n        ...,\n        [383,  48,  55,  ...,  64,  48,   1],\n        [383,  53,  64,  ...,  48,  54,   1],\n        [383,  54,  50,  ..., 356,  64,   1]], device='cuda:0')}", "step": null, "ts": 1683778385.9997575}]}, "version": 231}
{"obj": {"type": "LogStrings", "path": ["monitoring", "0daa1672", "stdout"], "values": [{"value": " ", "step": null, "ts": 1683778386.0000288}]}, "version": 232}
{"obj": {"type": "LogStrings", "path": ["monitoring", "0daa1672", "stdout"], "values": [{"value": "batch is actually changing though...", "step": null, "ts": 1683778386.0003028}]}, "version": 233}
{"obj": {"type": "LogStrings", "path": ["monitoring", "0daa1672", "stdout"], "values": [{"value": "\n", "step": null, "ts": 1683778386.0011065}]}, "version": 234}
{"obj": {"type": "LogStrings", "path": ["monitoring", "0daa1672", "stdout"], "values": [{"value": "1", "step": null, "ts": 1683778386.258504}]}, "version": 235}
{"obj": {"type": "LogStrings", "path": ["monitoring", "0daa1672", "stdout"], "values": [{"value": "\n", "step": null, "ts": 1683778386.2592103}]}, "version": 236}
{"obj": {"type": "LogStrings", "path": ["monitoring", "0daa1672", "stdout"], "values": [{"value": "why is it always", "step": null, "ts": 1683778386.2599998}]}, "version": 237}
{"obj": {"type": "LogStrings", "path": ["monitoring", "0daa1672", "stdout"], "values": [{"value": " ", "step": null, "ts": 1683778386.2603092}]}, "version": 238}
{"obj": {"type": "LogStrings", "path": ["monitoring", "0daa1672", "stdout"], "values": [{"value": "1", "step": null, "ts": 1683778386.2607155}]}, "version": 239}
{"obj": {"type": "LogStrings", "path": ["monitoring", "0daa1672", "stdout"], "values": [{"value": "\n", "step": null, "ts": 1683778386.2610064}]}, "version": 240}
{"obj": {"type": "LogStrings", "path": ["monitoring", "0daa1672", "stdout"], "values": [{"value": "{'input_ids': tensor([[ 45, 123,  46,  ...,  51, 356,   1],\n        [ 54,  51,  56,  ...,  48, 356,   1],\n        [ 46,  53,  52,  ...,  55, 356,   1],\n        ...,\n        [ 13,  48,  52,  ...,  55, 356,   1],\n        [ 60,  51,  55,  ...,  54, 356,   1],\n        [ 45, 123,  46,  ...,  53, 356,   1]], device='cuda:0'), 'labels': tensor([[383,  48,  54,  ...,  58,  45,   1],\n        [383,  56,  57,  ..., 356,  54,   1],\n        [383,  64,  51,  ...,  51,  45,   1],\n        ...,\n        [383,  96, 382,  ...,  55,  54,   1],\n        [383,  53, 382,  ...,  45, 123,   1],\n        [383,  60, 382,  ..., 356,  59,   1]], device='cuda:0')}", "step": null, "ts": 1683778386.261178}]}, "version": 241}
{"obj": {"type": "LogStrings", "path": ["monitoring", "0daa1672", "stdout"], "values": [{"value": " ", "step": null, "ts": 1683778386.261392}]}, "version": 242}
{"obj": {"type": "LogStrings", "path": ["monitoring", "0daa1672", "stdout"], "values": [{"value": "batch is actually changing though...", "step": null, "ts": 1683778386.2616045}]}, "version": 243}
{"obj": {"type": "LogStrings", "path": ["monitoring", "0daa1672", "stdout"], "values": [{"value": "\n", "step": null, "ts": 1683778386.261806}]}, "version": 244}
{"obj": {"type": "LogStrings", "path": ["monitoring", "0daa1672", "stdout"], "values": [{"value": "1", "step": null, "ts": 1683778386.5215137}]}, "version": 245}
{"obj": {"type": "LogStrings", "path": ["monitoring", "0daa1672", "stdout"], "values": [{"value": "\n", "step": null, "ts": 1683778386.5221026}]}, "version": 246}
{"obj": {"type": "LogStrings", "path": ["monitoring", "0daa1672", "stdout"], "values": [{"value": "why is it always", "step": null, "ts": 1683778386.5229928}]}, "version": 247}
{"obj": {"type": "LogStrings", "path": ["monitoring", "0daa1672", "stdout"], "values": [{"value": " ", "step": null, "ts": 1683778386.5232532}]}, "version": 248}
{"obj": {"type": "LogStrings", "path": ["monitoring", "0daa1672", "stdout"], "values": [{"value": "1", "step": null, "ts": 1683778386.5240288}]}, "version": 249}
{"obj": {"type": "LogStrings", "path": ["monitoring", "0daa1672", "stdout"], "values": [{"value": "\n", "step": null, "ts": 1683778386.5242112}]}, "version": 250}
{"obj": {"type": "LogStrings", "path": ["monitoring", "0daa1672", "stdout"], "values": [{"value": "{'input_ids': tensor([[ 60,  51,  55,  ...,  57, 356,   1],\n        [ 48,  58,  58,  ...,  57, 356,   1],\n        [ 45, 123,  46,  ...,  53, 356,   1],\n        ...,\n        [ 56,  59,  60,  ...,  57, 356,   1],\n        [123,  48,  53,  ...,  57, 356,   1],\n        [ 51,  45, 123,  ...,  55, 356,   1]], device='cuda:0'), 'labels': tensor([[383,  96,  13,  ...,  45, 123,   1],\n        [383,  58, 382,  ...,  48,  60,   1],\n        [383,  52,  64,  ..., 356,  59,   1],\n        ...,\n        [383,  58, 382,  ...,  45, 123,   1],\n        [383,  45, 123,  ...,  45, 123,   1],\n        [383,  51, 382,  ..., 356,  59,   1]], device='cuda:0')}", "step": null, "ts": 1683778386.5244179}]}, "version": 251}
{"obj": {"type": "LogStrings", "path": ["monitoring", "0daa1672", "stdout"], "values": [{"value": " ", "step": null, "ts": 1683778386.5246358}]}, "version": 252}
{"obj": {"type": "LogStrings", "path": ["monitoring", "0daa1672", "stdout"], "values": [{"value": "batch is actually changing though...", "step": null, "ts": 1683778386.5248713}]}, "version": 253}
{"obj": {"type": "LogStrings", "path": ["monitoring", "0daa1672", "stdout"], "values": [{"value": "\n", "step": null, "ts": 1683778386.5250793}]}, "version": 254}
{"obj": {"type": "LogStrings", "path": ["monitoring", "0daa1672", "stdout"], "values": [{"value": "1", "step": null, "ts": 1683778386.7836876}]}, "version": 255}
{"obj": {"type": "LogStrings", "path": ["monitoring", "0daa1672", "stdout"], "values": [{"value": "\n", "step": null, "ts": 1683778386.7843087}]}, "version": 256}
{"obj": {"type": "LogStrings", "path": ["monitoring", "0daa1672", "stdout"], "values": [{"value": "why is it always", "step": null, "ts": 1683778386.7850537}]}, "version": 257}
{"obj": {"type": "LogStrings", "path": ["monitoring", "0daa1672", "stdout"], "values": [{"value": " ", "step": null, "ts": 1683778386.7854402}]}, "version": 258}
{"obj": {"type": "LogStrings", "path": ["monitoring", "0daa1672", "stdout"], "values": [{"value": "1", "step": null, "ts": 1683778386.7856522}]}, "version": 259}
{"obj": {"type": "LogStrings", "path": ["monitoring", "0daa1672", "stdout"], "values": [{"value": "\n", "step": null, "ts": 1683778386.7858975}]}, "version": 260}
{"obj": {"type": "LogStrings", "path": ["monitoring", "0daa1672", "stdout"], "values": [{"value": "{'input_ids': tensor([[ 54,  60,  55,  ...,  56, 356,   1],\n        [ 60,  45, 123,  ...,  46, 356,   1],\n        [ 46,  53,  52,  ...,  57, 356,   1],\n        ...,\n        [ 48,  55,  52,  ...,  13, 356,   1],\n        [ 60,  51,  55,  ...,  57, 356,   1],\n        [ 54,  51,  56,  ...,  48, 356,   1]], device='cuda:0'), 'labels': tensor([[383,  53, 382,  ...,  96,  13,   1],\n        [383,  46,  52,  ...,  64,  48,   1],\n        [383,  51,  13,  ...,  51,  45,   1],\n        ...,\n        [383,  13, 382,  ..., 129,  96,   1],\n        [383,  57, 382,  ...,  45, 123,   1],\n        [383, 129,  96,  ..., 356,  54,   1]], device='cuda:0')}", "step": null, "ts": 1683778386.7861958}]}, "version": 261}
{"obj": {"type": "LogStrings", "path": ["monitoring", "0daa1672", "stdout"], "values": [{"value": " ", "step": null, "ts": 1683778386.7864194}]}, "version": 262}
{"obj": {"type": "LogStrings", "path": ["monitoring", "0daa1672", "stdout"], "values": [{"value": "batch is actually changing though...", "step": null, "ts": 1683778386.786728}]}, "version": 263}
{"obj": {"type": "LogStrings", "path": ["monitoring", "0daa1672", "stdout"], "values": [{"value": "\n", "step": null, "ts": 1683778386.7869139}]}, "version": 264}
{"obj": {"type": "LogStrings", "path": ["monitoring", "0daa1672", "stdout"], "values": [{"value": "1", "step": null, "ts": 1683778387.04323}]}, "version": 265}
{"obj": {"type": "LogStrings", "path": ["monitoring", "0daa1672", "stdout"], "values": [{"value": "\n", "step": null, "ts": 1683778387.1258368}]}, "version": 266}
{"obj": {"type": "LogStrings", "path": ["monitoring", "0daa1672", "stdout"], "values": [{"value": "why is it always", "step": null, "ts": 1683778387.1265428}]}, "version": 267}
{"obj": {"type": "LogStrings", "path": ["monitoring", "0daa1672", "stdout"], "values": [{"value": " ", "step": null, "ts": 1683778387.126977}]}, "version": 268}
{"obj": {"type": "LogStrings", "path": ["monitoring", "0daa1672", "stdout"], "values": [{"value": "1", "step": null, "ts": 1683778387.1278105}]}, "version": 269}
{"obj": {"type": "LogStrings", "path": ["monitoring", "0daa1672", "stdout"], "values": [{"value": "\n", "step": null, "ts": 1683778387.1284344}]}, "version": 270}
{"obj": {"type": "LogStrings", "path": ["monitoring", "0daa1672", "stdout"], "values": [{"value": "{'input_ids': tensor([[ 13,  48,  52,  ...,  54, 356,   1],\n        [ 56,  45, 123,  ..., 123, 356,   1],\n        [ 56,  56,  51,  ...,  60, 356,   1],\n        ...,\n        [ 60,  51,  55,  ...,  54, 356,   1],\n        [ 48,  54,  58,  ...,  54, 356,   1],\n        [123,  48,  53,  ...,  45, 356,   1]], device='cuda:0'), 'labels': tensor([[383,  56, 382,  ...,  55,  54,   1],\n        [383,  54, 382,  ...,  43,  54,   1],\n        [383,  51,  13,  ..., 123,  46,   1],\n        ...,\n        [383,  55,  57,  ...,  45, 123,   1],\n        [383, 123,  46,  ...,  48,  52,   1],\n        [383, 123,  48,  ..., 356, 123,   1]], device='cuda:0')}", "step": null, "ts": 1683778387.1288702}]}, "version": 271}
{"obj": {"type": "LogStrings", "path": ["monitoring", "0daa1672", "stdout"], "values": [{"value": " ", "step": null, "ts": 1683778387.1292472}]}, "version": 272}
{"obj": {"type": "LogStrings", "path": ["monitoring", "0daa1672", "stdout"], "values": [{"value": "batch is actually changing though...", "step": null, "ts": 1683778387.1295946}]}, "version": 273}
{"obj": {"type": "LogStrings", "path": ["monitoring", "0daa1672", "stdout"], "values": [{"value": "\n", "step": null, "ts": 1683778387.129823}]}, "version": 274}
{"obj": {"type": "LogStrings", "path": ["monitoring", "0daa1672", "stdout"], "values": [{"value": "1", "step": null, "ts": 1683778387.3067796}]}, "version": 275}
{"obj": {"type": "LogStrings", "path": ["monitoring", "0daa1672", "stdout"], "values": [{"value": "\n", "step": null, "ts": 1683778387.30775}]}, "version": 276}
{"obj": {"type": "LogStrings", "path": ["monitoring", "0daa1672", "stdout"], "values": [{"value": "why is it always", "step": null, "ts": 1683778387.3086112}]}, "version": 277}
{"obj": {"type": "LogStrings", "path": ["monitoring", "0daa1672", "stdout"], "values": [{"value": " ", "step": null, "ts": 1683778387.3089921}]}, "version": 278}
{"obj": {"type": "LogStrings", "path": ["monitoring", "0daa1672", "stdout"], "values": [{"value": "1", "step": null, "ts": 1683778387.30961}]}, "version": 279}
{"obj": {"type": "LogStrings", "path": ["monitoring", "0daa1672", "stdout"], "values": [{"value": "\n", "step": null, "ts": 1683778387.310006}]}, "version": 280}
{"obj": {"type": "LogStrings", "path": ["monitoring", "0daa1672", "stdout"], "values": [{"value": "{'input_ids': tensor([[ 54,  51,  56,  ...,  45, 356,   1],\n        [ 48,  55, 383,  ..., 129, 356,   1],\n        [123,  48,  53,  ...,  64, 356,   1],\n        ...,\n        [123,  46,  53,  ...,  45, 356,   1],\n        [ 56,  56,  51,  ...,  45, 356,   1],\n        [ 56,  59,  60,  ...,  57, 356,   1]], device='cuda:0'), 'labels': tensor([[383,  57,  13,  ...,  48,  54,   1],\n        [383,  52,  58,  ..., 356,  96,   1],\n        [383,  52,  54,  ...,  45, 123,   1],\n        ...,\n        [383,  54,  56,  ...,  58,  51,   1],\n        [383, 129,  96,  ..., 123,  46,   1],\n        [383,  45, 123,  ...,  45, 123,   1]], device='cuda:0')}", "step": null, "ts": 1683778387.3105109}]}, "version": 281}
{"obj": {"type": "LogStrings", "path": ["monitoring", "0daa1672", "stdout"], "values": [{"value": " ", "step": null, "ts": 1683778387.3110552}]}, "version": 282}
{"obj": {"type": "LogStrings", "path": ["monitoring", "0daa1672", "stdout"], "values": [{"value": "batch is actually changing though...", "step": null, "ts": 1683778387.3116066}]}, "version": 283}
{"obj": {"type": "LogStrings", "path": ["monitoring", "0daa1672", "stdout"], "values": [{"value": "\n", "step": null, "ts": 1683778387.312194}]}, "version": 284}
{"obj": {"type": "LogStrings", "path": ["monitoring", "0daa1672", "stdout"], "values": [{"value": "1", "step": null, "ts": 1683778387.56873}]}, "version": 285}
{"obj": {"type": "LogStrings", "path": ["monitoring", "0daa1672", "stdout"], "values": [{"value": "\n", "step": null, "ts": 1683778387.5693069}]}, "version": 286}
{"obj": {"type": "LogStrings", "path": ["monitoring", "0daa1672", "stdout"], "values": [{"value": "why is it always", "step": null, "ts": 1683778387.570013}]}, "version": 287}
{"obj": {"type": "LogStrings", "path": ["monitoring", "0daa1672", "stdout"], "values": [{"value": " ", "step": null, "ts": 1683778387.570248}]}, "version": 288}
{"obj": {"type": "LogStrings", "path": ["monitoring", "0daa1672", "stdout"], "values": [{"value": "1", "step": null, "ts": 1683778387.5710187}]}, "version": 289}
{"obj": {"type": "LogStrings", "path": ["monitoring", "0daa1672", "stdout"], "values": [{"value": "\n", "step": null, "ts": 1683778387.571223}]}, "version": 290}
{"obj": {"type": "LogStrings", "path": ["monitoring", "0daa1672", "stdout"], "values": [{"value": "{'input_ids': tensor([[ 56,  45, 123,  ...,  13, 356,   1],\n        [ 45, 123,  46,  ...,  48, 356,   1],\n        [ 46,  51,  64,  ...,  56, 356,   1],\n        ...,\n        [ 51,  45, 123,  ...,  51, 356,   1],\n        [ 48,  58,  58,  ..., 129, 356,   1],\n        [ 54,  60,  55,  ...,  54, 356,   1]], device='cuda:0'), 'labels': tensor([[383,  54, 382,  ...,  43,  54,   1],\n        [383, 123, 382,  ...,  53,  59,   1],\n        [383,  60,  60,  ...,  52,  59,   1],\n        ...,\n        [383,  54,  55,  ...,  55,  59,   1],\n        [383,  58,  59,  ...,  48,  60,   1],\n        [383,  52, 382,  ...,  96,  13,   1]], device='cuda:0')}", "step": null, "ts": 1683778387.5714731}]}, "version": 291}
{"obj": {"type": "LogStrings", "path": ["monitoring", "0daa1672", "stdout"], "values": [{"value": " ", "step": null, "ts": 1683778387.571698}]}, "version": 292}
{"obj": {"type": "LogStrings", "path": ["monitoring", "0daa1672", "stdout"], "values": [{"value": "batch is actually changing though...", "step": null, "ts": 1683778387.5719047}]}, "version": 293}
{"obj": {"type": "LogStrings", "path": ["monitoring", "0daa1672", "stdout"], "values": [{"value": "\n", "step": null, "ts": 1683778387.5721178}]}, "version": 294}
{"obj": {"type": "LogStrings", "path": ["monitoring", "0daa1672", "stdout"], "values": [{"value": "1", "step": null, "ts": 1683778387.8335342}]}, "version": 295}
{"obj": {"type": "LogStrings", "path": ["monitoring", "0daa1672", "stdout"], "values": [{"value": "\n", "step": null, "ts": 1683778387.9158213}]}, "version": 296}
{"obj": {"type": "LogStrings", "path": ["monitoring", "0daa1672", "stdout"], "values": [{"value": "why is it always", "step": null, "ts": 1683778387.9166117}]}, "version": 297}
{"obj": {"type": "LogStrings", "path": ["monitoring", "0daa1672", "stdout"], "values": [{"value": " ", "step": null, "ts": 1683778387.9169397}]}, "version": 298}
{"obj": {"type": "LogStrings", "path": ["monitoring", "0daa1672", "stdout"], "values": [{"value": "1", "step": null, "ts": 1683778387.9171917}]}, "version": 299}
{"obj": {"type": "LogStrings", "path": ["monitoring", "0daa1672", "stdout"], "values": [{"value": "\n", "step": null, "ts": 1683778387.9174526}]}, "version": 300}
{"obj": {"type": "LogStrings", "path": ["monitoring", "0daa1672", "stdout"], "values": [{"value": "{'input_ids': tensor([[123,  46, 383,  ...,  46, 356,   1],\n        [ 56,  59,  60,  ...,  53, 356,   1],\n        [ 56,  45, 123,  ..., 129, 356,   1],\n        ...,\n        [ 51,  45, 123,  ...,  55, 356,   1],\n        [ 60,  54,  60,  ...,  45, 356,   1],\n        [ 48,  54,  58,  ..., 123, 356,   1]], device='cuda:0'), 'labels': tensor([[383,  53,  56,  ...,  58,  51,   1],\n        [383,  94, 129,  ...,  45, 123,   1],\n        [383,  94, 129,  ...,  43,  54,   1],\n        ...,\n        [383,  55,  13,  ..., 356,  59,   1],\n        [383,  52, 382,  ..., 356, 123,   1],\n        [383,  45, 123,  ...,  48,  52,   1]], device='cuda:0')}", "step": null, "ts": 1683778387.9176762}]}, "version": 301}
{"obj": {"type": "LogStrings", "path": ["monitoring", "0daa1672", "stdout"], "values": [{"value": " ", "step": null, "ts": 1683778387.9178858}]}, "version": 302}
{"obj": {"type": "LogStrings", "path": ["monitoring", "0daa1672", "stdout"], "values": [{"value": "batch is actually changing though...", "step": null, "ts": 1683778387.9180994}]}, "version": 303}
{"obj": {"type": "LogStrings", "path": ["monitoring", "0daa1672", "stdout"], "values": [{"value": "\n", "step": null, "ts": 1683778387.9183013}]}, "version": 304}
{"obj": {"type": "LogStrings", "path": ["monitoring", "0daa1672", "stdout"], "values": [{"value": "1", "step": null, "ts": 1683778388.0964339}]}, "version": 305}
{"obj": {"type": "LogStrings", "path": ["monitoring", "0daa1672", "stdout"], "values": [{"value": "\n", "step": null, "ts": 1683778388.0975122}]}, "version": 306}
{"obj": {"type": "LogStrings", "path": ["monitoring", "0daa1672", "stdout"], "values": [{"value": "why is it always", "step": null, "ts": 1683778388.0982249}]}, "version": 307}
{"obj": {"type": "LogStrings", "path": ["monitoring", "0daa1672", "stdout"], "values": [{"value": " ", "step": null, "ts": 1683778388.0984843}]}, "version": 308}
{"obj": {"type": "LogStrings", "path": ["monitoring", "0daa1672", "stdout"], "values": [{"value": "1", "step": null, "ts": 1683778388.0990586}]}, "version": 309}
{"obj": {"type": "LogStrings", "path": ["monitoring", "0daa1672", "stdout"], "values": [{"value": "\n", "step": null, "ts": 1683778388.0996556}]}, "version": 310}
{"obj": {"type": "LogStrings", "path": ["monitoring", "0daa1672", "stdout"], "values": [{"value": "{'input_ids': tensor([[ 13,  48, 383,  ...,  45, 356,   1],\n        [ 60,  45, 123,  ...,  51, 356,   1],\n        [ 45, 123,  46,  ...,  58, 356,   1],\n        ...,\n        [ 48,  55,  52,  ..., 129, 356,   1],\n        [ 48,  58,  58,  ..., 129, 356,   1],\n        [ 60,  51,  55,  ...,  48, 356,   1]], device='cuda:0'), 'labels': tensor([[383,  52,  55,  ...,  55,  54,   1],\n        [383,  56,  59,  ...,  64,  48,   1],\n        [383,  56,  55,  ..., 356,  45,   1],\n        ...,\n        [383,  48,  53,  ..., 356,  96,   1],\n        [383,  48,  60,  ...,  48,  60,   1],\n        [383,  55,  57,  ...,  45, 123,   1]], device='cuda:0')}", "step": null, "ts": 1683778388.099897}]}, "version": 311}
{"obj": {"type": "LogStrings", "path": ["monitoring", "0daa1672", "stdout"], "values": [{"value": " ", "step": null, "ts": 1683778388.1006956}]}, "version": 312}
{"obj": {"type": "LogStrings", "path": ["monitoring", "0daa1672", "stdout"], "values": [{"value": "batch is actually changing though...", "step": null, "ts": 1683778388.1009667}]}, "version": 313}
{"obj": {"type": "LogStrings", "path": ["monitoring", "0daa1672", "stdout"], "values": [{"value": "\n", "step": null, "ts": 1683778388.1011934}]}, "version": 314}
{"obj": {"type": "LogStrings", "path": ["monitoring", "0daa1672", "stdout"], "values": [{"value": "1", "step": null, "ts": 1683778388.3413498}]}, "version": 315}
{"obj": {"type": "LogStrings", "path": ["monitoring", "0daa1672", "stdout"], "values": [{"value": "\n", "step": null, "ts": 1683778388.342282}]}, "version": 316}
{"obj": {"type": "LogStrings", "path": ["monitoring", "0daa1672", "stdout"], "values": [{"value": "why is it always", "step": null, "ts": 1683778388.3430593}]}, "version": 317}
{"obj": {"type": "LogStrings", "path": ["monitoring", "0daa1672", "stdout"], "values": [{"value": " ", "step": null, "ts": 1683778388.343286}]}, "version": 318}
{"obj": {"type": "LogStrings", "path": ["monitoring", "0daa1672", "stdout"], "values": [{"value": "1", "step": null, "ts": 1683778388.3439567}]}, "version": 319}
{"obj": {"type": "LogStrings", "path": ["monitoring", "0daa1672", "stdout"], "values": [{"value": "\n", "step": null, "ts": 1683778388.3441184}]}, "version": 320}
{"obj": {"type": "LogStrings", "path": ["monitoring", "0daa1672", "stdout"], "values": [{"value": "{'input_ids': tensor([[ 45, 123,  46,  ...,  58, 356,   1],\n        [123,  48,  53,  ..., 123, 356,   1],\n        [ 56,  56,  51,  ..., 123, 356,   1],\n        ...,\n        [ 56,  45, 123,  ...,  43, 356,   1],\n        [ 45, 123,  46,  ...,  54, 356,   1],\n        [ 46,  53,  52,  ...,  57, 356,   1]], device='cuda:0'), 'labels': tensor([[383, 129,  96,  ..., 356,  45,   1],\n        [383,  45, 123,  ...,  45, 123,   1],\n        [383, 129,  96,  ..., 356,  46,   1],\n        ...,\n        [383,  13,  54,  ..., 356,  54,   1],\n        [383,  53, 382,  ...,  53,  59,   1],\n        [383,  53, 382,  ...,  51,  45,   1]], device='cuda:0')}", "step": null, "ts": 1683778388.3443177}]}, "version": 321}
{"obj": {"type": "LogStrings", "path": ["monitoring", "0daa1672", "stdout"], "values": [{"value": " ", "step": null, "ts": 1683778388.3445373}]}, "version": 322}
{"obj": {"type": "LogStrings", "path": ["monitoring", "0daa1672", "stdout"], "values": [{"value": "batch is actually changing though...", "step": null, "ts": 1683778388.3447604}]}, "version": 323}
{"obj": {"type": "LogStrings", "path": ["monitoring", "0daa1672", "stdout"], "values": [{"value": "\n", "step": null, "ts": 1683778388.34499}]}, "version": 324}
{"obj": {"type": "LogFloats", "path": ["monitoring", "0daa1672", "cpu"], "values": [{"value": 7.7, "step": null, "ts": 1683778388.4247046}]}, "version": 325}
{"obj": {"type": "LogFloats", "path": ["monitoring", "0daa1672", "memory"], "values": [{"value": 14.360366821289062, "step": null, "ts": 1683778388.4247046}]}, "version": 326}
{"obj": {"type": "LogFloats", "path": ["monitoring", "0daa1672", "gpu_0"], "values": [{"value": 89.0, "step": null, "ts": 1683778388.4247046}]}, "version": 327}
{"obj": {"type": "LogFloats", "path": ["monitoring", "0daa1672", "gpu_memory_0"], "values": [{"value": 7.67999267578125, "step": null, "ts": 1683778388.4247046}]}, "version": 328}
{"obj": {"type": "LogFloats", "path": ["monitoring", "0daa1672", "gpu_memory_1"], "values": [{"value": 0.86212158203125, "step": null, "ts": 1683778388.4247046}]}, "version": 329}
{"obj": {"type": "LogStrings", "path": ["monitoring", "0daa1672", "stdout"], "values": [{"value": "1", "step": null, "ts": 1683778388.6057065}]}, "version": 330}
{"obj": {"type": "LogStrings", "path": ["monitoring", "0daa1672", "stdout"], "values": [{"value": "\n", "step": null, "ts": 1683778388.606414}]}, "version": 331}
{"obj": {"type": "LogStrings", "path": ["monitoring", "0daa1672", "stdout"], "values": [{"value": "why is it always", "step": null, "ts": 1683778388.6074104}]}, "version": 332}
{"obj": {"type": "LogStrings", "path": ["monitoring", "0daa1672", "stdout"], "values": [{"value": " ", "step": null, "ts": 1683778388.607789}]}, "version": 333}
{"obj": {"type": "LogStrings", "path": ["monitoring", "0daa1672", "stdout"], "values": [{"value": "1", "step": null, "ts": 1683778388.60807}]}, "version": 334}
{"obj": {"type": "LogStrings", "path": ["monitoring", "0daa1672", "stdout"], "values": [{"value": "\n", "step": null, "ts": 1683778388.6082897}]}, "version": 335}
{"obj": {"type": "LogStrings", "path": ["monitoring", "0daa1672", "stdout"], "values": [{"value": "{'input_ids': tensor([[ 60,  51,  55,  ...,  96, 356,   1],\n        [ 48,  54,  58,  ...,  60, 356,   1],\n        [123,  46,  53,  ...,  59, 356,   1],\n        ...,\n        [123,  48,  53,  ...,  45, 356,   1],\n        [ 56, 383,  46,  ..., 123, 356,   1],\n        [ 56,  56,  51,  ..., 123, 356,   1]], device='cuda:0'), 'labels': tensor([[383,  55,  57,  ...,  45, 123,   1],\n        [383,  54,  51,  ...,  48,  52,   1],\n        [383,  54,  60,  ...,  58,  51,   1],\n        ...,\n        [383,  46, 382,  ..., 356, 123,   1],\n        [383,  45, 123,  ...,  43,  54,   1],\n        [383,  64,  51,  ..., 356,  46,   1]], device='cuda:0')}", "step": null, "ts": 1683778388.6085076}]}, "version": 336}
{"obj": {"type": "LogStrings", "path": ["monitoring", "0daa1672", "stdout"], "values": [{"value": " ", "step": null, "ts": 1683778388.608722}]}, "version": 337}
{"obj": {"type": "LogStrings", "path": ["monitoring", "0daa1672", "stdout"], "values": [{"value": "batch is actually changing though...", "step": null, "ts": 1683778388.608921}]}, "version": 338}
{"obj": {"type": "LogStrings", "path": ["monitoring", "0daa1672", "stdout"], "values": [{"value": "\n", "step": null, "ts": 1683778388.6091287}]}, "version": 339}
{"obj": {"type": "LogStrings", "path": ["monitoring", "0daa1672", "traceback"], "values": [{"value": "An uncaught exception occurred while run was active on worker seoul.", "step": null, "ts": 1683778388.8322086}, {"value": "Marking run as failed", "step": null, "ts": 1683778388.8322086}, {"value": "Traceback:", "step": null, "ts": 1683778388.8322086}, {"value": "  File \"/home/ssh6847/miniconda3/envs/byt5/lib/python3.8/runpy.py\", line 194, in _run_module_as_main\n    return _run_code(code, main_globals, None,\n", "step": null, "ts": 1683778388.8322086}, {"value": "  File \"/home/ssh6847/miniconda3/envs/byt5/lib/python3.8/runpy.py\", line 87, in _run_code\n    exec(code, run_globals)\n", "step": null, "ts": 1683778388.8322086}, {"value": "  File \"/data/spencer/byt5/nanobyT5/nanoT5/main.py\", line 75, in <module>\n    main()\n", "step": null, "ts": 1683778388.8322086}, {"value": "  File \"/home/ssh6847/miniconda3/envs/byt5/lib/python3.8/site-packages/hydra/main.py\", line 94, in decorated_main\n    _run_hydra(\n", "step": null, "ts": 1683778388.8322086}, {"value": "  File \"/home/ssh6847/miniconda3/envs/byt5/lib/python3.8/site-packages/hydra/_internal/utils.py\", line 394, in _run_hydra\n    _run_app(\n", "step": null, "ts": 1683778388.8322086}, {"value": "  File \"/home/ssh6847/miniconda3/envs/byt5/lib/python3.8/site-packages/hydra/_internal/utils.py\", line 457, in _run_app\n    run_and_report(\n", "step": null, "ts": 1683778388.8322086}, {"value": "  File \"/home/ssh6847/miniconda3/envs/byt5/lib/python3.8/site-packages/hydra/_internal/utils.py\", line 220, in run_and_report\n    return func()\n", "step": null, "ts": 1683778388.8322086}]}, "version": 340}
{"obj": {"type": "LogStrings", "path": ["monitoring", "0daa1672", "traceback"], "values": [{"value": "  File \"/home/ssh6847/miniconda3/envs/byt5/lib/python3.8/site-packages/hydra/_internal/utils.py\", line 458, in <lambda>\n    lambda: hydra.run(\n", "step": null, "ts": 1683778388.8322086}, {"value": "  File \"/home/ssh6847/miniconda3/envs/byt5/lib/python3.8/site-packages/hydra/_internal/hydra.py\", line 119, in run\n    ret = run_job(\n", "step": null, "ts": 1683778388.8322086}, {"value": "  File \"/home/ssh6847/miniconda3/envs/byt5/lib/python3.8/site-packages/hydra/core/utils.py\", line 186, in run_job\n    ret.return_value = task_function(task_cfg)\n", "step": null, "ts": 1683778388.8322086}, {"value": "  File \"/data/spencer/byt5/nanobyT5/nanoT5/main.py\", line 68, in main\n    train(model, train_dataloader, test_dataloader, accelerator,\n", "step": null, "ts": 1683778388.8322086}, {"value": "  File \"/data/spencer/byt5/nanobyT5/nanoT5/utils/train_utils.py\", line 196, in train\n    print(len(train_dataloader)) # why is train dataloader only length of 1?\n", "step": null, "ts": 1683778388.8322086}, {"value": "  File \"/home/ssh6847/miniconda3/envs/byt5/lib/python3.8/site-packages/accelerate/data_loader.py\", line 387, in __iter__\n    current_batch = send_to_device(current_batch, self.device)\n", "step": null, "ts": 1683778388.8322086}, {"value": "  File \"/home/ssh6847/miniconda3/envs/byt5/lib/python3.8/site-packages/accelerate/utils/operations.py\", line 148, in send_to_device\n    return recursively_apply(_send_to_device, tensor, device, non_blocking, test_type=_has_to_method)\n", "step": null, "ts": 1683778388.8322086}, {"value": "  File \"/home/ssh6847/miniconda3/envs/byt5/lib/python3.8/site-packages/accelerate/utils/operations.py\", line 108, in recursively_apply\n    {\n", "step": null, "ts": 1683778388.8322086}, {"value": "  File \"/home/ssh6847/miniconda3/envs/byt5/lib/python3.8/site-packages/accelerate/utils/operations.py\", line 109, in <dictcomp>\n    k: recursively_apply(\n", "step": null, "ts": 1683778388.8322086}, {"value": "  File \"/home/ssh6847/miniconda3/envs/byt5/lib/python3.8/site-packages/accelerate/utils/operations.py\", line 116, in recursively_apply\n    return func(data, *args, **kwargs)\n", "step": null, "ts": 1683778388.8322086}]}, "version": 341}
{"obj": {"type": "LogStrings", "path": ["monitoring", "0daa1672", "traceback"], "values": [{"value": "  File \"/home/ssh6847/miniconda3/envs/byt5/lib/python3.8/site-packages/accelerate/utils/operations.py\", line 141, in _send_to_device\n    return t.to(device, non_blocking=non_blocking)\n", "step": null, "ts": 1683778388.8322086}, {"value": "", "step": null, "ts": 1683778388.8322086}]}, "version": 342}
{"obj": {"type": "AssignBool", "path": ["sys", "failed"], "value": true}, "version": 343}
{"obj": {"type": "LogStrings", "path": ["monitoring", "0daa1672", "stderr"], "values": [{"value": "Traceback (most recent call last):\n", "step": null, "ts": 1683778388.8349104}]}, "version": 344}
{"obj": {"type": "LogStrings", "path": ["monitoring", "0daa1672", "stderr"], "values": [{"value": "  File \"/home/ssh6847/miniconda3/envs/byt5/lib/python3.8/runpy.py\", line 194, in _run_module_as_main\n", "step": null, "ts": 1683778388.835315}]}, "version": 345}
{"obj": {"type": "LogStrings", "path": ["monitoring", "0daa1672", "stderr"], "values": [{"value": "    ", "step": null, "ts": 1683778388.8356683}]}, "version": 346}
{"obj": {"type": "LogStrings", "path": ["monitoring", "0daa1672", "stderr"], "values": [{"value": "return _run_code(code, main_globals, None,", "step": null, "ts": 1683778388.8360925}]}, "version": 347}
{"obj": {"type": "LogStrings", "path": ["monitoring", "0daa1672", "stderr"], "values": [{"value": "\n", "step": null, "ts": 1683778388.8365302}]}, "version": 348}
{"obj": {"type": "LogStrings", "path": ["monitoring", "0daa1672", "stdout"], "values": [{"value": "Shutting down background jobs, please wait a moment...\n", "step": null, "ts": 1683778388.8379054}]}, "version": 349}
{"obj": {"type": "LogStrings", "path": ["monitoring", "0daa1672", "stderr"], "values": [{"value": "  File \"/home/ssh6847/miniconda3/envs/byt5/lib/python3.8/runpy.py\", line 87, in _run_code\n", "step": null, "ts": 1683778388.8381095}]}, "version": 350}
{"obj": {"type": "LogStrings", "path": ["monitoring", "0daa1672", "stderr"], "values": [{"value": "    ", "step": null, "ts": 1683778388.8384345}]}, "version": 351}
{"obj": {"type": "LogStrings", "path": ["monitoring", "0daa1672", "stderr"], "values": [{"value": "exec(code, run_globals)", "step": null, "ts": 1683778388.8386815}]}, "version": 352}
{"obj": {"type": "LogStrings", "path": ["monitoring", "0daa1672", "stderr"], "values": [{"value": "\n", "step": null, "ts": 1683778388.8388824}]}, "version": 353}
{"obj": {"type": "LogStrings", "path": ["monitoring", "0daa1672", "stderr"], "values": [{"value": "  File \"/data/spencer/byt5/nanobyT5/nanoT5/main.py\", line 75, in <module>\n", "step": null, "ts": 1683778388.839091}]}, "version": 354}
{"obj": {"type": "LogStrings", "path": ["monitoring", "0daa1672", "stderr"], "values": [{"value": "    ", "step": null, "ts": 1683778388.8393025}]}, "version": 355}
{"obj": {"type": "LogStrings", "path": ["monitoring", "0daa1672", "stderr"], "values": [{"value": "main()", "step": null, "ts": 1683778388.839513}]}, "version": 356}
{"obj": {"type": "LogStrings", "path": ["monitoring", "0daa1672", "stderr"], "values": [{"value": "\n", "step": null, "ts": 1683778388.839721}]}, "version": 357}
{"obj": {"type": "LogStrings", "path": ["monitoring", "0daa1672", "stderr"], "values": [{"value": "  File \"/home/ssh6847/miniconda3/envs/byt5/lib/python3.8/site-packages/hydra/main.py\", line 94, in decorated_main\n", "step": null, "ts": 1683778388.8399339}]}, "version": 358}
{"obj": {"type": "LogStrings", "path": ["monitoring", "0daa1672", "stderr"], "values": [{"value": "    ", "step": null, "ts": 1683778388.8401432}]}, "version": 359}
{"obj": {"type": "LogStrings", "path": ["monitoring", "0daa1672", "stderr"], "values": [{"value": "_run_hydra(", "step": null, "ts": 1683778388.8404996}]}, "version": 360}
{"obj": {"type": "LogStrings", "path": ["monitoring", "0daa1672", "stderr"], "values": [{"value": "\n", "step": null, "ts": 1683778388.8411233}]}, "version": 361}
{"obj": {"type": "LogStrings", "path": ["monitoring", "0daa1672", "stderr"], "values": [{"value": "  File \"/home/ssh6847/miniconda3/envs/byt5/lib/python3.8/site-packages/hydra/_internal/utils.py\", line 394, in _run_hydra\n", "step": null, "ts": 1683778388.8413928}]}, "version": 362}
{"obj": {"type": "LogStrings", "path": ["monitoring", "0daa1672", "stderr"], "values": [{"value": "    ", "step": null, "ts": 1683778388.8421698}]}, "version": 363}
{"obj": {"type": "LogStrings", "path": ["monitoring", "0daa1672", "stderr"], "values": [{"value": "_run_app(", "step": null, "ts": 1683778388.8424244}]}, "version": 364}
{"obj": {"type": "LogStrings", "path": ["monitoring", "0daa1672", "stderr"], "values": [{"value": "\n", "step": null, "ts": 1683778388.8426504}]}, "version": 365}
{"obj": {"type": "LogStrings", "path": ["monitoring", "0daa1672", "stderr"], "values": [{"value": "  File \"/home/ssh6847/miniconda3/envs/byt5/lib/python3.8/site-packages/hydra/_internal/utils.py\", line 457, in _run_app\n", "step": null, "ts": 1683778388.8428667}]}, "version": 366}
{"obj": {"type": "LogStrings", "path": ["monitoring", "0daa1672", "stderr"], "values": [{"value": "    ", "step": null, "ts": 1683778388.8430767}]}, "version": 367}
{"obj": {"type": "LogStrings", "path": ["monitoring", "0daa1672", "stderr"], "values": [{"value": "run_and_report(", "step": null, "ts": 1683778388.8432844}]}, "version": 368}
{"obj": {"type": "LogStrings", "path": ["monitoring", "0daa1672", "stderr"], "values": [{"value": "\n", "step": null, "ts": 1683778388.8434968}]}, "version": 369}
{"obj": {"type": "LogStrings", "path": ["monitoring", "0daa1672", "stderr"], "values": [{"value": "  File \"/home/ssh6847/miniconda3/envs/byt5/lib/python3.8/site-packages/hydra/_internal/utils.py\", line 220, in run_and_report\n", "step": null, "ts": 1683778388.8437111}]}, "version": 370}
{"obj": {"type": "LogStrings", "path": ["monitoring", "0daa1672", "stderr"], "values": [{"value": "    ", "step": null, "ts": 1683778388.8439236}]}, "version": 371}
{"obj": {"type": "LogStrings", "path": ["monitoring", "0daa1672", "stderr"], "values": [{"value": "return func()", "step": null, "ts": 1683778388.8441372}]}, "version": 372}
{"obj": {"type": "LogStrings", "path": ["monitoring", "0daa1672", "stderr"], "values": [{"value": "\n", "step": null, "ts": 1683778388.844344}]}, "version": 373}
{"obj": {"type": "LogStrings", "path": ["monitoring", "0daa1672", "stderr"], "values": [{"value": "  File \"/home/ssh6847/miniconda3/envs/byt5/lib/python3.8/site-packages/hydra/_internal/utils.py\", line 458, in <lambda>\n", "step": null, "ts": 1683778388.8445525}]}, "version": 374}
{"obj": {"type": "LogStrings", "path": ["monitoring", "0daa1672", "stderr"], "values": [{"value": "    ", "step": null, "ts": 1683778388.8447654}]}, "version": 375}
{"obj": {"type": "LogStrings", "path": ["monitoring", "0daa1672", "stderr"], "values": [{"value": "lambda: hydra.run(", "step": null, "ts": 1683778388.8449817}]}, "version": 376}
{"obj": {"type": "LogStrings", "path": ["monitoring", "0daa1672", "stderr"], "values": [{"value": "\n", "step": null, "ts": 1683778388.8451881}]}, "version": 377}
{"obj": {"type": "LogStrings", "path": ["monitoring", "0daa1672", "stderr"], "values": [{"value": "  File \"/home/ssh6847/miniconda3/envs/byt5/lib/python3.8/site-packages/hydra/_internal/hydra.py\", line 119, in run\n", "step": null, "ts": 1683778388.845398}]}, "version": 378}
{"obj": {"type": "LogStrings", "path": ["monitoring", "0daa1672", "stderr"], "values": [{"value": "    ", "step": null, "ts": 1683778388.8456125}]}, "version": 379}
{"obj": {"type": "LogStrings", "path": ["monitoring", "0daa1672", "stderr"], "values": [{"value": "ret = run_job(", "step": null, "ts": 1683778388.845816}]}, "version": 380}
{"obj": {"type": "LogStrings", "path": ["monitoring", "0daa1672", "stderr"], "values": [{"value": "\n", "step": null, "ts": 1683778388.8460257}]}, "version": 381}
{"obj": {"type": "LogStrings", "path": ["monitoring", "0daa1672", "stderr"], "values": [{"value": "  File \"/home/ssh6847/miniconda3/envs/byt5/lib/python3.8/site-packages/hydra/core/utils.py\", line 186, in run_job\n", "step": null, "ts": 1683778388.8462348}]}, "version": 382}
{"obj": {"type": "LogStrings", "path": ["monitoring", "0daa1672", "stderr"], "values": [{"value": "    ", "step": null, "ts": 1683778388.8464408}]}, "version": 383}
{"obj": {"type": "LogStrings", "path": ["monitoring", "0daa1672", "stderr"], "values": [{"value": "ret.return_value = task_function(task_cfg)", "step": null, "ts": 1683778388.8466535}]}, "version": 384}
{"obj": {"type": "LogStrings", "path": ["monitoring", "0daa1672", "stderr"], "values": [{"value": "\n", "step": null, "ts": 1683778388.8468618}]}, "version": 385}
{"obj": {"type": "LogStrings", "path": ["monitoring", "0daa1672", "stderr"], "values": [{"value": "  File \"/data/spencer/byt5/nanobyT5/nanoT5/main.py\", line 68, in main\n", "step": null, "ts": 1683778388.8470736}]}, "version": 386}
{"obj": {"type": "LogStrings", "path": ["monitoring", "0daa1672", "stderr"], "values": [{"value": "    ", "step": null, "ts": 1683778388.847278}]}, "version": 387}
{"obj": {"type": "LogStrings", "path": ["monitoring", "0daa1672", "stderr"], "values": [{"value": "train(model, train_dataloader, test_dataloader, accelerator,", "step": null, "ts": 1683778388.8474884}]}, "version": 388}
{"obj": {"type": "LogStrings", "path": ["monitoring", "0daa1672", "stderr"], "values": [{"value": "\n", "step": null, "ts": 1683778388.8477044}]}, "version": 389}
{"obj": {"type": "LogStrings", "path": ["monitoring", "0daa1672", "stderr"], "values": [{"value": "  File \"/data/spencer/byt5/nanobyT5/nanoT5/utils/train_utils.py\", line 196, in train\n", "step": null, "ts": 1683778388.8479135}]}, "version": 390}
{"obj": {"type": "LogStrings", "path": ["monitoring", "0daa1672", "stderr"], "values": [{"value": "    ", "step": null, "ts": 1683778388.848121}]}, "version": 391}
{"obj": {"type": "LogStrings", "path": ["monitoring", "0daa1672", "stderr"], "values": [{"value": "print(len(train_dataloader)) # why is train dataloader only length of 1?", "step": null, "ts": 1683778388.8483343}]}, "version": 392}
{"obj": {"type": "LogStrings", "path": ["monitoring", "0daa1672", "stderr"], "values": [{"value": "\n", "step": null, "ts": 1683778388.8485727}]}, "version": 393}
{"obj": {"type": "LogStrings", "path": ["monitoring", "0daa1672", "stderr"], "values": [{"value": "  File \"/home/ssh6847/miniconda3/envs/byt5/lib/python3.8/site-packages/accelerate/data_loader.py\", line 387, in __iter__\n", "step": null, "ts": 1683778388.8493118}]}, "version": 394}
{"obj": {"type": "LogStrings", "path": ["monitoring", "0daa1672", "stderr"], "values": [{"value": "    ", "step": null, "ts": 1683778388.849555}]}, "version": 395}
{"obj": {"type": "LogStrings", "path": ["monitoring", "0daa1672", "stderr"], "values": [{"value": "current_batch = send_to_device(current_batch, self.device)", "step": null, "ts": 1683778388.8500094}]}, "version": 396}
{"obj": {"type": "LogStrings", "path": ["monitoring", "0daa1672", "stderr"], "values": [{"value": "\n", "step": null, "ts": 1683778388.8506405}]}, "version": 397}
{"obj": {"type": "LogStrings", "path": ["monitoring", "0daa1672", "stderr"], "values": [{"value": "  File \"/home/ssh6847/miniconda3/envs/byt5/lib/python3.8/site-packages/accelerate/utils/operations.py\", line 148, in send_to_device\n", "step": null, "ts": 1683778388.8508697}]}, "version": 398}
{"obj": {"type": "LogStrings", "path": ["monitoring", "0daa1672", "stderr"], "values": [{"value": "    ", "step": null, "ts": 1683778388.8510845}]}, "version": 399}
{"obj": {"type": "LogStrings", "path": ["monitoring", "0daa1672", "stderr"], "values": [{"value": "return recursively_apply(_send_to_device, tensor, device, non_blocking, test_type=_has_to_method)", "step": null, "ts": 1683778388.8512957}]}, "version": 400}
{"obj": {"type": "LogStrings", "path": ["monitoring", "0daa1672", "stderr"], "values": [{"value": "\n", "step": null, "ts": 1683778388.851507}]}, "version": 401}
{"obj": {"type": "LogStrings", "path": ["monitoring", "0daa1672", "stderr"], "values": [{"value": "  File \"/home/ssh6847/miniconda3/envs/byt5/lib/python3.8/site-packages/accelerate/utils/operations.py\", line 108, in recursively_apply\n", "step": null, "ts": 1683778388.851718}]}, "version": 402}
{"obj": {"type": "LogStrings", "path": ["monitoring", "0daa1672", "stderr"], "values": [{"value": "    ", "step": null, "ts": 1683778388.851928}]}, "version": 403}
{"obj": {"type": "LogStrings", "path": ["monitoring", "0daa1672", "stderr"], "values": [{"value": "{", "step": null, "ts": 1683778388.8521395}]}, "version": 404}
{"obj": {"type": "LogStrings", "path": ["monitoring", "0daa1672", "stderr"], "values": [{"value": "\n", "step": null, "ts": 1683778388.8523498}]}, "version": 405}
{"obj": {"type": "LogStrings", "path": ["monitoring", "0daa1672", "stderr"], "values": [{"value": "  File \"/home/ssh6847/miniconda3/envs/byt5/lib/python3.8/site-packages/accelerate/utils/operations.py\", line 109, in <dictcomp>\n", "step": null, "ts": 1683778388.8525615}]}, "version": 406}
{"obj": {"type": "LogStrings", "path": ["monitoring", "0daa1672", "stderr"], "values": [{"value": "    ", "step": null, "ts": 1683778388.8527675}]}, "version": 407}
{"obj": {"type": "LogStrings", "path": ["monitoring", "0daa1672", "stderr"], "values": [{"value": "k: recursively_apply(", "step": null, "ts": 1683778388.8529813}]}, "version": 408}
{"obj": {"type": "LogStrings", "path": ["monitoring", "0daa1672", "stderr"], "values": [{"value": "\n", "step": null, "ts": 1683778388.8531923}]}, "version": 409}
{"obj": {"type": "LogStrings", "path": ["monitoring", "0daa1672", "stderr"], "values": [{"value": "  File \"/home/ssh6847/miniconda3/envs/byt5/lib/python3.8/site-packages/accelerate/utils/operations.py\", line 116, in recursively_apply\n", "step": null, "ts": 1683778388.853404}]}, "version": 410}
{"obj": {"type": "LogStrings", "path": ["monitoring", "0daa1672", "stderr"], "values": [{"value": "    ", "step": null, "ts": 1683778388.853613}]}, "version": 411}
{"obj": {"type": "LogStrings", "path": ["monitoring", "0daa1672", "stderr"], "values": [{"value": "return func(data, *args, **kwargs)", "step": null, "ts": 1683778388.8538222}]}, "version": 412}
{"obj": {"type": "LogStrings", "path": ["monitoring", "0daa1672", "stderr"], "values": [{"value": "\n", "step": null, "ts": 1683778388.854035}]}, "version": 413}
{"obj": {"type": "LogStrings", "path": ["monitoring", "0daa1672", "stderr"], "values": [{"value": "  File \"/home/ssh6847/miniconda3/envs/byt5/lib/python3.8/site-packages/accelerate/utils/operations.py\", line 141, in _send_to_device\n", "step": null, "ts": 1683778388.8542464}]}, "version": 414}
{"obj": {"type": "LogStrings", "path": ["monitoring", "0daa1672", "stderr"], "values": [{"value": "    ", "step": null, "ts": 1683778388.8544548}]}, "version": 415}
{"obj": {"type": "LogStrings", "path": ["monitoring", "0daa1672", "stderr"], "values": [{"value": "return t.to(device, non_blocking=non_blocking)", "step": null, "ts": 1683778388.8546638}]}, "version": 416}
{"obj": {"type": "LogStrings", "path": ["monitoring", "0daa1672", "stderr"], "values": [{"value": "\n", "step": null, "ts": 1683778388.8548732}]}, "version": 417}
{"obj": {"type": "LogStrings", "path": ["monitoring", "0daa1672", "stderr"], "values": [{"value": "KeyboardInterrupt", "step": null, "ts": 1683778388.8550863}]}, "version": 418}
{"obj": {"type": "LogStrings", "path": ["monitoring", "0daa1672", "stderr"], "values": [{"value": "", "step": null, "ts": 1683778388.8552923}]}, "version": 419}
{"obj": {"type": "LogStrings", "path": ["monitoring", "0daa1672", "stderr"], "values": [{"value": "\n", "step": null, "ts": 1683778388.855503}]}, "version": 420}
