{"obj": {"type": "AssignString", "path": ["sys", "name"], "value": "Untitled"}, "version": 1}
{"obj": {"type": "AssignString", "path": ["sys", "description"], "value": ""}, "version": 2}
{"obj": {"type": "AssignString", "path": ["monitoring", "3d0fee43", "hostname"], "value": "seoul"}, "version": 3}
{"obj": {"type": "AssignString", "path": ["sys", "hostname"], "value": "seoul"}, "version": 4}
{"obj": {"type": "AssignString", "path": ["monitoring", "3d0fee43", "pid"], "value": "70789"}, "version": 5}
{"obj": {"type": "AssignString", "path": ["monitoring", "3d0fee43", "tid"], "value": "140645423408960"}, "version": 6}
{"obj": {"type": "AddStrings", "path": ["sys", "tags"], "values": ["test_run"]}, "version": 7}
{"obj": {"type": "AssignBool", "path": ["sys", "failed"], "value": false}, "version": 8}
{"obj": {"type": "ClearStringLog", "path": ["monitoring", "3d0fee43", "stdout"]}, "version": 9}
{"obj": {"type": "ClearStringLog", "path": ["monitoring", "3d0fee43", "stderr"]}, "version": 10}
{"obj": {"type": "AssignString", "path": ["source_code", "entrypoint"], "value": "main.py"}, "version": 11}
{"obj": {"type": "UploadFileSet", "path": ["source_code", "files"], "file_globs": ["/data/spencer/byt5/nanobyT5/nanoT5/main.py"], "reset": "False"}, "version": 12}
{"obj": {"type": "ConfigFloatSeries", "path": ["monitoring", "3d0fee43", "cpu"], "min": 0.0, "max": 100.0, "unit": "%"}, "version": 13}
{"obj": {"type": "ClearFloatLog", "path": ["monitoring", "3d0fee43", "cpu"]}, "version": 14}
{"obj": {"type": "ConfigFloatSeries", "path": ["monitoring", "3d0fee43", "memory"], "min": 0.0, "max": 125.61768341064453, "unit": "GB"}, "version": 15}
{"obj": {"type": "ClearFloatLog", "path": ["monitoring", "3d0fee43", "memory"]}, "version": 16}
{"obj": {"type": "ConfigFloatSeries", "path": ["monitoring", "3d0fee43", "gpu_0"], "min": 0.0, "max": 100.0, "unit": "%"}, "version": 17}
{"obj": {"type": "ClearFloatLog", "path": ["monitoring", "3d0fee43", "gpu_0"]}, "version": 18}
{"obj": {"type": "ConfigFloatSeries", "path": ["monitoring", "3d0fee43", "gpu_1"], "min": 0.0, "max": 100.0, "unit": "%"}, "version": 19}
{"obj": {"type": "ClearFloatLog", "path": ["monitoring", "3d0fee43", "gpu_1"]}, "version": 20}
{"obj": {"type": "ConfigFloatSeries", "path": ["monitoring", "3d0fee43", "gpu_memory_0"], "min": 0.0, "max": 48.0, "unit": "GB"}, "version": 21}
{"obj": {"type": "ClearFloatLog", "path": ["monitoring", "3d0fee43", "gpu_memory_0"]}, "version": 22}
{"obj": {"type": "ConfigFloatSeries", "path": ["monitoring", "3d0fee43", "gpu_memory_1"], "min": 0.0, "max": 48.0, "unit": "GB"}, "version": 23}
{"obj": {"type": "ClearFloatLog", "path": ["monitoring", "3d0fee43", "gpu_memory_1"]}, "version": 24}
{"obj": {"type": "LogFloats", "path": ["monitoring", "3d0fee43", "cpu"], "values": [{"value": 1.6, "step": null, "ts": 1683777737.581427}]}, "version": 25}
{"obj": {"type": "LogFloats", "path": ["monitoring", "3d0fee43", "memory"], "values": [{"value": 11.935699462890625, "step": null, "ts": 1683777737.581427}]}, "version": 26}
{"obj": {"type": "LogFloats", "path": ["monitoring", "3d0fee43", "gpu_memory_0"], "values": [{"value": 0.54620361328125, "step": null, "ts": 1683777737.581427}]}, "version": 27}
{"obj": {"type": "LogFloats", "path": ["monitoring", "3d0fee43", "gpu_memory_1"], "values": [{"value": 0.86212158203125, "step": null, "ts": 1683777737.581427}]}, "version": 28}
{"obj": {"type": "AssignString", "path": ["args", "mode"], "value": "pt"}, "version": 29}
{"obj": {"type": "AssignString", "path": ["args", "device"], "value": "gpu"}, "version": 30}
{"obj": {"type": "AssignBool", "path": ["args", "eval_only"], "value": false}, "version": 31}
{"obj": {"type": "AssignBool", "path": ["args", "predict_only"], "value": false}, "version": 32}
{"obj": {"type": "AssignInt", "path": ["args", "seed"], "value": 2137}, "version": 33}
{"obj": {"type": "AssignString", "path": ["args", "model", "checkpoint_path"], "value": ""}, "version": 34}
{"obj": {"type": "AssignFloat", "path": ["args", "model", "dropout"], "value": 0.0}, "version": 35}
{"obj": {"type": "AssignBool", "path": ["args", "model", "random_init"], "value": true}, "version": 36}
{"obj": {"type": "AssignBool", "path": ["args", "model", "compile"], "value": true}, "version": 37}
{"obj": {"type": "AssignInt", "path": ["args", "data", "input_length"], "value": 512}, "version": 38}
{"obj": {"type": "AssignFloat", "path": ["args", "data", "mlm_probability"], "value": 0.15}, "version": 39}
{"obj": {"type": "AssignFloat", "path": ["args", "data", "mean_noise_span_length"], "value": 3.0}, "version": 40}
{"obj": {"type": "AssignInt", "path": ["args", "data", "num_workers"], "value": 1}, "version": 41}
{"obj": {"type": "AssignInt", "path": ["args", "data", "before_mask_input_length"], "value": 568}, "version": 42}
{"obj": {"type": "AssignInt", "path": ["args", "data", "target_length"], "value": 114}, "version": 43}
{"obj": {"type": "AssignInt", "path": ["args", "data", "train_batches"], "value": 1}, "version": 44}
{"obj": {"type": "AssignInt", "path": ["args", "data", "test_batches"], "value": 1}, "version": 45}
{"obj": {"type": "AssignString", "path": ["args", "optim", "name"], "value": "adamwscale"}, "version": 46}
{"obj": {"type": "AssignFloat", "path": ["args", "optim", "base_lr"], "value": 0.02}, "version": 47}
{"obj": {"type": "AssignInt", "path": ["args", "optim", "batch_size"], "value": 144}, "version": 48}
{"obj": {"type": "AssignInt", "path": ["args", "optim", "total_steps"], "value": 1}, "version": 49}
{"obj": {"type": "AssignInt", "path": ["args", "optim", "epochs"], "value": -1}, "version": 50}
{"obj": {"type": "AssignInt", "path": ["args", "optim", "warmup_steps"], "value": 1}, "version": 51}
{"obj": {"type": "AssignString", "path": ["args", "optim", "lr_scheduler"], "value": "cosine"}, "version": 52}
{"obj": {"type": "AssignFloat", "path": ["args", "optim", "weight_decay"], "value": 0.0}, "version": 53}
{"obj": {"type": "AssignFloat", "path": ["args", "optim", "grad_clip"], "value": 1.0}, "version": 54}
{"obj": {"type": "AssignInt", "path": ["args", "optim", "grad_acc"], "value": 2}, "version": 55}
{"obj": {"type": "AssignFloat", "path": ["args", "optim", "final_cosine"], "value": 1e-05}, "version": 56}
{"obj": {"type": "AssignInt", "path": ["args", "eval", "every_steps"], "value": 300}, "version": 57}
{"obj": {"type": "AssignInt", "path": ["args", "eval", "steps"], "value": 5}, "version": 58}
{"obj": {"type": "AssignFloat", "path": ["args", "eval", "corrected_steps"], "value": 2.5}, "version": 59}
{"obj": {"type": "AssignInt", "path": ["args", "checkpoint", "every_steps"], "value": 3}, "version": 60}
{"obj": {"type": "AssignBool", "path": ["args", "logging", "neptune"], "value": true}, "version": 61}
{"obj": {"type": "AssignString", "path": ["args", "logging", "neptune_creds", "project"], "value": "kavisubramanyan2025/local-byt5-train"}, "version": 62}
{"obj": {"type": "AssignString", "path": ["args", "logging", "neptune_creds", "api_token"], "value": "eyJhcGlfYWRkcmVzcyI6Imh0dHBzOi8vYXBwLm5lcHR1bmUuYWkiLCJhcGlfdXJsIjoiaHR0cHM6Ly9hcHAubmVwdHVuZS5haSIsImFwaV9rZXkiOiJkNTEwZWMzNS0xNGVkLTRlMzctYmIwYS1kMDhjNjhlOWI1YTUifQ=="}, "version": 63}
{"obj": {"type": "AssignString", "path": ["args", "logging", "neptune_creds", "tags"], "value": "test_run"}, "version": 64}
{"obj": {"type": "AssignInt", "path": ["args", "logging", "every_steps"], "value": 100}, "version": 65}
{"obj": {"type": "AssignBool", "path": ["args", "logging", "grad_l2"], "value": true}, "version": 66}
{"obj": {"type": "AssignBool", "path": ["args", "logging", "weights_l2"], "value": true}, "version": 67}
{"obj": {"type": "AssignString", "path": ["args", "slurm_id"], "value": "none"}, "version": 68}
{"obj": {"type": "AssignString", "path": ["args", "working_dir"], "value": "/data/spencer/byt5/nanobyT5/logs/2023-05-10/23-02-15"}, "version": 69}
{"obj": {"type": "AssignString", "path": ["args", "neptune_id"], "value": "LOC-89"}, "version": 70}
{"obj": {"type": "LogStrings", "path": ["monitoring", "3d0fee43", "stdout"], "values": [{"value": "<accelerate.data_loader.DataLoaderShard object at 0x7fea171f93d0>", "step": null, "ts": 1683777739.3098028}]}, "version": 71}
{"obj": {"type": "LogStrings", "path": ["monitoring", "3d0fee43", "stdout"], "values": [{"value": "\n", "step": null, "ts": 1683777739.3465552}]}, "version": 72}
{"obj": {"type": "LogFloats", "path": ["monitoring", "3d0fee43", "cpu"], "values": [{"value": 6.9, "step": null, "ts": 1683777747.5894496}]}, "version": 73}
{"obj": {"type": "LogFloats", "path": ["monitoring", "3d0fee43", "memory"], "values": [{"value": 18.888839721679688, "step": null, "ts": 1683777747.5894496}]}, "version": 74}
{"obj": {"type": "LogFloats", "path": ["monitoring", "3d0fee43", "gpu_memory_0"], "values": [{"value": 1.42218017578125, "step": null, "ts": 1683777747.5894496}]}, "version": 75}
{"obj": {"type": "LogFloats", "path": ["monitoring", "3d0fee43", "gpu_memory_1"], "values": [{"value": 0.92901611328125, "step": null, "ts": 1683777747.5894496}]}, "version": 76}
{"obj": {"type": "LogStrings", "path": ["monitoring", "3d0fee43", "stdout"], "values": [{"value": "<accelerate.data_loader.DataLoaderShard object at 0x7fea171f93d0>", "step": null, "ts": 1683777751.538815}]}, "version": 77}
{"obj": {"type": "LogStrings", "path": ["monitoring", "3d0fee43", "stdout"], "values": [{"value": "\n", "step": null, "ts": 1683777751.5589163}]}, "version": 78}
{"obj": {"type": "LogStrings", "path": ["monitoring", "3d0fee43", "stdout"], "values": [{"value": "<accelerate.data_loader.DataLoaderShard object at 0x7fea171f93d0>", "step": null, "ts": 1683777751.7938244}]}, "version": 79}
{"obj": {"type": "LogStrings", "path": ["monitoring", "3d0fee43", "stdout"], "values": [{"value": "\n", "step": null, "ts": 1683777751.8094764}]}, "version": 80}
{"obj": {"type": "LogStrings", "path": ["monitoring", "3d0fee43", "stdout"], "values": [{"value": "<accelerate.data_loader.DataLoaderShard object at 0x7fea171f93d0>", "step": null, "ts": 1683777752.034013}]}, "version": 81}
{"obj": {"type": "LogStrings", "path": ["monitoring", "3d0fee43", "stdout"], "values": [{"value": "\n", "step": null, "ts": 1683777752.0490124}]}, "version": 82}
{"obj": {"type": "LogStrings", "path": ["monitoring", "3d0fee43", "stdout"], "values": [{"value": "<accelerate.data_loader.DataLoaderShard object at 0x7fea171f93d0>", "step": null, "ts": 1683777752.27398}]}, "version": 83}
{"obj": {"type": "LogStrings", "path": ["monitoring", "3d0fee43", "stdout"], "values": [{"value": "\n", "step": null, "ts": 1683777752.2878428}]}, "version": 84}
{"obj": {"type": "LogStrings", "path": ["monitoring", "3d0fee43", "stdout"], "values": [{"value": "<accelerate.data_loader.DataLoaderShard object at 0x7fea171f93d0>", "step": null, "ts": 1683777752.5165842}]}, "version": 85}
{"obj": {"type": "LogStrings", "path": ["monitoring", "3d0fee43", "stdout"], "values": [{"value": "\n", "step": null, "ts": 1683777752.530475}]}, "version": 86}
{"obj": {"type": "LogStrings", "path": ["monitoring", "3d0fee43", "stdout"], "values": [{"value": "<accelerate.data_loader.DataLoaderShard object at 0x7fea171f93d0>", "step": null, "ts": 1683777752.7738018}]}, "version": 87}
{"obj": {"type": "LogStrings", "path": ["monitoring", "3d0fee43", "stdout"], "values": [{"value": "\n", "step": null, "ts": 1683777752.7751534}]}, "version": 88}
{"obj": {"type": "LogStrings", "path": ["monitoring", "3d0fee43", "stdout"], "values": [{"value": "<accelerate.data_loader.DataLoaderShard object at 0x7fea171f93d0>", "step": null, "ts": 1683777753.003113}]}, "version": 89}
{"obj": {"type": "LogStrings", "path": ["monitoring", "3d0fee43", "stdout"], "values": [{"value": "\n", "step": null, "ts": 1683777753.0178192}]}, "version": 90}
{"obj": {"type": "LogStrings", "path": ["monitoring", "3d0fee43", "stdout"], "values": [{"value": "<accelerate.data_loader.DataLoaderShard object at 0x7fea171f93d0>", "step": null, "ts": 1683777753.262155}]}, "version": 91}
{"obj": {"type": "LogStrings", "path": ["monitoring", "3d0fee43", "stdout"], "values": [{"value": "\n", "step": null, "ts": 1683777753.263725}]}, "version": 92}
{"obj": {"type": "LogStrings", "path": ["monitoring", "3d0fee43", "stdout"], "values": [{"value": "<accelerate.data_loader.DataLoaderShard object at 0x7fea171f93d0>", "step": null, "ts": 1683777753.4898322}]}, "version": 93}
{"obj": {"type": "LogStrings", "path": ["monitoring", "3d0fee43", "stdout"], "values": [{"value": "\n", "step": null, "ts": 1683777753.5045133}]}, "version": 94}
{"obj": {"type": "LogStrings", "path": ["monitoring", "3d0fee43", "stdout"], "values": [{"value": "<accelerate.data_loader.DataLoaderShard object at 0x7fea171f93d0>", "step": null, "ts": 1683777753.746273}]}, "version": 95}
{"obj": {"type": "LogStrings", "path": ["monitoring", "3d0fee43", "stdout"], "values": [{"value": "\n", "step": null, "ts": 1683777753.7474165}]}, "version": 96}
{"obj": {"type": "LogStrings", "path": ["monitoring", "3d0fee43", "stdout"], "values": [{"value": "<accelerate.data_loader.DataLoaderShard object at 0x7fea171f93d0>", "step": null, "ts": 1683777753.975341}]}, "version": 97}
{"obj": {"type": "LogStrings", "path": ["monitoring", "3d0fee43", "stdout"], "values": [{"value": "\n", "step": null, "ts": 1683777753.9897392}]}, "version": 98}
{"obj": {"type": "LogStrings", "path": ["monitoring", "3d0fee43", "stdout"], "values": [{"value": "<accelerate.data_loader.DataLoaderShard object at 0x7fea171f93d0>", "step": null, "ts": 1683777754.218535}]}, "version": 99}
{"obj": {"type": "LogStrings", "path": ["monitoring", "3d0fee43", "stdout"], "values": [{"value": "\n", "step": null, "ts": 1683777754.2340145}]}, "version": 100}
{"obj": {"type": "LogStrings", "path": ["monitoring", "3d0fee43", "stdout"], "values": [{"value": "<accelerate.data_loader.DataLoaderShard object at 0x7fea171f93d0>", "step": null, "ts": 1683777754.4630415}]}, "version": 101}
{"obj": {"type": "LogStrings", "path": ["monitoring", "3d0fee43", "stdout"], "values": [{"value": "\n", "step": null, "ts": 1683777754.4784138}]}, "version": 102}
{"obj": {"type": "LogStrings", "path": ["monitoring", "3d0fee43", "stdout"], "values": [{"value": "<accelerate.data_loader.DataLoaderShard object at 0x7fea171f93d0>", "step": null, "ts": 1683777754.7061276}]}, "version": 103}
{"obj": {"type": "LogStrings", "path": ["monitoring", "3d0fee43", "stdout"], "values": [{"value": "\n", "step": null, "ts": 1683777754.7181582}]}, "version": 104}
{"obj": {"type": "LogStrings", "path": ["monitoring", "3d0fee43", "stdout"], "values": [{"value": "<accelerate.data_loader.DataLoaderShard object at 0x7fea171f93d0>", "step": null, "ts": 1683777754.9620285}]}, "version": 105}
{"obj": {"type": "LogStrings", "path": ["monitoring", "3d0fee43", "stdout"], "values": [{"value": "\n", "step": null, "ts": 1683777754.9636455}]}, "version": 106}
{"obj": {"type": "LogStrings", "path": ["monitoring", "3d0fee43", "stdout"], "values": [{"value": "<accelerate.data_loader.DataLoaderShard object at 0x7fea171f93d0>", "step": null, "ts": 1683777755.2073228}]}, "version": 107}
{"obj": {"type": "LogStrings", "path": ["monitoring", "3d0fee43", "stdout"], "values": [{"value": "\n", "step": null, "ts": 1683777755.2410376}]}, "version": 108}
{"obj": {"type": "LogStrings", "path": ["monitoring", "3d0fee43", "stdout"], "values": [{"value": "<accelerate.data_loader.DataLoaderShard object at 0x7fea171f93d0>", "step": null, "ts": 1683777755.437677}]}, "version": 109}
{"obj": {"type": "LogStrings", "path": ["monitoring", "3d0fee43", "stdout"], "values": [{"value": "\n", "step": null, "ts": 1683777755.4523673}]}, "version": 110}
{"obj": {"type": "LogStrings", "path": ["monitoring", "3d0fee43", "stdout"], "values": [{"value": "<accelerate.data_loader.DataLoaderShard object at 0x7fea171f93d0>", "step": null, "ts": 1683777755.6968923}]}, "version": 111}
{"obj": {"type": "LogStrings", "path": ["monitoring", "3d0fee43", "stdout"], "values": [{"value": "\n", "step": null, "ts": 1683777755.698058}]}, "version": 112}
{"obj": {"type": "LogStrings", "path": ["monitoring", "3d0fee43", "stdout"], "values": [{"value": "<accelerate.data_loader.DataLoaderShard object at 0x7fea171f93d0>", "step": null, "ts": 1683777755.9395592}]}, "version": 113}
{"obj": {"type": "LogStrings", "path": ["monitoring", "3d0fee43", "stdout"], "values": [{"value": "\n", "step": null, "ts": 1683777755.940719}]}, "version": 114}
{"obj": {"type": "LogStrings", "path": ["monitoring", "3d0fee43", "stdout"], "values": [{"value": "<accelerate.data_loader.DataLoaderShard object at 0x7fea171f93d0>", "step": null, "ts": 1683777756.1687179}]}, "version": 115}
{"obj": {"type": "LogStrings", "path": ["monitoring", "3d0fee43", "stdout"], "values": [{"value": "\n", "step": null, "ts": 1683777756.1821144}]}, "version": 116}
{"obj": {"type": "LogStrings", "path": ["monitoring", "3d0fee43", "stdout"], "values": [{"value": "<accelerate.data_loader.DataLoaderShard object at 0x7fea171f93d0>", "step": null, "ts": 1683777756.4120693}]}, "version": 117}
{"obj": {"type": "LogStrings", "path": ["monitoring", "3d0fee43", "stdout"], "values": [{"value": "\n", "step": null, "ts": 1683777756.4264915}]}, "version": 118}
{"obj": {"type": "LogStrings", "path": ["monitoring", "3d0fee43", "stdout"], "values": [{"value": "<accelerate.data_loader.DataLoaderShard object at 0x7fea171f93d0>", "step": null, "ts": 1683777756.6544168}]}, "version": 119}
{"obj": {"type": "LogStrings", "path": ["monitoring", "3d0fee43", "stdout"], "values": [{"value": "\n", "step": null, "ts": 1683777756.682456}]}, "version": 120}
{"obj": {"type": "LogStrings", "path": ["monitoring", "3d0fee43", "stdout"], "values": [{"value": "<accelerate.data_loader.DataLoaderShard object at 0x7fea171f93d0>", "step": null, "ts": 1683777756.8996303}]}, "version": 121}
{"obj": {"type": "LogStrings", "path": ["monitoring", "3d0fee43", "stdout"], "values": [{"value": "\n", "step": null, "ts": 1683777756.9133763}]}, "version": 122}
{"obj": {"type": "LogStrings", "path": ["monitoring", "3d0fee43", "stdout"], "values": [{"value": "<accelerate.data_loader.DataLoaderShard object at 0x7fea171f93d0>", "step": null, "ts": 1683777757.1434114}]}, "version": 123}
{"obj": {"type": "LogStrings", "path": ["monitoring", "3d0fee43", "stdout"], "values": [{"value": "\n", "step": null, "ts": 1683777757.1580608}]}, "version": 124}
{"obj": {"type": "LogStrings", "path": ["monitoring", "3d0fee43", "stdout"], "values": [{"value": "<accelerate.data_loader.DataLoaderShard object at 0x7fea171f93d0>", "step": null, "ts": 1683777757.3860652}]}, "version": 125}
{"obj": {"type": "LogStrings", "path": ["monitoring", "3d0fee43", "stdout"], "values": [{"value": "\n", "step": null, "ts": 1683777757.3971903}]}, "version": 126}
{"obj": {"type": "LogStrings", "path": ["monitoring", "3d0fee43", "stdout"], "values": [{"value": "<accelerate.data_loader.DataLoaderShard object at 0x7fea171f93d0>", "step": null, "ts": 1683777757.643226}]}, "version": 127}
{"obj": {"type": "LogStrings", "path": ["monitoring", "3d0fee43", "stdout"], "values": [{"value": "\n", "step": null, "ts": 1683777757.6445546}]}, "version": 128}
{"obj": {"type": "LogFloats", "path": ["monitoring", "3d0fee43", "cpu"], "values": [{"value": 8.0, "step": null, "ts": 1683777757.6442425}]}, "version": 129}
{"obj": {"type": "LogFloats", "path": ["monitoring", "3d0fee43", "memory"], "values": [{"value": 14.366233825683594, "step": null, "ts": 1683777757.6442425}]}, "version": 130}
{"obj": {"type": "LogFloats", "path": ["monitoring", "3d0fee43", "gpu_0"], "values": [{"value": 91.0, "step": null, "ts": 1683777757.6442425}]}, "version": 131}
{"obj": {"type": "LogFloats", "path": ["monitoring", "3d0fee43", "gpu_memory_0"], "values": [{"value": 7.67999267578125, "step": null, "ts": 1683777757.6442425}]}, "version": 132}
{"obj": {"type": "LogFloats", "path": ["monitoring", "3d0fee43", "gpu_memory_1"], "values": [{"value": 0.92901611328125, "step": null, "ts": 1683777757.6442425}]}, "version": 133}
{"obj": {"type": "LogStrings", "path": ["monitoring", "3d0fee43", "stdout"], "values": [{"value": "<accelerate.data_loader.DataLoaderShard object at 0x7fea171f93d0>", "step": null, "ts": 1683777757.8752809}]}, "version": 134}
{"obj": {"type": "LogStrings", "path": ["monitoring", "3d0fee43", "stdout"], "values": [{"value": "\n", "step": null, "ts": 1683777757.9070966}]}, "version": 135}
{"obj": {"type": "LogStrings", "path": ["monitoring", "3d0fee43", "stdout"], "values": [{"value": "<accelerate.data_loader.DataLoaderShard object at 0x7fea171f93d0>", "step": null, "ts": 1683777758.1185477}]}, "version": 136}
{"obj": {"type": "LogStrings", "path": ["monitoring", "3d0fee43", "stdout"], "values": [{"value": "\n", "step": null, "ts": 1683777758.132679}]}, "version": 137}
{"obj": {"type": "LogStrings", "path": ["monitoring", "3d0fee43", "stdout"], "values": [{"value": "<accelerate.data_loader.DataLoaderShard object at 0x7fea171f93d0>", "step": null, "ts": 1683777758.3623128}]}, "version": 138}
{"obj": {"type": "LogStrings", "path": ["monitoring", "3d0fee43", "stdout"], "values": [{"value": "\n", "step": null, "ts": 1683777758.3757584}]}, "version": 139}
{"obj": {"type": "LogStrings", "path": ["monitoring", "3d0fee43", "stdout"], "values": [{"value": "<accelerate.data_loader.DataLoaderShard object at 0x7fea171f93d0>", "step": null, "ts": 1683777758.6065009}]}, "version": 140}
{"obj": {"type": "LogStrings", "path": ["monitoring", "3d0fee43", "stdout"], "values": [{"value": "\n", "step": null, "ts": 1683777758.620962}]}, "version": 141}
{"obj": {"type": "LogStrings", "path": ["monitoring", "3d0fee43", "traceback"], "values": [{"value": "An uncaught exception occurred while run was active on worker seoul.", "step": null, "ts": 1683777758.7443936}, {"value": "Marking run as failed", "step": null, "ts": 1683777758.7443936}, {"value": "Traceback:", "step": null, "ts": 1683777758.7443936}, {"value": "  File \"/home/ssh6847/miniconda3/envs/byt5/lib/python3.8/runpy.py\", line 194, in _run_module_as_main\n    return _run_code(code, main_globals, None,\n", "step": null, "ts": 1683777758.7443936}, {"value": "  File \"/home/ssh6847/miniconda3/envs/byt5/lib/python3.8/runpy.py\", line 87, in _run_code\n    exec(code, run_globals)\n", "step": null, "ts": 1683777758.7443936}, {"value": "  File \"/data/spencer/byt5/nanobyT5/nanoT5/main.py\", line 75, in <module>\n    main()\n", "step": null, "ts": 1683777758.7443936}, {"value": "  File \"/home/ssh6847/miniconda3/envs/byt5/lib/python3.8/site-packages/hydra/main.py\", line 94, in decorated_main\n    _run_hydra(\n", "step": null, "ts": 1683777758.7443936}, {"value": "  File \"/home/ssh6847/miniconda3/envs/byt5/lib/python3.8/site-packages/hydra/_internal/utils.py\", line 394, in _run_hydra\n    _run_app(\n", "step": null, "ts": 1683777758.7443936}, {"value": "  File \"/home/ssh6847/miniconda3/envs/byt5/lib/python3.8/site-packages/hydra/_internal/utils.py\", line 457, in _run_app\n    run_and_report(\n", "step": null, "ts": 1683777758.7443936}, {"value": "  File \"/home/ssh6847/miniconda3/envs/byt5/lib/python3.8/site-packages/hydra/_internal/utils.py\", line 220, in run_and_report\n    return func()\n", "step": null, "ts": 1683777758.7443936}]}, "version": 142}
{"obj": {"type": "LogStrings", "path": ["monitoring", "3d0fee43", "traceback"], "values": [{"value": "  File \"/home/ssh6847/miniconda3/envs/byt5/lib/python3.8/site-packages/hydra/_internal/utils.py\", line 458, in <lambda>\n    lambda: hydra.run(\n", "step": null, "ts": 1683777758.7443936}, {"value": "  File \"/home/ssh6847/miniconda3/envs/byt5/lib/python3.8/site-packages/hydra/_internal/hydra.py\", line 119, in run\n    ret = run_job(\n", "step": null, "ts": 1683777758.7443936}, {"value": "  File \"/home/ssh6847/miniconda3/envs/byt5/lib/python3.8/site-packages/hydra/core/utils.py\", line 186, in run_job\n    ret.return_value = task_function(task_cfg)\n", "step": null, "ts": 1683777758.7443936}, {"value": "  File \"/data/spencer/byt5/nanobyT5/nanoT5/main.py\", line 68, in main\n    train(model, train_dataloader, test_dataloader, accelerator,\n", "step": null, "ts": 1683777758.7443936}, {"value": "  File \"/data/spencer/byt5/nanobyT5/nanoT5/utils/train_utils.py\", line 195, in train\n    for batch_id, batch in enumerate(train_dataloader, start=1):\n", "step": null, "ts": 1683777758.7443936}, {"value": "  File \"/home/ssh6847/miniconda3/envs/byt5/lib/python3.8/site-packages/accelerate/data_loader.py\", line 387, in __iter__\n    current_batch = send_to_device(current_batch, self.device)\n", "step": null, "ts": 1683777758.7443936}, {"value": "  File \"/home/ssh6847/miniconda3/envs/byt5/lib/python3.8/site-packages/accelerate/utils/operations.py\", line 148, in send_to_device\n    return recursively_apply(_send_to_device, tensor, device, non_blocking, test_type=_has_to_method)\n", "step": null, "ts": 1683777758.7443936}, {"value": "  File \"/home/ssh6847/miniconda3/envs/byt5/lib/python3.8/site-packages/accelerate/utils/operations.py\", line 108, in recursively_apply\n    {\n", "step": null, "ts": 1683777758.7443936}, {"value": "  File \"/home/ssh6847/miniconda3/envs/byt5/lib/python3.8/site-packages/accelerate/utils/operations.py\", line 109, in <dictcomp>\n    k: recursively_apply(\n", "step": null, "ts": 1683777758.7443936}, {"value": "  File \"/home/ssh6847/miniconda3/envs/byt5/lib/python3.8/site-packages/accelerate/utils/operations.py\", line 116, in recursively_apply\n    return func(data, *args, **kwargs)\n", "step": null, "ts": 1683777758.7443936}]}, "version": 143}
{"obj": {"type": "LogStrings", "path": ["monitoring", "3d0fee43", "traceback"], "values": [{"value": "  File \"/home/ssh6847/miniconda3/envs/byt5/lib/python3.8/site-packages/accelerate/utils/operations.py\", line 141, in _send_to_device\n    return t.to(device, non_blocking=non_blocking)\n", "step": null, "ts": 1683777758.7443936}, {"value": "", "step": null, "ts": 1683777758.7443936}]}, "version": 144}
{"obj": {"type": "AssignBool", "path": ["sys", "failed"], "value": true}, "version": 145}
{"obj": {"type": "LogStrings", "path": ["monitoring", "3d0fee43", "stderr"], "values": [{"value": "Traceback (most recent call last):\n", "step": null, "ts": 1683777758.7494957}]}, "version": 146}
{"obj": {"type": "LogStrings", "path": ["monitoring", "3d0fee43", "stderr"], "values": [{"value": "  File \"/home/ssh6847/miniconda3/envs/byt5/lib/python3.8/runpy.py\", line 194, in _run_module_as_main\n", "step": null, "ts": 1683777758.7510467}]}, "version": 147}
{"obj": {"type": "LogStrings", "path": ["monitoring", "3d0fee43", "stderr"], "values": [{"value": "    ", "step": null, "ts": 1683777758.751737}]}, "version": 148}
{"obj": {"type": "LogStrings", "path": ["monitoring", "3d0fee43", "stderr"], "values": [{"value": "return _run_code(code, main_globals, None,", "step": null, "ts": 1683777758.752334}]}, "version": 149}
{"obj": {"type": "LogStrings", "path": ["monitoring", "3d0fee43", "stderr"], "values": [{"value": "\n", "step": null, "ts": 1683777758.7529194}]}, "version": 150}
{"obj": {"type": "LogStrings", "path": ["monitoring", "3d0fee43", "stderr"], "values": [{"value": "  File \"/home/ssh6847/miniconda3/envs/byt5/lib/python3.8/runpy.py\", line 87, in _run_code\n", "step": null, "ts": 1683777758.7534666}]}, "version": 151}
{"obj": {"type": "LogStrings", "path": ["monitoring", "3d0fee43", "stderr"], "values": [{"value": "    ", "step": null, "ts": 1683777758.754065}]}, "version": 152}
{"obj": {"type": "LogStrings", "path": ["monitoring", "3d0fee43", "stderr"], "values": [{"value": "exec(code, run_globals)", "step": null, "ts": 1683777758.7546492}]}, "version": 153}
{"obj": {"type": "LogStrings", "path": ["monitoring", "3d0fee43", "stderr"], "values": [{"value": "\n", "step": null, "ts": 1683777758.755202}]}, "version": 154}
{"obj": {"type": "LogStrings", "path": ["monitoring", "3d0fee43", "stderr"], "values": [{"value": "  File \"/data/spencer/byt5/nanobyT5/nanoT5/main.py\", line 75, in <module>\n", "step": null, "ts": 1683777758.7561233}]}, "version": 155}
{"obj": {"type": "LogStrings", "path": ["monitoring", "3d0fee43", "stderr"], "values": [{"value": "    ", "step": null, "ts": 1683777758.75668}]}, "version": 156}
{"obj": {"type": "LogStrings", "path": ["monitoring", "3d0fee43", "stderr"], "values": [{"value": "main()", "step": null, "ts": 1683777758.7572362}]}, "version": 157}
{"obj": {"type": "LogStrings", "path": ["monitoring", "3d0fee43", "stderr"], "values": [{"value": "\n", "step": null, "ts": 1683777758.7578032}]}, "version": 158}
{"obj": {"type": "LogStrings", "path": ["monitoring", "3d0fee43", "stderr"], "values": [{"value": "  File \"/home/ssh6847/miniconda3/envs/byt5/lib/python3.8/site-packages/hydra/main.py\", line 94, in decorated_main\n", "step": null, "ts": 1683777758.7583637}]}, "version": 159}
{"obj": {"type": "LogStrings", "path": ["monitoring", "3d0fee43", "stdout"], "values": [{"value": "Shutting down background jobs, please wait a moment...\n", "step": null, "ts": 1683777758.759259}]}, "version": 160}
{"obj": {"type": "LogStrings", "path": ["monitoring", "3d0fee43", "stderr"], "values": [{"value": "    ", "step": null, "ts": 1683777758.759856}]}, "version": 161}
{"obj": {"type": "LogStrings", "path": ["monitoring", "3d0fee43", "stderr"], "values": [{"value": "_run_hydra(", "step": null, "ts": 1683777758.7603967}]}, "version": 162}
{"obj": {"type": "LogStrings", "path": ["monitoring", "3d0fee43", "stderr"], "values": [{"value": "\n", "step": null, "ts": 1683777758.760951}]}, "version": 163}
{"obj": {"type": "LogStrings", "path": ["monitoring", "3d0fee43", "stderr"], "values": [{"value": "  File \"/home/ssh6847/miniconda3/envs/byt5/lib/python3.8/site-packages/hydra/_internal/utils.py\", line 394, in _run_hydra\n", "step": null, "ts": 1683777758.761521}]}, "version": 164}
{"obj": {"type": "LogStrings", "path": ["monitoring", "3d0fee43", "stderr"], "values": [{"value": "    ", "step": null, "ts": 1683777758.762093}]}, "version": 165}
{"obj": {"type": "LogStrings", "path": ["monitoring", "3d0fee43", "stderr"], "values": [{"value": "_run_app(", "step": null, "ts": 1683777758.7626488}]}, "version": 166}
{"obj": {"type": "LogStrings", "path": ["monitoring", "3d0fee43", "stderr"], "values": [{"value": "\n", "step": null, "ts": 1683777758.7632098}]}, "version": 167}
{"obj": {"type": "LogStrings", "path": ["monitoring", "3d0fee43", "stderr"], "values": [{"value": "  File \"/home/ssh6847/miniconda3/envs/byt5/lib/python3.8/site-packages/hydra/_internal/utils.py\", line 457, in _run_app\n", "step": null, "ts": 1683777758.7637634}]}, "version": 168}
{"obj": {"type": "LogStrings", "path": ["monitoring", "3d0fee43", "stderr"], "values": [{"value": "    ", "step": null, "ts": 1683777758.7645314}]}, "version": 169}
{"obj": {"type": "LogStrings", "path": ["monitoring", "3d0fee43", "stderr"], "values": [{"value": "run_and_report(", "step": null, "ts": 1683777758.765094}]}, "version": 170}
{"obj": {"type": "LogStrings", "path": ["monitoring", "3d0fee43", "stderr"], "values": [{"value": "\n", "step": null, "ts": 1683777758.7656553}]}, "version": 171}
{"obj": {"type": "LogStrings", "path": ["monitoring", "3d0fee43", "stderr"], "values": [{"value": "  File \"/home/ssh6847/miniconda3/envs/byt5/lib/python3.8/site-packages/hydra/_internal/utils.py\", line 220, in run_and_report\n", "step": null, "ts": 1683777758.7662225}]}, "version": 172}
{"obj": {"type": "LogStrings", "path": ["monitoring", "3d0fee43", "stderr"], "values": [{"value": "    ", "step": null, "ts": 1683777758.7667813}]}, "version": 173}
{"obj": {"type": "LogStrings", "path": ["monitoring", "3d0fee43", "stderr"], "values": [{"value": "return func()", "step": null, "ts": 1683777758.7675822}]}, "version": 174}
{"obj": {"type": "LogStrings", "path": ["monitoring", "3d0fee43", "stderr"], "values": [{"value": "\n", "step": null, "ts": 1683777758.768175}]}, "version": 175}
{"obj": {"type": "LogStrings", "path": ["monitoring", "3d0fee43", "stderr"], "values": [{"value": "  File \"/home/ssh6847/miniconda3/envs/byt5/lib/python3.8/site-packages/hydra/_internal/utils.py\", line 458, in <lambda>\n", "step": null, "ts": 1683777758.768735}]}, "version": 176}
{"obj": {"type": "LogStrings", "path": ["monitoring", "3d0fee43", "stderr"], "values": [{"value": "    ", "step": null, "ts": 1683777758.7692938}]}, "version": 177}
{"obj": {"type": "LogStrings", "path": ["monitoring", "3d0fee43", "stderr"], "values": [{"value": "lambda: hydra.run(", "step": null, "ts": 1683777758.7698555}]}, "version": 178}
{"obj": {"type": "LogStrings", "path": ["monitoring", "3d0fee43", "stderr"], "values": [{"value": "\n", "step": null, "ts": 1683777758.7704954}]}, "version": 179}
{"obj": {"type": "LogStrings", "path": ["monitoring", "3d0fee43", "stderr"], "values": [{"value": "  File \"/home/ssh6847/miniconda3/envs/byt5/lib/python3.8/site-packages/hydra/_internal/hydra.py\", line 119, in run\n", "step": null, "ts": 1683777758.7710931}]}, "version": 180}
{"obj": {"type": "LogStrings", "path": ["monitoring", "3d0fee43", "stderr"], "values": [{"value": "    ", "step": null, "ts": 1683777758.771606}]}, "version": 181}
{"obj": {"type": "LogStrings", "path": ["monitoring", "3d0fee43", "stderr"], "values": [{"value": "ret = run_job(", "step": null, "ts": 1683777758.7724826}]}, "version": 182}
{"obj": {"type": "LogStrings", "path": ["monitoring", "3d0fee43", "stderr"], "values": [{"value": "\n", "step": null, "ts": 1683777758.773025}]}, "version": 183}
{"obj": {"type": "LogStrings", "path": ["monitoring", "3d0fee43", "stderr"], "values": [{"value": "  File \"/home/ssh6847/miniconda3/envs/byt5/lib/python3.8/site-packages/hydra/core/utils.py\", line 186, in run_job\n", "step": null, "ts": 1683777758.7735863}]}, "version": 184}
{"obj": {"type": "LogStrings", "path": ["monitoring", "3d0fee43", "stderr"], "values": [{"value": "    ", "step": null, "ts": 1683777758.7741466}]}, "version": 185}
{"obj": {"type": "LogStrings", "path": ["monitoring", "3d0fee43", "stderr"], "values": [{"value": "ret.return_value = task_function(task_cfg)", "step": null, "ts": 1683777758.7747066}]}, "version": 186}
{"obj": {"type": "LogStrings", "path": ["monitoring", "3d0fee43", "stderr"], "values": [{"value": "\n", "step": null, "ts": 1683777758.7756405}]}, "version": 187}
{"obj": {"type": "LogStrings", "path": ["monitoring", "3d0fee43", "stderr"], "values": [{"value": "  File \"/data/spencer/byt5/nanobyT5/nanoT5/main.py\", line 68, in main\n", "step": null, "ts": 1683777758.776146}]}, "version": 188}
{"obj": {"type": "LogStrings", "path": ["monitoring", "3d0fee43", "stderr"], "values": [{"value": "    ", "step": null, "ts": 1683777758.7764602}]}, "version": 189}
{"obj": {"type": "LogStrings", "path": ["monitoring", "3d0fee43", "stderr"], "values": [{"value": "train(model, train_dataloader, test_dataloader, accelerator,", "step": null, "ts": 1683777758.7768047}]}, "version": 190}
{"obj": {"type": "LogStrings", "path": ["monitoring", "3d0fee43", "stderr"], "values": [{"value": "\n", "step": null, "ts": 1683777758.7771473}]}, "version": 191}
{"obj": {"type": "LogStrings", "path": ["monitoring", "3d0fee43", "stderr"], "values": [{"value": "  File \"/data/spencer/byt5/nanobyT5/nanoT5/utils/train_utils.py\", line 195, in train\n", "step": null, "ts": 1683777758.7774827}]}, "version": 192}
{"obj": {"type": "LogStrings", "path": ["monitoring", "3d0fee43", "stderr"], "values": [{"value": "    ", "step": null, "ts": 1683777758.7778277}]}, "version": 193}
{"obj": {"type": "LogStrings", "path": ["monitoring", "3d0fee43", "stderr"], "values": [{"value": "for batch_id, batch in enumerate(train_dataloader, start=1):", "step": null, "ts": 1683777758.7781706}]}, "version": 194}
{"obj": {"type": "LogStrings", "path": ["monitoring", "3d0fee43", "stderr"], "values": [{"value": "\n", "step": null, "ts": 1683777758.778511}]}, "version": 195}
{"obj": {"type": "LogStrings", "path": ["monitoring", "3d0fee43", "stderr"], "values": [{"value": "  File \"/home/ssh6847/miniconda3/envs/byt5/lib/python3.8/site-packages/accelerate/data_loader.py\", line 387, in __iter__\n", "step": null, "ts": 1683777758.7788517}]}, "version": 196}
{"obj": {"type": "LogStrings", "path": ["monitoring", "3d0fee43", "stderr"], "values": [{"value": "    ", "step": null, "ts": 1683777758.779197}]}, "version": 197}
{"obj": {"type": "LogStrings", "path": ["monitoring", "3d0fee43", "stderr"], "values": [{"value": "current_batch = send_to_device(current_batch, self.device)", "step": null, "ts": 1683777758.7795506}]}, "version": 198}
{"obj": {"type": "LogStrings", "path": ["monitoring", "3d0fee43", "stderr"], "values": [{"value": "\n", "step": null, "ts": 1683777758.7799273}]}, "version": 199}
{"obj": {"type": "LogStrings", "path": ["monitoring", "3d0fee43", "stderr"], "values": [{"value": "  File \"/home/ssh6847/miniconda3/envs/byt5/lib/python3.8/site-packages/accelerate/utils/operations.py\", line 148, in send_to_device\n", "step": null, "ts": 1683777758.7808063}]}, "version": 200}
{"obj": {"type": "LogStrings", "path": ["monitoring", "3d0fee43", "stderr"], "values": [{"value": "    ", "step": null, "ts": 1683777758.7811854}]}, "version": 201}
{"obj": {"type": "LogStrings", "path": ["monitoring", "3d0fee43", "stderr"], "values": [{"value": "return recursively_apply(_send_to_device, tensor, device, non_blocking, test_type=_has_to_method)", "step": null, "ts": 1683777758.7815378}]}, "version": 202}
{"obj": {"type": "LogStrings", "path": ["monitoring", "3d0fee43", "stderr"], "values": [{"value": "\n", "step": null, "ts": 1683777758.7818844}]}, "version": 203}
{"obj": {"type": "LogStrings", "path": ["monitoring", "3d0fee43", "stderr"], "values": [{"value": "  File \"/home/ssh6847/miniconda3/envs/byt5/lib/python3.8/site-packages/accelerate/utils/operations.py\", line 108, in recursively_apply\n", "step": null, "ts": 1683777758.7822406}]}, "version": 204}
{"obj": {"type": "LogStrings", "path": ["monitoring", "3d0fee43", "stderr"], "values": [{"value": "    ", "step": null, "ts": 1683777758.7825882}]}, "version": 205}
{"obj": {"type": "LogStrings", "path": ["monitoring", "3d0fee43", "stderr"], "values": [{"value": "{", "step": null, "ts": 1683777758.7829325}]}, "version": 206}
{"obj": {"type": "LogStrings", "path": ["monitoring", "3d0fee43", "stderr"], "values": [{"value": "\n", "step": null, "ts": 1683777758.7832718}]}, "version": 207}
{"obj": {"type": "LogStrings", "path": ["monitoring", "3d0fee43", "stderr"], "values": [{"value": "  File \"/home/ssh6847/miniconda3/envs/byt5/lib/python3.8/site-packages/accelerate/utils/operations.py\", line 109, in <dictcomp>\n", "step": null, "ts": 1683777758.7836158}]}, "version": 208}
{"obj": {"type": "LogStrings", "path": ["monitoring", "3d0fee43", "stderr"], "values": [{"value": "    ", "step": null, "ts": 1683777758.7839608}]}, "version": 209}
{"obj": {"type": "LogStrings", "path": ["monitoring", "3d0fee43", "stderr"], "values": [{"value": "k: recursively_apply(", "step": null, "ts": 1683777758.7843013}]}, "version": 210}
{"obj": {"type": "LogStrings", "path": ["monitoring", "3d0fee43", "stderr"], "values": [{"value": "\n", "step": null, "ts": 1683777758.7846708}]}, "version": 211}
{"obj": {"type": "LogStrings", "path": ["monitoring", "3d0fee43", "stderr"], "values": [{"value": "  File \"/home/ssh6847/miniconda3/envs/byt5/lib/python3.8/site-packages/accelerate/utils/operations.py\", line 116, in recursively_apply\n", "step": null, "ts": 1683777758.7850149}]}, "version": 212}
{"obj": {"type": "LogStrings", "path": ["monitoring", "3d0fee43", "stderr"], "values": [{"value": "    ", "step": null, "ts": 1683777758.7853556}]}, "version": 213}
{"obj": {"type": "LogStrings", "path": ["monitoring", "3d0fee43", "stderr"], "values": [{"value": "return func(data, *args, **kwargs)", "step": null, "ts": 1683777758.7857003}]}, "version": 214}
{"obj": {"type": "LogStrings", "path": ["monitoring", "3d0fee43", "stderr"], "values": [{"value": "\n", "step": null, "ts": 1683777758.7860463}]}, "version": 215}
{"obj": {"type": "LogStrings", "path": ["monitoring", "3d0fee43", "stderr"], "values": [{"value": "  File \"/home/ssh6847/miniconda3/envs/byt5/lib/python3.8/site-packages/accelerate/utils/operations.py\", line 141, in _send_to_device\n", "step": null, "ts": 1683777758.786383}]}, "version": 216}
{"obj": {"type": "LogStrings", "path": ["monitoring", "3d0fee43", "stderr"], "values": [{"value": "    ", "step": null, "ts": 1683777758.7867303}]}, "version": 217}
{"obj": {"type": "LogStrings", "path": ["monitoring", "3d0fee43", "stderr"], "values": [{"value": "return t.to(device, non_blocking=non_blocking)", "step": null, "ts": 1683777758.7870731}]}, "version": 218}
{"obj": {"type": "LogStrings", "path": ["monitoring", "3d0fee43", "stderr"], "values": [{"value": "\n", "step": null, "ts": 1683777758.7874312}]}, "version": 219}
{"obj": {"type": "LogStrings", "path": ["monitoring", "3d0fee43", "stderr"], "values": [{"value": "KeyboardInterrupt", "step": null, "ts": 1683777758.7877676}]}, "version": 220}
{"obj": {"type": "LogStrings", "path": ["monitoring", "3d0fee43", "stderr"], "values": [{"value": "", "step": null, "ts": 1683777758.7881174}]}, "version": 221}
{"obj": {"type": "LogStrings", "path": ["monitoring", "3d0fee43", "stderr"], "values": [{"value": "\n", "step": null, "ts": 1683777758.7890363}]}, "version": 222}
