[2023-05-10 23:06:02,705][Main][INFO] - Distributed environment: NO
Num processes: 1
Process index: 0
Local process index: 0
Device: cuda

Mixed precision type: no

[2023-05-10 23:06:02,705][Main][INFO] - Working directory is /data/spencer/byt5/nanobyT5/logs/2023-05-10/23-06-02
[2023-05-10 23:06:05,146][datasets.arrow_dataset][WARNING] - Loading cached processed dataset at /data/spencer/byt5/nanobyT5/nanoT5/utils/local_data/train/cache-55811058ae2730a0.arrow
[2023-05-10 23:06:05,146][datasets.arrow_dataset][WARNING] - Loading cached shuffled indices for dataset at /data/spencer/byt5/nanobyT5/nanoT5/utils/local_data/train/cache-c639dc3b982c1d18.arrow
[2023-05-10 23:06:05,150][datasets.arrow_dataset][WARNING] - Loading cached processed dataset at /data/spencer/byt5/nanobyT5/nanoT5/utils/local_data/test/cache-4fbda65458655174.arrow
[2023-05-10 23:06:05,150][datasets.arrow_dataset][WARNING] - Loading cached shuffled indices for dataset at /data/spencer/byt5/nanobyT5/nanoT5/utils/local_data/test/cache-0122d01ccc9e02bd.arrow
[2023-05-10 23:06:06,230][torch._utils_internal][INFO] - dynamo _convert_frame_assert._compile: {'co_name': 'forward', 'co_filename': '/home/ssh6847/miniconda3/envs/byt5/lib/python3.8/site-packages/transformers/models/t5/modeling_t5.py', 'co_firstlineno': 1615, 'cache_size': 0}
[2023-05-10 23:06:06,231][torch._subclasses.fake_tensor][INFO] - create_mode 0x7f09dec337f0
[2023-05-10 23:06:07,955][torch._subclasses.fake_tensor][INFO] - create_mode 0x7f09d75941c0
[2023-05-10 23:06:10,113][torch._subclasses.fake_tensor][INFO] - create_mode 0x7f09d7509220
[2023-05-10 23:06:12,048][torch._subclasses.fake_tensor][INFO] - create_mode 0x7f09d4f88130
[2023-05-10 23:06:15,448][torch._utils_internal][INFO] - dynamo _convert_frame_assert._compile: {'co_name': '__getitem__', 'co_filename': '/home/ssh6847/miniconda3/envs/byt5/lib/python3.8/site-packages/torch/nn/modules/container.py', 'co_firstlineno': 290, 'cache_size': 0}
[2023-05-10 23:06:15,449][torch._subclasses.fake_tensor][INFO] - create_mode 0x7f09c90d7250
[2023-05-10 23:06:15,452][torch._utils_internal][INFO] - dynamo _convert_frame_assert._compile: {'co_name': '_get_abs_string_index', 'co_filename': '/home/ssh6847/miniconda3/envs/byt5/lib/python3.8/site-packages/torch/nn/modules/container.py', 'co_firstlineno': 281, 'cache_size': 0}
[2023-05-10 23:06:15,452][torch._subclasses.fake_tensor][INFO] - create_mode 0x7f09dbbcc610
[2023-05-10 23:06:15,454][torch._utils_internal][INFO] - dynamo _convert_frame_assert._compile: {'co_name': '__len__', 'co_filename': '/home/ssh6847/miniconda3/envs/byt5/lib/python3.8/site-packages/torch/nn/modules/container.py', 'co_firstlineno': 311, 'cache_size': 0}
[2023-05-10 23:06:15,454][torch._subclasses.fake_tensor][INFO] - create_mode 0x7f09ca01fc10
