{"obj": {"type": "AssignString", "path": ["sys", "name"], "value": "Untitled"}, "version": 1}
{"obj": {"type": "AssignString", "path": ["sys", "description"], "value": ""}, "version": 2}
{"obj": {"type": "AssignString", "path": ["monitoring", "6f58730b", "hostname"], "value": "seoul"}, "version": 3}
{"obj": {"type": "AssignString", "path": ["sys", "hostname"], "value": "seoul"}, "version": 4}
{"obj": {"type": "AssignString", "path": ["monitoring", "6f58730b", "pid"], "value": "73443"}, "version": 5}
{"obj": {"type": "AssignString", "path": ["monitoring", "6f58730b", "tid"], "value": "140055264622400"}, "version": 6}
{"obj": {"type": "AddStrings", "path": ["sys", "tags"], "values": ["test_run"]}, "version": 7}
{"obj": {"type": "AssignBool", "path": ["sys", "failed"], "value": false}, "version": 8}
{"obj": {"type": "ClearStringLog", "path": ["monitoring", "6f58730b", "stdout"]}, "version": 9}
{"obj": {"type": "ClearStringLog", "path": ["monitoring", "6f58730b", "stderr"]}, "version": 10}
{"obj": {"type": "AssignString", "path": ["source_code", "entrypoint"], "value": "main.py"}, "version": 11}
{"obj": {"type": "UploadFileSet", "path": ["source_code", "files"], "file_globs": ["/data/spencer/byt5/nanobyT5/nanoT5/main.py"], "reset": "False"}, "version": 12}
{"obj": {"type": "ConfigFloatSeries", "path": ["monitoring", "6f58730b", "cpu"], "min": 0.0, "max": 100.0, "unit": "%"}, "version": 13}
{"obj": {"type": "ClearFloatLog", "path": ["monitoring", "6f58730b", "cpu"]}, "version": 14}
{"obj": {"type": "ConfigFloatSeries", "path": ["monitoring", "6f58730b", "memory"], "min": 0.0, "max": 125.61768341064453, "unit": "GB"}, "version": 15}
{"obj": {"type": "ClearFloatLog", "path": ["monitoring", "6f58730b", "memory"]}, "version": 16}
{"obj": {"type": "ConfigFloatSeries", "path": ["monitoring", "6f58730b", "gpu_0"], "min": 0.0, "max": 100.0, "unit": "%"}, "version": 17}
{"obj": {"type": "ClearFloatLog", "path": ["monitoring", "6f58730b", "gpu_0"]}, "version": 18}
{"obj": {"type": "ConfigFloatSeries", "path": ["monitoring", "6f58730b", "gpu_1"], "min": 0.0, "max": 100.0, "unit": "%"}, "version": 19}
{"obj": {"type": "ClearFloatLog", "path": ["monitoring", "6f58730b", "gpu_1"]}, "version": 20}
{"obj": {"type": "ConfigFloatSeries", "path": ["monitoring", "6f58730b", "gpu_memory_0"], "min": 0.0, "max": 48.0, "unit": "GB"}, "version": 21}
{"obj": {"type": "ClearFloatLog", "path": ["monitoring", "6f58730b", "gpu_memory_0"]}, "version": 22}
{"obj": {"type": "ConfigFloatSeries", "path": ["monitoring", "6f58730b", "gpu_memory_1"], "min": 0.0, "max": 48.0, "unit": "GB"}, "version": 23}
{"obj": {"type": "ClearFloatLog", "path": ["monitoring", "6f58730b", "gpu_memory_1"]}, "version": 24}
{"obj": {"type": "LogFloats", "path": ["monitoring", "6f58730b", "cpu"], "values": [{"value": 1.7, "step": null, "ts": 1683778156.2814476}]}, "version": 25}
{"obj": {"type": "LogFloats", "path": ["monitoring", "6f58730b", "memory"], "values": [{"value": 11.928596496582031, "step": null, "ts": 1683778156.2814476}]}, "version": 26}
{"obj": {"type": "LogFloats", "path": ["monitoring", "6f58730b", "gpu_memory_0"], "values": [{"value": 0.54620361328125, "step": null, "ts": 1683778156.2814476}]}, "version": 27}
{"obj": {"type": "LogFloats", "path": ["monitoring", "6f58730b", "gpu_memory_1"], "values": [{"value": 0.86212158203125, "step": null, "ts": 1683778156.2814476}]}, "version": 28}
{"obj": {"type": "AssignString", "path": ["args", "mode"], "value": "pt"}, "version": 29}
{"obj": {"type": "AssignString", "path": ["args", "device"], "value": "gpu"}, "version": 30}
{"obj": {"type": "AssignBool", "path": ["args", "eval_only"], "value": false}, "version": 31}
{"obj": {"type": "AssignBool", "path": ["args", "predict_only"], "value": false}, "version": 32}
{"obj": {"type": "AssignInt", "path": ["args", "seed"], "value": 2137}, "version": 33}
{"obj": {"type": "AssignString", "path": ["args", "model", "checkpoint_path"], "value": ""}, "version": 34}
{"obj": {"type": "AssignFloat", "path": ["args", "model", "dropout"], "value": 0.0}, "version": 35}
{"obj": {"type": "AssignBool", "path": ["args", "model", "random_init"], "value": true}, "version": 36}
{"obj": {"type": "AssignBool", "path": ["args", "model", "compile"], "value": true}, "version": 37}
{"obj": {"type": "AssignInt", "path": ["args", "data", "input_length"], "value": 512}, "version": 38}
{"obj": {"type": "AssignFloat", "path": ["args", "data", "mlm_probability"], "value": 0.15}, "version": 39}
{"obj": {"type": "AssignFloat", "path": ["args", "data", "mean_noise_span_length"], "value": 3.0}, "version": 40}
{"obj": {"type": "AssignInt", "path": ["args", "data", "num_workers"], "value": 2}, "version": 41}
{"obj": {"type": "AssignInt", "path": ["args", "data", "before_mask_input_length"], "value": 568}, "version": 42}
{"obj": {"type": "AssignInt", "path": ["args", "data", "target_length"], "value": 114}, "version": 43}
{"obj": {"type": "AssignInt", "path": ["args", "data", "train_batches"], "value": 1}, "version": 44}
{"obj": {"type": "AssignInt", "path": ["args", "data", "test_batches"], "value": 1}, "version": 45}
{"obj": {"type": "AssignString", "path": ["args", "optim", "name"], "value": "adamwscale"}, "version": 46}
{"obj": {"type": "AssignFloat", "path": ["args", "optim", "base_lr"], "value": 0.02}, "version": 47}
{"obj": {"type": "AssignInt", "path": ["args", "optim", "batch_size"], "value": 144}, "version": 48}
{"obj": {"type": "AssignInt", "path": ["args", "optim", "total_steps"], "value": 1}, "version": 49}
{"obj": {"type": "AssignInt", "path": ["args", "optim", "epochs"], "value": -1}, "version": 50}
{"obj": {"type": "AssignInt", "path": ["args", "optim", "warmup_steps"], "value": 1}, "version": 51}
{"obj": {"type": "AssignString", "path": ["args", "optim", "lr_scheduler"], "value": "cosine"}, "version": 52}
{"obj": {"type": "AssignFloat", "path": ["args", "optim", "weight_decay"], "value": 0.0}, "version": 53}
{"obj": {"type": "AssignFloat", "path": ["args", "optim", "grad_clip"], "value": 1.0}, "version": 54}
{"obj": {"type": "AssignInt", "path": ["args", "optim", "grad_acc"], "value": 2}, "version": 55}
{"obj": {"type": "AssignFloat", "path": ["args", "optim", "final_cosine"], "value": 1e-05}, "version": 56}
{"obj": {"type": "AssignInt", "path": ["args", "eval", "every_steps"], "value": 300}, "version": 57}
{"obj": {"type": "AssignInt", "path": ["args", "eval", "steps"], "value": 5}, "version": 58}
{"obj": {"type": "AssignFloat", "path": ["args", "eval", "corrected_steps"], "value": 2.5}, "version": 59}
{"obj": {"type": "AssignInt", "path": ["args", "checkpoint", "every_steps"], "value": 3}, "version": 60}
{"obj": {"type": "AssignBool", "path": ["args", "logging", "neptune"], "value": true}, "version": 61}
{"obj": {"type": "AssignString", "path": ["args", "logging", "neptune_creds", "project"], "value": "kavisubramanyan2025/local-byt5-train"}, "version": 62}
{"obj": {"type": "AssignString", "path": ["args", "logging", "neptune_creds", "api_token"], "value": "eyJhcGlfYWRkcmVzcyI6Imh0dHBzOi8vYXBwLm5lcHR1bmUuYWkiLCJhcGlfdXJsIjoiaHR0cHM6Ly9hcHAubmVwdHVuZS5haSIsImFwaV9rZXkiOiJkNTEwZWMzNS0xNGVkLTRlMzctYmIwYS1kMDhjNjhlOWI1YTUifQ=="}, "version": 63}
{"obj": {"type": "AssignString", "path": ["args", "logging", "neptune_creds", "tags"], "value": "test_run"}, "version": 64}
{"obj": {"type": "AssignInt", "path": ["args", "logging", "every_steps"], "value": 100}, "version": 65}
{"obj": {"type": "AssignBool", "path": ["args", "logging", "grad_l2"], "value": true}, "version": 66}
{"obj": {"type": "AssignBool", "path": ["args", "logging", "weights_l2"], "value": true}, "version": 67}
{"obj": {"type": "AssignString", "path": ["args", "slurm_id"], "value": "none"}, "version": 68}
{"obj": {"type": "AssignString", "path": ["args", "working_dir"], "value": "/data/spencer/byt5/nanobyT5/logs/2023-05-10/23-09-14"}, "version": 69}
{"obj": {"type": "AssignString", "path": ["args", "neptune_id"], "value": "LOC-99"}, "version": 70}
{"obj": {"type": "LogStrings", "path": ["monitoring", "6f58730b", "stdout"], "values": [{"value": "<enumerate object at 0x7f60ae3a2380>", "step": null, "ts": 1683778158.033088}]}, "version": 71}
{"obj": {"type": "LogStrings", "path": ["monitoring", "6f58730b", "stdout"], "values": [{"value": "\n", "step": null, "ts": 1683778158.056798}]}, "version": 72}
{"obj": {"type": "LogFloats", "path": ["monitoring", "6f58730b", "cpu"], "values": [{"value": 7.7, "step": null, "ts": 1683778166.2889087}]}, "version": 73}
{"obj": {"type": "LogFloats", "path": ["monitoring", "6f58730b", "memory"], "values": [{"value": 19.595447540283203, "step": null, "ts": 1683778166.2889087}]}, "version": 74}
{"obj": {"type": "LogFloats", "path": ["monitoring", "6f58730b", "gpu_memory_0"], "values": [{"value": 1.42218017578125, "step": null, "ts": 1683778166.2889087}]}, "version": 75}
{"obj": {"type": "LogFloats", "path": ["monitoring", "6f58730b", "gpu_memory_1"], "values": [{"value": 0.86212158203125, "step": null, "ts": 1683778166.2889087}]}, "version": 76}
{"obj": {"type": "LogStrings", "path": ["monitoring", "6f58730b", "stdout"], "values": [{"value": "<enumerate object at 0x7f6099c58940>", "step": null, "ts": 1683778170.2553296}]}, "version": 77}
{"obj": {"type": "LogStrings", "path": ["monitoring", "6f58730b", "stdout"], "values": [{"value": "\n", "step": null, "ts": 1683778170.3455248}]}, "version": 78}
{"obj": {"type": "LogStrings", "path": ["monitoring", "6f58730b", "stdout"], "values": [{"value": "<enumerate object at 0x7f60ae3917c0>", "step": null, "ts": 1683778170.5251026}]}, "version": 79}
{"obj": {"type": "LogStrings", "path": ["monitoring", "6f58730b", "stdout"], "values": [{"value": "\n", "step": null, "ts": 1683778170.5261307}]}, "version": 80}
{"obj": {"type": "LogStrings", "path": ["monitoring", "6f58730b", "stdout"], "values": [{"value": "<enumerate object at 0x7f60ae3915c0>", "step": null, "ts": 1683778170.7849457}]}, "version": 81}
{"obj": {"type": "LogStrings", "path": ["monitoring", "6f58730b", "stdout"], "values": [{"value": "\n", "step": null, "ts": 1683778170.7860932}]}, "version": 82}
{"obj": {"type": "LogStrings", "path": ["monitoring", "6f58730b", "stdout"], "values": [{"value": "<enumerate object at 0x7f60ae391a40>", "step": null, "ts": 1683778171.0399659}]}, "version": 83}
{"obj": {"type": "LogStrings", "path": ["monitoring", "6f58730b", "stdout"], "values": [{"value": "\n", "step": null, "ts": 1683778171.0405662}]}, "version": 84}
{"obj": {"type": "LogStrings", "path": ["monitoring", "6f58730b", "stdout"], "values": [{"value": "<enumerate object at 0x7f60ae389a40>", "step": null, "ts": 1683778171.2977247}]}, "version": 85}
{"obj": {"type": "LogStrings", "path": ["monitoring", "6f58730b", "stdout"], "values": [{"value": "\n", "step": null, "ts": 1683778171.299017}]}, "version": 86}
{"obj": {"type": "LogStrings", "path": ["monitoring", "6f58730b", "stdout"], "values": [{"value": "<enumerate object at 0x7f6051e93180>", "step": null, "ts": 1683778171.5571792}]}, "version": 87}
{"obj": {"type": "LogStrings", "path": ["monitoring", "6f58730b", "stdout"], "values": [{"value": "\n", "step": null, "ts": 1683778171.5577254}]}, "version": 88}
{"obj": {"type": "LogStrings", "path": ["monitoring", "6f58730b", "stdout"], "values": [{"value": "<enumerate object at 0x7f6099dfdf40>", "step": null, "ts": 1683778171.8167949}]}, "version": 89}
{"obj": {"type": "LogStrings", "path": ["monitoring", "6f58730b", "stdout"], "values": [{"value": "\n", "step": null, "ts": 1683778171.897685}]}, "version": 90}
{"obj": {"type": "LogStrings", "path": ["monitoring", "6f58730b", "stdout"], "values": [{"value": "<enumerate object at 0x7f60ae389a40>", "step": null, "ts": 1683778172.0750976}]}, "version": 91}
{"obj": {"type": "LogStrings", "path": ["monitoring", "6f58730b", "stdout"], "values": [{"value": "\n", "step": null, "ts": 1683778172.076005}]}, "version": 92}
{"obj": {"type": "LogStrings", "path": ["monitoring", "6f58730b", "stdout"], "values": [{"value": "<enumerate object at 0x7f60ae391700>", "step": null, "ts": 1683778172.3327057}]}, "version": 93}
{"obj": {"type": "LogStrings", "path": ["monitoring", "6f58730b", "stdout"], "values": [{"value": "\n", "step": null, "ts": 1683778172.3336558}]}, "version": 94}
{"obj": {"type": "LogStrings", "path": ["monitoring", "6f58730b", "stdout"], "values": [{"value": "<enumerate object at 0x7f6098cdc980>", "step": null, "ts": 1683778172.5936954}]}, "version": 95}
{"obj": {"type": "LogStrings", "path": ["monitoring", "6f58730b", "stdout"], "values": [{"value": "\n", "step": null, "ts": 1683778172.5949478}]}, "version": 96}
{"obj": {"type": "LogStrings", "path": ["monitoring", "6f58730b", "stdout"], "values": [{"value": "<enumerate object at 0x7f6099e28880>", "step": null, "ts": 1683778172.8540263}]}, "version": 97}
{"obj": {"type": "LogStrings", "path": ["monitoring", "6f58730b", "stdout"], "values": [{"value": "\n", "step": null, "ts": 1683778172.8548548}]}, "version": 98}
{"obj": {"type": "LogStrings", "path": ["monitoring", "6f58730b", "stdout"], "values": [{"value": "<enumerate object at 0x7f6099e0e500>", "step": null, "ts": 1683778173.115448}]}, "version": 99}
{"obj": {"type": "LogStrings", "path": ["monitoring", "6f58730b", "stdout"], "values": [{"value": "\n", "step": null, "ts": 1683778173.1161127}]}, "version": 100}
{"obj": {"type": "LogStrings", "path": ["monitoring", "6f58730b", "stdout"], "values": [{"value": "<enumerate object at 0x7f6099e8fb80>", "step": null, "ts": 1683778173.3757153}]}, "version": 101}
{"obj": {"type": "LogStrings", "path": ["monitoring", "6f58730b", "stdout"], "values": [{"value": "\n", "step": null, "ts": 1683778173.3766327}]}, "version": 102}
{"obj": {"type": "LogStrings", "path": ["monitoring", "6f58730b", "stdout"], "values": [{"value": "<enumerate object at 0x7f60a7a59600>", "step": null, "ts": 1683778173.6351287}]}, "version": 103}
{"obj": {"type": "LogStrings", "path": ["monitoring", "6f58730b", "stdout"], "values": [{"value": "\n", "step": null, "ts": 1683778173.6359904}]}, "version": 104}
{"obj": {"type": "LogStrings", "path": ["monitoring", "6f58730b", "stdout"], "values": [{"value": "<enumerate object at 0x7f6099e49640>", "step": null, "ts": 1683778173.8933609}]}, "version": 105}
{"obj": {"type": "LogStrings", "path": ["monitoring", "6f58730b", "stdout"], "values": [{"value": "\n", "step": null, "ts": 1683778173.8940244}]}, "version": 106}
{"obj": {"type": "LogStrings", "path": ["monitoring", "6f58730b", "traceback"], "values": [{"value": "An uncaught exception occurred while run was active on worker seoul.", "step": null, "ts": 1683778173.9825354}, {"value": "Marking run as failed", "step": null, "ts": 1683778173.9825354}, {"value": "Traceback:", "step": null, "ts": 1683778173.9825354}, {"value": "  File \"/home/ssh6847/miniconda3/envs/byt5/lib/python3.8/runpy.py\", line 194, in _run_module_as_main\n    return _run_code(code, main_globals, None,\n", "step": null, "ts": 1683778173.9825354}, {"value": "  File \"/home/ssh6847/miniconda3/envs/byt5/lib/python3.8/runpy.py\", line 87, in _run_code\n    exec(code, run_globals)\n", "step": null, "ts": 1683778173.9825354}, {"value": "  File \"/data/spencer/byt5/nanobyT5/nanoT5/main.py\", line 75, in <module>\n    main()\n", "step": null, "ts": 1683778173.9825354}, {"value": "  File \"/home/ssh6847/miniconda3/envs/byt5/lib/python3.8/site-packages/hydra/main.py\", line 94, in decorated_main\n    _run_hydra(\n", "step": null, "ts": 1683778173.9825354}, {"value": "  File \"/home/ssh6847/miniconda3/envs/byt5/lib/python3.8/site-packages/hydra/_internal/utils.py\", line 394, in _run_hydra\n    _run_app(\n", "step": null, "ts": 1683778173.9825354}, {"value": "  File \"/home/ssh6847/miniconda3/envs/byt5/lib/python3.8/site-packages/hydra/_internal/utils.py\", line 457, in _run_app\n    run_and_report(\n", "step": null, "ts": 1683778173.9825354}, {"value": "  File \"/home/ssh6847/miniconda3/envs/byt5/lib/python3.8/site-packages/hydra/_internal/utils.py\", line 220, in run_and_report\n    return func()\n", "step": null, "ts": 1683778173.9825354}]}, "version": 107}
{"obj": {"type": "LogStrings", "path": ["monitoring", "6f58730b", "traceback"], "values": [{"value": "  File \"/home/ssh6847/miniconda3/envs/byt5/lib/python3.8/site-packages/hydra/_internal/utils.py\", line 458, in <lambda>\n    lambda: hydra.run(\n", "step": null, "ts": 1683778173.9825354}, {"value": "  File \"/home/ssh6847/miniconda3/envs/byt5/lib/python3.8/site-packages/hydra/_internal/hydra.py\", line 119, in run\n    ret = run_job(\n", "step": null, "ts": 1683778173.9825354}, {"value": "  File \"/home/ssh6847/miniconda3/envs/byt5/lib/python3.8/site-packages/hydra/core/utils.py\", line 186, in run_job\n    ret.return_value = task_function(task_cfg)\n", "step": null, "ts": 1683778173.9825354}, {"value": "  File \"/data/spencer/byt5/nanobyT5/nanoT5/main.py\", line 68, in main\n    train(model, train_dataloader, test_dataloader, accelerator,\n", "step": null, "ts": 1683778173.9825354}, {"value": "  File \"/data/spencer/byt5/nanobyT5/nanoT5/utils/train_utils.py\", line 202, in train\n    accelerator.backward(loss / args.optim.grad_acc)\n", "step": null, "ts": 1683778173.9825354}, {"value": "  File \"/home/ssh6847/miniconda3/envs/byt5/lib/python3.8/site-packages/accelerate/accelerator.py\", line 1745, in backward\n    loss.backward(**kwargs)\n", "step": null, "ts": 1683778173.9825354}, {"value": "  File \"/home/ssh6847/miniconda3/envs/byt5/lib/python3.8/site-packages/torch/_tensor.py\", line 488, in backward\n    torch.autograd.backward(\n", "step": null, "ts": 1683778173.9825354}, {"value": "  File \"/home/ssh6847/miniconda3/envs/byt5/lib/python3.8/site-packages/torch/autograd/__init__.py\", line 204, in backward\n    Variable._execution_engine.run_backward(  # Calls into the C++ engine to run the backward pass\n", "step": null, "ts": 1683778173.9825354}, {"value": "", "step": null, "ts": 1683778173.9825354}]}, "version": 108}
{"obj": {"type": "AssignBool", "path": ["sys", "failed"], "value": true}, "version": 109}
{"obj": {"type": "LogStrings", "path": ["monitoring", "6f58730b", "stderr"], "values": [{"value": "Traceback (most recent call last):\n", "step": null, "ts": 1683778173.9842231}]}, "version": 110}
{"obj": {"type": "LogStrings", "path": ["monitoring", "6f58730b", "stderr"], "values": [{"value": "  File \"/home/ssh6847/miniconda3/envs/byt5/lib/python3.8/runpy.py\", line 194, in _run_module_as_main\n", "step": null, "ts": 1683778173.9846456}]}, "version": 111}
{"obj": {"type": "LogStrings", "path": ["monitoring", "6f58730b", "stderr"], "values": [{"value": "    ", "step": null, "ts": 1683778173.9849427}]}, "version": 112}
{"obj": {"type": "LogStrings", "path": ["monitoring", "6f58730b", "stderr"], "values": [{"value": "return _run_code(code, main_globals, None,", "step": null, "ts": 1683778173.9852746}]}, "version": 113}
{"obj": {"type": "LogStrings", "path": ["monitoring", "6f58730b", "stderr"], "values": [{"value": "\n", "step": null, "ts": 1683778173.985601}]}, "version": 114}
{"obj": {"type": "LogStrings", "path": ["monitoring", "6f58730b", "stderr"], "values": [{"value": "  File \"/home/ssh6847/miniconda3/envs/byt5/lib/python3.8/runpy.py\", line 87, in _run_code\n", "step": null, "ts": 1683778173.9860072}]}, "version": 115}
{"obj": {"type": "LogStrings", "path": ["monitoring", "6f58730b", "stderr"], "values": [{"value": "    ", "step": null, "ts": 1683778173.9861734}]}, "version": 116}
{"obj": {"type": "LogStrings", "path": ["monitoring", "6f58730b", "stderr"], "values": [{"value": "exec(code, run_globals)", "step": null, "ts": 1683778173.9865482}]}, "version": 117}
{"obj": {"type": "LogStrings", "path": ["monitoring", "6f58730b", "stderr"], "values": [{"value": "\n", "step": null, "ts": 1683778173.9868128}]}, "version": 118}
{"obj": {"type": "LogStrings", "path": ["monitoring", "6f58730b", "stderr"], "values": [{"value": "  File \"/data/spencer/byt5/nanobyT5/nanoT5/main.py\", line 75, in <module>\n", "step": null, "ts": 1683778173.9870496}]}, "version": 119}
{"obj": {"type": "LogStrings", "path": ["monitoring", "6f58730b", "stderr"], "values": [{"value": "    ", "step": null, "ts": 1683778173.9873087}]}, "version": 120}
{"obj": {"type": "LogStrings", "path": ["monitoring", "6f58730b", "stderr"], "values": [{"value": "main()", "step": null, "ts": 1683778173.9876888}]}, "version": 121}
{"obj": {"type": "LogStrings", "path": ["monitoring", "6f58730b", "stderr"], "values": [{"value": "\n", "step": null, "ts": 1683778173.9879813}]}, "version": 122}
{"obj": {"type": "LogStrings", "path": ["monitoring", "6f58730b", "stderr"], "values": [{"value": "  File \"/home/ssh6847/miniconda3/envs/byt5/lib/python3.8/site-packages/hydra/main.py\", line 94, in decorated_main\n", "step": null, "ts": 1683778173.9881797}]}, "version": 123}
{"obj": {"type": "LogStrings", "path": ["monitoring", "6f58730b", "stderr"], "values": [{"value": "    ", "step": null, "ts": 1683778173.988491}]}, "version": 124}
{"obj": {"type": "LogStrings", "path": ["monitoring", "6f58730b", "stderr"], "values": [{"value": "_run_hydra(", "step": null, "ts": 1683778173.9888327}]}, "version": 125}
{"obj": {"type": "LogStrings", "path": ["monitoring", "6f58730b", "stderr"], "values": [{"value": "\n", "step": null, "ts": 1683778173.9892783}]}, "version": 126}
{"obj": {"type": "LogStrings", "path": ["monitoring", "6f58730b", "stderr"], "values": [{"value": "  File \"/home/ssh6847/miniconda3/envs/byt5/lib/python3.8/site-packages/hydra/_internal/utils.py\", line 394, in _run_hydra\n", "step": null, "ts": 1683778173.9894695}]}, "version": 127}
{"obj": {"type": "LogStrings", "path": ["monitoring", "6f58730b", "stderr"], "values": [{"value": "    ", "step": null, "ts": 1683778173.9897828}]}, "version": 128}
{"obj": {"type": "LogStrings", "path": ["monitoring", "6f58730b", "stderr"], "values": [{"value": "_run_app(", "step": null, "ts": 1683778173.9900846}]}, "version": 129}
{"obj": {"type": "LogStrings", "path": ["monitoring", "6f58730b", "stderr"], "values": [{"value": "\n", "step": null, "ts": 1683778173.9903655}]}, "version": 130}
{"obj": {"type": "LogStrings", "path": ["monitoring", "6f58730b", "stderr"], "values": [{"value": "  File \"/home/ssh6847/miniconda3/envs/byt5/lib/python3.8/site-packages/hydra/_internal/utils.py\", line 457, in _run_app\n", "step": null, "ts": 1683778173.990668}]}, "version": 131}
{"obj": {"type": "LogStrings", "path": ["monitoring", "6f58730b", "stderr"], "values": [{"value": "    ", "step": null, "ts": 1683778173.990846}]}, "version": 132}
{"obj": {"type": "LogStrings", "path": ["monitoring", "6f58730b", "stderr"], "values": [{"value": "run_and_report(", "step": null, "ts": 1683778173.9911017}]}, "version": 133}
{"obj": {"type": "LogStrings", "path": ["monitoring", "6f58730b", "stderr"], "values": [{"value": "\n", "step": null, "ts": 1683778173.991337}]}, "version": 134}
{"obj": {"type": "LogStrings", "path": ["monitoring", "6f58730b", "stderr"], "values": [{"value": "  File \"/home/ssh6847/miniconda3/envs/byt5/lib/python3.8/site-packages/hydra/_internal/utils.py\", line 220, in run_and_report\n", "step": null, "ts": 1683778173.9915383}]}, "version": 135}
{"obj": {"type": "LogStrings", "path": ["monitoring", "6f58730b", "stderr"], "values": [{"value": "    ", "step": null, "ts": 1683778173.9917674}]}, "version": 136}
{"obj": {"type": "LogStrings", "path": ["monitoring", "6f58730b", "stderr"], "values": [{"value": "return func()", "step": null, "ts": 1683778173.9920108}]}, "version": 137}
{"obj": {"type": "LogStrings", "path": ["monitoring", "6f58730b", "stderr"], "values": [{"value": "\n", "step": null, "ts": 1683778173.992205}]}, "version": 138}
{"obj": {"type": "LogStrings", "path": ["monitoring", "6f58730b", "stderr"], "values": [{"value": "  File \"/home/ssh6847/miniconda3/envs/byt5/lib/python3.8/site-packages/hydra/_internal/utils.py\", line 458, in <lambda>\n", "step": null, "ts": 1683778173.992459}]}, "version": 139}
{"obj": {"type": "LogStrings", "path": ["monitoring", "6f58730b", "stderr"], "values": [{"value": "    ", "step": null, "ts": 1683778173.9927876}]}, "version": 140}
{"obj": {"type": "LogStrings", "path": ["monitoring", "6f58730b", "stderr"], "values": [{"value": "lambda: hydra.run(", "step": null, "ts": 1683778173.9929757}]}, "version": 141}
{"obj": {"type": "LogStrings", "path": ["monitoring", "6f58730b", "stderr"], "values": [{"value": "\n", "step": null, "ts": 1683778173.9932024}]}, "version": 142}
{"obj": {"type": "LogStrings", "path": ["monitoring", "6f58730b", "stderr"], "values": [{"value": "  File \"/home/ssh6847/miniconda3/envs/byt5/lib/python3.8/site-packages/hydra/_internal/hydra.py\", line 119, in run\n", "step": null, "ts": 1683778173.9934812}]}, "version": 143}
{"obj": {"type": "LogStrings", "path": ["monitoring", "6f58730b", "stderr"], "values": [{"value": "    ", "step": null, "ts": 1683778173.9937546}]}, "version": 144}
{"obj": {"type": "LogStrings", "path": ["monitoring", "6f58730b", "stderr"], "values": [{"value": "ret = run_job(", "step": null, "ts": 1683778173.993964}]}, "version": 145}
{"obj": {"type": "LogStrings", "path": ["monitoring", "6f58730b", "stderr"], "values": [{"value": "\n", "step": null, "ts": 1683778173.9945037}]}, "version": 146}
{"obj": {"type": "LogStrings", "path": ["monitoring", "6f58730b", "stderr"], "values": [{"value": "  File \"/home/ssh6847/miniconda3/envs/byt5/lib/python3.8/site-packages/hydra/core/utils.py\", line 186, in run_job\n", "step": null, "ts": 1683778173.9946914}]}, "version": 147}
{"obj": {"type": "LogStrings", "path": ["monitoring", "6f58730b", "stderr"], "values": [{"value": "    ", "step": null, "ts": 1683778173.9948897}]}, "version": 148}
{"obj": {"type": "LogStrings", "path": ["monitoring", "6f58730b", "stderr"], "values": [{"value": "ret.return_value = task_function(task_cfg)", "step": null, "ts": 1683778173.9951777}]}, "version": 149}
{"obj": {"type": "LogStrings", "path": ["monitoring", "6f58730b", "stderr"], "values": [{"value": "\n", "step": null, "ts": 1683778173.9953847}]}, "version": 150}
{"obj": {"type": "LogStrings", "path": ["monitoring", "6f58730b", "stderr"], "values": [{"value": "  File \"/data/spencer/byt5/nanobyT5/nanoT5/main.py\", line 68, in main\n", "step": null, "ts": 1683778173.9977727}]}, "version": 151}
{"obj": {"type": "LogStrings", "path": ["monitoring", "6f58730b", "stderr"], "values": [{"value": "    ", "step": null, "ts": 1683778173.9979992}]}, "version": 152}
{"obj": {"type": "LogStrings", "path": ["monitoring", "6f58730b", "stderr"], "values": [{"value": "train(model, train_dataloader, test_dataloader, accelerator,", "step": null, "ts": 1683778173.9994068}]}, "version": 153}
{"obj": {"type": "LogStrings", "path": ["monitoring", "6f58730b", "stderr"], "values": [{"value": "\n", "step": null, "ts": 1683778173.9996624}]}, "version": 154}
{"obj": {"type": "LogStrings", "path": ["monitoring", "6f58730b", "stderr"], "values": [{"value": "  File \"/data/spencer/byt5/nanobyT5/nanoT5/utils/train_utils.py\", line 202, in train\n", "step": null, "ts": 1683778174.0006227}]}, "version": 155}
{"obj": {"type": "LogStrings", "path": ["monitoring", "6f58730b", "stderr"], "values": [{"value": "    ", "step": null, "ts": 1683778174.0008357}]}, "version": 156}
{"obj": {"type": "LogStrings", "path": ["monitoring", "6f58730b", "stderr"], "values": [{"value": "accelerator.backward(loss / args.optim.grad_acc)", "step": null, "ts": 1683778174.0022461}]}, "version": 157}
{"obj": {"type": "LogStrings", "path": ["monitoring", "6f58730b", "stderr"], "values": [{"value": "\n", "step": null, "ts": 1683778174.0026183}]}, "version": 158}
{"obj": {"type": "LogStrings", "path": ["monitoring", "6f58730b", "stderr"], "values": [{"value": "  File \"/home/ssh6847/miniconda3/envs/byt5/lib/python3.8/site-packages/accelerate/accelerator.py\", line 1745, in backward\n", "step": null, "ts": 1683778174.0028353}]}, "version": 159}
{"obj": {"type": "LogStrings", "path": ["monitoring", "6f58730b", "stderr"], "values": [{"value": "    ", "step": null, "ts": 1683778174.0031152}]}, "version": 160}
{"obj": {"type": "LogStrings", "path": ["monitoring", "6f58730b", "stderr"], "values": [{"value": "loss.backward(**kwargs)", "step": null, "ts": 1683778174.0033116}]}, "version": 161}
{"obj": {"type": "LogStrings", "path": ["monitoring", "6f58730b", "stderr"], "values": [{"value": "\n", "step": null, "ts": 1683778174.0035367}]}, "version": 162}
{"obj": {"type": "LogStrings", "path": ["monitoring", "6f58730b", "stderr"], "values": [{"value": "  File \"/home/ssh6847/miniconda3/envs/byt5/lib/python3.8/site-packages/torch/_tensor.py\", line 488, in backward\n", "step": null, "ts": 1683778174.0037782}]}, "version": 163}
{"obj": {"type": "LogStrings", "path": ["monitoring", "6f58730b", "stderr"], "values": [{"value": "    ", "step": null, "ts": 1683778174.0045846}]}, "version": 164}
{"obj": {"type": "LogStrings", "path": ["monitoring", "6f58730b", "stderr"], "values": [{"value": "torch.autograd.backward(", "step": null, "ts": 1683778174.0048525}]}, "version": 165}
{"obj": {"type": "LogStrings", "path": ["monitoring", "6f58730b", "stderr"], "values": [{"value": "\n", "step": null, "ts": 1683778174.0054755}]}, "version": 166}
{"obj": {"type": "LogStrings", "path": ["monitoring", "6f58730b", "stderr"], "values": [{"value": "  File \"/home/ssh6847/miniconda3/envs/byt5/lib/python3.8/site-packages/torch/autograd/__init__.py\", line 204, in backward\n", "step": null, "ts": 1683778174.0057201}]}, "version": 167}
{"obj": {"type": "LogStrings", "path": ["monitoring", "6f58730b", "stderr"], "values": [{"value": "    ", "step": null, "ts": 1683778174.0059435}]}, "version": 168}
{"obj": {"type": "LogStrings", "path": ["monitoring", "6f58730b", "stderr"], "values": [{"value": "Variable._execution_engine.run_backward(  # Calls into the C++ engine to run the backward pass", "step": null, "ts": 1683778174.0061789}]}, "version": 169}
{"obj": {"type": "LogStrings", "path": ["monitoring", "6f58730b", "stderr"], "values": [{"value": "\n", "step": null, "ts": 1683778174.0064838}]}, "version": 170}
{"obj": {"type": "LogStrings", "path": ["monitoring", "6f58730b", "stderr"], "values": [{"value": "KeyboardInterrupt", "step": null, "ts": 1683778174.0068288}]}, "version": 171}
{"obj": {"type": "LogStrings", "path": ["monitoring", "6f58730b", "stderr"], "values": [{"value": "", "step": null, "ts": 1683778174.007102}]}, "version": 172}
{"obj": {"type": "LogStrings", "path": ["monitoring", "6f58730b", "stderr"], "values": [{"value": "\n", "step": null, "ts": 1683778174.007364}]}, "version": 173}
{"obj": {"type": "LogStrings", "path": ["monitoring", "6f58730b", "stdout"], "values": [{"value": "Shutting down background jobs, please wait a moment...\n", "step": null, "ts": 1683778174.0164256}]}, "version": 174}
