{"obj": {"type": "AssignString", "path": ["sys", "name"], "value": "Untitled"}, "version": 1}
{"obj": {"type": "AssignString", "path": ["sys", "description"], "value": ""}, "version": 2}
{"obj": {"type": "AssignString", "path": ["monitoring", "4caeb95c", "hostname"], "value": "seoul"}, "version": 3}
{"obj": {"type": "AssignString", "path": ["sys", "hostname"], "value": "seoul"}, "version": 4}
{"obj": {"type": "AssignString", "path": ["monitoring", "4caeb95c", "pid"], "value": "72297"}, "version": 5}
{"obj": {"type": "AssignString", "path": ["monitoring", "4caeb95c", "tid"], "value": "139682443048768"}, "version": 6}
{"obj": {"type": "AddStrings", "path": ["sys", "tags"], "values": ["test_run"]}, "version": 7}
{"obj": {"type": "AssignBool", "path": ["sys", "failed"], "value": false}, "version": 8}
{"obj": {"type": "ClearStringLog", "path": ["monitoring", "4caeb95c", "stdout"]}, "version": 9}
{"obj": {"type": "ClearStringLog", "path": ["monitoring", "4caeb95c", "stderr"]}, "version": 10}
{"obj": {"type": "AssignString", "path": ["source_code", "entrypoint"], "value": "main.py"}, "version": 11}
{"obj": {"type": "UploadFileSet", "path": ["source_code", "files"], "file_globs": ["/data/spencer/byt5/nanobyT5/nanoT5/main.py"], "reset": "False"}, "version": 12}
{"obj": {"type": "ConfigFloatSeries", "path": ["monitoring", "4caeb95c", "cpu"], "min": 0.0, "max": 100.0, "unit": "%"}, "version": 13}
{"obj": {"type": "ClearFloatLog", "path": ["monitoring", "4caeb95c", "cpu"]}, "version": 14}
{"obj": {"type": "ConfigFloatSeries", "path": ["monitoring", "4caeb95c", "memory"], "min": 0.0, "max": 125.61768341064453, "unit": "GB"}, "version": 15}
{"obj": {"type": "ClearFloatLog", "path": ["monitoring", "4caeb95c", "memory"]}, "version": 16}
{"obj": {"type": "ConfigFloatSeries", "path": ["monitoring", "4caeb95c", "gpu_0"], "min": 0.0, "max": 100.0, "unit": "%"}, "version": 17}
{"obj": {"type": "ClearFloatLog", "path": ["monitoring", "4caeb95c", "gpu_0"]}, "version": 18}
{"obj": {"type": "ConfigFloatSeries", "path": ["monitoring", "4caeb95c", "gpu_1"], "min": 0.0, "max": 100.0, "unit": "%"}, "version": 19}
{"obj": {"type": "ClearFloatLog", "path": ["monitoring", "4caeb95c", "gpu_1"]}, "version": 20}
{"obj": {"type": "ConfigFloatSeries", "path": ["monitoring", "4caeb95c", "gpu_memory_0"], "min": 0.0, "max": 48.0, "unit": "GB"}, "version": 21}
{"obj": {"type": "ClearFloatLog", "path": ["monitoring", "4caeb95c", "gpu_memory_0"]}, "version": 22}
{"obj": {"type": "ConfigFloatSeries", "path": ["monitoring", "4caeb95c", "gpu_memory_1"], "min": 0.0, "max": 48.0, "unit": "GB"}, "version": 23}
{"obj": {"type": "ClearFloatLog", "path": ["monitoring", "4caeb95c", "gpu_memory_1"]}, "version": 24}
{"obj": {"type": "LogFloats", "path": ["monitoring", "4caeb95c", "cpu"], "values": [{"value": 1.5, "step": null, "ts": 1683777964.4780526}]}, "version": 25}
{"obj": {"type": "LogFloats", "path": ["monitoring", "4caeb95c", "memory"], "values": [{"value": 11.913806915283203, "step": null, "ts": 1683777964.4780526}]}, "version": 26}
{"obj": {"type": "LogFloats", "path": ["monitoring", "4caeb95c", "gpu_memory_0"], "values": [{"value": 0.54620361328125, "step": null, "ts": 1683777964.4780526}]}, "version": 27}
{"obj": {"type": "LogFloats", "path": ["monitoring", "4caeb95c", "gpu_memory_1"], "values": [{"value": 0.92901611328125, "step": null, "ts": 1683777964.4780526}]}, "version": 28}
{"obj": {"type": "AssignString", "path": ["args", "mode"], "value": "pt"}, "version": 29}
{"obj": {"type": "AssignString", "path": ["args", "device"], "value": "gpu"}, "version": 30}
{"obj": {"type": "AssignBool", "path": ["args", "eval_only"], "value": false}, "version": 31}
{"obj": {"type": "AssignBool", "path": ["args", "predict_only"], "value": false}, "version": 32}
{"obj": {"type": "AssignInt", "path": ["args", "seed"], "value": 2137}, "version": 33}
{"obj": {"type": "AssignString", "path": ["args", "model", "checkpoint_path"], "value": ""}, "version": 34}
{"obj": {"type": "AssignFloat", "path": ["args", "model", "dropout"], "value": 0.0}, "version": 35}
{"obj": {"type": "AssignBool", "path": ["args", "model", "random_init"], "value": true}, "version": 36}
{"obj": {"type": "AssignBool", "path": ["args", "model", "compile"], "value": true}, "version": 37}
{"obj": {"type": "AssignInt", "path": ["args", "data", "input_length"], "value": 512}, "version": 38}
{"obj": {"type": "AssignFloat", "path": ["args", "data", "mlm_probability"], "value": 0.15}, "version": 39}
{"obj": {"type": "AssignFloat", "path": ["args", "data", "mean_noise_span_length"], "value": 3.0}, "version": 40}
{"obj": {"type": "AssignInt", "path": ["args", "data", "num_workers"], "value": 2}, "version": 41}
{"obj": {"type": "AssignInt", "path": ["args", "data", "before_mask_input_length"], "value": 568}, "version": 42}
{"obj": {"type": "AssignInt", "path": ["args", "data", "target_length"], "value": 114}, "version": 43}
{"obj": {"type": "AssignInt", "path": ["args", "data", "train_batches"], "value": 1}, "version": 44}
{"obj": {"type": "AssignInt", "path": ["args", "data", "test_batches"], "value": 1}, "version": 45}
{"obj": {"type": "AssignString", "path": ["args", "optim", "name"], "value": "adamwscale"}, "version": 46}
{"obj": {"type": "AssignFloat", "path": ["args", "optim", "base_lr"], "value": 0.02}, "version": 47}
{"obj": {"type": "AssignInt", "path": ["args", "optim", "batch_size"], "value": 144}, "version": 48}
{"obj": {"type": "AssignInt", "path": ["args", "optim", "total_steps"], "value": 1}, "version": 49}
{"obj": {"type": "AssignInt", "path": ["args", "optim", "epochs"], "value": -1}, "version": 50}
{"obj": {"type": "AssignInt", "path": ["args", "optim", "warmup_steps"], "value": 1}, "version": 51}
{"obj": {"type": "AssignString", "path": ["args", "optim", "lr_scheduler"], "value": "cosine"}, "version": 52}
{"obj": {"type": "AssignFloat", "path": ["args", "optim", "weight_decay"], "value": 0.0}, "version": 53}
{"obj": {"type": "AssignFloat", "path": ["args", "optim", "grad_clip"], "value": 1.0}, "version": 54}
{"obj": {"type": "AssignInt", "path": ["args", "optim", "grad_acc"], "value": 2}, "version": 55}
{"obj": {"type": "AssignFloat", "path": ["args", "optim", "final_cosine"], "value": 1e-05}, "version": 56}
{"obj": {"type": "AssignInt", "path": ["args", "eval", "every_steps"], "value": 300}, "version": 57}
{"obj": {"type": "AssignInt", "path": ["args", "eval", "steps"], "value": 5}, "version": 58}
{"obj": {"type": "AssignFloat", "path": ["args", "eval", "corrected_steps"], "value": 2.5}, "version": 59}
{"obj": {"type": "AssignInt", "path": ["args", "checkpoint", "every_steps"], "value": 3}, "version": 60}
{"obj": {"type": "AssignBool", "path": ["args", "logging", "neptune"], "value": true}, "version": 61}
{"obj": {"type": "AssignString", "path": ["args", "logging", "neptune_creds", "project"], "value": "kavisubramanyan2025/local-byt5-train"}, "version": 62}
{"obj": {"type": "AssignString", "path": ["args", "logging", "neptune_creds", "api_token"], "value": "eyJhcGlfYWRkcmVzcyI6Imh0dHBzOi8vYXBwLm5lcHR1bmUuYWkiLCJhcGlfdXJsIjoiaHR0cHM6Ly9hcHAubmVwdHVuZS5haSIsImFwaV9rZXkiOiJkNTEwZWMzNS0xNGVkLTRlMzctYmIwYS1kMDhjNjhlOWI1YTUifQ=="}, "version": 63}
{"obj": {"type": "AssignString", "path": ["args", "logging", "neptune_creds", "tags"], "value": "test_run"}, "version": 64}
{"obj": {"type": "AssignInt", "path": ["args", "logging", "every_steps"], "value": 100}, "version": 65}
{"obj": {"type": "AssignBool", "path": ["args", "logging", "grad_l2"], "value": true}, "version": 66}
{"obj": {"type": "AssignBool", "path": ["args", "logging", "weights_l2"], "value": true}, "version": 67}
{"obj": {"type": "AssignString", "path": ["args", "slurm_id"], "value": "none"}, "version": 68}
{"obj": {"type": "AssignString", "path": ["args", "working_dir"], "value": "/data/spencer/byt5/nanobyT5/logs/2023-05-10/23-06-02"}, "version": 69}
{"obj": {"type": "AssignString", "path": ["args", "neptune_id"], "value": "LOC-95"}, "version": 70}
{"obj": {"type": "LogStrings", "path": ["monitoring", "4caeb95c", "stdout"], "values": [{"value": "{'input_ids': tensor([[ 56,  59,  60,  ...,  45, 356,   1],\n        [ 48,  55,  52,  ..., 129, 356,   1],\n        [ 48,  58,  58,  ...,  48, 356,   1],\n        ...,\n        [ 60,  51,  55,  ...,  45, 356,   1],\n        [ 48,  54,  58,  ...,  55, 356,   1],\n        [ 13,  48,  52,  ...,  54, 356,   1]], device='cuda:0'), 'labels': tensor([[383,  52, 382,  ..., 356, 123,   1],\n        [383,  55,  52,  ..., 356,  96,   1],\n        [383,  57, 382,  ..., 356,  60,   1],\n        ...,\n        [383,  64,  53,  ..., 356, 123,   1],\n        [383,  45, 382,  ...,  48,  52,   1],\n        [383, 129, 382,  ...,  55,  54,   1]], device='cuda:0')}", "step": null, "ts": 1683777966.2319252}]}, "version": 71}
{"obj": {"type": "LogStrings", "path": ["monitoring", "4caeb95c", "stdout"], "values": [{"value": "\n", "step": null, "ts": 1683777966.2624223}]}, "version": 72}
{"obj": {"type": "LogFloats", "path": ["monitoring", "4caeb95c", "cpu"], "values": [{"value": 7.2, "step": null, "ts": 1683777974.4856067}]}, "version": 73}
{"obj": {"type": "LogFloats", "path": ["monitoring", "4caeb95c", "memory"], "values": [{"value": 19.239337921142578, "step": null, "ts": 1683777974.4856067}]}, "version": 74}
{"obj": {"type": "LogFloats", "path": ["monitoring", "4caeb95c", "gpu_memory_0"], "values": [{"value": 1.42218017578125, "step": null, "ts": 1683777974.4856067}]}, "version": 75}
{"obj": {"type": "LogFloats", "path": ["monitoring", "4caeb95c", "gpu_memory_1"], "values": [{"value": 0.92901611328125, "step": null, "ts": 1683777974.4856067}]}, "version": 76}
{"obj": {"type": "LogStrings", "path": ["monitoring", "4caeb95c", "stdout"], "values": [{"value": "{'input_ids': tensor([[ 60,  51,  55,  ...,  48, 356,   1],\n        [ 46,  51,  64,  ...,  56, 356,   1],\n        [ 56,  59,  60,  ...,  57, 356,   1],\n        ...,\n        [ 56,  56,  51,  ...,  60, 356,   1],\n        [ 51,  45, 123,  ...,  51, 356,   1],\n        [ 13,  48, 383,  ...,  59, 356,   1]], device='cuda:0'), 'labels': tensor([[383,  13,  94,  ...,  45, 123,   1],\n        [383,  45, 123,  ...,  52,  59,   1],\n        [383,  57,  45,  ...,  45, 123,   1],\n        ...,\n        [383,  64, 382,  ..., 123,  46,   1],\n        [383,  52,  55,  ...,  55,  59,   1],\n        [383,  52, 382,  ...,  55,  54,   1]], device='cuda:0')}", "step": null, "ts": 1683777978.4994726}]}, "version": 77}
{"obj": {"type": "LogStrings", "path": ["monitoring", "4caeb95c", "stdout"], "values": [{"value": "\n", "step": null, "ts": 1683777978.5788407}]}, "version": 78}
{"obj": {"type": "LogStrings", "path": ["monitoring", "4caeb95c", "stdout"], "values": [{"value": "{'input_ids': tensor([[ 46,  53,  52,  ...,  51, 356,   1],\n        [ 48,  55,  52,  ...,  51, 356,   1],\n        [ 13,  48,  52,  ...,  55, 356,   1],\n        ...,\n        [ 60,  54,  60,  ...,  45, 356,   1],\n        [ 54,  51,  56,  ..., 123, 356,   1],\n        [ 45, 123,  46,  ...,  53, 356,   1]], device='cuda:0'), 'labels': tensor([[383, 123, 382,  ..., 356,  45,   1],\n        [383, 129,  96,  ..., 129,  96,   1],\n        [383,  13, 123,  ...,  55,  54,   1],\n        ...,\n        [383,  45, 123,  ...,  45, 123,   1],\n        [383,  13,  94,  ...,  48,  54,   1],\n        [383, 123,  48,  ..., 356,  59,   1]], device='cuda:0')}", "step": null, "ts": 1683777978.7605283}]}, "version": 79}
{"obj": {"type": "LogStrings", "path": ["monitoring", "4caeb95c", "stdout"], "values": [{"value": "\n", "step": null, "ts": 1683777978.7611492}]}, "version": 80}
{"obj": {"type": "LogStrings", "path": ["monitoring", "4caeb95c", "stdout"], "values": [{"value": "{'input_ids': tensor([[ 48,  54,  58,  ...,  48, 356,   1],\n        [ 51,  45, 123,  ...,  45, 356,   1],\n        [ 46,  51,  64,  ...,  60, 356,   1],\n        ...,\n        [ 46,  53,  52,  ...,  51, 356,   1],\n        [ 56,  45, 123,  ...,  43, 356,   1],\n        [ 54,  60,  55,  ...,  96, 356,   1]], device='cuda:0'), 'labels': tensor([[383,  48,  55,  ..., 356,  52,   1],\n        [383,  46,  55,  ...,  55,  59,   1],\n        [383,  46, 382,  ...,  52,  59,   1],\n        ...,\n        [383,  46,  53,  ..., 356,  45,   1],\n        [383,  94, 129,  ..., 356,  54,   1],\n        [383,  48, 382,  ..., 356,  13,   1]], device='cuda:0')}", "step": null, "ts": 1683777979.020743}]}, "version": 81}
{"obj": {"type": "LogStrings", "path": ["monitoring", "4caeb95c", "stdout"], "values": [{"value": "\n", "step": null, "ts": 1683777979.0213506}]}, "version": 82}
{"obj": {"type": "LogStrings", "path": ["monitoring", "4caeb95c", "stdout"], "values": [{"value": "{'input_ids': tensor([[ 13,  48,  52,  ...,  54, 356,   1],\n        [ 46,  51, 383,  ...,  13, 356,   1],\n        [ 48,  54,  58,  ...,  45, 356,   1],\n        ...,\n        [ 60,  45, 123,  ...,  51, 356,   1],\n        [123,  46,  53,  ...,  52, 356,   1],\n        [ 45, 383,  57,  ...,  54, 356,   1]], device='cuda:0'), 'labels': tensor([[383,  13, 382,  ...,  55,  54,   1],\n        [383,  64,  48,  ...,  52,  59,   1],\n        [383,  45, 382,  ...,  48,  52,   1],\n        ...,\n        [383,  48,  55,  ...,  64,  48,   1],\n        [383,  53,  45,  ...,  58,  51,   1],\n        [383, 123,  46,  ...,  53,  59,   1]], device='cuda:0')}", "step": null, "ts": 1683777979.283494}]}, "version": 83}
{"obj": {"type": "LogStrings", "path": ["monitoring", "4caeb95c", "stdout"], "values": [{"value": "\n", "step": null, "ts": 1683777979.2841034}]}, "version": 84}
{"obj": {"type": "LogStrings", "path": ["monitoring", "4caeb95c", "stdout"], "values": [{"value": "{'input_ids': tensor([[ 56,  45, 123,  ...,  43, 356,   1],\n        [ 48,  54,  58,  ..., 123, 356,   1],\n        [ 46,  51,  64,  ...,  94, 356,   1],\n        ...,\n        [ 46,  53,  52,  ...,  51, 356,   1],\n        [ 48,  55,  52,  ...,  53, 356,   1],\n        [ 60,  45, 123,  ..., 123, 356,   1]], device='cuda:0'), 'labels': tensor([[383,  52,  53,  ..., 356,  54,   1],\n        [383, 123,  46,  ...,  48,  52,   1],\n        [383,  96,  13,  ...,  52,  59,   1],\n        ...,\n        [383,  53,  52,  ..., 356,  45,   1],\n        [383,  48, 382,  ..., 129,  96,   1],\n        [383,  94, 129,  ...,  64,  48,   1]], device='cuda:0')}", "step": null, "ts": 1683777979.5444613}]}, "version": 85}
{"obj": {"type": "LogStrings", "path": ["monitoring", "4caeb95c", "stdout"], "values": [{"value": "\n", "step": null, "ts": 1683777979.5450485}]}, "version": 86}
{"obj": {"type": "LogStrings", "path": ["monitoring", "4caeb95c", "stdout"], "values": [{"value": "{'input_ids': tensor([[ 46, 383,  13,  ...,  51, 356,   1],\n        [ 60,  45, 123,  ...,  51, 356,   1],\n        [ 60,  54,  60,  ...,  57, 356,   1],\n        ...,\n        [ 45, 123,  46,  ...,  53, 356,   1],\n        [ 46,  51,  64,  ...,  56, 356,   1],\n        [123,  46,  53,  ..., 123, 356,   1]], device='cuda:0'), 'labels': tensor([[383,  53,  52,  ..., 356,  45,   1],\n        [383,  57,  13,  ...,  64,  48,   1],\n        [383,  52,  60,  ...,  45, 123,   1],\n        ...,\n        [383,  96,  13,  ..., 356,  59,   1],\n        [383,  49, 382,  ...,  52,  59,   1],\n        [383,  52, 382,  ...,  58,  51,   1]], device='cuda:0')}", "step": null, "ts": 1683777979.8061867}]}, "version": 87}
{"obj": {"type": "LogStrings", "path": ["monitoring", "4caeb95c", "stdout"], "values": [{"value": "\n", "step": null, "ts": 1683777979.8071609}]}, "version": 88}
{"obj": {"type": "LogStrings", "path": ["monitoring", "4caeb95c", "stdout"], "values": [{"value": "{'input_ids': tensor([[123,  46,  53,  ...,  45, 356,   1],\n        [ 51,  45, 123,  ...,  55, 356,   1],\n        [ 56,  45, 123,  ...,  64, 356,   1],\n        ...,\n        [ 55,  58,  54,  ...,  54, 356,   1],\n        [ 56,  59,  60,  ...,  45, 356,   1],\n        [ 46,  51,  64,  ...,  52, 356,   1]], device='cuda:0'), 'labels': tensor([[383,  60,  52,  ...,  58,  51,   1],\n        [383,  57,  54,  ..., 356,  59,   1],\n        [383,  54,  60,  ...,  43,  54,   1],\n        ...,\n        [383,  94, 129,  ...,  53,  64,   1],\n        [383, 123, 382,  ..., 356, 123,   1],\n        [383,  96, 382,  ..., 356,  59,   1]], device='cuda:0')}", "step": null, "ts": 1683777980.0691912}]}, "version": 89}
{"obj": {"type": "LogStrings", "path": ["monitoring", "4caeb95c", "stdout"], "values": [{"value": "\n", "step": null, "ts": 1683777980.1495101}]}, "version": 90}
{"obj": {"type": "LogStrings", "path": ["monitoring", "4caeb95c", "stdout"], "values": [{"value": "{'input_ids': tensor([[ 51,  45, 123,  ...,  53, 356,   1],\n        [ 60,  51,  55,  ...,  54, 356,   1],\n        [ 54,  51,  56,  ...,  45, 356,   1],\n        ...,\n        [ 46,  51,  64,  ...,  13, 356,   1],\n        [ 54, 383,  57,  ...,  13, 356,   1],\n        [123,  48,  53,  ...,  45, 356,   1]], device='cuda:0'), 'labels': tensor([[383,  46,  53,  ...,  55,  59,   1],\n        [383, 123,  64,  ...,  45, 123,   1],\n        [383,  13,  94,  ...,  48,  54,   1],\n        ...,\n        [383,  52, 382,  ...,  52,  59,   1],\n        [383,  60,  55,  ...,  96,  13,   1],\n        [383,  55,  45,  ..., 356, 123,   1]], device='cuda:0')}", "step": null, "ts": 1683777980.3314004}]}, "version": 91}
{"obj": {"type": "LogStrings", "path": ["monitoring", "4caeb95c", "stdout"], "values": [{"value": "\n", "step": null, "ts": 1683777980.4115672}]}, "version": 92}
{"obj": {"type": "LogStrings", "path": ["monitoring", "4caeb95c", "stdout"], "values": [{"value": "{'input_ids': tensor([[ 48,  55,  52,  ...,  13, 356,   1],\n        [ 13,  48,  52,  ..., 123, 356,   1],\n        [ 48,  58,  58,  ...,  96, 356,   1],\n        ...,\n        [ 60,  54,  60,  ...,  57, 356,   1],\n        [ 60,  51, 383,  ...,  45, 356,   1],\n        [123,  48, 383,  ...,  45, 356,   1]], device='cuda:0'), 'labels': tensor([[383,  52,  58,  ..., 129,  96,   1],\n        [383, 123, 382,  ...,  55,  54,   1],\n        [383,  96,  13,  ...,  48,  60,   1],\n        ...,\n        [383, 129,  96,  ...,  45, 123,   1],\n        [383,  55,  45,  ..., 356, 123,   1],\n        [383,  53,  52,  ..., 356, 123,   1]], device='cuda:0')}", "step": null, "ts": 1683777980.5963964}]}, "version": 93}
{"obj": {"type": "LogStrings", "path": ["monitoring", "4caeb95c", "stdout"], "values": [{"value": "\n", "step": null, "ts": 1683777980.5971365}]}, "version": 94}
{"obj": {"type": "LogStrings", "path": ["monitoring", "4caeb95c", "stdout"], "values": [{"value": "{'input_ids': tensor([[ 51,  45, 123,  ...,  51, 356,   1],\n        [ 45, 123,  46,  ...,  51, 356,   1],\n        [ 48,  58,  58,  ...,  48, 356,   1],\n        ...,\n        [123,  48,  53,  ...,  58, 356,   1],\n        [123,  46,  53,  ...,  58, 356,   1],\n        [ 45, 123,  46,  ...,  45, 356,   1]], device='cuda:0'), 'labels': tensor([[383,  51,  45,  ...,  55,  59,   1],\n        [383, 129, 382,  ...,  58,  45,   1],\n        [383,  53,  56,  ..., 356,  60,   1],\n        ...,\n        [383,  45, 123,  ...,  45, 123,   1],\n        [383,  52,  58,  ..., 356,  51,   1],\n        [383,  52,  52,  ...,  53,  59,   1]], device='cuda:0')}", "step": null, "ts": 1683777980.857035}]}, "version": 95}
{"obj": {"type": "LogStrings", "path": ["monitoring", "4caeb95c", "stdout"], "values": [{"value": "\n", "step": null, "ts": 1683777980.8576567}]}, "version": 96}
{"obj": {"type": "LogStrings", "path": ["monitoring", "4caeb95c", "stdout"], "values": [{"value": "{'input_ids': tensor([[ 60,  54, 383,  ...,  48, 356,   1],\n        [ 48,  58,  58,  ...,  96, 356,   1],\n        [ 56,  56,  51,  ...,  45, 356,   1],\n        ...,\n        [ 46,  51,  64,  ...,  56, 356,   1],\n        [ 45, 123,  46,  ...,  54, 356,   1],\n        [ 56,  59,  60,  ...,  45, 356,   1]], device='cuda:0'), 'labels': tensor([[383,  60,  45,  ...,  45, 123,   1],\n        [383, 123,  48,  ...,  48,  60,   1],\n        [383,  51,  13,  ..., 123,  46,   1],\n        ...,\n        [383, 129,  96,  ...,  52,  59,   1],\n        [383,  60,  52,  ...,  58,  45,   1],\n        [383, 123,  48,  ..., 356, 123,   1]], device='cuda:0')}", "step": null, "ts": 1683777981.1174862}]}, "version": 97}
{"obj": {"type": "LogStrings", "path": ["monitoring", "4caeb95c", "stdout"], "values": [{"value": "\n", "step": null, "ts": 1683777981.1184154}]}, "version": 98}
{"obj": {"type": "LogStrings", "path": ["monitoring", "4caeb95c", "stdout"], "values": [{"value": "{'input_ids': tensor([[ 55,  58,  54,  ...,  45, 356,   1],\n        [ 48,  58,  58,  ...,  48, 356,   1],\n        [ 60,  45, 383,  ...,  51, 356,   1],\n        ...,\n        [ 54,  51,  56,  ...,  59, 356,   1],\n        [ 46,  53,  52,  ...,  53, 356,   1],\n        [ 45, 123,  46,  ...,  53, 356,   1]], device='cuda:0'), 'labels': tensor([[383,  51, 382,  ...,  53,  64,   1],\n        [383,  48,  60,  ..., 356,  60,   1],\n        [383, 123,  48,  ...,  64,  48,   1],\n        ...,\n        [383,  56, 382,  ...,  48,  54,   1],\n        [383,  94, 129,  ...,  51,  45,   1],\n        [383,  56,  13,  ..., 356,  59,   1]], device='cuda:0')}", "step": null, "ts": 1683777981.3796449}]}, "version": 99}
{"obj": {"type": "LogStrings", "path": ["monitoring", "4caeb95c", "stdout"], "values": [{"value": "\n", "step": null, "ts": 1683777981.3801928}]}, "version": 100}
{"obj": {"type": "LogStrings", "path": ["monitoring", "4caeb95c", "stdout"], "values": [{"value": "{'input_ids': tensor([[123,  46,  53,  ...,  46, 356,   1],\n        [ 54,  51,  56,  ..., 123, 356,   1],\n        [ 45, 123,  46,  ...,  55, 356,   1],\n        ...,\n        [ 56,  45, 123,  ...,  64, 356,   1],\n        [ 55,  58, 383,  ...,  60, 356,   1],\n        [ 48,  54,  58,  ...,  57, 356,   1]], device='cuda:0'), 'labels': tensor([[383, 123,  48,  ...,  58,  51,   1],\n        [383, 123,  64,  ...,  48,  54,   1],\n        [383,  55,  55,  ...,  58,  45,   1],\n        ...,\n        [383, 129,  96,  ...,  43,  54,   1],\n        [383,  54,  50,  ...,  53,  64,   1],\n        [383, 123,  48,  ...,  48,  52,   1]], device='cuda:0')}", "step": null, "ts": 1683777981.6412432}]}, "version": 101}
{"obj": {"type": "LogStrings", "path": ["monitoring", "4caeb95c", "stdout"], "values": [{"value": "\n", "step": null, "ts": 1683777981.6417468}]}, "version": 102}
{"obj": {"type": "LogStrings", "path": ["monitoring", "4caeb95c", "stdout"], "values": [{"value": "{'input_ids': tensor([[ 56,  45, 123,  ..., 129, 356,   1],\n        [ 46,  53,  52,  ...,  51, 356,   1],\n        [ 48,  58,  58,  ...,  48, 356,   1],\n        ...,\n        [ 13,  48,  52,  ..., 123, 356,   1],\n        [ 46,  51,  64,  ...,  55, 356,   1],\n        [ 45, 123,  46,  ...,  51, 356,   1]], device='cuda:0'), 'labels': tensor([[383,  96, 382,  ...,  43,  54,   1],\n        [383,  46,  53,  ..., 356,  45,   1],\n        [383,  45, 123,  ..., 356,  60,   1],\n        ...,\n        [383,  13, 382,  ...,  55,  54,   1],\n        [383,  52, 382,  ...,  52,  59,   1],\n        [383,  55,  13,  ...,  58,  45,   1]], device='cuda:0')}", "step": null, "ts": 1683777981.9045532}]}, "version": 103}
{"obj": {"type": "LogStrings", "path": ["monitoring", "4caeb95c", "stdout"], "values": [{"value": "\n", "step": null, "ts": 1683777981.9849057}]}, "version": 104}
{"obj": {"type": "LogStrings", "path": ["monitoring", "4caeb95c", "stdout"], "values": [{"value": "{'input_ids': tensor([[123,  46,  53,  ...,  46, 356,   1],\n        [ 45, 123,  46,  ...,  58, 356,   1],\n        [ 60,  54,  60,  ...,  53, 356,   1],\n        ...,\n        [ 60,  45, 123,  ...,  46, 356,   1],\n        [ 54,  51,  56,  ...,  59, 356,   1],\n        [ 55,  58, 383,  ...,  53, 356,   1]], device='cuda:0'), 'labels': tensor([[383,  55, 382,  ...,  58,  51,   1],\n        [383,  55,  55,  ..., 356,  45,   1],\n        [383,  45, 382,  ...,  45, 123,   1],\n        ...,\n        [383,  48,  55,  ...,  64,  48,   1],\n        [383,  53,  64,  ...,  48,  54,   1],\n        [383,  54,  50,  ..., 356,  64,   1]], device='cuda:0')}", "step": null, "ts": 1683777982.1663878}]}, "version": 105}
{"obj": {"type": "LogStrings", "path": ["monitoring", "4caeb95c", "stdout"], "values": [{"value": "\n", "step": null, "ts": 1683777982.167514}]}, "version": 106}
{"obj": {"type": "LogStrings", "path": ["monitoring", "4caeb95c", "stdout"], "values": [{"value": "{'input_ids': tensor([[ 45, 123,  46,  ...,  51, 356,   1],\n        [ 54,  51,  56,  ...,  48, 356,   1],\n        [ 46,  53,  52,  ...,  55, 356,   1],\n        ...,\n        [ 13,  48,  52,  ...,  55, 356,   1],\n        [ 60,  51,  55,  ...,  54, 356,   1],\n        [ 45, 123,  46,  ...,  53, 356,   1]], device='cuda:0'), 'labels': tensor([[383,  48,  54,  ...,  58,  45,   1],\n        [383,  56,  57,  ..., 356,  54,   1],\n        [383,  64,  51,  ...,  51,  45,   1],\n        ...,\n        [383,  96, 382,  ...,  55,  54,   1],\n        [383,  53, 382,  ...,  45, 123,   1],\n        [383,  60, 382,  ..., 356,  59,   1]], device='cuda:0')}", "step": null, "ts": 1683777982.4279497}]}, "version": 107}
{"obj": {"type": "LogStrings", "path": ["monitoring", "4caeb95c", "stdout"], "values": [{"value": "\n", "step": null, "ts": 1683777982.428545}]}, "version": 108}
{"obj": {"type": "LogStrings", "path": ["monitoring", "4caeb95c", "stdout"], "values": [{"value": "{'input_ids': tensor([[ 60,  51,  55,  ...,  57, 356,   1],\n        [ 48,  58,  58,  ...,  57, 356,   1],\n        [ 45, 123,  46,  ...,  53, 356,   1],\n        ...,\n        [ 56,  59,  60,  ...,  57, 356,   1],\n        [123,  48,  53,  ...,  57, 356,   1],\n        [ 51,  45, 123,  ...,  55, 356,   1]], device='cuda:0'), 'labels': tensor([[383,  96,  13,  ...,  45, 123,   1],\n        [383,  58, 382,  ...,  48,  60,   1],\n        [383,  52,  64,  ..., 356,  59,   1],\n        ...,\n        [383,  58, 382,  ...,  45, 123,   1],\n        [383,  45, 123,  ...,  45, 123,   1],\n        [383,  51, 382,  ..., 356,  59,   1]], device='cuda:0')}", "step": null, "ts": 1683777982.6906285}]}, "version": 109}
{"obj": {"type": "LogStrings", "path": ["monitoring", "4caeb95c", "stdout"], "values": [{"value": "\n", "step": null, "ts": 1683777982.771345}]}, "version": 110}
{"obj": {"type": "LogStrings", "path": ["monitoring", "4caeb95c", "stdout"], "values": [{"value": "{'input_ids': tensor([[ 54,  60,  55,  ...,  56, 356,   1],\n        [ 60,  45, 123,  ...,  46, 356,   1],\n        [ 46,  53,  52,  ...,  57, 356,   1],\n        ...,\n        [ 48,  55,  52,  ...,  13, 356,   1],\n        [ 60,  51,  55,  ...,  57, 356,   1],\n        [ 54,  51,  56,  ...,  48, 356,   1]], device='cuda:0'), 'labels': tensor([[383,  53, 382,  ...,  96,  13,   1],\n        [383,  46,  52,  ...,  64,  48,   1],\n        [383,  51,  13,  ...,  51,  45,   1],\n        ...,\n        [383,  13, 382,  ..., 129,  96,   1],\n        [383,  57, 382,  ...,  45, 123,   1],\n        [383, 129,  96,  ..., 356,  54,   1]], device='cuda:0')}", "step": null, "ts": 1683777982.9529173}]}, "version": 111}
{"obj": {"type": "LogStrings", "path": ["monitoring", "4caeb95c", "stdout"], "values": [{"value": "\n", "step": null, "ts": 1683777982.9536128}]}, "version": 112}
{"obj": {"type": "LogStrings", "path": ["monitoring", "4caeb95c", "stdout"], "values": [{"value": "{'input_ids': tensor([[ 13,  48,  52,  ...,  54, 356,   1],\n        [ 56,  45, 123,  ..., 123, 356,   1],\n        [ 56,  56,  51,  ...,  60, 356,   1],\n        ...,\n        [ 60,  51,  55,  ...,  54, 356,   1],\n        [ 48,  54,  58,  ...,  54, 356,   1],\n        [123,  48,  53,  ...,  45, 356,   1]], device='cuda:0'), 'labels': tensor([[383,  56, 382,  ...,  55,  54,   1],\n        [383,  54, 382,  ...,  43,  54,   1],\n        [383,  51,  13,  ..., 123,  46,   1],\n        ...,\n        [383,  55,  57,  ...,  45, 123,   1],\n        [383, 123,  46,  ...,  48,  52,   1],\n        [383, 123,  48,  ..., 356, 123,   1]], device='cuda:0')}", "step": null, "ts": 1683777983.2155888}]}, "version": 113}
{"obj": {"type": "LogStrings", "path": ["monitoring", "4caeb95c", "stdout"], "values": [{"value": "\n", "step": null, "ts": 1683777983.2163324}]}, "version": 114}
{"obj": {"type": "LogStrings", "path": ["monitoring", "4caeb95c", "stdout"], "values": [{"value": "{'input_ids': tensor([[ 54,  51,  56,  ...,  45, 356,   1],\n        [ 48,  55, 383,  ..., 129, 356,   1],\n        [123,  48,  53,  ...,  64, 356,   1],\n        ...,\n        [123,  46,  53,  ...,  45, 356,   1],\n        [ 56,  56,  51,  ...,  45, 356,   1],\n        [ 56,  59,  60,  ...,  57, 356,   1]], device='cuda:0'), 'labels': tensor([[383,  57,  13,  ...,  48,  54,   1],\n        [383,  52,  58,  ..., 356,  96,   1],\n        [383,  52,  54,  ...,  45, 123,   1],\n        ...,\n        [383,  54,  56,  ...,  58,  51,   1],\n        [383, 129,  96,  ..., 123,  46,   1],\n        [383,  45, 123,  ...,  45, 123,   1]], device='cuda:0')}", "step": null, "ts": 1683777983.476421}]}, "version": 115}
{"obj": {"type": "LogStrings", "path": ["monitoring", "4caeb95c", "stdout"], "values": [{"value": "\n", "step": null, "ts": 1683777983.4770732}]}, "version": 116}
{"obj": {"type": "LogStrings", "path": ["monitoring", "4caeb95c", "stdout"], "values": [{"value": "{'input_ids': tensor([[ 56,  45, 123,  ...,  13, 356,   1],\n        [ 45, 123,  46,  ...,  48, 356,   1],\n        [ 46,  51,  64,  ...,  56, 356,   1],\n        ...,\n        [ 51,  45, 123,  ...,  51, 356,   1],\n        [ 48,  58,  58,  ..., 129, 356,   1],\n        [ 54,  60,  55,  ...,  54, 356,   1]], device='cuda:0'), 'labels': tensor([[383,  54, 382,  ...,  43,  54,   1],\n        [383, 123, 382,  ...,  53,  59,   1],\n        [383,  60,  60,  ...,  52,  59,   1],\n        ...,\n        [383,  54,  55,  ...,  55,  59,   1],\n        [383,  58,  59,  ...,  48,  60,   1],\n        [383,  52, 382,  ...,  96,  13,   1]], device='cuda:0')}", "step": null, "ts": 1683777983.7355742}]}, "version": 117}
{"obj": {"type": "LogStrings", "path": ["monitoring", "4caeb95c", "stdout"], "values": [{"value": "\n", "step": null, "ts": 1683777983.8156264}]}, "version": 118}
{"obj": {"type": "LogStrings", "path": ["monitoring", "4caeb95c", "stdout"], "values": [{"value": "{'input_ids': tensor([[123,  46, 383,  ...,  46, 356,   1],\n        [ 56,  59,  60,  ...,  53, 356,   1],\n        [ 56,  45, 123,  ..., 129, 356,   1],\n        ...,\n        [ 51,  45, 123,  ...,  55, 356,   1],\n        [ 60,  54,  60,  ...,  45, 356,   1],\n        [ 48,  54,  58,  ..., 123, 356,   1]], device='cuda:0'), 'labels': tensor([[383,  53,  56,  ...,  58,  51,   1],\n        [383,  94, 129,  ...,  45, 123,   1],\n        [383,  94, 129,  ...,  43,  54,   1],\n        ...,\n        [383,  55,  13,  ..., 356,  59,   1],\n        [383,  52, 382,  ..., 356, 123,   1],\n        [383,  45, 123,  ...,  48,  52,   1]], device='cuda:0')}", "step": null, "ts": 1683777983.9987454}]}, "version": 119}
{"obj": {"type": "LogStrings", "path": ["monitoring", "4caeb95c", "stdout"], "values": [{"value": "\n", "step": null, "ts": 1683777983.9995275}]}, "version": 120}
{"obj": {"type": "LogStrings", "path": ["monitoring", "4caeb95c", "stdout"], "values": [{"value": "{'input_ids': tensor([[ 13,  48, 383,  ...,  45, 356,   1],\n        [ 60,  45, 123,  ...,  51, 356,   1],\n        [ 45, 123,  46,  ...,  58, 356,   1],\n        ...,\n        [ 48,  55,  52,  ..., 129, 356,   1],\n        [ 48,  58,  58,  ..., 129, 356,   1],\n        [ 60,  51,  55,  ...,  48, 356,   1]], device='cuda:0'), 'labels': tensor([[383,  52,  55,  ...,  55,  54,   1],\n        [383,  56,  59,  ...,  64,  48,   1],\n        [383,  56,  55,  ..., 356,  45,   1],\n        ...,\n        [383,  48,  53,  ..., 356,  96,   1],\n        [383,  48,  60,  ...,  48,  60,   1],\n        [383,  55,  57,  ...,  45, 123,   1]], device='cuda:0')}", "step": null, "ts": 1683777984.260106}]}, "version": 121}
{"obj": {"type": "LogStrings", "path": ["monitoring", "4caeb95c", "stdout"], "values": [{"value": "\n", "step": null, "ts": 1683777984.2608235}]}, "version": 122}
{"obj": {"type": "LogStrings", "path": ["monitoring", "4caeb95c", "stdout"], "values": [{"value": "{'input_ids': tensor([[ 45, 123,  46,  ...,  58, 356,   1],\n        [123,  48,  53,  ..., 123, 356,   1],\n        [ 56,  56,  51,  ..., 123, 356,   1],\n        ...,\n        [ 56,  45, 123,  ...,  43, 356,   1],\n        [ 45, 123,  46,  ...,  54, 356,   1],\n        [ 46,  53,  52,  ...,  57, 356,   1]], device='cuda:0'), 'labels': tensor([[383, 129,  96,  ..., 356,  45,   1],\n        [383,  45, 123,  ...,  45, 123,   1],\n        [383, 129,  96,  ..., 356,  46,   1],\n        ...,\n        [383,  13,  54,  ..., 356,  54,   1],\n        [383,  53, 382,  ...,  53,  59,   1],\n        [383,  53, 382,  ...,  51,  45,   1]], device='cuda:0')}", "step": null, "ts": 1683777984.5229216}]}, "version": 123}
{"obj": {"type": "LogStrings", "path": ["monitoring", "4caeb95c", "stdout"], "values": [{"value": "\n", "step": null, "ts": 1683777984.6031823}]}, "version": 124}
{"obj": {"type": "LogFloats", "path": ["monitoring", "4caeb95c", "cpu"], "values": [{"value": 8.5, "step": null, "ts": 1683777984.603285}]}, "version": 125}
{"obj": {"type": "LogFloats", "path": ["monitoring", "4caeb95c", "memory"], "values": [{"value": 14.39749526977539, "step": null, "ts": 1683777984.603285}]}, "version": 126}
{"obj": {"type": "LogFloats", "path": ["monitoring", "4caeb95c", "gpu_0"], "values": [{"value": 80.0, "step": null, "ts": 1683777984.603285}]}, "version": 127}
{"obj": {"type": "LogFloats", "path": ["monitoring", "4caeb95c", "gpu_memory_0"], "values": [{"value": 7.67999267578125, "step": null, "ts": 1683777984.603285}]}, "version": 128}
{"obj": {"type": "LogFloats", "path": ["monitoring", "4caeb95c", "gpu_memory_1"], "values": [{"value": 0.92901611328125, "step": null, "ts": 1683777984.603285}]}, "version": 129}
{"obj": {"type": "LogStrings", "path": ["monitoring", "4caeb95c", "stdout"], "values": [{"value": "{'input_ids': tensor([[ 60,  51,  55,  ...,  96, 356,   1],\n        [ 48,  54,  58,  ...,  60, 356,   1],\n        [123,  46,  53,  ...,  59, 356,   1],\n        ...,\n        [123,  48,  53,  ...,  45, 356,   1],\n        [ 56, 383,  46,  ..., 123, 356,   1],\n        [ 56,  56,  51,  ..., 123, 356,   1]], device='cuda:0'), 'labels': tensor([[383,  55,  57,  ...,  45, 123,   1],\n        [383,  54,  51,  ...,  48,  52,   1],\n        [383,  54,  60,  ...,  58,  51,   1],\n        ...,\n        [383,  46, 382,  ..., 356, 123,   1],\n        [383,  45, 123,  ...,  43,  54,   1],\n        [383,  64,  51,  ..., 356,  46,   1]], device='cuda:0')}", "step": null, "ts": 1683777984.7834682}]}, "version": 130}
{"obj": {"type": "LogStrings", "path": ["monitoring", "4caeb95c", "stdout"], "values": [{"value": "\n", "step": null, "ts": 1683777984.7843518}]}, "version": 131}
{"obj": {"type": "LogStrings", "path": ["monitoring", "4caeb95c", "stdout"], "values": [{"value": "{'input_ids': tensor([[ 60,  45, 123,  ...,  64, 356,   1],\n        [ 46,  53,  52,  ...,  51, 356,   1],\n        [ 56,  56,  51,  ..., 123, 356,   1],\n        ...,\n        [ 48,  58,  58,  ...,  48, 356,   1],\n        [ 45, 123,  46,  ...,  51, 356,   1],\n        [ 51,  45, 123,  ...,  45, 356,   1]], device='cuda:0'), 'labels': tensor([[383,  45, 382,  ..., 356,  48,   1],\n        [383,  94, 129,  ..., 356,  45,   1],\n        [383,  48,  59,  ..., 356,  46,   1],\n        ...,\n        [383, 123,  48,  ..., 356,  60,   1],\n        [383,  55, 382,  ...,  58,  45,   1],\n        [383,  53,  51,  ...,  55,  59,   1]], device='cuda:0')}", "step": null, "ts": 1683777985.045769}]}, "version": 132}
{"obj": {"type": "LogStrings", "path": ["monitoring", "4caeb95c", "stdout"], "values": [{"value": "\n", "step": null, "ts": 1683777985.0465732}]}, "version": 133}
{"obj": {"type": "LogStrings", "path": ["monitoring", "4caeb95c", "stdout"], "values": [{"value": "{'input_ids': tensor([[ 48,  54,  58,  ...,  45, 356,   1],\n        [ 60,  51,  55,  ...,  54, 356,   1],\n        [ 56,  59,  60,  ...,  45, 356,   1],\n        ...,\n        [ 55,  58,  54,  ...,  45, 356,   1],\n        [123,  46,  53,  ...,  45, 356,   1],\n        [ 46,  51,  64,  ...,  52, 356,   1]], device='cuda:0'), 'labels': tensor([[383,  51,  45,  ...,  48,  52,   1],\n        [383,  46,  60,  ...,  45, 123,   1],\n        [383,  45, 123,  ..., 356, 123,   1],\n        ...,\n        [383,  64,  55,  ...,  53,  64,   1],\n        [383,  46,  54,  ...,  58,  51,   1],\n        [383,  52,  55,  ..., 356,  59,   1]], device='cuda:0')}", "step": null, "ts": 1683777985.30844}]}, "version": 134}
{"obj": {"type": "LogStrings", "path": ["monitoring", "4caeb95c", "stdout"], "values": [{"value": "\n", "step": null, "ts": 1683777985.3089128}]}, "version": 135}
{"obj": {"type": "LogStrings", "path": ["monitoring", "4caeb95c", "stdout"], "values": [{"value": "{'input_ids': tensor([[ 46,  51,  64,  ...,  52, 356,   1],\n        [ 60,  45, 383,  ...,  60, 356,   1],\n        [123,  46,  53,  ...,  52, 356,   1],\n        ...,\n        [ 45, 123,  46,  ...,  53, 356,   1],\n        [ 56,  59,  60,  ...,  53, 356,   1],\n        [ 54,  51, 383,  ...,  45, 356,   1]], device='cuda:0'), 'labels': tensor([[383,  94, 129,  ..., 356,  59,   1],\n        [383, 123,  48,  ...,  64,  48,   1],\n        [383,  52, 382,  ...,  58,  51,   1],\n        ...,\n        [383,  60, 382,  ..., 356,  59,   1],\n        [383,  60,  45,  ...,  45, 123,   1],\n        [383,  56,  51,  ...,  48,  54,   1]], device='cuda:0')}", "step": null, "ts": 1683777985.5668972}]}, "version": 136}
{"obj": {"type": "LogStrings", "path": ["monitoring", "4caeb95c", "stdout"], "values": [{"value": "\n", "step": null, "ts": 1683777985.6475675}]}, "version": 137}
{"obj": {"type": "LogStrings", "path": ["monitoring", "4caeb95c", "traceback"], "values": [{"value": "An uncaught exception occurred while run was active on worker seoul.", "step": null, "ts": 1683777985.6483123}, {"value": "Marking run as failed", "step": null, "ts": 1683777985.6483123}, {"value": "Traceback:", "step": null, "ts": 1683777985.6483123}, {"value": "  File \"/home/ssh6847/miniconda3/envs/byt5/lib/python3.8/runpy.py\", line 194, in _run_module_as_main\n    return _run_code(code, main_globals, None,\n", "step": null, "ts": 1683777985.6483123}, {"value": "  File \"/home/ssh6847/miniconda3/envs/byt5/lib/python3.8/runpy.py\", line 87, in _run_code\n    exec(code, run_globals)\n", "step": null, "ts": 1683777985.6483123}, {"value": "  File \"/data/spencer/byt5/nanobyT5/nanoT5/main.py\", line 75, in <module>\n    main()\n", "step": null, "ts": 1683777985.6483123}, {"value": "  File \"/home/ssh6847/miniconda3/envs/byt5/lib/python3.8/site-packages/hydra/main.py\", line 94, in decorated_main\n    _run_hydra(\n", "step": null, "ts": 1683777985.6483123}, {"value": "  File \"/home/ssh6847/miniconda3/envs/byt5/lib/python3.8/site-packages/hydra/_internal/utils.py\", line 394, in _run_hydra\n    _run_app(\n", "step": null, "ts": 1683777985.6483123}, {"value": "  File \"/home/ssh6847/miniconda3/envs/byt5/lib/python3.8/site-packages/hydra/_internal/utils.py\", line 457, in _run_app\n    run_and_report(\n", "step": null, "ts": 1683777985.6483123}, {"value": "  File \"/home/ssh6847/miniconda3/envs/byt5/lib/python3.8/site-packages/hydra/_internal/utils.py\", line 220, in run_and_report\n    return func()\n", "step": null, "ts": 1683777985.6483123}]}, "version": 138}
{"obj": {"type": "LogStrings", "path": ["monitoring", "4caeb95c", "traceback"], "values": [{"value": "  File \"/home/ssh6847/miniconda3/envs/byt5/lib/python3.8/site-packages/hydra/_internal/utils.py\", line 458, in <lambda>\n    lambda: hydra.run(\n", "step": null, "ts": 1683777985.6483123}, {"value": "  File \"/home/ssh6847/miniconda3/envs/byt5/lib/python3.8/site-packages/hydra/_internal/hydra.py\", line 119, in run\n    ret = run_job(\n", "step": null, "ts": 1683777985.6483123}, {"value": "  File \"/home/ssh6847/miniconda3/envs/byt5/lib/python3.8/site-packages/hydra/core/utils.py\", line 186, in run_job\n    ret.return_value = task_function(task_cfg)\n", "step": null, "ts": 1683777985.6483123}, {"value": "  File \"/data/spencer/byt5/nanobyT5/nanoT5/main.py\", line 68, in main\n    train(model, train_dataloader, test_dataloader, accelerator,\n", "step": null, "ts": 1683777985.6483123}, {"value": "  File \"/data/spencer/byt5/nanobyT5/nanoT5/utils/train_utils.py\", line 201, in train\n    loss, stats = forward(model, batch)\n", "step": null, "ts": 1683777985.6483123}, {"value": "  File \"/data/spencer/byt5/nanobyT5/nanoT5/utils/train_utils.py\", line 100, in forward\n    stats['loss'] = loss.detach().float().item()\n", "step": null, "ts": 1683777985.6483123}, {"value": "", "step": null, "ts": 1683777985.6483123}]}, "version": 139}
{"obj": {"type": "AssignBool", "path": ["sys", "failed"], "value": true}, "version": 140}
{"obj": {"type": "LogStrings", "path": ["monitoring", "4caeb95c", "stderr"], "values": [{"value": "Traceback (most recent call last):\n", "step": null, "ts": 1683777985.6496227}]}, "version": 141}
{"obj": {"type": "LogStrings", "path": ["monitoring", "4caeb95c", "stderr"], "values": [{"value": "  File \"/home/ssh6847/miniconda3/envs/byt5/lib/python3.8/runpy.py\", line 194, in _run_module_as_main\n", "step": null, "ts": 1683777985.6499147}]}, "version": 142}
{"obj": {"type": "LogStrings", "path": ["monitoring", "4caeb95c", "stderr"], "values": [{"value": "    ", "step": null, "ts": 1683777985.6503587}]}, "version": 143}
{"obj": {"type": "LogStrings", "path": ["monitoring", "4caeb95c", "stdout"], "values": [{"value": "Shutting down background jobs, please wait a moment...\n", "step": null, "ts": 1683777985.6513479}]}, "version": 144}
{"obj": {"type": "LogStrings", "path": ["monitoring", "4caeb95c", "stderr"], "values": [{"value": "return _run_code(code, main_globals, None,", "step": null, "ts": 1683777985.6520257}]}, "version": 145}
{"obj": {"type": "LogStrings", "path": ["monitoring", "4caeb95c", "stderr"], "values": [{"value": "\n", "step": null, "ts": 1683777985.6524498}]}, "version": 146}
{"obj": {"type": "LogStrings", "path": ["monitoring", "4caeb95c", "stderr"], "values": [{"value": "  File \"/home/ssh6847/miniconda3/envs/byt5/lib/python3.8/runpy.py\", line 87, in _run_code\n", "step": null, "ts": 1683777985.6527646}]}, "version": 147}
{"obj": {"type": "LogStrings", "path": ["monitoring", "4caeb95c", "stderr"], "values": [{"value": "    ", "step": null, "ts": 1683777985.6530526}]}, "version": 148}
{"obj": {"type": "LogStrings", "path": ["monitoring", "4caeb95c", "stderr"], "values": [{"value": "exec(code, run_globals)", "step": null, "ts": 1683777985.6533089}]}, "version": 149}
{"obj": {"type": "LogStrings", "path": ["monitoring", "4caeb95c", "stderr"], "values": [{"value": "\n", "step": null, "ts": 1683777985.6535237}]}, "version": 150}
{"obj": {"type": "LogStrings", "path": ["monitoring", "4caeb95c", "stderr"], "values": [{"value": "  File \"/data/spencer/byt5/nanobyT5/nanoT5/main.py\", line 75, in <module>\n", "step": null, "ts": 1683777985.6537364}]}, "version": 151}
{"obj": {"type": "LogStrings", "path": ["monitoring", "4caeb95c", "stderr"], "values": [{"value": "    ", "step": null, "ts": 1683777985.6539426}]}, "version": 152}
{"obj": {"type": "LogStrings", "path": ["monitoring", "4caeb95c", "stderr"], "values": [{"value": "main()", "step": null, "ts": 1683777985.6541572}]}, "version": 153}
{"obj": {"type": "LogStrings", "path": ["monitoring", "4caeb95c", "stderr"], "values": [{"value": "\n", "step": null, "ts": 1683777985.6543667}]}, "version": 154}
{"obj": {"type": "LogStrings", "path": ["monitoring", "4caeb95c", "stderr"], "values": [{"value": "  File \"/home/ssh6847/miniconda3/envs/byt5/lib/python3.8/site-packages/hydra/main.py\", line 94, in decorated_main\n", "step": null, "ts": 1683777985.6545813}]}, "version": 155}
{"obj": {"type": "LogStrings", "path": ["monitoring", "4caeb95c", "stderr"], "values": [{"value": "    ", "step": null, "ts": 1683777985.6547897}]}, "version": 156}
{"obj": {"type": "LogStrings", "path": ["monitoring", "4caeb95c", "stderr"], "values": [{"value": "_run_hydra(", "step": null, "ts": 1683777985.655002}]}, "version": 157}
{"obj": {"type": "LogStrings", "path": ["monitoring", "4caeb95c", "stderr"], "values": [{"value": "\n", "step": null, "ts": 1683777985.6552162}]}, "version": 158}
{"obj": {"type": "LogStrings", "path": ["monitoring", "4caeb95c", "stderr"], "values": [{"value": "  File \"/home/ssh6847/miniconda3/envs/byt5/lib/python3.8/site-packages/hydra/_internal/utils.py\", line 394, in _run_hydra\n", "step": null, "ts": 1683777985.6555471}]}, "version": 159}
{"obj": {"type": "LogStrings", "path": ["monitoring", "4caeb95c", "stderr"], "values": [{"value": "    ", "step": null, "ts": 1683777985.655753}]}, "version": 160}
{"obj": {"type": "LogStrings", "path": ["monitoring", "4caeb95c", "stderr"], "values": [{"value": "_run_app(", "step": null, "ts": 1683777985.6559644}]}, "version": 161}
{"obj": {"type": "LogStrings", "path": ["monitoring", "4caeb95c", "stderr"], "values": [{"value": "\n", "step": null, "ts": 1683777985.6561735}]}, "version": 162}
{"obj": {"type": "LogStrings", "path": ["monitoring", "4caeb95c", "stderr"], "values": [{"value": "  File \"/home/ssh6847/miniconda3/envs/byt5/lib/python3.8/site-packages/hydra/_internal/utils.py\", line 457, in _run_app\n", "step": null, "ts": 1683777985.6563861}]}, "version": 163}
{"obj": {"type": "LogStrings", "path": ["monitoring", "4caeb95c", "stderr"], "values": [{"value": "    ", "step": null, "ts": 1683777985.6565983}]}, "version": 164}
{"obj": {"type": "LogStrings", "path": ["monitoring", "4caeb95c", "stderr"], "values": [{"value": "run_and_report(", "step": null, "ts": 1683777985.6568124}]}, "version": 165}
{"obj": {"type": "LogStrings", "path": ["monitoring", "4caeb95c", "stderr"], "values": [{"value": "\n", "step": null, "ts": 1683777985.6570275}]}, "version": 166}
{"obj": {"type": "LogStrings", "path": ["monitoring", "4caeb95c", "stderr"], "values": [{"value": "  File \"/home/ssh6847/miniconda3/envs/byt5/lib/python3.8/site-packages/hydra/_internal/utils.py\", line 220, in run_and_report\n", "step": null, "ts": 1683777985.6572387}]}, "version": 167}
{"obj": {"type": "LogStrings", "path": ["monitoring", "4caeb95c", "stderr"], "values": [{"value": "    ", "step": null, "ts": 1683777985.657451}]}, "version": 168}
{"obj": {"type": "LogStrings", "path": ["monitoring", "4caeb95c", "stderr"], "values": [{"value": "return func()", "step": null, "ts": 1683777985.6576648}]}, "version": 169}
{"obj": {"type": "LogStrings", "path": ["monitoring", "4caeb95c", "stderr"], "values": [{"value": "\n", "step": null, "ts": 1683777985.6578808}]}, "version": 170}
{"obj": {"type": "LogStrings", "path": ["monitoring", "4caeb95c", "stderr"], "values": [{"value": "  File \"/home/ssh6847/miniconda3/envs/byt5/lib/python3.8/site-packages/hydra/_internal/utils.py\", line 458, in <lambda>\n", "step": null, "ts": 1683777985.6580987}]}, "version": 171}
{"obj": {"type": "LogStrings", "path": ["monitoring", "4caeb95c", "stderr"], "values": [{"value": "    ", "step": null, "ts": 1683777985.6583047}]}, "version": 172}
{"obj": {"type": "LogStrings", "path": ["monitoring", "4caeb95c", "stderr"], "values": [{"value": "lambda: hydra.run(", "step": null, "ts": 1683777985.6585186}]}, "version": 173}
{"obj": {"type": "LogStrings", "path": ["monitoring", "4caeb95c", "stderr"], "values": [{"value": "\n", "step": null, "ts": 1683777985.6587386}]}, "version": 174}
{"obj": {"type": "LogStrings", "path": ["monitoring", "4caeb95c", "stderr"], "values": [{"value": "  File \"/home/ssh6847/miniconda3/envs/byt5/lib/python3.8/site-packages/hydra/_internal/hydra.py\", line 119, in run\n", "step": null, "ts": 1683777985.658967}]}, "version": 175}
{"obj": {"type": "LogStrings", "path": ["monitoring", "4caeb95c", "stderr"], "values": [{"value": "    ", "step": null, "ts": 1683777985.6592078}]}, "version": 176}
{"obj": {"type": "LogStrings", "path": ["monitoring", "4caeb95c", "stderr"], "values": [{"value": "ret = run_job(", "step": null, "ts": 1683777985.6599696}]}, "version": 177}
{"obj": {"type": "LogStrings", "path": ["monitoring", "4caeb95c", "stderr"], "values": [{"value": "\n", "step": null, "ts": 1683777985.6602619}]}, "version": 178}
{"obj": {"type": "LogStrings", "path": ["monitoring", "4caeb95c", "stderr"], "values": [{"value": "  File \"/home/ssh6847/miniconda3/envs/byt5/lib/python3.8/site-packages/hydra/core/utils.py\", line 186, in run_job\n", "step": null, "ts": 1683777985.6604898}]}, "version": 179}
{"obj": {"type": "LogStrings", "path": ["monitoring", "4caeb95c", "stderr"], "values": [{"value": "    ", "step": null, "ts": 1683777985.6607065}]}, "version": 180}
{"obj": {"type": "LogStrings", "path": ["monitoring", "4caeb95c", "stderr"], "values": [{"value": "ret.return_value = task_function(task_cfg)", "step": null, "ts": 1683777985.6609204}]}, "version": 181}
{"obj": {"type": "LogStrings", "path": ["monitoring", "4caeb95c", "stderr"], "values": [{"value": "\n", "step": null, "ts": 1683777985.6611369}]}, "version": 182}
{"obj": {"type": "LogStrings", "path": ["monitoring", "4caeb95c", "stderr"], "values": [{"value": "  File \"/data/spencer/byt5/nanobyT5/nanoT5/main.py\", line 68, in main\n", "step": null, "ts": 1683777985.6613526}]}, "version": 183}
{"obj": {"type": "LogStrings", "path": ["monitoring", "4caeb95c", "stderr"], "values": [{"value": "    ", "step": null, "ts": 1683777985.6615648}]}, "version": 184}
{"obj": {"type": "LogStrings", "path": ["monitoring", "4caeb95c", "stderr"], "values": [{"value": "train(model, train_dataloader, test_dataloader, accelerator,", "step": null, "ts": 1683777985.6617782}]}, "version": 185}
{"obj": {"type": "LogStrings", "path": ["monitoring", "4caeb95c", "stderr"], "values": [{"value": "\n", "step": null, "ts": 1683777985.6619878}]}, "version": 186}
{"obj": {"type": "LogStrings", "path": ["monitoring", "4caeb95c", "stderr"], "values": [{"value": "  File \"/data/spencer/byt5/nanobyT5/nanoT5/utils/train_utils.py\", line 201, in train\n", "step": null, "ts": 1683777985.6622212}]}, "version": 187}
{"obj": {"type": "LogStrings", "path": ["monitoring", "4caeb95c", "stderr"], "values": [{"value": "    ", "step": null, "ts": 1683777985.6624374}]}, "version": 188}
{"obj": {"type": "LogStrings", "path": ["monitoring", "4caeb95c", "stderr"], "values": [{"value": "loss, stats = forward(model, batch)", "step": null, "ts": 1683777985.6626513}]}, "version": 189}
{"obj": {"type": "LogStrings", "path": ["monitoring", "4caeb95c", "stderr"], "values": [{"value": "\n", "step": null, "ts": 1683777985.6628647}]}, "version": 190}
{"obj": {"type": "LogStrings", "path": ["monitoring", "4caeb95c", "stderr"], "values": [{"value": "  File \"/data/spencer/byt5/nanobyT5/nanoT5/utils/train_utils.py\", line 100, in forward\n", "step": null, "ts": 1683777985.6630776}]}, "version": 191}
{"obj": {"type": "LogStrings", "path": ["monitoring", "4caeb95c", "stderr"], "values": [{"value": "    ", "step": null, "ts": 1683777985.663296}]}, "version": 192}
{"obj": {"type": "LogStrings", "path": ["monitoring", "4caeb95c", "stderr"], "values": [{"value": "stats['loss'] = loss.detach().float().item()", "step": null, "ts": 1683777985.6635065}]}, "version": 193}
{"obj": {"type": "LogStrings", "path": ["monitoring", "4caeb95c", "stderr"], "values": [{"value": "\n", "step": null, "ts": 1683777985.6637273}]}, "version": 194}
{"obj": {"type": "LogStrings", "path": ["monitoring", "4caeb95c", "stderr"], "values": [{"value": "KeyboardInterrupt", "step": null, "ts": 1683777985.6639388}]}, "version": 195}
{"obj": {"type": "LogStrings", "path": ["monitoring", "4caeb95c", "stderr"], "values": [{"value": "", "step": null, "ts": 1683777985.6641593}]}, "version": 196}
{"obj": {"type": "LogStrings", "path": ["monitoring", "4caeb95c", "stderr"], "values": [{"value": "\n", "step": null, "ts": 1683777985.6643713}]}, "version": 197}
