{"obj": {"type": "AssignString", "path": ["sys", "name"], "value": "Untitled"}, "version": 1}
{"obj": {"type": "AssignString", "path": ["sys", "description"], "value": ""}, "version": 2}
{"obj": {"type": "AssignString", "path": ["monitoring", "a0c6d255", "hostname"], "value": "seoul"}, "version": 3}
{"obj": {"type": "AssignString", "path": ["sys", "hostname"], "value": "seoul"}, "version": 4}
{"obj": {"type": "AssignString", "path": ["monitoring", "a0c6d255", "pid"], "value": "65473"}, "version": 5}
{"obj": {"type": "AssignString", "path": ["monitoring", "a0c6d255", "tid"], "value": "140302928009024"}, "version": 6}
{"obj": {"type": "AddStrings", "path": ["sys", "tags"], "values": ["test_run"]}, "version": 7}
{"obj": {"type": "AssignBool", "path": ["sys", "failed"], "value": false}, "version": 8}
{"obj": {"type": "ClearStringLog", "path": ["monitoring", "a0c6d255", "stdout"]}, "version": 9}
{"obj": {"type": "ClearStringLog", "path": ["monitoring", "a0c6d255", "stderr"]}, "version": 10}
{"obj": {"type": "AssignString", "path": ["source_code", "entrypoint"], "value": "main.py"}, "version": 11}
{"obj": {"type": "UploadFileSet", "path": ["source_code", "files"], "file_globs": ["/data/spencer/byt5/nanobyT5/nanoT5/main.py"], "reset": "False"}, "version": 12}
{"obj": {"type": "ConfigFloatSeries", "path": ["monitoring", "a0c6d255", "cpu"], "min": 0.0, "max": 100.0, "unit": "%"}, "version": 13}
{"obj": {"type": "ClearFloatLog", "path": ["monitoring", "a0c6d255", "cpu"]}, "version": 14}
{"obj": {"type": "ConfigFloatSeries", "path": ["monitoring", "a0c6d255", "memory"], "min": 0.0, "max": 125.61768341064453, "unit": "GB"}, "version": 15}
{"obj": {"type": "ClearFloatLog", "path": ["monitoring", "a0c6d255", "memory"]}, "version": 16}
{"obj": {"type": "ConfigFloatSeries", "path": ["monitoring", "a0c6d255", "gpu_0"], "min": 0.0, "max": 100.0, "unit": "%"}, "version": 17}
{"obj": {"type": "ClearFloatLog", "path": ["monitoring", "a0c6d255", "gpu_0"]}, "version": 18}
{"obj": {"type": "ConfigFloatSeries", "path": ["monitoring", "a0c6d255", "gpu_1"], "min": 0.0, "max": 100.0, "unit": "%"}, "version": 19}
{"obj": {"type": "ClearFloatLog", "path": ["monitoring", "a0c6d255", "gpu_1"]}, "version": 20}
{"obj": {"type": "ConfigFloatSeries", "path": ["monitoring", "a0c6d255", "gpu_memory_0"], "min": 0.0, "max": 48.0, "unit": "GB"}, "version": 21}
{"obj": {"type": "ClearFloatLog", "path": ["monitoring", "a0c6d255", "gpu_memory_0"]}, "version": 22}
{"obj": {"type": "ConfigFloatSeries", "path": ["monitoring", "a0c6d255", "gpu_memory_1"], "min": 0.0, "max": 48.0, "unit": "GB"}, "version": 23}
{"obj": {"type": "ClearFloatLog", "path": ["monitoring", "a0c6d255", "gpu_memory_1"]}, "version": 24}
{"obj": {"type": "LogFloats", "path": ["monitoring", "a0c6d255", "cpu"], "values": [{"value": 1.5, "step": null, "ts": 1683777014.421597}]}, "version": 25}
{"obj": {"type": "LogFloats", "path": ["monitoring", "a0c6d255", "memory"], "values": [{"value": 11.933937072753906, "step": null, "ts": 1683777014.421597}]}, "version": 26}
{"obj": {"type": "LogFloats", "path": ["monitoring", "a0c6d255", "gpu_memory_0"], "values": [{"value": 0.54620361328125, "step": null, "ts": 1683777014.421597}]}, "version": 27}
{"obj": {"type": "LogFloats", "path": ["monitoring", "a0c6d255", "gpu_memory_1"], "values": [{"value": 0.86212158203125, "step": null, "ts": 1683777014.421597}]}, "version": 28}
{"obj": {"type": "AssignString", "path": ["args", "mode"], "value": "pt"}, "version": 29}
{"obj": {"type": "AssignString", "path": ["args", "device"], "value": "gpu"}, "version": 30}
{"obj": {"type": "AssignBool", "path": ["args", "eval_only"], "value": false}, "version": 31}
{"obj": {"type": "AssignBool", "path": ["args", "predict_only"], "value": false}, "version": 32}
{"obj": {"type": "AssignInt", "path": ["args", "seed"], "value": 2137}, "version": 33}
{"obj": {"type": "AssignString", "path": ["args", "model", "checkpoint_path"], "value": ""}, "version": 34}
{"obj": {"type": "AssignFloat", "path": ["args", "model", "dropout"], "value": 0.0}, "version": 35}
{"obj": {"type": "AssignBool", "path": ["args", "model", "random_init"], "value": true}, "version": 36}
{"obj": {"type": "AssignBool", "path": ["args", "model", "compile"], "value": true}, "version": 37}
{"obj": {"type": "AssignInt", "path": ["args", "data", "input_length"], "value": 512}, "version": 38}
{"obj": {"type": "AssignFloat", "path": ["args", "data", "mlm_probability"], "value": 0.15}, "version": 39}
{"obj": {"type": "AssignFloat", "path": ["args", "data", "mean_noise_span_length"], "value": 3.0}, "version": 40}
{"obj": {"type": "AssignInt", "path": ["args", "data", "num_workers"], "value": 1}, "version": 41}
{"obj": {"type": "AssignInt", "path": ["args", "data", "before_mask_input_length"], "value": 568}, "version": 42}
{"obj": {"type": "AssignInt", "path": ["args", "data", "target_length"], "value": 114}, "version": 43}
{"obj": {"type": "AssignInt", "path": ["args", "data", "train_batches"], "value": 1}, "version": 44}
{"obj": {"type": "AssignInt", "path": ["args", "data", "test_batches"], "value": 1}, "version": 45}
{"obj": {"type": "AssignString", "path": ["args", "optim", "name"], "value": "adamwscale"}, "version": 46}
{"obj": {"type": "AssignFloat", "path": ["args", "optim", "base_lr"], "value": 0.02}, "version": 47}
{"obj": {"type": "AssignInt", "path": ["args", "optim", "batch_size"], "value": 144}, "version": 48}
{"obj": {"type": "AssignInt", "path": ["args", "optim", "total_steps"], "value": 10}, "version": 49}
{"obj": {"type": "AssignInt", "path": ["args", "optim", "epochs"], "value": -1}, "version": 50}
{"obj": {"type": "AssignInt", "path": ["args", "optim", "warmup_steps"], "value": 1}, "version": 51}
{"obj": {"type": "AssignString", "path": ["args", "optim", "lr_scheduler"], "value": "cosine"}, "version": 52}
{"obj": {"type": "AssignFloat", "path": ["args", "optim", "weight_decay"], "value": 0.0}, "version": 53}
{"obj": {"type": "AssignFloat", "path": ["args", "optim", "grad_clip"], "value": 1.0}, "version": 54}
{"obj": {"type": "AssignInt", "path": ["args", "optim", "grad_acc"], "value": 2}, "version": 55}
{"obj": {"type": "AssignFloat", "path": ["args", "optim", "final_cosine"], "value": 1e-05}, "version": 56}
{"obj": {"type": "AssignInt", "path": ["args", "eval", "every_steps"], "value": 100000}, "version": 57}
{"obj": {"type": "AssignInt", "path": ["args", "eval", "steps"], "value": 5}, "version": 58}
{"obj": {"type": "AssignFloat", "path": ["args", "eval", "corrected_steps"], "value": 2.5}, "version": 59}
{"obj": {"type": "AssignInt", "path": ["args", "checkpoint", "every_steps"], "value": 30000}, "version": 60}
{"obj": {"type": "AssignBool", "path": ["args", "logging", "neptune"], "value": true}, "version": 61}
{"obj": {"type": "AssignString", "path": ["args", "logging", "neptune_creds", "project"], "value": "kavisubramanyan2025/local-byt5-train"}, "version": 62}
{"obj": {"type": "AssignString", "path": ["args", "logging", "neptune_creds", "api_token"], "value": "eyJhcGlfYWRkcmVzcyI6Imh0dHBzOi8vYXBwLm5lcHR1bmUuYWkiLCJhcGlfdXJsIjoiaHR0cHM6Ly9hcHAubmVwdHVuZS5haSIsImFwaV9rZXkiOiJkNTEwZWMzNS0xNGVkLTRlMzctYmIwYS1kMDhjNjhlOWI1YTUifQ=="}, "version": 63}
{"obj": {"type": "AssignString", "path": ["args", "logging", "neptune_creds", "tags"], "value": "test_run"}, "version": 64}
{"obj": {"type": "AssignInt", "path": ["args", "logging", "every_steps"], "value": 100}, "version": 65}
{"obj": {"type": "AssignBool", "path": ["args", "logging", "grad_l2"], "value": true}, "version": 66}
{"obj": {"type": "AssignBool", "path": ["args", "logging", "weights_l2"], "value": true}, "version": 67}
{"obj": {"type": "AssignString", "path": ["args", "slurm_id"], "value": "none"}, "version": 68}
{"obj": {"type": "AssignString", "path": ["args", "working_dir"], "value": "/data/spencer/byt5/nanobyT5/logs/2023-05-10/22-50-12"}, "version": 69}
{"obj": {"type": "AssignString", "path": ["args", "neptune_id"], "value": "LOC-81"}, "version": 70}
{"obj": {"type": "LogFloats", "path": ["monitoring", "a0c6d255", "cpu"], "values": [{"value": 7.4, "step": null, "ts": 1683777024.4297366}]}, "version": 71}
{"obj": {"type": "LogFloats", "path": ["monitoring", "a0c6d255", "memory"], "values": [{"value": 19.307926177978516, "step": null, "ts": 1683777024.4297366}]}, "version": 72}
{"obj": {"type": "LogFloats", "path": ["monitoring", "a0c6d255", "gpu_memory_0"], "values": [{"value": 1.42218017578125, "step": null, "ts": 1683777024.4297366}]}, "version": 73}
{"obj": {"type": "LogFloats", "path": ["monitoring", "a0c6d255", "gpu_memory_1"], "values": [{"value": 0.86212158203125, "step": null, "ts": 1683777024.4297366}]}, "version": 74}
{"obj": {"type": "LogStrings", "path": ["monitoring", "a0c6d255", "stdout"], "values": [{"value": "it trained a step!", "step": null, "ts": 1683777025.4948537}]}, "version": 75}
{"obj": {"type": "LogStrings", "path": ["monitoring", "a0c6d255", "stdout"], "values": [{"value": "\n", "step": null, "ts": 1683777025.5010731}]}, "version": 76}
{"obj": {"type": "LogStrings", "path": ["monitoring", "a0c6d255", "stdout"], "values": [{"value": "it trained a step!", "step": null, "ts": 1683777028.521376}]}, "version": 77}
{"obj": {"type": "LogStrings", "path": ["monitoring", "a0c6d255", "stdout"], "values": [{"value": "\n", "step": null, "ts": 1683777028.5222752}]}, "version": 78}
{"obj": {"type": "LogStrings", "path": ["monitoring", "a0c6d255", "stdout"], "values": [{"value": "it trained a step!", "step": null, "ts": 1683777028.7633414}]}, "version": 79}
{"obj": {"type": "LogStrings", "path": ["monitoring", "a0c6d255", "stdout"], "values": [{"value": "\n", "step": null, "ts": 1683777028.8055766}]}, "version": 80}
{"obj": {"type": "LogStrings", "path": ["monitoring", "a0c6d255", "stdout"], "values": [{"value": "it trained a step!", "step": null, "ts": 1683777029.0048878}]}, "version": 81}
{"obj": {"type": "LogStrings", "path": ["monitoring", "a0c6d255", "stdout"], "values": [{"value": "\n", "step": null, "ts": 1683777029.0056973}]}, "version": 82}
{"obj": {"type": "LogStrings", "path": ["monitoring", "a0c6d255", "stdout"], "values": [{"value": "it trained a step!", "step": null, "ts": 1683777029.2442195}]}, "version": 83}
{"obj": {"type": "LogStrings", "path": ["monitoring", "a0c6d255", "stdout"], "values": [{"value": "\n", "step": null, "ts": 1683777029.24511}]}, "version": 84}
{"obj": {"type": "LogStrings", "path": ["monitoring", "a0c6d255", "stdout"], "values": [{"value": "it trained a step!", "step": null, "ts": 1683777029.4832902}]}, "version": 85}
{"obj": {"type": "LogStrings", "path": ["monitoring", "a0c6d255", "stdout"], "values": [{"value": "\n", "step": null, "ts": 1683777029.4839857}]}, "version": 86}
{"obj": {"type": "LogStrings", "path": ["monitoring", "a0c6d255", "stdout"], "values": [{"value": "it trained a step!", "step": null, "ts": 1683777029.7212148}]}, "version": 87}
{"obj": {"type": "LogStrings", "path": ["monitoring", "a0c6d255", "stdout"], "values": [{"value": "\n", "step": null, "ts": 1683777029.722045}]}, "version": 88}
{"obj": {"type": "LogStrings", "path": ["monitoring", "a0c6d255", "stdout"], "values": [{"value": "it trained a step!", "step": null, "ts": 1683777029.9619188}]}, "version": 89}
{"obj": {"type": "LogStrings", "path": ["monitoring", "a0c6d255", "stdout"], "values": [{"value": "\n", "step": null, "ts": 1683777029.9627745}]}, "version": 90}
{"obj": {"type": "LogStrings", "path": ["monitoring", "a0c6d255", "stdout"], "values": [{"value": "it trained a step!", "step": null, "ts": 1683777030.2028785}]}, "version": 91}
{"obj": {"type": "LogStrings", "path": ["monitoring", "a0c6d255", "stdout"], "values": [{"value": "\n", "step": null, "ts": 1683777030.2384696}]}, "version": 92}
{"obj": {"type": "LogStrings", "path": ["monitoring", "a0c6d255", "stdout"], "values": [{"value": "it trained a step!", "step": null, "ts": 1683777030.4432695}]}, "version": 93}
{"obj": {"type": "LogStrings", "path": ["monitoring", "a0c6d255", "stdout"], "values": [{"value": "\n", "step": null, "ts": 1683777030.4437776}]}, "version": 94}
{"obj": {"type": "LogStrings", "path": ["monitoring", "a0c6d255", "stdout"], "values": [{"value": "it trained a step!", "step": null, "ts": 1683777030.6817546}]}, "version": 95}
{"obj": {"type": "LogStrings", "path": ["monitoring", "a0c6d255", "stdout"], "values": [{"value": "\n", "step": null, "ts": 1683777030.6824782}]}, "version": 96}
{"obj": {"type": "LogStrings", "path": ["monitoring", "a0c6d255", "stdout"], "values": [{"value": "it trained a step!", "step": null, "ts": 1683777030.9222631}]}, "version": 97}
{"obj": {"type": "LogStrings", "path": ["monitoring", "a0c6d255", "stdout"], "values": [{"value": "\n", "step": null, "ts": 1683777030.923147}]}, "version": 98}
{"obj": {"type": "LogStrings", "path": ["monitoring", "a0c6d255", "stdout"], "values": [{"value": "it trained a step!", "step": null, "ts": 1683777031.1623642}]}, "version": 99}
{"obj": {"type": "LogStrings", "path": ["monitoring", "a0c6d255", "stdout"], "values": [{"value": "\n", "step": null, "ts": 1683777031.1631079}]}, "version": 100}
{"obj": {"type": "LogStrings", "path": ["monitoring", "a0c6d255", "stdout"], "values": [{"value": "it trained a step!", "step": null, "ts": 1683777031.404189}]}, "version": 101}
{"obj": {"type": "LogStrings", "path": ["monitoring", "a0c6d255", "stdout"], "values": [{"value": "\n", "step": null, "ts": 1683777031.4465697}]}, "version": 102}
{"obj": {"type": "LogStrings", "path": ["monitoring", "a0c6d255", "stdout"], "values": [{"value": "it trained a step!", "step": null, "ts": 1683777031.6450553}]}, "version": 103}
{"obj": {"type": "LogStrings", "path": ["monitoring", "a0c6d255", "stdout"], "values": [{"value": "\n", "step": null, "ts": 1683777031.646458}]}, "version": 104}
{"obj": {"type": "LogStrings", "path": ["monitoring", "a0c6d255", "stdout"], "values": [{"value": "it trained a step!", "step": null, "ts": 1683777031.885791}]}, "version": 105}
{"obj": {"type": "LogStrings", "path": ["monitoring", "a0c6d255", "stdout"], "values": [{"value": "\n", "step": null, "ts": 1683777031.8865342}]}, "version": 106}
{"obj": {"type": "LogStrings", "path": ["monitoring", "a0c6d255", "stdout"], "values": [{"value": "it trained a step!", "step": null, "ts": 1683777032.1251128}]}, "version": 107}
{"obj": {"type": "LogStrings", "path": ["monitoring", "a0c6d255", "stdout"], "values": [{"value": "\n", "step": null, "ts": 1683777032.1257637}]}, "version": 108}
{"obj": {"type": "LogStrings", "path": ["monitoring", "a0c6d255", "stdout"], "values": [{"value": "it trained a step!", "step": null, "ts": 1683777032.366158}]}, "version": 109}
{"obj": {"type": "LogStrings", "path": ["monitoring", "a0c6d255", "stdout"], "values": [{"value": "\n", "step": null, "ts": 1683777032.3669105}]}, "version": 110}
{"obj": {"type": "LogStrings", "path": ["monitoring", "a0c6d255", "stdout"], "values": [{"value": "it trained a step!", "step": null, "ts": 1683777032.6081944}]}, "version": 111}
{"obj": {"type": "LogStrings", "path": ["monitoring", "a0c6d255", "stdout"], "values": [{"value": "\n", "step": null, "ts": 1683777032.6089458}]}, "version": 112}
{"obj": {"type": "LogStrings", "path": ["monitoring", "a0c6d255", "stdout"], "values": [{"value": "it trained a step!", "step": null, "ts": 1683777032.8479626}]}, "version": 113}
{"obj": {"type": "LogStrings", "path": ["monitoring", "a0c6d255", "stdout"], "values": [{"value": "\n", "step": null, "ts": 1683777032.8864112}]}, "version": 114}
{"obj": {"type": "LogStrings", "path": ["monitoring", "a0c6d255", "stdout"], "values": [{"value": "it trained a step!", "step": null, "ts": 1683777033.090251}]}, "version": 115}
{"obj": {"type": "LogStrings", "path": ["monitoring", "a0c6d255", "stdout"], "values": [{"value": "\n", "step": null, "ts": 1683777033.0909786}]}, "version": 116}
{"obj": {"type": "LogStrings", "path": ["monitoring", "a0c6d255", "stdout"], "values": [{"value": "it trained a step!", "step": null, "ts": 1683777033.3304708}]}, "version": 117}
{"obj": {"type": "LogStrings", "path": ["monitoring", "a0c6d255", "stdout"], "values": [{"value": "\n", "step": null, "ts": 1683777033.331246}]}, "version": 118}
{"obj": {"type": "LogStrings", "path": ["monitoring", "a0c6d255", "stdout"], "values": [{"value": "it trained a step!", "step": null, "ts": 1683777033.5717816}]}, "version": 119}
{"obj": {"type": "LogStrings", "path": ["monitoring", "a0c6d255", "stdout"], "values": [{"value": "\n", "step": null, "ts": 1683777033.5727198}]}, "version": 120}
{"obj": {"type": "LogStrings", "path": ["monitoring", "a0c6d255", "stdout"], "values": [{"value": "it trained a step!", "step": null, "ts": 1683777033.8133721}]}, "version": 121}
{"obj": {"type": "LogStrings", "path": ["monitoring", "a0c6d255", "stdout"], "values": [{"value": "\n", "step": null, "ts": 1683777033.8143332}]}, "version": 122}
{"obj": {"type": "LogStrings", "path": ["monitoring", "a0c6d255", "stdout"], "values": [{"value": "it trained a step!", "step": null, "ts": 1683777034.0533173}]}, "version": 123}
{"obj": {"type": "LogStrings", "path": ["monitoring", "a0c6d255", "stdout"], "values": [{"value": "\n", "step": null, "ts": 1683777034.1040332}]}, "version": 124}
{"obj": {"type": "LogStrings", "path": ["monitoring", "a0c6d255", "stdout"], "values": [{"value": "it trained a step!", "step": null, "ts": 1683777034.2931106}]}, "version": 125}
{"obj": {"type": "LogStrings", "path": ["monitoring", "a0c6d255", "stdout"], "values": [{"value": "\n", "step": null, "ts": 1683777034.294113}]}, "version": 126}
{"obj": {"type": "LogStrings", "path": ["monitoring", "a0c6d255", "stdout"], "values": [{"value": "it trained a step!", "step": null, "ts": 1683777034.5334554}]}, "version": 127}
{"obj": {"type": "LogStrings", "path": ["monitoring", "a0c6d255", "stdout"], "values": [{"value": "\n", "step": null, "ts": 1683777034.534156}]}, "version": 128}
{"obj": {"type": "LogFloats", "path": ["monitoring", "a0c6d255", "cpu"], "values": [{"value": 7.4, "step": null, "ts": 1683777034.5328352}]}, "version": 129}
{"obj": {"type": "LogFloats", "path": ["monitoring", "a0c6d255", "memory"], "values": [{"value": 14.36184310913086, "step": null, "ts": 1683777034.5328352}]}, "version": 130}
{"obj": {"type": "LogFloats", "path": ["monitoring", "a0c6d255", "gpu_0"], "values": [{"value": 91.0, "step": null, "ts": 1683777034.5328352}]}, "version": 131}
{"obj": {"type": "LogFloats", "path": ["monitoring", "a0c6d255", "gpu_memory_0"], "values": [{"value": 7.67999267578125, "step": null, "ts": 1683777034.5328352}]}, "version": 132}
{"obj": {"type": "LogFloats", "path": ["monitoring", "a0c6d255", "gpu_memory_1"], "values": [{"value": 0.86212158203125, "step": null, "ts": 1683777034.5328352}]}, "version": 133}
{"obj": {"type": "LogStrings", "path": ["monitoring", "a0c6d255", "stdout"], "values": [{"value": "it trained a step!", "step": null, "ts": 1683777034.7747529}]}, "version": 134}
{"obj": {"type": "LogStrings", "path": ["monitoring", "a0c6d255", "stdout"], "values": [{"value": "\n", "step": null, "ts": 1683777034.7754722}]}, "version": 135}
{"obj": {"type": "LogStrings", "path": ["monitoring", "a0c6d255", "stdout"], "values": [{"value": "it trained a step!", "step": null, "ts": 1683777035.0158722}]}, "version": 136}
{"obj": {"type": "LogStrings", "path": ["monitoring", "a0c6d255", "stdout"], "values": [{"value": "\n", "step": null, "ts": 1683777035.016824}]}, "version": 137}
{"obj": {"type": "LogStrings", "path": ["monitoring", "a0c6d255", "stdout"], "values": [{"value": "it trained a step!", "step": null, "ts": 1683777035.2571747}]}, "version": 138}
{"obj": {"type": "LogStrings", "path": ["monitoring", "a0c6d255", "stdout"], "values": [{"value": "\n", "step": null, "ts": 1683777035.2581613}]}, "version": 139}
{"obj": {"type": "LogStrings", "path": ["monitoring", "a0c6d255", "stdout"], "values": [{"value": "it trained a step!", "step": null, "ts": 1683777035.5010653}]}, "version": 140}
{"obj": {"type": "LogStrings", "path": ["monitoring", "a0c6d255", "stdout"], "values": [{"value": "\n", "step": null, "ts": 1683777035.501709}]}, "version": 141}
{"obj": {"type": "LogStrings", "path": ["monitoring", "a0c6d255", "stdout"], "values": [{"value": "it trained a step!", "step": null, "ts": 1683777035.7429883}]}, "version": 142}
{"obj": {"type": "LogStrings", "path": ["monitoring", "a0c6d255", "stdout"], "values": [{"value": "\n", "step": null, "ts": 1683777035.7437797}]}, "version": 143}
{"obj": {"type": "LogStrings", "path": ["monitoring", "a0c6d255", "traceback"], "values": [{"value": "An uncaught exception occurred while run was active on worker seoul.", "step": null, "ts": 1683777035.8853703}, {"value": "Marking run as failed", "step": null, "ts": 1683777035.8853703}, {"value": "Traceback:", "step": null, "ts": 1683777035.8853703}, {"value": "  File \"/home/ssh6847/miniconda3/envs/byt5/lib/python3.8/runpy.py\", line 194, in _run_module_as_main\n    return _run_code(code, main_globals, None,\n", "step": null, "ts": 1683777035.8853703}, {"value": "  File \"/home/ssh6847/miniconda3/envs/byt5/lib/python3.8/runpy.py\", line 87, in _run_code\n    exec(code, run_globals)\n", "step": null, "ts": 1683777035.8853703}, {"value": "  File \"/data/spencer/byt5/nanobyT5/nanoT5/main.py\", line 75, in <module>\n    main()\n", "step": null, "ts": 1683777035.8853703}, {"value": "  File \"/home/ssh6847/miniconda3/envs/byt5/lib/python3.8/site-packages/hydra/main.py\", line 94, in decorated_main\n    _run_hydra(\n", "step": null, "ts": 1683777035.8853703}, {"value": "  File \"/home/ssh6847/miniconda3/envs/byt5/lib/python3.8/site-packages/hydra/_internal/utils.py\", line 394, in _run_hydra\n    _run_app(\n", "step": null, "ts": 1683777035.8853703}, {"value": "  File \"/home/ssh6847/miniconda3/envs/byt5/lib/python3.8/site-packages/hydra/_internal/utils.py\", line 457, in _run_app\n    run_and_report(\n", "step": null, "ts": 1683777035.8853703}, {"value": "  File \"/home/ssh6847/miniconda3/envs/byt5/lib/python3.8/site-packages/hydra/_internal/utils.py\", line 220, in run_and_report\n    return func()\n", "step": null, "ts": 1683777035.8853703}]}, "version": 144}
{"obj": {"type": "LogStrings", "path": ["monitoring", "a0c6d255", "traceback"], "values": [{"value": "  File \"/home/ssh6847/miniconda3/envs/byt5/lib/python3.8/site-packages/hydra/_internal/utils.py\", line 458, in <lambda>\n    lambda: hydra.run(\n", "step": null, "ts": 1683777035.8853703}, {"value": "  File \"/home/ssh6847/miniconda3/envs/byt5/lib/python3.8/site-packages/hydra/_internal/hydra.py\", line 119, in run\n    ret = run_job(\n", "step": null, "ts": 1683777035.8853703}, {"value": "  File \"/home/ssh6847/miniconda3/envs/byt5/lib/python3.8/site-packages/hydra/core/utils.py\", line 186, in run_job\n    ret.return_value = task_function(task_cfg)\n", "step": null, "ts": 1683777035.8853703}, {"value": "  File \"/data/spencer/byt5/nanobyT5/nanoT5/main.py\", line 68, in main\n    train(model, train_dataloader, test_dataloader, accelerator,\n", "step": null, "ts": 1683777035.8853703}, {"value": "  File \"/data/spencer/byt5/nanobyT5/nanoT5/utils/train_utils.py\", line 194, in train\n    for batch_id, batch in enumerate(train_dataloader, start=1):\n", "step": null, "ts": 1683777035.8853703}, {"value": "  File \"/home/ssh6847/miniconda3/envs/byt5/lib/python3.8/site-packages/accelerate/data_loader.py\", line 387, in __iter__\n    current_batch = send_to_device(current_batch, self.device)\n", "step": null, "ts": 1683777035.8853703}, {"value": "  File \"/home/ssh6847/miniconda3/envs/byt5/lib/python3.8/site-packages/accelerate/utils/operations.py\", line 148, in send_to_device\n    return recursively_apply(_send_to_device, tensor, device, non_blocking, test_type=_has_to_method)\n", "step": null, "ts": 1683777035.8853703}, {"value": "  File \"/home/ssh6847/miniconda3/envs/byt5/lib/python3.8/site-packages/accelerate/utils/operations.py\", line 108, in recursively_apply\n    {\n", "step": null, "ts": 1683777035.8853703}, {"value": "  File \"/home/ssh6847/miniconda3/envs/byt5/lib/python3.8/site-packages/accelerate/utils/operations.py\", line 109, in <dictcomp>\n    k: recursively_apply(\n", "step": null, "ts": 1683777035.8853703}, {"value": "  File \"/home/ssh6847/miniconda3/envs/byt5/lib/python3.8/site-packages/accelerate/utils/operations.py\", line 116, in recursively_apply\n    return func(data, *args, **kwargs)\n", "step": null, "ts": 1683777035.8853703}]}, "version": 145}
{"obj": {"type": "LogStrings", "path": ["monitoring", "a0c6d255", "traceback"], "values": [{"value": "  File \"/home/ssh6847/miniconda3/envs/byt5/lib/python3.8/site-packages/accelerate/utils/operations.py\", line 141, in _send_to_device\n    return t.to(device, non_blocking=non_blocking)\n", "step": null, "ts": 1683777035.8853703}, {"value": "", "step": null, "ts": 1683777035.8853703}]}, "version": 146}
{"obj": {"type": "AssignBool", "path": ["sys", "failed"], "value": true}, "version": 147}
{"obj": {"type": "LogStrings", "path": ["monitoring", "a0c6d255", "stderr"], "values": [{"value": "Traceback (most recent call last):\n", "step": null, "ts": 1683777035.8889472}]}, "version": 148}
{"obj": {"type": "LogStrings", "path": ["monitoring", "a0c6d255", "stderr"], "values": [{"value": "  File \"/home/ssh6847/miniconda3/envs/byt5/lib/python3.8/runpy.py\", line 194, in _run_module_as_main\n", "step": null, "ts": 1683777035.8912647}]}, "version": 149}
{"obj": {"type": "LogStrings", "path": ["monitoring", "a0c6d255", "stderr"], "values": [{"value": "    ", "step": null, "ts": 1683777035.892681}]}, "version": 150}
{"obj": {"type": "LogStrings", "path": ["monitoring", "a0c6d255", "stderr"], "values": [{"value": "return _run_code(code, main_globals, None,", "step": null, "ts": 1683777035.8958564}]}, "version": 151}
{"obj": {"type": "LogStrings", "path": ["monitoring", "a0c6d255", "stderr"], "values": [{"value": "\n", "step": null, "ts": 1683777035.8966753}]}, "version": 152}
{"obj": {"type": "LogStrings", "path": ["monitoring", "a0c6d255", "stderr"], "values": [{"value": "  File \"/home/ssh6847/miniconda3/envs/byt5/lib/python3.8/runpy.py\", line 87, in _run_code\n", "step": null, "ts": 1683777035.898795}]}, "version": 153}
{"obj": {"type": "LogStrings", "path": ["monitoring", "a0c6d255", "stderr"], "values": [{"value": "    ", "step": null, "ts": 1683777035.8994298}]}, "version": 154}
{"obj": {"type": "LogStrings", "path": ["monitoring", "a0c6d255", "stderr"], "values": [{"value": "exec(code, run_globals)", "step": null, "ts": 1683777035.900126}]}, "version": 155}
{"obj": {"type": "LogStrings", "path": ["monitoring", "a0c6d255", "stderr"], "values": [{"value": "\n", "step": null, "ts": 1683777035.900828}]}, "version": 156}
{"obj": {"type": "LogStrings", "path": ["monitoring", "a0c6d255", "stderr"], "values": [{"value": "  File \"/data/spencer/byt5/nanobyT5/nanoT5/main.py\", line 75, in <module>\n", "step": null, "ts": 1683777035.9015172}]}, "version": 157}
{"obj": {"type": "LogStrings", "path": ["monitoring", "a0c6d255", "stderr"], "values": [{"value": "    ", "step": null, "ts": 1683777035.9022663}]}, "version": 158}
{"obj": {"type": "LogStrings", "path": ["monitoring", "a0c6d255", "stderr"], "values": [{"value": "main()", "step": null, "ts": 1683777035.9030042}]}, "version": 159}
{"obj": {"type": "LogStrings", "path": ["monitoring", "a0c6d255", "stderr"], "values": [{"value": "\n", "step": null, "ts": 1683777035.9040217}]}, "version": 160}
{"obj": {"type": "LogStrings", "path": ["monitoring", "a0c6d255", "stderr"], "values": [{"value": "  File \"/home/ssh6847/miniconda3/envs/byt5/lib/python3.8/site-packages/hydra/main.py\", line 94, in decorated_main\n", "step": null, "ts": 1683777035.9047635}]}, "version": 161}
{"obj": {"type": "LogStrings", "path": ["monitoring", "a0c6d255", "stderr"], "values": [{"value": "    ", "step": null, "ts": 1683777035.9054537}]}, "version": 162}
{"obj": {"type": "LogStrings", "path": ["monitoring", "a0c6d255", "stderr"], "values": [{"value": "_run_hydra(", "step": null, "ts": 1683777035.906156}]}, "version": 163}
{"obj": {"type": "LogStrings", "path": ["monitoring", "a0c6d255", "stderr"], "values": [{"value": "\n", "step": null, "ts": 1683777035.9072053}]}, "version": 164}
{"obj": {"type": "LogStrings", "path": ["monitoring", "a0c6d255", "stderr"], "values": [{"value": "  File \"/home/ssh6847/miniconda3/envs/byt5/lib/python3.8/site-packages/hydra/_internal/utils.py\", line 394, in _run_hydra\n", "step": null, "ts": 1683777035.908002}]}, "version": 165}
{"obj": {"type": "LogStrings", "path": ["monitoring", "a0c6d255", "stderr"], "values": [{"value": "    ", "step": null, "ts": 1683777035.9086804}]}, "version": 166}
{"obj": {"type": "LogStrings", "path": ["monitoring", "a0c6d255", "stderr"], "values": [{"value": "_run_app(", "step": null, "ts": 1683777035.909407}]}, "version": 167}
{"obj": {"type": "LogStrings", "path": ["monitoring", "a0c6d255", "stderr"], "values": [{"value": "\n", "step": null, "ts": 1683777035.9100566}]}, "version": 168}
{"obj": {"type": "LogStrings", "path": ["monitoring", "a0c6d255", "stderr"], "values": [{"value": "  File \"/home/ssh6847/miniconda3/envs/byt5/lib/python3.8/site-packages/hydra/_internal/utils.py\", line 457, in _run_app\n", "step": null, "ts": 1683777035.9108508}]}, "version": 169}
{"obj": {"type": "LogStrings", "path": ["monitoring", "a0c6d255", "stderr"], "values": [{"value": "    ", "step": null, "ts": 1683777035.9118376}]}, "version": 170}
{"obj": {"type": "LogStrings", "path": ["monitoring", "a0c6d255", "stderr"], "values": [{"value": "run_and_report(", "step": null, "ts": 1683777035.9126487}]}, "version": 171}
{"obj": {"type": "LogStrings", "path": ["monitoring", "a0c6d255", "stderr"], "values": [{"value": "\n", "step": null, "ts": 1683777035.913358}]}, "version": 172}
{"obj": {"type": "LogStrings", "path": ["monitoring", "a0c6d255", "stderr"], "values": [{"value": "  File \"/home/ssh6847/miniconda3/envs/byt5/lib/python3.8/site-packages/hydra/_internal/utils.py\", line 220, in run_and_report\n", "step": null, "ts": 1683777035.9140546}]}, "version": 173}
{"obj": {"type": "LogStrings", "path": ["monitoring", "a0c6d255", "stderr"], "values": [{"value": "    ", "step": null, "ts": 1683777035.9148273}]}, "version": 174}
{"obj": {"type": "LogStrings", "path": ["monitoring", "a0c6d255", "stderr"], "values": [{"value": "return func()", "step": null, "ts": 1683777035.9159417}]}, "version": 175}
{"obj": {"type": "LogStrings", "path": ["monitoring", "a0c6d255", "stdout"], "values": [{"value": "Shutting down background jobs, please wait a moment...\n", "step": null, "ts": 1683777035.916492}]}, "version": 176}
{"obj": {"type": "LogStrings", "path": ["monitoring", "a0c6d255", "stderr"], "values": [{"value": "\n", "step": null, "ts": 1683777035.9171991}]}, "version": 177}
{"obj": {"type": "LogStrings", "path": ["monitoring", "a0c6d255", "stderr"], "values": [{"value": "  File \"/home/ssh6847/miniconda3/envs/byt5/lib/python3.8/site-packages/hydra/_internal/utils.py\", line 458, in <lambda>\n", "step": null, "ts": 1683777035.917915}]}, "version": 178}
{"obj": {"type": "LogStrings", "path": ["monitoring", "a0c6d255", "stderr"], "values": [{"value": "    ", "step": null, "ts": 1683777035.9186475}]}, "version": 179}
{"obj": {"type": "LogStrings", "path": ["monitoring", "a0c6d255", "stderr"], "values": [{"value": "lambda: hydra.run(", "step": null, "ts": 1683777035.9193766}]}, "version": 180}
{"obj": {"type": "LogStrings", "path": ["monitoring", "a0c6d255", "stderr"], "values": [{"value": "\n", "step": null, "ts": 1683777035.920464}]}, "version": 181}
{"obj": {"type": "LogStrings", "path": ["monitoring", "a0c6d255", "stderr"], "values": [{"value": "  File \"/home/ssh6847/miniconda3/envs/byt5/lib/python3.8/site-packages/hydra/_internal/hydra.py\", line 119, in run\n", "step": null, "ts": 1683777035.921074}]}, "version": 182}
{"obj": {"type": "LogStrings", "path": ["monitoring", "a0c6d255", "stderr"], "values": [{"value": "    ", "step": null, "ts": 1683777035.9214733}]}, "version": 183}
{"obj": {"type": "LogStrings", "path": ["monitoring", "a0c6d255", "stderr"], "values": [{"value": "ret = run_job(", "step": null, "ts": 1683777035.9219327}]}, "version": 184}
{"obj": {"type": "LogStrings", "path": ["monitoring", "a0c6d255", "stderr"], "values": [{"value": "\n", "step": null, "ts": 1683777035.9223142}]}, "version": 185}
{"obj": {"type": "LogStrings", "path": ["monitoring", "a0c6d255", "stderr"], "values": [{"value": "  File \"/home/ssh6847/miniconda3/envs/byt5/lib/python3.8/site-packages/hydra/core/utils.py\", line 186, in run_job\n", "step": null, "ts": 1683777035.922694}]}, "version": 186}
{"obj": {"type": "LogStrings", "path": ["monitoring", "a0c6d255", "stderr"], "values": [{"value": "    ", "step": null, "ts": 1683777035.9230776}]}, "version": 187}
{"obj": {"type": "LogStrings", "path": ["monitoring", "a0c6d255", "stderr"], "values": [{"value": "ret.return_value = task_function(task_cfg)", "step": null, "ts": 1683777035.9234557}]}, "version": 188}
{"obj": {"type": "LogStrings", "path": ["monitoring", "a0c6d255", "stderr"], "values": [{"value": "\n", "step": null, "ts": 1683777035.9238381}]}, "version": 189}
{"obj": {"type": "LogStrings", "path": ["monitoring", "a0c6d255", "stderr"], "values": [{"value": "  File \"/data/spencer/byt5/nanobyT5/nanoT5/main.py\", line 68, in main\n", "step": null, "ts": 1683777035.9242198}]}, "version": 190}
{"obj": {"type": "LogStrings", "path": ["monitoring", "a0c6d255", "stderr"], "values": [{"value": "    ", "step": null, "ts": 1683777035.9245987}]}, "version": 191}
{"obj": {"type": "LogStrings", "path": ["monitoring", "a0c6d255", "stderr"], "values": [{"value": "train(model, train_dataloader, test_dataloader, accelerator,", "step": null, "ts": 1683777035.9249978}]}, "version": 192}
{"obj": {"type": "LogStrings", "path": ["monitoring", "a0c6d255", "stderr"], "values": [{"value": "\n", "step": null, "ts": 1683777035.9253893}]}, "version": 193}
{"obj": {"type": "LogStrings", "path": ["monitoring", "a0c6d255", "stderr"], "values": [{"value": "  File \"/data/spencer/byt5/nanobyT5/nanoT5/utils/train_utils.py\", line 194, in train\n", "step": null, "ts": 1683777035.9257708}]}, "version": 194}
{"obj": {"type": "LogStrings", "path": ["monitoring", "a0c6d255", "stderr"], "values": [{"value": "    ", "step": null, "ts": 1683777035.9261484}]}, "version": 195}
{"obj": {"type": "LogStrings", "path": ["monitoring", "a0c6d255", "stderr"], "values": [{"value": "for batch_id, batch in enumerate(train_dataloader, start=1):", "step": null, "ts": 1683777035.9265285}]}, "version": 196}
{"obj": {"type": "LogStrings", "path": ["monitoring", "a0c6d255", "stderr"], "values": [{"value": "\n", "step": null, "ts": 1683777035.9269052}]}, "version": 197}
{"obj": {"type": "LogStrings", "path": ["monitoring", "a0c6d255", "stderr"], "values": [{"value": "  File \"/home/ssh6847/miniconda3/envs/byt5/lib/python3.8/site-packages/accelerate/data_loader.py\", line 387, in __iter__\n", "step": null, "ts": 1683777035.9272969}]}, "version": 198}
{"obj": {"type": "LogStrings", "path": ["monitoring", "a0c6d255", "stderr"], "values": [{"value": "    ", "step": null, "ts": 1683777035.927669}]}, "version": 199}
{"obj": {"type": "LogStrings", "path": ["monitoring", "a0c6d255", "stderr"], "values": [{"value": "current_batch = send_to_device(current_batch, self.device)", "step": null, "ts": 1683777035.9281929}]}, "version": 200}
{"obj": {"type": "LogStrings", "path": ["monitoring", "a0c6d255", "stderr"], "values": [{"value": "\n", "step": null, "ts": 1683777035.9289496}]}, "version": 201}
{"obj": {"type": "LogStrings", "path": ["monitoring", "a0c6d255", "stderr"], "values": [{"value": "  File \"/home/ssh6847/miniconda3/envs/byt5/lib/python3.8/site-packages/accelerate/utils/operations.py\", line 148, in send_to_device\n", "step": null, "ts": 1683777035.9293373}]}, "version": 202}
{"obj": {"type": "LogStrings", "path": ["monitoring", "a0c6d255", "stderr"], "values": [{"value": "    ", "step": null, "ts": 1683777035.9296992}]}, "version": 203}
{"obj": {"type": "LogStrings", "path": ["monitoring", "a0c6d255", "stderr"], "values": [{"value": "return recursively_apply(_send_to_device, tensor, device, non_blocking, test_type=_has_to_method)", "step": null, "ts": 1683777035.930051}]}, "version": 204}
{"obj": {"type": "LogStrings", "path": ["monitoring", "a0c6d255", "stderr"], "values": [{"value": "\n", "step": null, "ts": 1683777035.9304261}]}, "version": 205}
{"obj": {"type": "LogStrings", "path": ["monitoring", "a0c6d255", "stderr"], "values": [{"value": "  File \"/home/ssh6847/miniconda3/envs/byt5/lib/python3.8/site-packages/accelerate/utils/operations.py\", line 108, in recursively_apply\n", "step": null, "ts": 1683777035.930797}]}, "version": 206}
{"obj": {"type": "LogStrings", "path": ["monitoring", "a0c6d255", "stderr"], "values": [{"value": "    ", "step": null, "ts": 1683777035.931185}]}, "version": 207}
{"obj": {"type": "LogStrings", "path": ["monitoring", "a0c6d255", "stderr"], "values": [{"value": "{", "step": null, "ts": 1683777035.931566}]}, "version": 208}
{"obj": {"type": "LogStrings", "path": ["monitoring", "a0c6d255", "stderr"], "values": [{"value": "\n", "step": null, "ts": 1683777035.9319417}]}, "version": 209}
{"obj": {"type": "LogStrings", "path": ["monitoring", "a0c6d255", "stderr"], "values": [{"value": "  File \"/home/ssh6847/miniconda3/envs/byt5/lib/python3.8/site-packages/accelerate/utils/operations.py\", line 109, in <dictcomp>\n", "step": null, "ts": 1683777035.932319}]}, "version": 210}
{"obj": {"type": "LogStrings", "path": ["monitoring", "a0c6d255", "stderr"], "values": [{"value": "    ", "step": null, "ts": 1683777035.9327059}]}, "version": 211}
{"obj": {"type": "LogStrings", "path": ["monitoring", "a0c6d255", "stderr"], "values": [{"value": "k: recursively_apply(", "step": null, "ts": 1683777035.9330878}]}, "version": 212}
{"obj": {"type": "LogStrings", "path": ["monitoring", "a0c6d255", "stderr"], "values": [{"value": "\n", "step": null, "ts": 1683777035.9334745}]}, "version": 213}
{"obj": {"type": "LogStrings", "path": ["monitoring", "a0c6d255", "stderr"], "values": [{"value": "  File \"/home/ssh6847/miniconda3/envs/byt5/lib/python3.8/site-packages/accelerate/utils/operations.py\", line 116, in recursively_apply\n", "step": null, "ts": 1683777035.933857}]}, "version": 214}
{"obj": {"type": "LogStrings", "path": ["monitoring", "a0c6d255", "stderr"], "values": [{"value": "    ", "step": null, "ts": 1683777035.9348807}]}, "version": 215}
{"obj": {"type": "LogStrings", "path": ["monitoring", "a0c6d255", "stderr"], "values": [{"value": "return func(data, *args, **kwargs)", "step": null, "ts": 1683777035.935251}]}, "version": 216}
{"obj": {"type": "LogStrings", "path": ["monitoring", "a0c6d255", "stderr"], "values": [{"value": "\n", "step": null, "ts": 1683777035.9356296}]}, "version": 217}
{"obj": {"type": "LogStrings", "path": ["monitoring", "a0c6d255", "stderr"], "values": [{"value": "  File \"/home/ssh6847/miniconda3/envs/byt5/lib/python3.8/site-packages/accelerate/utils/operations.py\", line 141, in _send_to_device\n", "step": null, "ts": 1683777035.9359913}]}, "version": 218}
{"obj": {"type": "LogStrings", "path": ["monitoring", "a0c6d255", "stderr"], "values": [{"value": "    ", "step": null, "ts": 1683777035.936909}]}, "version": 219}
{"obj": {"type": "LogStrings", "path": ["monitoring", "a0c6d255", "stderr"], "values": [{"value": "return t.to(device, non_blocking=non_blocking)", "step": null, "ts": 1683777035.9372866}]}, "version": 220}
{"obj": {"type": "LogStrings", "path": ["monitoring", "a0c6d255", "stderr"], "values": [{"value": "\n", "step": null, "ts": 1683777035.9376423}]}, "version": 221}
{"obj": {"type": "LogStrings", "path": ["monitoring", "a0c6d255", "stderr"], "values": [{"value": "KeyboardInterrupt", "step": null, "ts": 1683777035.9379961}]}, "version": 222}
{"obj": {"type": "LogStrings", "path": ["monitoring", "a0c6d255", "stderr"], "values": [{"value": "", "step": null, "ts": 1683777035.938358}]}, "version": 223}
{"obj": {"type": "LogStrings", "path": ["monitoring", "a0c6d255", "stderr"], "values": [{"value": "\n", "step": null, "ts": 1683777035.9387004}]}, "version": 224}
