[2023-05-10 22:50:49,847][Main][INFO] - Distributed environment: NO
Num processes: 1
Process index: 0
Local process index: 0
Device: cuda

Mixed precision type: no

[2023-05-10 22:50:49,847][Main][INFO] - Working directory is /data/spencer/byt5/nanobyT5/logs/2023-05-10/22-50-49
[2023-05-10 22:50:52,398][datasets.arrow_dataset][WARNING] - Loading cached processed dataset at /data/spencer/byt5/nanobyT5/nanoT5/utils/local_data/train/cache-55811058ae2730a0.arrow
[2023-05-10 22:50:52,398][datasets.arrow_dataset][WARNING] - Loading cached shuffled indices for dataset at /data/spencer/byt5/nanobyT5/nanoT5/utils/local_data/train/cache-c639dc3b982c1d18.arrow
[2023-05-10 22:50:52,404][datasets.arrow_dataset][WARNING] - Loading cached processed dataset at /data/spencer/byt5/nanobyT5/nanoT5/utils/local_data/test/cache-4fbda65458655174.arrow
[2023-05-10 22:50:52,404][datasets.arrow_dataset][WARNING] - Loading cached shuffled indices for dataset at /data/spencer/byt5/nanobyT5/nanoT5/utils/local_data/test/cache-0122d01ccc9e02bd.arrow
[2023-05-10 22:50:53,431][torch._utils_internal][INFO] - dynamo _convert_frame_assert._compile: {'co_name': 'forward', 'co_filename': '/home/ssh6847/miniconda3/envs/byt5/lib/python3.8/site-packages/transformers/models/t5/modeling_t5.py', 'co_firstlineno': 1615, 'cache_size': 0}
[2023-05-10 22:50:53,432][torch._subclasses.fake_tensor][INFO] - create_mode 0x7f501943d190
[2023-05-10 22:50:55,115][torch._subclasses.fake_tensor][INFO] - create_mode 0x7f5015f51a90
[2023-05-10 22:50:57,250][torch._subclasses.fake_tensor][INFO] - create_mode 0x7f5015eec280
[2023-05-10 22:50:59,170][torch._subclasses.fake_tensor][INFO] - create_mode 0x7f50137d5370
[2023-05-10 22:51:02,571][torch._utils_internal][INFO] - dynamo _convert_frame_assert._compile: {'co_name': '__getitem__', 'co_filename': '/home/ssh6847/miniconda3/envs/byt5/lib/python3.8/site-packages/torch/nn/modules/container.py', 'co_firstlineno': 290, 'cache_size': 0}
[2023-05-10 22:51:02,571][torch._subclasses.fake_tensor][INFO] - create_mode 0x7f500d154070
[2023-05-10 22:51:02,575][torch._utils_internal][INFO] - dynamo _convert_frame_assert._compile: {'co_name': '_get_abs_string_index', 'co_filename': '/home/ssh6847/miniconda3/envs/byt5/lib/python3.8/site-packages/torch/nn/modules/container.py', 'co_firstlineno': 281, 'cache_size': 0}
[2023-05-10 22:51:02,575][torch._subclasses.fake_tensor][INFO] - create_mode 0x7f50165a4640
[2023-05-10 22:51:02,576][torch._utils_internal][INFO] - dynamo _convert_frame_assert._compile: {'co_name': '__len__', 'co_filename': '/home/ssh6847/miniconda3/envs/byt5/lib/python3.8/site-packages/torch/nn/modules/container.py', 'co_firstlineno': 311, 'cache_size': 0}
[2023-05-10 22:51:02,577][torch._subclasses.fake_tensor][INFO] - create_mode 0x7f50028a2be0
