[2023-05-10 23:10:04,735][Main][INFO] - Distributed environment: NO
Num processes: 1
Process index: 0
Local process index: 0
Device: cuda

Mixed precision type: no

[2023-05-10 23:10:04,735][Main][INFO] - Working directory is /data/spencer/byt5/nanobyT5/logs/2023-05-10/23-10-04
[2023-05-10 23:10:07,211][datasets.arrow_dataset][WARNING] - Loading cached processed dataset at /data/spencer/byt5/nanobyT5/nanoT5/utils/local_data/train/cache-55811058ae2730a0.arrow
[2023-05-10 23:10:07,212][datasets.arrow_dataset][WARNING] - Loading cached shuffled indices for dataset at /data/spencer/byt5/nanobyT5/nanoT5/utils/local_data/train/cache-c639dc3b982c1d18.arrow
[2023-05-10 23:10:07,215][datasets.arrow_dataset][WARNING] - Loading cached processed dataset at /data/spencer/byt5/nanobyT5/nanoT5/utils/local_data/test/cache-4fbda65458655174.arrow
[2023-05-10 23:10:07,216][datasets.arrow_dataset][WARNING] - Loading cached shuffled indices for dataset at /data/spencer/byt5/nanobyT5/nanoT5/utils/local_data/test/cache-0122d01ccc9e02bd.arrow
[2023-05-10 23:10:08,274][torch._utils_internal][INFO] - dynamo _convert_frame_assert._compile: {'co_name': 'forward', 'co_filename': '/home/ssh6847/miniconda3/envs/byt5/lib/python3.8/site-packages/transformers/models/t5/modeling_t5.py', 'co_firstlineno': 1615, 'cache_size': 0}
[2023-05-10 23:10:08,275][torch._subclasses.fake_tensor][INFO] - create_mode 0x7f0916e3cd30
[2023-05-10 23:10:09,982][torch._subclasses.fake_tensor][INFO] - create_mode 0x7f0910f534c0
[2023-05-10 23:10:12,160][torch._subclasses.fake_tensor][INFO] - create_mode 0x7f0910ec46a0
[2023-05-10 23:10:14,088][torch._subclasses.fake_tensor][INFO] - create_mode 0x7f090e00d340
[2023-05-10 23:10:17,566][torch._utils_internal][INFO] - dynamo _convert_frame_assert._compile: {'co_name': '__getitem__', 'co_filename': '/home/ssh6847/miniconda3/envs/byt5/lib/python3.8/site-packages/torch/nn/modules/container.py', 'co_firstlineno': 290, 'cache_size': 0}
[2023-05-10 23:10:17,566][torch._subclasses.fake_tensor][INFO] - create_mode 0x7f091095b040
[2023-05-10 23:10:17,570][torch._utils_internal][INFO] - dynamo _convert_frame_assert._compile: {'co_name': '_get_abs_string_index', 'co_filename': '/home/ssh6847/miniconda3/envs/byt5/lib/python3.8/site-packages/torch/nn/modules/container.py', 'co_firstlineno': 281, 'cache_size': 0}
[2023-05-10 23:10:17,570][torch._subclasses.fake_tensor][INFO] - create_mode 0x7f09115a6c40
[2023-05-10 23:10:17,572][torch._utils_internal][INFO] - dynamo _convert_frame_assert._compile: {'co_name': '__len__', 'co_filename': '/home/ssh6847/miniconda3/envs/byt5/lib/python3.8/site-packages/torch/nn/modules/container.py', 'co_firstlineno': 311, 'cache_size': 0}
[2023-05-10 23:10:17,572][torch._subclasses.fake_tensor][INFO] - create_mode 0x7f0910665040
