[2023-05-10 22:58:40,302][Main][INFO] - Distributed environment: NO
Num processes: 1
Process index: 0
Local process index: 0
Device: cuda

Mixed precision type: no

[2023-05-10 22:58:40,302][Main][INFO] - Working directory is /data/spencer/byt5/nanobyT5/logs/2023-05-10/22-58-40
[2023-05-10 22:58:42,883][datasets.arrow_dataset][WARNING] - Loading cached processed dataset at /data/spencer/byt5/nanobyT5/nanoT5/utils/local_data/train/cache-55811058ae2730a0.arrow
[2023-05-10 22:58:42,884][datasets.arrow_dataset][WARNING] - Loading cached shuffled indices for dataset at /data/spencer/byt5/nanobyT5/nanoT5/utils/local_data/train/cache-c639dc3b982c1d18.arrow
[2023-05-10 22:58:42,889][datasets.arrow_dataset][WARNING] - Loading cached processed dataset at /data/spencer/byt5/nanobyT5/nanoT5/utils/local_data/test/cache-4fbda65458655174.arrow
[2023-05-10 22:58:42,889][datasets.arrow_dataset][WARNING] - Loading cached shuffled indices for dataset at /data/spencer/byt5/nanobyT5/nanoT5/utils/local_data/test/cache-0122d01ccc9e02bd.arrow
[2023-05-10 22:58:43,950][torch._utils_internal][INFO] - dynamo _convert_frame_assert._compile: {'co_name': 'forward', 'co_filename': '/home/ssh6847/miniconda3/envs/byt5/lib/python3.8/site-packages/transformers/models/t5/modeling_t5.py', 'co_firstlineno': 1615, 'cache_size': 0}
[2023-05-10 22:58:43,952][torch._subclasses.fake_tensor][INFO] - create_mode 0x7f85db23a1f0
[2023-05-10 22:58:45,654][torch._subclasses.fake_tensor][INFO] - create_mode 0x7f85cd38fcd0
[2023-05-10 22:58:47,780][torch._subclasses.fake_tensor][INFO] - create_mode 0x7f85cd122280
[2023-05-10 22:58:49,698][torch._subclasses.fake_tensor][INFO] - create_mode 0x7f85ca7993a0
[2023-05-10 22:58:53,085][torch._utils_internal][INFO] - dynamo _convert_frame_assert._compile: {'co_name': '__getitem__', 'co_filename': '/home/ssh6847/miniconda3/envs/byt5/lib/python3.8/site-packages/torch/nn/modules/container.py', 'co_firstlineno': 290, 'cache_size': 0}
[2023-05-10 22:58:53,086][torch._subclasses.fake_tensor][INFO] - create_mode 0x7f85cad50880
[2023-05-10 22:58:53,090][torch._utils_internal][INFO] - dynamo _convert_frame_assert._compile: {'co_name': '_get_abs_string_index', 'co_filename': '/home/ssh6847/miniconda3/envs/byt5/lib/python3.8/site-packages/torch/nn/modules/container.py', 'co_firstlineno': 281, 'cache_size': 0}
[2023-05-10 22:58:53,090][torch._subclasses.fake_tensor][INFO] - create_mode 0x7f85d19f5550
[2023-05-10 22:58:53,091][torch._utils_internal][INFO] - dynamo _convert_frame_assert._compile: {'co_name': '__len__', 'co_filename': '/home/ssh6847/miniconda3/envs/byt5/lib/python3.8/site-packages/torch/nn/modules/container.py', 'co_firstlineno': 311, 'cache_size': 0}
[2023-05-10 22:58:53,091][torch._subclasses.fake_tensor][INFO] - create_mode 0x7f85cad9d0d0
