{"obj": {"type": "AssignString", "path": ["sys", "name"], "value": "Untitled"}, "version": 1}
{"obj": {"type": "AssignString", "path": ["sys", "description"], "value": ""}, "version": 2}
{"obj": {"type": "AssignString", "path": ["monitoring", "9d2e9417", "hostname"], "value": "seoul"}, "version": 3}
{"obj": {"type": "AssignString", "path": ["sys", "hostname"], "value": "seoul"}, "version": 4}
{"obj": {"type": "AssignString", "path": ["monitoring", "9d2e9417", "pid"], "value": "69856"}, "version": 5}
{"obj": {"type": "AssignString", "path": ["monitoring", "9d2e9417", "tid"], "value": "140351053616960"}, "version": 6}
{"obj": {"type": "AddStrings", "path": ["sys", "tags"], "values": ["test_run"]}, "version": 7}
{"obj": {"type": "AssignBool", "path": ["sys", "failed"], "value": false}, "version": 8}
{"obj": {"type": "ClearStringLog", "path": ["monitoring", "9d2e9417", "stdout"]}, "version": 9}
{"obj": {"type": "ClearStringLog", "path": ["monitoring", "9d2e9417", "stderr"]}, "version": 10}
{"obj": {"type": "AssignString", "path": ["source_code", "entrypoint"], "value": "main.py"}, "version": 11}
{"obj": {"type": "UploadFileSet", "path": ["source_code", "files"], "file_globs": ["/data/spencer/byt5/nanobyT5/nanoT5/main.py"], "reset": "False"}, "version": 12}
{"obj": {"type": "ConfigFloatSeries", "path": ["monitoring", "9d2e9417", "cpu"], "min": 0.0, "max": 100.0, "unit": "%"}, "version": 13}
{"obj": {"type": "ClearFloatLog", "path": ["monitoring", "9d2e9417", "cpu"]}, "version": 14}
{"obj": {"type": "ConfigFloatSeries", "path": ["monitoring", "9d2e9417", "memory"], "min": 0.0, "max": 125.61768341064453, "unit": "GB"}, "version": 15}
{"obj": {"type": "ClearFloatLog", "path": ["monitoring", "9d2e9417", "memory"]}, "version": 16}
{"obj": {"type": "ConfigFloatSeries", "path": ["monitoring", "9d2e9417", "gpu_0"], "min": 0.0, "max": 100.0, "unit": "%"}, "version": 17}
{"obj": {"type": "ClearFloatLog", "path": ["monitoring", "9d2e9417", "gpu_0"]}, "version": 18}
{"obj": {"type": "ConfigFloatSeries", "path": ["monitoring", "9d2e9417", "gpu_1"], "min": 0.0, "max": 100.0, "unit": "%"}, "version": 19}
{"obj": {"type": "ClearFloatLog", "path": ["monitoring", "9d2e9417", "gpu_1"]}, "version": 20}
{"obj": {"type": "ConfigFloatSeries", "path": ["monitoring", "9d2e9417", "gpu_memory_0"], "min": 0.0, "max": 48.0, "unit": "GB"}, "version": 21}
{"obj": {"type": "ClearFloatLog", "path": ["monitoring", "9d2e9417", "gpu_memory_0"]}, "version": 22}
{"obj": {"type": "ConfigFloatSeries", "path": ["monitoring", "9d2e9417", "gpu_memory_1"], "min": 0.0, "max": 48.0, "unit": "GB"}, "version": 23}
{"obj": {"type": "ClearFloatLog", "path": ["monitoring", "9d2e9417", "gpu_memory_1"]}, "version": 24}
{"obj": {"type": "LogFloats", "path": ["monitoring", "9d2e9417", "cpu"], "values": [{"value": 1.6, "step": null, "ts": 1683777617.7885087}]}, "version": 25}
{"obj": {"type": "LogFloats", "path": ["monitoring", "9d2e9417", "memory"], "values": [{"value": 11.927650451660156, "step": null, "ts": 1683777617.7885087}]}, "version": 26}
{"obj": {"type": "LogFloats", "path": ["monitoring", "9d2e9417", "gpu_memory_0"], "values": [{"value": 0.54620361328125, "step": null, "ts": 1683777617.7885087}]}, "version": 27}
{"obj": {"type": "LogFloats", "path": ["monitoring", "9d2e9417", "gpu_memory_1"], "values": [{"value": 0.86212158203125, "step": null, "ts": 1683777617.7885087}]}, "version": 28}
{"obj": {"type": "AssignString", "path": ["args", "mode"], "value": "pt"}, "version": 29}
{"obj": {"type": "AssignString", "path": ["args", "device"], "value": "gpu"}, "version": 30}
{"obj": {"type": "AssignBool", "path": ["args", "eval_only"], "value": false}, "version": 31}
{"obj": {"type": "AssignBool", "path": ["args", "predict_only"], "value": false}, "version": 32}
{"obj": {"type": "AssignInt", "path": ["args", "seed"], "value": 2137}, "version": 33}
{"obj": {"type": "AssignString", "path": ["args", "model", "checkpoint_path"], "value": ""}, "version": 34}
{"obj": {"type": "AssignFloat", "path": ["args", "model", "dropout"], "value": 0.0}, "version": 35}
{"obj": {"type": "AssignBool", "path": ["args", "model", "random_init"], "value": true}, "version": 36}
{"obj": {"type": "AssignBool", "path": ["args", "model", "compile"], "value": true}, "version": 37}
{"obj": {"type": "AssignInt", "path": ["args", "data", "input_length"], "value": 512}, "version": 38}
{"obj": {"type": "AssignFloat", "path": ["args", "data", "mlm_probability"], "value": 0.15}, "version": 39}
{"obj": {"type": "AssignFloat", "path": ["args", "data", "mean_noise_span_length"], "value": 3.0}, "version": 40}
{"obj": {"type": "AssignInt", "path": ["args", "data", "num_workers"], "value": 1}, "version": 41}
{"obj": {"type": "AssignInt", "path": ["args", "data", "before_mask_input_length"], "value": 568}, "version": 42}
{"obj": {"type": "AssignInt", "path": ["args", "data", "target_length"], "value": 114}, "version": 43}
{"obj": {"type": "AssignInt", "path": ["args", "data", "train_batches"], "value": 1}, "version": 44}
{"obj": {"type": "AssignInt", "path": ["args", "data", "test_batches"], "value": 1}, "version": 45}
{"obj": {"type": "AssignString", "path": ["args", "optim", "name"], "value": "adamwscale"}, "version": 46}
{"obj": {"type": "AssignFloat", "path": ["args", "optim", "base_lr"], "value": 0.02}, "version": 47}
{"obj": {"type": "AssignInt", "path": ["args", "optim", "batch_size"], "value": 144}, "version": 48}
{"obj": {"type": "AssignInt", "path": ["args", "optim", "total_steps"], "value": 1}, "version": 49}
{"obj": {"type": "AssignInt", "path": ["args", "optim", "epochs"], "value": -1}, "version": 50}
{"obj": {"type": "AssignInt", "path": ["args", "optim", "warmup_steps"], "value": 1}, "version": 51}
{"obj": {"type": "AssignString", "path": ["args", "optim", "lr_scheduler"], "value": "cosine"}, "version": 52}
{"obj": {"type": "AssignFloat", "path": ["args", "optim", "weight_decay"], "value": 0.0}, "version": 53}
{"obj": {"type": "AssignFloat", "path": ["args", "optim", "grad_clip"], "value": 1.0}, "version": 54}
{"obj": {"type": "AssignInt", "path": ["args", "optim", "grad_acc"], "value": 2}, "version": 55}
{"obj": {"type": "AssignFloat", "path": ["args", "optim", "final_cosine"], "value": 1e-05}, "version": 56}
{"obj": {"type": "AssignInt", "path": ["args", "eval", "every_steps"], "value": 300}, "version": 57}
{"obj": {"type": "AssignInt", "path": ["args", "eval", "steps"], "value": 5}, "version": 58}
{"obj": {"type": "AssignFloat", "path": ["args", "eval", "corrected_steps"], "value": 2.5}, "version": 59}
{"obj": {"type": "AssignInt", "path": ["args", "checkpoint", "every_steps"], "value": 3}, "version": 60}
{"obj": {"type": "AssignBool", "path": ["args", "logging", "neptune"], "value": true}, "version": 61}
{"obj": {"type": "AssignString", "path": ["args", "logging", "neptune_creds", "project"], "value": "kavisubramanyan2025/local-byt5-train"}, "version": 62}
{"obj": {"type": "AssignString", "path": ["args", "logging", "neptune_creds", "api_token"], "value": "eyJhcGlfYWRkcmVzcyI6Imh0dHBzOi8vYXBwLm5lcHR1bmUuYWkiLCJhcGlfdXJsIjoiaHR0cHM6Ly9hcHAubmVwdHVuZS5haSIsImFwaV9rZXkiOiJkNTEwZWMzNS0xNGVkLTRlMzctYmIwYS1kMDhjNjhlOWI1YTUifQ=="}, "version": 63}
{"obj": {"type": "AssignString", "path": ["args", "logging", "neptune_creds", "tags"], "value": "test_run"}, "version": 64}
{"obj": {"type": "AssignInt", "path": ["args", "logging", "every_steps"], "value": 100}, "version": 65}
{"obj": {"type": "AssignBool", "path": ["args", "logging", "grad_l2"], "value": true}, "version": 66}
{"obj": {"type": "AssignBool", "path": ["args", "logging", "weights_l2"], "value": true}, "version": 67}
{"obj": {"type": "AssignString", "path": ["args", "slurm_id"], "value": "none"}, "version": 68}
{"obj": {"type": "AssignString", "path": ["args", "working_dir"], "value": "/data/spencer/byt5/nanobyT5/logs/2023-05-10/23-00-15"}, "version": 69}
{"obj": {"type": "AssignString", "path": ["args", "neptune_id"], "value": "LOC-87"}, "version": 70}
{"obj": {"type": "LogStrings", "path": ["monitoring", "9d2e9417", "stdout"], "values": [{"value": "torch.Size([20, 512])", "step": null, "ts": 1683777619.4947538}]}, "version": 71}
{"obj": {"type": "LogStrings", "path": ["monitoring", "9d2e9417", "stdout"], "values": [{"value": "\n", "step": null, "ts": 1683777619.5146754}]}, "version": 72}
{"obj": {"type": "LogFloats", "path": ["monitoring", "9d2e9417", "cpu"], "values": [{"value": 7.9, "step": null, "ts": 1683777627.796643}]}, "version": 73}
{"obj": {"type": "LogFloats", "path": ["monitoring", "9d2e9417", "memory"], "values": [{"value": 19.494266510009766, "step": null, "ts": 1683777627.796643}]}, "version": 74}
{"obj": {"type": "LogFloats", "path": ["monitoring", "9d2e9417", "gpu_memory_0"], "values": [{"value": 1.42218017578125, "step": null, "ts": 1683777627.796643}]}, "version": 75}
{"obj": {"type": "LogFloats", "path": ["monitoring", "9d2e9417", "gpu_memory_1"], "values": [{"value": 0.86212158203125, "step": null, "ts": 1683777627.796643}]}, "version": 76}
{"obj": {"type": "LogStrings", "path": ["monitoring", "9d2e9417", "stdout"], "values": [{"value": "torch.Size([20, 512])", "step": null, "ts": 1683777631.7542374}]}, "version": 77}
{"obj": {"type": "LogStrings", "path": ["monitoring", "9d2e9417", "stdout"], "values": [{"value": "\n", "step": null, "ts": 1683777631.8476434}]}, "version": 78}
{"obj": {"type": "LogStrings", "path": ["monitoring", "9d2e9417", "stdout"], "values": [{"value": "torch.Size([20, 512])", "step": null, "ts": 1683777632.0083568}]}, "version": 79}
{"obj": {"type": "LogStrings", "path": ["monitoring", "9d2e9417", "stdout"], "values": [{"value": "\n", "step": null, "ts": 1683777632.0093467}]}, "version": 80}
{"obj": {"type": "LogStrings", "path": ["monitoring", "9d2e9417", "stdout"], "values": [{"value": "torch.Size([20, 512])", "step": null, "ts": 1683777632.2487786}]}, "version": 81}
{"obj": {"type": "LogStrings", "path": ["monitoring", "9d2e9417", "stdout"], "values": [{"value": "\n", "step": null, "ts": 1683777632.2493854}]}, "version": 82}
{"obj": {"type": "LogStrings", "path": ["monitoring", "9d2e9417", "stdout"], "values": [{"value": "torch.Size([20, 512])", "step": null, "ts": 1683777632.4916518}]}, "version": 83}
{"obj": {"type": "LogStrings", "path": ["monitoring", "9d2e9417", "stdout"], "values": [{"value": "\n", "step": null, "ts": 1683777632.4922163}]}, "version": 84}
{"obj": {"type": "LogStrings", "path": ["monitoring", "9d2e9417", "stdout"], "values": [{"value": "torch.Size([20, 512])", "step": null, "ts": 1683777632.732975}]}, "version": 85}
{"obj": {"type": "LogStrings", "path": ["monitoring", "9d2e9417", "stdout"], "values": [{"value": "\n", "step": null, "ts": 1683777632.7338452}]}, "version": 86}
{"obj": {"type": "LogStrings", "path": ["monitoring", "9d2e9417", "stdout"], "values": [{"value": "torch.Size([20, 512])", "step": null, "ts": 1683777632.976206}]}, "version": 87}
{"obj": {"type": "LogStrings", "path": ["monitoring", "9d2e9417", "stdout"], "values": [{"value": "\n", "step": null, "ts": 1683777632.976811}]}, "version": 88}
{"obj": {"type": "LogStrings", "path": ["monitoring", "9d2e9417", "stdout"], "values": [{"value": "torch.Size([20, 512])", "step": null, "ts": 1683777633.2209508}]}, "version": 89}
{"obj": {"type": "LogStrings", "path": ["monitoring", "9d2e9417", "stdout"], "values": [{"value": "\n", "step": null, "ts": 1683777633.3018777}]}, "version": 90}
{"obj": {"type": "LogStrings", "path": ["monitoring", "9d2e9417", "stdout"], "values": [{"value": "torch.Size([20, 512])", "step": null, "ts": 1683777633.4625685}]}, "version": 91}
{"obj": {"type": "LogStrings", "path": ["monitoring", "9d2e9417", "stdout"], "values": [{"value": "\n", "step": null, "ts": 1683777633.4634826}]}, "version": 92}
{"obj": {"type": "LogStrings", "path": ["monitoring", "9d2e9417", "stdout"], "values": [{"value": "torch.Size([20, 512])", "step": null, "ts": 1683777633.704737}]}, "version": 93}
{"obj": {"type": "LogStrings", "path": ["monitoring", "9d2e9417", "stdout"], "values": [{"value": "\n", "step": null, "ts": 1683777633.7053428}]}, "version": 94}
{"obj": {"type": "LogStrings", "path": ["monitoring", "9d2e9417", "stdout"], "values": [{"value": "torch.Size([20, 512])", "step": null, "ts": 1683777633.9500804}]}, "version": 95}
{"obj": {"type": "LogStrings", "path": ["monitoring", "9d2e9417", "stdout"], "values": [{"value": "\n", "step": null, "ts": 1683777633.950915}]}, "version": 96}
{"obj": {"type": "LogStrings", "path": ["monitoring", "9d2e9417", "stdout"], "values": [{"value": "torch.Size([20, 512])", "step": null, "ts": 1683777634.195104}]}, "version": 97}
{"obj": {"type": "LogStrings", "path": ["monitoring", "9d2e9417", "stdout"], "values": [{"value": "\n", "step": null, "ts": 1683777634.1959674}]}, "version": 98}
{"obj": {"type": "LogStrings", "path": ["monitoring", "9d2e9417", "stdout"], "values": [{"value": "torch.Size([20, 512])", "step": null, "ts": 1683777634.4374607}]}, "version": 99}
{"obj": {"type": "LogStrings", "path": ["monitoring", "9d2e9417", "stdout"], "values": [{"value": "\n", "step": null, "ts": 1683777634.5187643}]}, "version": 100}
{"obj": {"type": "LogStrings", "path": ["monitoring", "9d2e9417", "stdout"], "values": [{"value": "torch.Size([20, 512])", "step": null, "ts": 1683777634.6803172}]}, "version": 101}
{"obj": {"type": "LogStrings", "path": ["monitoring", "9d2e9417", "stdout"], "values": [{"value": "\n", "step": null, "ts": 1683777634.6814733}]}, "version": 102}
{"obj": {"type": "LogStrings", "path": ["monitoring", "9d2e9417", "stdout"], "values": [{"value": "torch.Size([20, 512])", "step": null, "ts": 1683777634.9237328}]}, "version": 103}
{"obj": {"type": "LogStrings", "path": ["monitoring", "9d2e9417", "stdout"], "values": [{"value": "\n", "step": null, "ts": 1683777634.924401}]}, "version": 104}
{"obj": {"type": "LogStrings", "path": ["monitoring", "9d2e9417", "stdout"], "values": [{"value": "torch.Size([20, 512])", "step": null, "ts": 1683777635.1685677}]}, "version": 105}
{"obj": {"type": "LogStrings", "path": ["monitoring", "9d2e9417", "stdout"], "values": [{"value": "\n", "step": null, "ts": 1683777635.1692784}]}, "version": 106}
{"obj": {"type": "LogStrings", "path": ["monitoring", "9d2e9417", "stdout"], "values": [{"value": "torch.Size([20, 512])", "step": null, "ts": 1683777635.4127605}]}, "version": 107}
{"obj": {"type": "LogStrings", "path": ["monitoring", "9d2e9417", "stdout"], "values": [{"value": "\n", "step": null, "ts": 1683777635.413306}]}, "version": 108}
{"obj": {"type": "LogStrings", "path": ["monitoring", "9d2e9417", "stdout"], "values": [{"value": "torch.Size([20, 512])", "step": null, "ts": 1683777635.65583}]}, "version": 109}
{"obj": {"type": "LogStrings", "path": ["monitoring", "9d2e9417", "stdout"], "values": [{"value": "\n", "step": null, "ts": 1683777635.6564121}]}, "version": 110}
{"obj": {"type": "LogStrings", "path": ["monitoring", "9d2e9417", "stdout"], "values": [{"value": "torch.Size([20, 512])", "step": null, "ts": 1683777635.8994284}]}, "version": 111}
{"obj": {"type": "LogStrings", "path": ["monitoring", "9d2e9417", "stdout"], "values": [{"value": "\n", "step": null, "ts": 1683777635.9802234}]}, "version": 112}
{"obj": {"type": "LogStrings", "path": ["monitoring", "9d2e9417", "stdout"], "values": [{"value": "torch.Size([20, 512])", "step": null, "ts": 1683777636.144363}]}, "version": 113}
{"obj": {"type": "LogStrings", "path": ["monitoring", "9d2e9417", "stdout"], "values": [{"value": "\n", "step": null, "ts": 1683777636.145853}]}, "version": 114}
{"obj": {"type": "LogStrings", "path": ["monitoring", "9d2e9417", "stdout"], "values": [{"value": "torch.Size([20, 512])", "step": null, "ts": 1683777636.3872564}]}, "version": 115}
{"obj": {"type": "LogStrings", "path": ["monitoring", "9d2e9417", "stdout"], "values": [{"value": "\n", "step": null, "ts": 1683777636.3878012}]}, "version": 116}
{"obj": {"type": "LogStrings", "path": ["monitoring", "9d2e9417", "stdout"], "values": [{"value": "torch.Size([20, 512])", "step": null, "ts": 1683777636.6300805}]}, "version": 117}
{"obj": {"type": "LogStrings", "path": ["monitoring", "9d2e9417", "stdout"], "values": [{"value": "\n", "step": null, "ts": 1683777636.6307232}]}, "version": 118}
{"obj": {"type": "LogStrings", "path": ["monitoring", "9d2e9417", "stdout"], "values": [{"value": "torch.Size([20, 512])", "step": null, "ts": 1683777636.8738878}]}, "version": 119}
{"obj": {"type": "LogStrings", "path": ["monitoring", "9d2e9417", "stdout"], "values": [{"value": "\n", "step": null, "ts": 1683777636.8754463}]}, "version": 120}
{"obj": {"type": "LogStrings", "path": ["monitoring", "9d2e9417", "stdout"], "values": [{"value": "torch.Size([20, 512])", "step": null, "ts": 1683777637.1170294}]}, "version": 121}
{"obj": {"type": "LogStrings", "path": ["monitoring", "9d2e9417", "stdout"], "values": [{"value": "\n", "step": null, "ts": 1683777637.1979446}]}, "version": 122}
{"obj": {"type": "LogStrings", "path": ["monitoring", "9d2e9417", "stdout"], "values": [{"value": "torch.Size([20, 512])", "step": null, "ts": 1683777637.3583634}]}, "version": 123}
{"obj": {"type": "LogStrings", "path": ["monitoring", "9d2e9417", "stdout"], "values": [{"value": "\n", "step": null, "ts": 1683777637.3592463}]}, "version": 124}
{"obj": {"type": "LogStrings", "path": ["monitoring", "9d2e9417", "stdout"], "values": [{"value": "torch.Size([20, 512])", "step": null, "ts": 1683777637.6021774}]}, "version": 125}
{"obj": {"type": "LogStrings", "path": ["monitoring", "9d2e9417", "stdout"], "values": [{"value": "\n", "step": null, "ts": 1683777637.6030695}]}, "version": 126}
{"obj": {"type": "LogFloats", "path": ["monitoring", "9d2e9417", "cpu"], "values": [{"value": 6.9, "step": null, "ts": 1683777637.8384151}]}, "version": 127}
{"obj": {"type": "LogFloats", "path": ["monitoring", "9d2e9417", "memory"], "values": [{"value": 14.384784698486328, "step": null, "ts": 1683777637.8384151}]}, "version": 128}
{"obj": {"type": "LogFloats", "path": ["monitoring", "9d2e9417", "gpu_0"], "values": [{"value": 90.0, "step": null, "ts": 1683777637.8384151}]}, "version": 129}
{"obj": {"type": "LogFloats", "path": ["monitoring", "9d2e9417", "gpu_memory_0"], "values": [{"value": 7.67999267578125, "step": null, "ts": 1683777637.8384151}]}, "version": 130}
{"obj": {"type": "LogFloats", "path": ["monitoring", "9d2e9417", "gpu_memory_1"], "values": [{"value": 0.86212158203125, "step": null, "ts": 1683777637.8384151}]}, "version": 131}
{"obj": {"type": "LogStrings", "path": ["monitoring", "9d2e9417", "stdout"], "values": [{"value": "torch.Size([20, 512])", "step": null, "ts": 1683777637.8458824}]}, "version": 132}
{"obj": {"type": "LogStrings", "path": ["monitoring", "9d2e9417", "stdout"], "values": [{"value": "\n", "step": null, "ts": 1683777637.8469026}]}, "version": 133}
{"obj": {"type": "LogStrings", "path": ["monitoring", "9d2e9417", "stdout"], "values": [{"value": "torch.Size([20, 512])", "step": null, "ts": 1683777638.093319}]}, "version": 134}
{"obj": {"type": "LogStrings", "path": ["monitoring", "9d2e9417", "stdout"], "values": [{"value": "\n", "step": null, "ts": 1683777638.094031}]}, "version": 135}
{"obj": {"type": "LogStrings", "path": ["monitoring", "9d2e9417", "stdout"], "values": [{"value": "torch.Size([20, 512])", "step": null, "ts": 1683777638.336978}]}, "version": 136}
{"obj": {"type": "LogStrings", "path": ["monitoring", "9d2e9417", "stdout"], "values": [{"value": "\n", "step": null, "ts": 1683777638.4181447}]}, "version": 137}
{"obj": {"type": "LogStrings", "path": ["monitoring", "9d2e9417", "stdout"], "values": [{"value": "torch.Size([20, 512])", "step": null, "ts": 1683777638.579204}]}, "version": 138}
{"obj": {"type": "LogStrings", "path": ["monitoring", "9d2e9417", "stdout"], "values": [{"value": "\n", "step": null, "ts": 1683777638.5799325}]}, "version": 139}
{"obj": {"type": "LogStrings", "path": ["monitoring", "9d2e9417", "stdout"], "values": [{"value": "torch.Size([20, 512])", "step": null, "ts": 1683777638.822994}]}, "version": 140}
{"obj": {"type": "LogStrings", "path": ["monitoring", "9d2e9417", "stdout"], "values": [{"value": "\n", "step": null, "ts": 1683777638.8237245}]}, "version": 141}
{"obj": {"type": "LogStrings", "path": ["monitoring", "9d2e9417", "stdout"], "values": [{"value": "torch.Size([20, 512])", "step": null, "ts": 1683777639.0674894}]}, "version": 142}
{"obj": {"type": "LogStrings", "path": ["monitoring", "9d2e9417", "stdout"], "values": [{"value": "\n", "step": null, "ts": 1683777639.0680501}]}, "version": 143}
{"obj": {"type": "LogStrings", "path": ["monitoring", "9d2e9417", "stdout"], "values": [{"value": "torch.Size([20, 512])", "step": null, "ts": 1683777639.3109112}]}, "version": 144}
{"obj": {"type": "LogStrings", "path": ["monitoring", "9d2e9417", "stdout"], "values": [{"value": "\n", "step": null, "ts": 1683777639.311562}]}, "version": 145}
{"obj": {"type": "LogStrings", "path": ["monitoring", "9d2e9417", "stdout"], "values": [{"value": "torch.Size([20, 512])", "step": null, "ts": 1683777639.5536642}]}, "version": 146}
{"obj": {"type": "LogStrings", "path": ["monitoring", "9d2e9417", "stdout"], "values": [{"value": "\n", "step": null, "ts": 1683777639.5548549}]}, "version": 147}
{"obj": {"type": "LogStrings", "path": ["monitoring", "9d2e9417", "stdout"], "values": [{"value": "torch.Size([20, 512])", "step": null, "ts": 1683777639.800346}]}, "version": 148}
{"obj": {"type": "LogStrings", "path": ["monitoring", "9d2e9417", "stdout"], "values": [{"value": "\n", "step": null, "ts": 1683777639.800919}]}, "version": 149}
{"obj": {"type": "LogStrings", "path": ["monitoring", "9d2e9417", "stdout"], "values": [{"value": "torch.Size([20, 512])", "step": null, "ts": 1683777640.044102}]}, "version": 150}
{"obj": {"type": "LogStrings", "path": ["monitoring", "9d2e9417", "stdout"], "values": [{"value": "\n", "step": null, "ts": 1683777640.0446084}]}, "version": 151}
{"obj": {"type": "LogStrings", "path": ["monitoring", "9d2e9417", "stdout"], "values": [{"value": "torch.Size([20, 512])", "step": null, "ts": 1683777640.2866898}]}, "version": 152}
{"obj": {"type": "LogStrings", "path": ["monitoring", "9d2e9417", "stdout"], "values": [{"value": "\n", "step": null, "ts": 1683777640.2873583}]}, "version": 153}
{"obj": {"type": "LogStrings", "path": ["monitoring", "9d2e9417", "stdout"], "values": [{"value": "torch.Size([20, 512])", "step": null, "ts": 1683777640.5323992}]}, "version": 154}
{"obj": {"type": "LogStrings", "path": ["monitoring", "9d2e9417", "stdout"], "values": [{"value": "\n", "step": null, "ts": 1683777640.6140945}]}, "version": 155}
{"obj": {"type": "LogStrings", "path": ["monitoring", "9d2e9417", "stdout"], "values": [{"value": "torch.Size([20, 512])", "step": null, "ts": 1683777640.7770677}]}, "version": 156}
{"obj": {"type": "LogStrings", "path": ["monitoring", "9d2e9417", "stdout"], "values": [{"value": "\n", "step": null, "ts": 1683777640.7778854}]}, "version": 157}
{"obj": {"type": "LogStrings", "path": ["monitoring", "9d2e9417", "stdout"], "values": [{"value": "torch.Size([20, 512])", "step": null, "ts": 1683777641.0213568}]}, "version": 158}
{"obj": {"type": "LogStrings", "path": ["monitoring", "9d2e9417", "stdout"], "values": [{"value": "\n", "step": null, "ts": 1683777641.0224812}]}, "version": 159}
{"obj": {"type": "LogStrings", "path": ["monitoring", "9d2e9417", "stdout"], "values": [{"value": "torch.Size([20, 512])", "step": null, "ts": 1683777641.268005}]}, "version": 160}
{"obj": {"type": "LogStrings", "path": ["monitoring", "9d2e9417", "stdout"], "values": [{"value": "\n", "step": null, "ts": 1683777641.268742}]}, "version": 161}
{"obj": {"type": "LogStrings", "path": ["monitoring", "9d2e9417", "stdout"], "values": [{"value": "torch.Size([20, 512])", "step": null, "ts": 1683777641.5161593}]}, "version": 162}
{"obj": {"type": "LogStrings", "path": ["monitoring", "9d2e9417", "stdout"], "values": [{"value": "\n", "step": null, "ts": 1683777641.5169165}]}, "version": 163}
{"obj": {"type": "LogStrings", "path": ["monitoring", "9d2e9417", "stdout"], "values": [{"value": "torch.Size([20, 512])", "step": null, "ts": 1683777641.760329}]}, "version": 164}
{"obj": {"type": "LogStrings", "path": ["monitoring", "9d2e9417", "stdout"], "values": [{"value": "\n", "step": null, "ts": 1683777641.7609832}]}, "version": 165}
{"obj": {"type": "LogStrings", "path": ["monitoring", "9d2e9417", "stdout"], "values": [{"value": "torch.Size([20, 512])", "step": null, "ts": 1683777642.008114}]}, "version": 166}
{"obj": {"type": "LogStrings", "path": ["monitoring", "9d2e9417", "stdout"], "values": [{"value": "\n", "step": null, "ts": 1683777642.0897691}]}, "version": 167}
{"obj": {"type": "LogStrings", "path": ["monitoring", "9d2e9417", "stdout"], "values": [{"value": "torch.Size([20, 512])", "step": null, "ts": 1683777642.2524116}]}, "version": 168}
{"obj": {"type": "LogStrings", "path": ["monitoring", "9d2e9417", "stdout"], "values": [{"value": "\n", "step": null, "ts": 1683777642.2531211}]}, "version": 169}
{"obj": {"type": "LogStrings", "path": ["monitoring", "9d2e9417", "stdout"], "values": [{"value": "torch.Size([20, 512])", "step": null, "ts": 1683777642.4965725}]}, "version": 170}
{"obj": {"type": "LogStrings", "path": ["monitoring", "9d2e9417", "stdout"], "values": [{"value": "\n", "step": null, "ts": 1683777642.5786376}]}, "version": 171}
{"obj": {"type": "LogStrings", "path": ["monitoring", "9d2e9417", "stdout"], "values": [{"value": "torch.Size([20, 512])", "step": null, "ts": 1683777642.74217}]}, "version": 172}
{"obj": {"type": "LogStrings", "path": ["monitoring", "9d2e9417", "stdout"], "values": [{"value": "\n", "step": null, "ts": 1683777642.7431476}]}, "version": 173}
{"obj": {"type": "LogStrings", "path": ["monitoring", "9d2e9417", "stdout"], "values": [{"value": "torch.Size([20, 512])", "step": null, "ts": 1683777642.9875257}]}, "version": 174}
{"obj": {"type": "LogStrings", "path": ["monitoring", "9d2e9417", "stdout"], "values": [{"value": "\n", "step": null, "ts": 1683777642.9883828}]}, "version": 175}
{"obj": {"type": "LogStrings", "path": ["monitoring", "9d2e9417", "stdout"], "values": [{"value": "torch.Size([20, 512])", "step": null, "ts": 1683777643.232797}]}, "version": 176}
{"obj": {"type": "LogStrings", "path": ["monitoring", "9d2e9417", "stdout"], "values": [{"value": "\n", "step": null, "ts": 1683777643.234456}]}, "version": 177}
{"obj": {"type": "LogStrings", "path": ["monitoring", "9d2e9417", "stdout"], "values": [{"value": "torch.Size([20, 512])", "step": null, "ts": 1683777643.4781752}]}, "version": 178}
{"obj": {"type": "LogStrings", "path": ["monitoring", "9d2e9417", "stdout"], "values": [{"value": "\n", "step": null, "ts": 1683777643.4794462}]}, "version": 179}
{"obj": {"type": "LogStrings", "path": ["monitoring", "9d2e9417", "stdout"], "values": [{"value": "torch.Size([20, 512])", "step": null, "ts": 1683777643.7229047}]}, "version": 180}
{"obj": {"type": "LogStrings", "path": ["monitoring", "9d2e9417", "stdout"], "values": [{"value": "\n", "step": null, "ts": 1683777643.7236958}]}, "version": 181}
{"obj": {"type": "LogStrings", "path": ["monitoring", "9d2e9417", "stdout"], "values": [{"value": "torch.Size([20, 512])", "step": null, "ts": 1683777643.967595}]}, "version": 182}
{"obj": {"type": "LogStrings", "path": ["monitoring", "9d2e9417", "stdout"], "values": [{"value": "\n", "step": null, "ts": 1683777643.9683976}]}, "version": 183}
{"obj": {"type": "LogStrings", "path": ["monitoring", "9d2e9417", "stdout"], "values": [{"value": "torch.Size([20, 512])", "step": null, "ts": 1683777644.2150488}]}, "version": 184}
{"obj": {"type": "LogStrings", "path": ["monitoring", "9d2e9417", "stdout"], "values": [{"value": "\n", "step": null, "ts": 1683777644.215781}]}, "version": 185}
{"obj": {"type": "LogStrings", "path": ["monitoring", "9d2e9417", "stdout"], "values": [{"value": "torch.Size([20, 512])", "step": null, "ts": 1683777644.4581208}]}, "version": 186}
{"obj": {"type": "LogStrings", "path": ["monitoring", "9d2e9417", "stdout"], "values": [{"value": "\n", "step": null, "ts": 1683777644.4587388}]}, "version": 187}
{"obj": {"type": "LogStrings", "path": ["monitoring", "9d2e9417", "stdout"], "values": [{"value": "torch.Size([20, 512])", "step": null, "ts": 1683777644.7033825}]}, "version": 188}
{"obj": {"type": "LogStrings", "path": ["monitoring", "9d2e9417", "stdout"], "values": [{"value": "\n", "step": null, "ts": 1683777644.7041368}]}, "version": 189}
{"obj": {"type": "LogStrings", "path": ["monitoring", "9d2e9417", "stdout"], "values": [{"value": "torch.Size([20, 512])", "step": null, "ts": 1683777644.9473996}]}, "version": 190}
{"obj": {"type": "LogStrings", "path": ["monitoring", "9d2e9417", "stdout"], "values": [{"value": "\n", "step": null, "ts": 1683777644.9480343}]}, "version": 191}
{"obj": {"type": "LogStrings", "path": ["monitoring", "9d2e9417", "stdout"], "values": [{"value": "torch.Size([20, 512])", "step": null, "ts": 1683777645.1926477}]}, "version": 192}
{"obj": {"type": "LogStrings", "path": ["monitoring", "9d2e9417", "stdout"], "values": [{"value": "\n", "step": null, "ts": 1683777645.1933017}]}, "version": 193}
{"obj": {"type": "LogStrings", "path": ["monitoring", "9d2e9417", "stdout"], "values": [{"value": "torch.Size([20, 512])", "step": null, "ts": 1683777645.4364471}]}, "version": 194}
{"obj": {"type": "LogStrings", "path": ["monitoring", "9d2e9417", "stdout"], "values": [{"value": "\n", "step": null, "ts": 1683777645.437048}]}, "version": 195}
{"obj": {"type": "LogStrings", "path": ["monitoring", "9d2e9417", "stdout"], "values": [{"value": "torch.Size([20, 512])", "step": null, "ts": 1683777645.6824043}]}, "version": 196}
{"obj": {"type": "LogStrings", "path": ["monitoring", "9d2e9417", "stdout"], "values": [{"value": "\n", "step": null, "ts": 1683777645.7647734}]}, "version": 197}
{"obj": {"type": "LogStrings", "path": ["monitoring", "9d2e9417", "stdout"], "values": [{"value": "torch.Size([20, 512])", "step": null, "ts": 1683777645.928709}]}, "version": 198}
{"obj": {"type": "LogStrings", "path": ["monitoring", "9d2e9417", "stdout"], "values": [{"value": "\n", "step": null, "ts": 1683777645.9297419}]}, "version": 199}
{"obj": {"type": "LogStrings", "path": ["monitoring", "9d2e9417", "stdout"], "values": [{"value": "torch.Size([20, 512])", "step": null, "ts": 1683777646.1837895}]}, "version": 200}
{"obj": {"type": "LogStrings", "path": ["monitoring", "9d2e9417", "stdout"], "values": [{"value": "\n", "step": null, "ts": 1683777646.1846683}]}, "version": 201}
{"obj": {"type": "LogStrings", "path": ["monitoring", "9d2e9417", "traceback"], "values": [{"value": "An uncaught exception occurred while run was active on worker seoul.", "step": null, "ts": 1683777646.4112573}, {"value": "Marking run as failed", "step": null, "ts": 1683777646.4112573}, {"value": "Traceback:", "step": null, "ts": 1683777646.4112573}, {"value": "  File \"/home/ssh6847/miniconda3/envs/byt5/lib/python3.8/runpy.py\", line 194, in _run_module_as_main\n    return _run_code(code, main_globals, None,\n", "step": null, "ts": 1683777646.4112573}, {"value": "  File \"/home/ssh6847/miniconda3/envs/byt5/lib/python3.8/runpy.py\", line 87, in _run_code\n    exec(code, run_globals)\n", "step": null, "ts": 1683777646.4112573}, {"value": "  File \"/data/spencer/byt5/nanobyT5/nanoT5/main.py\", line 75, in <module>\n    main()\n", "step": null, "ts": 1683777646.4112573}, {"value": "  File \"/home/ssh6847/miniconda3/envs/byt5/lib/python3.8/site-packages/hydra/main.py\", line 94, in decorated_main\n    _run_hydra(\n", "step": null, "ts": 1683777646.4112573}, {"value": "  File \"/home/ssh6847/miniconda3/envs/byt5/lib/python3.8/site-packages/hydra/_internal/utils.py\", line 394, in _run_hydra\n    _run_app(\n", "step": null, "ts": 1683777646.4112573}, {"value": "  File \"/home/ssh6847/miniconda3/envs/byt5/lib/python3.8/site-packages/hydra/_internal/utils.py\", line 457, in _run_app\n    run_and_report(\n", "step": null, "ts": 1683777646.4112573}, {"value": "  File \"/home/ssh6847/miniconda3/envs/byt5/lib/python3.8/site-packages/hydra/_internal/utils.py\", line 220, in run_and_report\n    return func()\n", "step": null, "ts": 1683777646.4112573}]}, "version": 202}
{"obj": {"type": "LogStrings", "path": ["monitoring", "9d2e9417", "traceback"], "values": [{"value": "  File \"/home/ssh6847/miniconda3/envs/byt5/lib/python3.8/site-packages/hydra/_internal/utils.py\", line 458, in <lambda>\n    lambda: hydra.run(\n", "step": null, "ts": 1683777646.4112573}, {"value": "  File \"/home/ssh6847/miniconda3/envs/byt5/lib/python3.8/site-packages/hydra/_internal/hydra.py\", line 119, in run\n    ret = run_job(\n", "step": null, "ts": 1683777646.4112573}, {"value": "  File \"/home/ssh6847/miniconda3/envs/byt5/lib/python3.8/site-packages/hydra/core/utils.py\", line 186, in run_job\n    ret.return_value = task_function(task_cfg)\n", "step": null, "ts": 1683777646.4112573}, {"value": "  File \"/data/spencer/byt5/nanobyT5/nanoT5/main.py\", line 68, in main\n    train(model, train_dataloader, test_dataloader, accelerator,\n", "step": null, "ts": 1683777646.4112573}, {"value": "  File \"/data/spencer/byt5/nanobyT5/nanoT5/utils/train_utils.py\", line 194, in train\n    for batch_id, batch in enumerate(train_dataloader, start=1):\n", "step": null, "ts": 1683777646.4112573}, {"value": "  File \"/home/ssh6847/miniconda3/envs/byt5/lib/python3.8/site-packages/accelerate/data_loader.py\", line 387, in __iter__\n    current_batch = send_to_device(current_batch, self.device)\n", "step": null, "ts": 1683777646.4112573}, {"value": "  File \"/home/ssh6847/miniconda3/envs/byt5/lib/python3.8/site-packages/accelerate/utils/operations.py\", line 148, in send_to_device\n    return recursively_apply(_send_to_device, tensor, device, non_blocking, test_type=_has_to_method)\n", "step": null, "ts": 1683777646.4112573}, {"value": "  File \"/home/ssh6847/miniconda3/envs/byt5/lib/python3.8/site-packages/accelerate/utils/operations.py\", line 108, in recursively_apply\n    {\n", "step": null, "ts": 1683777646.4112573}, {"value": "  File \"/home/ssh6847/miniconda3/envs/byt5/lib/python3.8/site-packages/accelerate/utils/operations.py\", line 109, in <dictcomp>\n    k: recursively_apply(\n", "step": null, "ts": 1683777646.4112573}, {"value": "  File \"/home/ssh6847/miniconda3/envs/byt5/lib/python3.8/site-packages/accelerate/utils/operations.py\", line 116, in recursively_apply\n    return func(data, *args, **kwargs)\n", "step": null, "ts": 1683777646.4112573}]}, "version": 203}
{"obj": {"type": "LogStrings", "path": ["monitoring", "9d2e9417", "traceback"], "values": [{"value": "  File \"/home/ssh6847/miniconda3/envs/byt5/lib/python3.8/site-packages/accelerate/utils/operations.py\", line 141, in _send_to_device\n    return t.to(device, non_blocking=non_blocking)\n", "step": null, "ts": 1683777646.4112573}, {"value": "", "step": null, "ts": 1683777646.4112573}]}, "version": 204}
{"obj": {"type": "AssignBool", "path": ["sys", "failed"], "value": true}, "version": 205}
{"obj": {"type": "LogStrings", "path": ["monitoring", "9d2e9417", "stderr"], "values": [{"value": "Traceback (most recent call last):\n", "step": null, "ts": 1683777646.4157033}]}, "version": 206}
{"obj": {"type": "LogStrings", "path": ["monitoring", "9d2e9417", "stderr"], "values": [{"value": "  File \"/home/ssh6847/miniconda3/envs/byt5/lib/python3.8/runpy.py\", line 194, in _run_module_as_main\n", "step": null, "ts": 1683777646.4163554}]}, "version": 207}
{"obj": {"type": "LogStrings", "path": ["monitoring", "9d2e9417", "stderr"], "values": [{"value": "    ", "step": null, "ts": 1683777646.417389}]}, "version": 208}
{"obj": {"type": "LogStrings", "path": ["monitoring", "9d2e9417", "stderr"], "values": [{"value": "return _run_code(code, main_globals, None,", "step": null, "ts": 1683777646.4183176}]}, "version": 209}
{"obj": {"type": "LogStrings", "path": ["monitoring", "9d2e9417", "stderr"], "values": [{"value": "\n", "step": null, "ts": 1683777646.41898}]}, "version": 210}
{"obj": {"type": "LogStrings", "path": ["monitoring", "9d2e9417", "stderr"], "values": [{"value": "  File \"/home/ssh6847/miniconda3/envs/byt5/lib/python3.8/runpy.py\", line 87, in _run_code\n", "step": null, "ts": 1683777646.4202762}]}, "version": 211}
{"obj": {"type": "LogStrings", "path": ["monitoring", "9d2e9417", "stderr"], "values": [{"value": "    ", "step": null, "ts": 1683777646.4206467}]}, "version": 212}
{"obj": {"type": "LogStrings", "path": ["monitoring", "9d2e9417", "stderr"], "values": [{"value": "exec(code, run_globals)", "step": null, "ts": 1683777646.4210203}]}, "version": 213}
{"obj": {"type": "LogStrings", "path": ["monitoring", "9d2e9417", "stderr"], "values": [{"value": "\n", "step": null, "ts": 1683777646.421501}]}, "version": 214}
{"obj": {"type": "LogStrings", "path": ["monitoring", "9d2e9417", "stderr"], "values": [{"value": "  File \"/data/spencer/byt5/nanobyT5/nanoT5/main.py\", line 75, in <module>\n", "step": null, "ts": 1683777646.421902}]}, "version": 215}
{"obj": {"type": "LogStrings", "path": ["monitoring", "9d2e9417", "stderr"], "values": [{"value": "    ", "step": null, "ts": 1683777646.422383}]}, "version": 216}
{"obj": {"type": "LogStrings", "path": ["monitoring", "9d2e9417", "stderr"], "values": [{"value": "main()", "step": null, "ts": 1683777646.4227579}]}, "version": 217}
{"obj": {"type": "LogStrings", "path": ["monitoring", "9d2e9417", "stderr"], "values": [{"value": "\n", "step": null, "ts": 1683777646.4232712}]}, "version": 218}
{"obj": {"type": "LogStrings", "path": ["monitoring", "9d2e9417", "stderr"], "values": [{"value": "  File \"/home/ssh6847/miniconda3/envs/byt5/lib/python3.8/site-packages/hydra/main.py\", line 94, in decorated_main\n", "step": null, "ts": 1683777646.4240882}]}, "version": 219}
{"obj": {"type": "LogStrings", "path": ["monitoring", "9d2e9417", "stderr"], "values": [{"value": "    ", "step": null, "ts": 1683777646.4244583}]}, "version": 220}
{"obj": {"type": "LogStrings", "path": ["monitoring", "9d2e9417", "stderr"], "values": [{"value": "_run_hydra(", "step": null, "ts": 1683777646.4247615}]}, "version": 221}
{"obj": {"type": "LogStrings", "path": ["monitoring", "9d2e9417", "stderr"], "values": [{"value": "\n", "step": null, "ts": 1683777646.4252954}]}, "version": 222}
{"obj": {"type": "LogStrings", "path": ["monitoring", "9d2e9417", "stderr"], "values": [{"value": "  File \"/home/ssh6847/miniconda3/envs/byt5/lib/python3.8/site-packages/hydra/_internal/utils.py\", line 394, in _run_hydra\n", "step": null, "ts": 1683777646.4256332}]}, "version": 223}
{"obj": {"type": "LogStrings", "path": ["monitoring", "9d2e9417", "stderr"], "values": [{"value": "    ", "step": null, "ts": 1683777646.4259915}]}, "version": 224}
{"obj": {"type": "LogStrings", "path": ["monitoring", "9d2e9417", "stderr"], "values": [{"value": "_run_app(", "step": null, "ts": 1683777646.4265375}]}, "version": 225}
{"obj": {"type": "LogStrings", "path": ["monitoring", "9d2e9417", "stderr"], "values": [{"value": "\n", "step": null, "ts": 1683777646.4269986}]}, "version": 226}
{"obj": {"type": "LogStrings", "path": ["monitoring", "9d2e9417", "stderr"], "values": [{"value": "  File \"/home/ssh6847/miniconda3/envs/byt5/lib/python3.8/site-packages/hydra/_internal/utils.py\", line 457, in _run_app\n", "step": null, "ts": 1683777646.4273887}]}, "version": 227}
{"obj": {"type": "LogStrings", "path": ["monitoring", "9d2e9417", "stderr"], "values": [{"value": "    ", "step": null, "ts": 1683777646.427707}]}, "version": 228}
{"obj": {"type": "LogStrings", "path": ["monitoring", "9d2e9417", "stderr"], "values": [{"value": "run_and_report(", "step": null, "ts": 1683777646.428078}]}, "version": 229}
{"obj": {"type": "LogStrings", "path": ["monitoring", "9d2e9417", "stderr"], "values": [{"value": "\n", "step": null, "ts": 1683777646.4284277}]}, "version": 230}
{"obj": {"type": "LogStrings", "path": ["monitoring", "9d2e9417", "stderr"], "values": [{"value": "  File \"/home/ssh6847/miniconda3/envs/byt5/lib/python3.8/site-packages/hydra/_internal/utils.py\", line 220, in run_and_report\n", "step": null, "ts": 1683777646.4290442}]}, "version": 231}
{"obj": {"type": "LogStrings", "path": ["monitoring", "9d2e9417", "stderr"], "values": [{"value": "    ", "step": null, "ts": 1683777646.429368}]}, "version": 232}
{"obj": {"type": "LogStrings", "path": ["monitoring", "9d2e9417", "stderr"], "values": [{"value": "return func()", "step": null, "ts": 1683777646.4299023}]}, "version": 233}
{"obj": {"type": "LogStrings", "path": ["monitoring", "9d2e9417", "stderr"], "values": [{"value": "\n", "step": null, "ts": 1683777646.4302194}]}, "version": 234}
{"obj": {"type": "LogStrings", "path": ["monitoring", "9d2e9417", "stderr"], "values": [{"value": "  File \"/home/ssh6847/miniconda3/envs/byt5/lib/python3.8/site-packages/hydra/_internal/utils.py\", line 458, in <lambda>\n", "step": null, "ts": 1683777646.4312468}]}, "version": 235}
{"obj": {"type": "LogStrings", "path": ["monitoring", "9d2e9417", "stderr"], "values": [{"value": "    ", "step": null, "ts": 1683777646.432587}]}, "version": 236}
{"obj": {"type": "LogStrings", "path": ["monitoring", "9d2e9417", "stderr"], "values": [{"value": "lambda: hydra.run(", "step": null, "ts": 1683777646.4337285}]}, "version": 237}
{"obj": {"type": "LogStrings", "path": ["monitoring", "9d2e9417", "stderr"], "values": [{"value": "\n", "step": null, "ts": 1683777646.434027}]}, "version": 238}
{"obj": {"type": "LogStrings", "path": ["monitoring", "9d2e9417", "stderr"], "values": [{"value": "  File \"/home/ssh6847/miniconda3/envs/byt5/lib/python3.8/site-packages/hydra/_internal/hydra.py\", line 119, in run\n", "step": null, "ts": 1683777646.4354181}]}, "version": 239}
{"obj": {"type": "LogStrings", "path": ["monitoring", "9d2e9417", "stderr"], "values": [{"value": "    ", "step": null, "ts": 1683777646.4357011}]}, "version": 240}
{"obj": {"type": "LogStrings", "path": ["monitoring", "9d2e9417", "stderr"], "values": [{"value": "ret = run_job(", "step": null, "ts": 1683777646.4366918}]}, "version": 241}
{"obj": {"type": "LogStrings", "path": ["monitoring", "9d2e9417", "stderr"], "values": [{"value": "\n", "step": null, "ts": 1683777646.4370463}]}, "version": 242}
{"obj": {"type": "LogStrings", "path": ["monitoring", "9d2e9417", "stderr"], "values": [{"value": "  File \"/home/ssh6847/miniconda3/envs/byt5/lib/python3.8/site-packages/hydra/core/utils.py\", line 186, in run_job\n", "step": null, "ts": 1683777646.437431}]}, "version": 243}
{"obj": {"type": "LogStrings", "path": ["monitoring", "9d2e9417", "stderr"], "values": [{"value": "    ", "step": null, "ts": 1683777646.4378078}]}, "version": 244}
{"obj": {"type": "LogStrings", "path": ["monitoring", "9d2e9417", "stderr"], "values": [{"value": "ret.return_value = task_function(task_cfg)", "step": null, "ts": 1683777646.4381337}]}, "version": 245}
{"obj": {"type": "LogStrings", "path": ["monitoring", "9d2e9417", "stderr"], "values": [{"value": "\n", "step": null, "ts": 1683777646.439122}]}, "version": 246}
{"obj": {"type": "LogStrings", "path": ["monitoring", "9d2e9417", "stderr"], "values": [{"value": "  File \"/data/spencer/byt5/nanobyT5/nanoT5/main.py\", line 68, in main\n", "step": null, "ts": 1683777646.4395897}]}, "version": 247}
{"obj": {"type": "LogStrings", "path": ["monitoring", "9d2e9417", "stderr"], "values": [{"value": "    ", "step": null, "ts": 1683777646.4402335}]}, "version": 248}
{"obj": {"type": "LogStrings", "path": ["monitoring", "9d2e9417", "stderr"], "values": [{"value": "train(model, train_dataloader, test_dataloader, accelerator,", "step": null, "ts": 1683777646.44061}]}, "version": 249}
{"obj": {"type": "LogStrings", "path": ["monitoring", "9d2e9417", "stderr"], "values": [{"value": "\n", "step": null, "ts": 1683777646.4409542}]}, "version": 250}
{"obj": {"type": "LogStrings", "path": ["monitoring", "9d2e9417", "stderr"], "values": [{"value": "  File \"/data/spencer/byt5/nanobyT5/nanoT5/utils/train_utils.py\", line 194, in train\n", "step": null, "ts": 1683777646.441306}]}, "version": 251}
{"obj": {"type": "LogStrings", "path": ["monitoring", "9d2e9417", "stderr"], "values": [{"value": "    ", "step": null, "ts": 1683777646.4416716}]}, "version": 252}
{"obj": {"type": "LogStrings", "path": ["monitoring", "9d2e9417", "stderr"], "values": [{"value": "for batch_id, batch in enumerate(train_dataloader, start=1):", "step": null, "ts": 1683777646.442014}]}, "version": 253}
{"obj": {"type": "LogStrings", "path": ["monitoring", "9d2e9417", "stderr"], "values": [{"value": "\n", "step": null, "ts": 1683777646.4423678}]}, "version": 254}
{"obj": {"type": "LogStrings", "path": ["monitoring", "9d2e9417", "stderr"], "values": [{"value": "  File \"/home/ssh6847/miniconda3/envs/byt5/lib/python3.8/site-packages/accelerate/data_loader.py\", line 387, in __iter__\n", "step": null, "ts": 1683777646.4427414}]}, "version": 255}
{"obj": {"type": "LogStrings", "path": ["monitoring", "9d2e9417", "stderr"], "values": [{"value": "    ", "step": null, "ts": 1683777646.4430804}]}, "version": 256}
{"obj": {"type": "LogStrings", "path": ["monitoring", "9d2e9417", "stderr"], "values": [{"value": "current_batch = send_to_device(current_batch, self.device)", "step": null, "ts": 1683777646.4434204}]}, "version": 257}
{"obj": {"type": "LogStrings", "path": ["monitoring", "9d2e9417", "stderr"], "values": [{"value": "\n", "step": null, "ts": 1683777646.4437616}]}, "version": 258}
{"obj": {"type": "LogStrings", "path": ["monitoring", "9d2e9417", "stderr"], "values": [{"value": "  File \"/home/ssh6847/miniconda3/envs/byt5/lib/python3.8/site-packages/accelerate/utils/operations.py\", line 148, in send_to_device\n", "step": null, "ts": 1683777646.4441175}]}, "version": 259}
{"obj": {"type": "LogStrings", "path": ["monitoring", "9d2e9417", "stderr"], "values": [{"value": "    ", "step": null, "ts": 1683777646.4444714}]}, "version": 260}
{"obj": {"type": "LogStrings", "path": ["monitoring", "9d2e9417", "stderr"], "values": [{"value": "return recursively_apply(_send_to_device, tensor, device, non_blocking, test_type=_has_to_method)", "step": null, "ts": 1683777646.4448223}]}, "version": 261}
{"obj": {"type": "LogStrings", "path": ["monitoring", "9d2e9417", "stderr"], "values": [{"value": "\n", "step": null, "ts": 1683777646.4451754}]}, "version": 262}
{"obj": {"type": "LogStrings", "path": ["monitoring", "9d2e9417", "stderr"], "values": [{"value": "  File \"/home/ssh6847/miniconda3/envs/byt5/lib/python3.8/site-packages/accelerate/utils/operations.py\", line 108, in recursively_apply\n", "step": null, "ts": 1683777646.4455242}]}, "version": 263}
{"obj": {"type": "LogStrings", "path": ["monitoring", "9d2e9417", "stderr"], "values": [{"value": "    ", "step": null, "ts": 1683777646.4458725}]}, "version": 264}
{"obj": {"type": "LogStrings", "path": ["monitoring", "9d2e9417", "stderr"], "values": [{"value": "{", "step": null, "ts": 1683777646.4462488}]}, "version": 265}
{"obj": {"type": "LogStrings", "path": ["monitoring", "9d2e9417", "stderr"], "values": [{"value": "\n", "step": null, "ts": 1683777646.4467692}]}, "version": 266}
{"obj": {"type": "LogStrings", "path": ["monitoring", "9d2e9417", "stderr"], "values": [{"value": "  File \"/home/ssh6847/miniconda3/envs/byt5/lib/python3.8/site-packages/accelerate/utils/operations.py\", line 109, in <dictcomp>\n", "step": null, "ts": 1683777646.4475834}]}, "version": 267}
{"obj": {"type": "LogStrings", "path": ["monitoring", "9d2e9417", "stderr"], "values": [{"value": "    ", "step": null, "ts": 1683777646.4483418}]}, "version": 268}
{"obj": {"type": "LogStrings", "path": ["monitoring", "9d2e9417", "stderr"], "values": [{"value": "k: recursively_apply(", "step": null, "ts": 1683777646.4486992}]}, "version": 269}
{"obj": {"type": "LogStrings", "path": ["monitoring", "9d2e9417", "stderr"], "values": [{"value": "\n", "step": null, "ts": 1683777646.449062}]}, "version": 270}
{"obj": {"type": "LogStrings", "path": ["monitoring", "9d2e9417", "stderr"], "values": [{"value": "  File \"/home/ssh6847/miniconda3/envs/byt5/lib/python3.8/site-packages/accelerate/utils/operations.py\", line 116, in recursively_apply\n", "step": null, "ts": 1683777646.4494236}]}, "version": 271}
{"obj": {"type": "LogStrings", "path": ["monitoring", "9d2e9417", "stderr"], "values": [{"value": "    ", "step": null, "ts": 1683777646.449779}]}, "version": 272}
{"obj": {"type": "LogStrings", "path": ["monitoring", "9d2e9417", "stderr"], "values": [{"value": "return func(data, *args, **kwargs)", "step": null, "ts": 1683777646.4501097}]}, "version": 273}
{"obj": {"type": "LogStrings", "path": ["monitoring", "9d2e9417", "stderr"], "values": [{"value": "\n", "step": null, "ts": 1683777646.4504426}]}, "version": 274}
{"obj": {"type": "LogStrings", "path": ["monitoring", "9d2e9417", "stderr"], "values": [{"value": "  File \"/home/ssh6847/miniconda3/envs/byt5/lib/python3.8/site-packages/accelerate/utils/operations.py\", line 141, in _send_to_device\n", "step": null, "ts": 1683777646.450783}]}, "version": 275}
{"obj": {"type": "LogStrings", "path": ["monitoring", "9d2e9417", "stderr"], "values": [{"value": "    ", "step": null, "ts": 1683777646.4511242}]}, "version": 276}
{"obj": {"type": "LogStrings", "path": ["monitoring", "9d2e9417", "stderr"], "values": [{"value": "return t.to(device, non_blocking=non_blocking)", "step": null, "ts": 1683777646.4514647}]}, "version": 277}
{"obj": {"type": "LogStrings", "path": ["monitoring", "9d2e9417", "stderr"], "values": [{"value": "\n", "step": null, "ts": 1683777646.4530087}]}, "version": 278}
{"obj": {"type": "LogStrings", "path": ["monitoring", "9d2e9417", "stderr"], "values": [{"value": "KeyboardInterrupt", "step": null, "ts": 1683777646.4535494}]}, "version": 279}
{"obj": {"type": "LogStrings", "path": ["monitoring", "9d2e9417", "stdout"], "values": [{"value": "Shutting down background jobs, please wait a moment...\n", "step": null, "ts": 1683777646.453845}]}, "version": 280}
{"obj": {"type": "LogStrings", "path": ["monitoring", "9d2e9417", "stderr"], "values": [{"value": "", "step": null, "ts": 1683777646.454157}]}, "version": 281}
{"obj": {"type": "LogStrings", "path": ["monitoring", "9d2e9417", "stderr"], "values": [{"value": "\n", "step": null, "ts": 1683777646.454511}]}, "version": 282}
