[2023-05-10 22:50:12,615][Main][INFO] - Distributed environment: NO
Num processes: 1
Process index: 0
Local process index: 0
Device: cuda

Mixed precision type: no

[2023-05-10 22:50:12,615][Main][INFO] - Working directory is /data/spencer/byt5/nanobyT5/logs/2023-05-10/22-50-12
[2023-05-10 22:50:15,116][datasets.arrow_dataset][WARNING] - Loading cached processed dataset at /data/spencer/byt5/nanobyT5/nanoT5/utils/local_data/train/cache-55811058ae2730a0.arrow
[2023-05-10 22:50:15,117][datasets.arrow_dataset][WARNING] - Loading cached shuffled indices for dataset at /data/spencer/byt5/nanobyT5/nanoT5/utils/local_data/train/cache-c639dc3b982c1d18.arrow
[2023-05-10 22:50:15,122][datasets.arrow_dataset][WARNING] - Loading cached processed dataset at /data/spencer/byt5/nanobyT5/nanoT5/utils/local_data/test/cache-4fbda65458655174.arrow
[2023-05-10 22:50:15,122][datasets.arrow_dataset][WARNING] - Loading cached shuffled indices for dataset at /data/spencer/byt5/nanobyT5/nanoT5/utils/local_data/test/cache-0122d01ccc9e02bd.arrow
[2023-05-10 22:50:16,205][torch._utils_internal][INFO] - dynamo _convert_frame_assert._compile: {'co_name': 'forward', 'co_filename': '/home/ssh6847/miniconda3/envs/byt5/lib/python3.8/site-packages/transformers/models/t5/modeling_t5.py', 'co_firstlineno': 1615, 'cache_size': 0}
[2023-05-10 22:50:16,206][torch._subclasses.fake_tensor][INFO] - create_mode 0x7f9a57a364f0
[2023-05-10 22:50:17,901][torch._subclasses.fake_tensor][INFO] - create_mode 0x7f9a4d30ffa0
[2023-05-10 22:50:20,040][torch._subclasses.fake_tensor][INFO] - create_mode 0x7f9a4d1c5d60
[2023-05-10 22:50:21,951][torch._subclasses.fake_tensor][INFO] - create_mode 0x7f9a481f7070
[2023-05-10 22:50:25,415][torch._utils_internal][INFO] - dynamo _convert_frame_assert._compile: {'co_name': '__getitem__', 'co_filename': '/home/ssh6847/miniconda3/envs/byt5/lib/python3.8/site-packages/torch/nn/modules/container.py', 'co_firstlineno': 290, 'cache_size': 0}
[2023-05-10 22:50:25,415][torch._subclasses.fake_tensor][INFO] - create_mode 0x7f9a4d285940
[2023-05-10 22:50:25,419][torch._utils_internal][INFO] - dynamo _convert_frame_assert._compile: {'co_name': '_get_abs_string_index', 'co_filename': '/home/ssh6847/miniconda3/envs/byt5/lib/python3.8/site-packages/torch/nn/modules/container.py', 'co_firstlineno': 281, 'cache_size': 0}
[2023-05-10 22:50:25,419][torch._subclasses.fake_tensor][INFO] - create_mode 0x7f9a4f8fa2b0
[2023-05-10 22:50:25,420][torch._utils_internal][INFO] - dynamo _convert_frame_assert._compile: {'co_name': '__len__', 'co_filename': '/home/ssh6847/miniconda3/envs/byt5/lib/python3.8/site-packages/torch/nn/modules/container.py', 'co_firstlineno': 311, 'cache_size': 0}
[2023-05-10 22:50:25,420][torch._subclasses.fake_tensor][INFO] - create_mode 0x7f9a48f20d00
