[2023-05-10 23:09:14,407][Main][INFO] - Distributed environment: NO
Num processes: 1
Process index: 0
Local process index: 0
Device: cuda

Mixed precision type: no

[2023-05-10 23:09:14,407][Main][INFO] - Working directory is /data/spencer/byt5/nanobyT5/logs/2023-05-10/23-09-14
[2023-05-10 23:09:16,935][datasets.arrow_dataset][WARNING] - Loading cached processed dataset at /data/spencer/byt5/nanobyT5/nanoT5/utils/local_data/train/cache-55811058ae2730a0.arrow
[2023-05-10 23:09:16,936][datasets.arrow_dataset][WARNING] - Loading cached shuffled indices for dataset at /data/spencer/byt5/nanobyT5/nanoT5/utils/local_data/train/cache-c639dc3b982c1d18.arrow
[2023-05-10 23:09:16,939][datasets.arrow_dataset][WARNING] - Loading cached processed dataset at /data/spencer/byt5/nanobyT5/nanoT5/utils/local_data/test/cache-4fbda65458655174.arrow
[2023-05-10 23:09:16,940][datasets.arrow_dataset][WARNING] - Loading cached shuffled indices for dataset at /data/spencer/byt5/nanobyT5/nanoT5/utils/local_data/test/cache-0122d01ccc9e02bd.arrow
[2023-05-10 23:09:18,031][torch._utils_internal][INFO] - dynamo _convert_frame_assert._compile: {'co_name': 'forward', 'co_filename': '/home/ssh6847/miniconda3/envs/byt5/lib/python3.8/site-packages/transformers/models/t5/modeling_t5.py', 'co_firstlineno': 1615, 'cache_size': 0}
[2023-05-10 23:09:18,032][torch._subclasses.fake_tensor][INFO] - create_mode 0x7f60ae332ac0
[2023-05-10 23:09:19,742][torch._subclasses.fake_tensor][INFO] - create_mode 0x7f60a53523a0
[2023-05-10 23:09:21,884][torch._subclasses.fake_tensor][INFO] - create_mode 0x7f60a52ccca0
[2023-05-10 23:09:23,803][torch._subclasses.fake_tensor][INFO] - create_mode 0x7f60a0e038b0
[2023-05-10 23:09:27,192][torch._utils_internal][INFO] - dynamo _convert_frame_assert._compile: {'co_name': '__getitem__', 'co_filename': '/home/ssh6847/miniconda3/envs/byt5/lib/python3.8/site-packages/torch/nn/modules/container.py', 'co_firstlineno': 290, 'cache_size': 0}
[2023-05-10 23:09:27,192][torch._subclasses.fake_tensor][INFO] - create_mode 0x7f60a532aa90
[2023-05-10 23:09:27,196][torch._utils_internal][INFO] - dynamo _convert_frame_assert._compile: {'co_name': '_get_abs_string_index', 'co_filename': '/home/ssh6847/miniconda3/envs/byt5/lib/python3.8/site-packages/torch/nn/modules/container.py', 'co_firstlineno': 281, 'cache_size': 0}
[2023-05-10 23:09:27,196][torch._subclasses.fake_tensor][INFO] - create_mode 0x7f60a79bb8e0
[2023-05-10 23:09:27,197][torch._utils_internal][INFO] - dynamo _convert_frame_assert._compile: {'co_name': '__len__', 'co_filename': '/home/ssh6847/miniconda3/envs/byt5/lib/python3.8/site-packages/torch/nn/modules/container.py', 'co_firstlineno': 311, 'cache_size': 0}
[2023-05-10 23:09:27,197][torch._subclasses.fake_tensor][INFO] - create_mode 0x7f60a0e03c10
