{"obj": {"type": "AssignString", "path": ["sys", "name"], "value": "Untitled"}, "version": 1}
{"obj": {"type": "AssignString", "path": ["sys", "description"], "value": ""}, "version": 2}
{"obj": {"type": "AssignString", "path": ["monitoring", "df9531f6", "hostname"], "value": "seoul"}, "version": 3}
{"obj": {"type": "AssignString", "path": ["sys", "hostname"], "value": "seoul"}, "version": 4}
{"obj": {"type": "AssignString", "path": ["monitoring", "df9531f6", "pid"], "value": "73814"}, "version": 5}
{"obj": {"type": "AssignString", "path": ["monitoring", "df9531f6", "tid"], "value": "139679081613120"}, "version": 6}
{"obj": {"type": "AddStrings", "path": ["sys", "tags"], "values": ["test_run"]}, "version": 7}
{"obj": {"type": "AssignBool", "path": ["sys", "failed"], "value": false}, "version": 8}
{"obj": {"type": "ClearStringLog", "path": ["monitoring", "df9531f6", "stdout"]}, "version": 9}
{"obj": {"type": "ClearStringLog", "path": ["monitoring", "df9531f6", "stderr"]}, "version": 10}
{"obj": {"type": "AssignString", "path": ["source_code", "entrypoint"], "value": "main.py"}, "version": 11}
{"obj": {"type": "UploadFileSet", "path": ["source_code", "files"], "file_globs": ["/data/spencer/byt5/nanobyT5/nanoT5/main.py"], "reset": "False"}, "version": 12}
{"obj": {"type": "ConfigFloatSeries", "path": ["monitoring", "df9531f6", "cpu"], "min": 0.0, "max": 100.0, "unit": "%"}, "version": 13}
{"obj": {"type": "ClearFloatLog", "path": ["monitoring", "df9531f6", "cpu"]}, "version": 14}
{"obj": {"type": "ConfigFloatSeries", "path": ["monitoring", "df9531f6", "memory"], "min": 0.0, "max": 125.61768341064453, "unit": "GB"}, "version": 15}
{"obj": {"type": "ClearFloatLog", "path": ["monitoring", "df9531f6", "memory"]}, "version": 16}
{"obj": {"type": "ConfigFloatSeries", "path": ["monitoring", "df9531f6", "gpu_0"], "min": 0.0, "max": 100.0, "unit": "%"}, "version": 17}
{"obj": {"type": "ClearFloatLog", "path": ["monitoring", "df9531f6", "gpu_0"]}, "version": 18}
{"obj": {"type": "ConfigFloatSeries", "path": ["monitoring", "df9531f6", "gpu_1"], "min": 0.0, "max": 100.0, "unit": "%"}, "version": 19}
{"obj": {"type": "ClearFloatLog", "path": ["monitoring", "df9531f6", "gpu_1"]}, "version": 20}
{"obj": {"type": "ConfigFloatSeries", "path": ["monitoring", "df9531f6", "gpu_memory_0"], "min": 0.0, "max": 48.0, "unit": "GB"}, "version": 21}
{"obj": {"type": "ClearFloatLog", "path": ["monitoring", "df9531f6", "gpu_memory_0"]}, "version": 22}
{"obj": {"type": "ConfigFloatSeries", "path": ["monitoring", "df9531f6", "gpu_memory_1"], "min": 0.0, "max": 48.0, "unit": "GB"}, "version": 23}
{"obj": {"type": "ClearFloatLog", "path": ["monitoring", "df9531f6", "gpu_memory_1"]}, "version": 24}
{"obj": {"type": "LogFloats", "path": ["monitoring", "df9531f6", "cpu"], "values": [{"value": 1.5, "step": null, "ts": 1683778206.529728}]}, "version": 25}
{"obj": {"type": "LogFloats", "path": ["monitoring", "df9531f6", "memory"], "values": [{"value": 11.924659729003906, "step": null, "ts": 1683778206.529728}]}, "version": 26}
{"obj": {"type": "LogFloats", "path": ["monitoring", "df9531f6", "gpu_memory_0"], "values": [{"value": 0.54620361328125, "step": null, "ts": 1683778206.529728}]}, "version": 27}
{"obj": {"type": "LogFloats", "path": ["monitoring", "df9531f6", "gpu_memory_1"], "values": [{"value": 0.86212158203125, "step": null, "ts": 1683778206.529728}]}, "version": 28}
{"obj": {"type": "AssignString", "path": ["args", "mode"], "value": "pt"}, "version": 29}
{"obj": {"type": "AssignString", "path": ["args", "device"], "value": "gpu"}, "version": 30}
{"obj": {"type": "AssignBool", "path": ["args", "eval_only"], "value": false}, "version": 31}
{"obj": {"type": "AssignBool", "path": ["args", "predict_only"], "value": false}, "version": 32}
{"obj": {"type": "AssignInt", "path": ["args", "seed"], "value": 2137}, "version": 33}
{"obj": {"type": "AssignString", "path": ["args", "model", "checkpoint_path"], "value": ""}, "version": 34}
{"obj": {"type": "AssignFloat", "path": ["args", "model", "dropout"], "value": 0.0}, "version": 35}
{"obj": {"type": "AssignBool", "path": ["args", "model", "random_init"], "value": true}, "version": 36}
{"obj": {"type": "AssignBool", "path": ["args", "model", "compile"], "value": true}, "version": 37}
{"obj": {"type": "AssignInt", "path": ["args", "data", "input_length"], "value": 512}, "version": 38}
{"obj": {"type": "AssignFloat", "path": ["args", "data", "mlm_probability"], "value": 0.15}, "version": 39}
{"obj": {"type": "AssignFloat", "path": ["args", "data", "mean_noise_span_length"], "value": 3.0}, "version": 40}
{"obj": {"type": "AssignInt", "path": ["args", "data", "num_workers"], "value": 2}, "version": 41}
{"obj": {"type": "AssignInt", "path": ["args", "data", "before_mask_input_length"], "value": 568}, "version": 42}
{"obj": {"type": "AssignInt", "path": ["args", "data", "target_length"], "value": 114}, "version": 43}
{"obj": {"type": "AssignInt", "path": ["args", "data", "train_batches"], "value": 1}, "version": 44}
{"obj": {"type": "AssignInt", "path": ["args", "data", "test_batches"], "value": 1}, "version": 45}
{"obj": {"type": "AssignString", "path": ["args", "optim", "name"], "value": "adamwscale"}, "version": 46}
{"obj": {"type": "AssignFloat", "path": ["args", "optim", "base_lr"], "value": 0.02}, "version": 47}
{"obj": {"type": "AssignInt", "path": ["args", "optim", "batch_size"], "value": 144}, "version": 48}
{"obj": {"type": "AssignInt", "path": ["args", "optim", "total_steps"], "value": 1}, "version": 49}
{"obj": {"type": "AssignInt", "path": ["args", "optim", "epochs"], "value": -1}, "version": 50}
{"obj": {"type": "AssignInt", "path": ["args", "optim", "warmup_steps"], "value": 1}, "version": 51}
{"obj": {"type": "AssignString", "path": ["args", "optim", "lr_scheduler"], "value": "cosine"}, "version": 52}
{"obj": {"type": "AssignFloat", "path": ["args", "optim", "weight_decay"], "value": 0.0}, "version": 53}
{"obj": {"type": "AssignFloat", "path": ["args", "optim", "grad_clip"], "value": 1.0}, "version": 54}
{"obj": {"type": "AssignInt", "path": ["args", "optim", "grad_acc"], "value": 2}, "version": 55}
{"obj": {"type": "AssignFloat", "path": ["args", "optim", "final_cosine"], "value": 1e-05}, "version": 56}
{"obj": {"type": "AssignInt", "path": ["args", "eval", "every_steps"], "value": 300}, "version": 57}
{"obj": {"type": "AssignInt", "path": ["args", "eval", "steps"], "value": 5}, "version": 58}
{"obj": {"type": "AssignFloat", "path": ["args", "eval", "corrected_steps"], "value": 2.5}, "version": 59}
{"obj": {"type": "AssignInt", "path": ["args", "checkpoint", "every_steps"], "value": 3}, "version": 60}
{"obj": {"type": "AssignBool", "path": ["args", "logging", "neptune"], "value": true}, "version": 61}
{"obj": {"type": "AssignString", "path": ["args", "logging", "neptune_creds", "project"], "value": "kavisubramanyan2025/local-byt5-train"}, "version": 62}
{"obj": {"type": "AssignString", "path": ["args", "logging", "neptune_creds", "api_token"], "value": "eyJhcGlfYWRkcmVzcyI6Imh0dHBzOi8vYXBwLm5lcHR1bmUuYWkiLCJhcGlfdXJsIjoiaHR0cHM6Ly9hcHAubmVwdHVuZS5haSIsImFwaV9rZXkiOiJkNTEwZWMzNS0xNGVkLTRlMzctYmIwYS1kMDhjNjhlOWI1YTUifQ=="}, "version": 63}
{"obj": {"type": "AssignString", "path": ["args", "logging", "neptune_creds", "tags"], "value": "test_run"}, "version": 64}
{"obj": {"type": "AssignInt", "path": ["args", "logging", "every_steps"], "value": 100}, "version": 65}
{"obj": {"type": "AssignBool", "path": ["args", "logging", "grad_l2"], "value": true}, "version": 66}
{"obj": {"type": "AssignBool", "path": ["args", "logging", "weights_l2"], "value": true}, "version": 67}
{"obj": {"type": "AssignString", "path": ["args", "slurm_id"], "value": "none"}, "version": 68}
{"obj": {"type": "AssignString", "path": ["args", "working_dir"], "value": "/data/spencer/byt5/nanobyT5/logs/2023-05-10/23-10-04"}, "version": 69}
{"obj": {"type": "AssignString", "path": ["args", "neptune_id"], "value": "LOC-100"}, "version": 70}
{"obj": {"type": "LogStrings", "path": ["monitoring", "df9531f6", "stdout"], "values": [{"value": "1", "step": null, "ts": 1683778208.2746565}]}, "version": 71}
{"obj": {"type": "LogStrings", "path": ["monitoring", "df9531f6", "stdout"], "values": [{"value": "\n", "step": null, "ts": 1683778208.3000247}]}, "version": 72}
{"obj": {"type": "LogFloats", "path": ["monitoring", "df9531f6", "cpu"], "values": [{"value": 7.2, "step": null, "ts": 1683778216.537584}]}, "version": 73}
{"obj": {"type": "LogFloats", "path": ["monitoring", "df9531f6", "memory"], "values": [{"value": 19.175609588623047, "step": null, "ts": 1683778216.537584}]}, "version": 74}
{"obj": {"type": "LogFloats", "path": ["monitoring", "df9531f6", "gpu_memory_0"], "values": [{"value": 1.42218017578125, "step": null, "ts": 1683778216.537584}]}, "version": 75}
{"obj": {"type": "LogFloats", "path": ["monitoring", "df9531f6", "gpu_memory_1"], "values": [{"value": 0.86212158203125, "step": null, "ts": 1683778216.537584}]}, "version": 76}
{"obj": {"type": "LogStrings", "path": ["monitoring", "df9531f6", "stdout"], "values": [{"value": "1", "step": null, "ts": 1683778220.6181345}]}, "version": 77}
{"obj": {"type": "LogStrings", "path": ["monitoring", "df9531f6", "stdout"], "values": [{"value": "\n", "step": null, "ts": 1683778220.7121012}]}, "version": 78}
{"obj": {"type": "LogStrings", "path": ["monitoring", "df9531f6", "stdout"], "values": [{"value": "1", "step": null, "ts": 1683778220.8973496}]}, "version": 79}
{"obj": {"type": "LogStrings", "path": ["monitoring", "df9531f6", "stdout"], "values": [{"value": "\n", "step": null, "ts": 1683778220.8982556}]}, "version": 80}
{"obj": {"type": "LogStrings", "path": ["monitoring", "df9531f6", "stdout"], "values": [{"value": "1", "step": null, "ts": 1683778221.1594014}]}, "version": 81}
{"obj": {"type": "LogStrings", "path": ["monitoring", "df9531f6", "stdout"], "values": [{"value": "\n", "step": null, "ts": 1683778221.160532}]}, "version": 82}
{"obj": {"type": "LogStrings", "path": ["monitoring", "df9531f6", "stdout"], "values": [{"value": "1", "step": null, "ts": 1683778221.4196713}]}, "version": 83}
{"obj": {"type": "LogStrings", "path": ["monitoring", "df9531f6", "stdout"], "values": [{"value": "\n", "step": null, "ts": 1683778221.499657}]}, "version": 84}
{"obj": {"type": "LogStrings", "path": ["monitoring", "df9531f6", "stdout"], "values": [{"value": "1", "step": null, "ts": 1683778221.6803966}]}, "version": 85}
{"obj": {"type": "LogStrings", "path": ["monitoring", "df9531f6", "stdout"], "values": [{"value": "\n", "step": null, "ts": 1683778221.6810563}]}, "version": 86}
{"obj": {"type": "LogStrings", "path": ["monitoring", "df9531f6", "stdout"], "values": [{"value": "1", "step": null, "ts": 1683778221.9387267}]}, "version": 87}
{"obj": {"type": "LogStrings", "path": ["monitoring", "df9531f6", "stdout"], "values": [{"value": "\n", "step": null, "ts": 1683778221.9394157}]}, "version": 88}
{"obj": {"type": "LogStrings", "path": ["monitoring", "df9531f6", "stdout"], "values": [{"value": "1", "step": null, "ts": 1683778222.1994557}]}, "version": 89}
{"obj": {"type": "LogStrings", "path": ["monitoring", "df9531f6", "stdout"], "values": [{"value": "\n", "step": null, "ts": 1683778222.2796214}]}, "version": 90}
{"obj": {"type": "LogStrings", "path": ["monitoring", "df9531f6", "stdout"], "values": [{"value": "1", "step": null, "ts": 1683778222.4593241}]}, "version": 91}
{"obj": {"type": "LogStrings", "path": ["monitoring", "df9531f6", "stdout"], "values": [{"value": "\n", "step": null, "ts": 1683778222.460062}]}, "version": 92}
{"obj": {"type": "LogStrings", "path": ["monitoring", "df9531f6", "stdout"], "values": [{"value": "1", "step": null, "ts": 1683778222.721822}]}, "version": 93}
{"obj": {"type": "LogStrings", "path": ["monitoring", "df9531f6", "stdout"], "values": [{"value": "\n", "step": null, "ts": 1683778222.7223978}]}, "version": 94}
{"obj": {"type": "LogStrings", "path": ["monitoring", "df9531f6", "stdout"], "values": [{"value": "1", "step": null, "ts": 1683778222.9813807}]}, "version": 95}
{"obj": {"type": "LogStrings", "path": ["monitoring", "df9531f6", "stdout"], "values": [{"value": "\n", "step": null, "ts": 1683778222.9819465}]}, "version": 96}
{"obj": {"type": "LogStrings", "path": ["monitoring", "df9531f6", "stdout"], "values": [{"value": "1", "step": null, "ts": 1683778223.2419593}]}, "version": 97}
{"obj": {"type": "LogStrings", "path": ["monitoring", "df9531f6", "stdout"], "values": [{"value": "\n", "step": null, "ts": 1683778223.32242}]}, "version": 98}
{"obj": {"type": "LogStrings", "path": ["monitoring", "df9531f6", "stdout"], "values": [{"value": "1", "step": null, "ts": 1683778223.501142}]}, "version": 99}
{"obj": {"type": "LogStrings", "path": ["monitoring", "df9531f6", "stdout"], "values": [{"value": "\n", "step": null, "ts": 1683778223.501766}]}, "version": 100}
{"obj": {"type": "LogStrings", "path": ["monitoring", "df9531f6", "stdout"], "values": [{"value": "1", "step": null, "ts": 1683778223.7581844}]}, "version": 101}
{"obj": {"type": "LogStrings", "path": ["monitoring", "df9531f6", "stdout"], "values": [{"value": "\n", "step": null, "ts": 1683778223.759427}]}, "version": 102}
{"obj": {"type": "LogStrings", "path": ["monitoring", "df9531f6", "stdout"], "values": [{"value": "1", "step": null, "ts": 1683778224.0184577}]}, "version": 103}
{"obj": {"type": "LogStrings", "path": ["monitoring", "df9531f6", "stdout"], "values": [{"value": "\n", "step": null, "ts": 1683778224.0998068}]}, "version": 104}
{"obj": {"type": "LogStrings", "path": ["monitoring", "df9531f6", "stdout"], "values": [{"value": "1", "step": null, "ts": 1683778224.278692}]}, "version": 105}
{"obj": {"type": "LogStrings", "path": ["monitoring", "df9531f6", "stdout"], "values": [{"value": "\n", "step": null, "ts": 1683778224.2793422}]}, "version": 106}
{"obj": {"type": "LogStrings", "path": ["monitoring", "df9531f6", "stdout"], "values": [{"value": "1", "step": null, "ts": 1683778224.53696}]}, "version": 107}
{"obj": {"type": "LogStrings", "path": ["monitoring", "df9531f6", "stdout"], "values": [{"value": "\n", "step": null, "ts": 1683778224.5377963}]}, "version": 108}
{"obj": {"type": "LogStrings", "path": ["monitoring", "df9531f6", "stdout"], "values": [{"value": "1", "step": null, "ts": 1683778224.797114}]}, "version": 109}
{"obj": {"type": "LogStrings", "path": ["monitoring", "df9531f6", "stdout"], "values": [{"value": "\n", "step": null, "ts": 1683778224.7977774}]}, "version": 110}
{"obj": {"type": "LogStrings", "path": ["monitoring", "df9531f6", "stdout"], "values": [{"value": "1", "step": null, "ts": 1683778225.0490906}]}, "version": 111}
{"obj": {"type": "LogStrings", "path": ["monitoring", "df9531f6", "stdout"], "values": [{"value": "\n", "step": null, "ts": 1683778225.129322}]}, "version": 112}
{"obj": {"type": "LogStrings", "path": ["monitoring", "df9531f6", "stdout"], "values": [{"value": "1", "step": null, "ts": 1683778225.3092456}]}, "version": 113}
{"obj": {"type": "LogStrings", "path": ["monitoring", "df9531f6", "stdout"], "values": [{"value": "\n", "step": null, "ts": 1683778225.3104932}]}, "version": 114}
{"obj": {"type": "LogStrings", "path": ["monitoring", "df9531f6", "stdout"], "values": [{"value": "1", "step": null, "ts": 1683778225.5654824}]}, "version": 115}
{"obj": {"type": "LogStrings", "path": ["monitoring", "df9531f6", "stdout"], "values": [{"value": "\n", "step": null, "ts": 1683778225.5664933}]}, "version": 116}
{"obj": {"type": "LogStrings", "path": ["monitoring", "df9531f6", "stdout"], "values": [{"value": "1", "step": null, "ts": 1683778225.8247643}]}, "version": 117}
{"obj": {"type": "LogStrings", "path": ["monitoring", "df9531f6", "stdout"], "values": [{"value": "\n", "step": null, "ts": 1683778225.8254936}]}, "version": 118}
{"obj": {"type": "LogStrings", "path": ["monitoring", "df9531f6", "stdout"], "values": [{"value": "1", "step": null, "ts": 1683778226.0852778}]}, "version": 119}
{"obj": {"type": "LogStrings", "path": ["monitoring", "df9531f6", "stdout"], "values": [{"value": "\n", "step": null, "ts": 1683778226.166038}]}, "version": 120}
{"obj": {"type": "LogStrings", "path": ["monitoring", "df9531f6", "stdout"], "values": [{"value": "1", "step": null, "ts": 1683778226.3477612}]}, "version": 121}
{"obj": {"type": "LogStrings", "path": ["monitoring", "df9531f6", "stdout"], "values": [{"value": "\n", "step": null, "ts": 1683778226.3482862}]}, "version": 122}
{"obj": {"type": "LogFloats", "path": ["monitoring", "df9531f6", "cpu"], "values": [{"value": 8.2, "step": null, "ts": 1683778226.5823188}]}, "version": 123}
{"obj": {"type": "LogFloats", "path": ["monitoring", "df9531f6", "memory"], "values": [{"value": 14.39404296875, "step": null, "ts": 1683778226.5823188}]}, "version": 124}
{"obj": {"type": "LogFloats", "path": ["monitoring", "df9531f6", "gpu_0"], "values": [{"value": 100.0, "step": null, "ts": 1683778226.5823188}]}, "version": 125}
{"obj": {"type": "LogFloats", "path": ["monitoring", "df9531f6", "gpu_memory_0"], "values": [{"value": 7.67999267578125, "step": null, "ts": 1683778226.5823188}]}, "version": 126}
{"obj": {"type": "LogFloats", "path": ["monitoring", "df9531f6", "gpu_memory_1"], "values": [{"value": 0.86212158203125, "step": null, "ts": 1683778226.5823188}]}, "version": 127}
{"obj": {"type": "LogStrings", "path": ["monitoring", "df9531f6", "stdout"], "values": [{"value": "1", "step": null, "ts": 1683778226.607429}]}, "version": 128}
{"obj": {"type": "LogStrings", "path": ["monitoring", "df9531f6", "stdout"], "values": [{"value": "\n", "step": null, "ts": 1683778226.6079106}]}, "version": 129}
{"obj": {"type": "LogStrings", "path": ["monitoring", "df9531f6", "stdout"], "values": [{"value": "1", "step": null, "ts": 1683778226.8669872}]}, "version": 130}
{"obj": {"type": "LogStrings", "path": ["monitoring", "df9531f6", "stdout"], "values": [{"value": "\n", "step": null, "ts": 1683778226.947573}]}, "version": 131}
{"obj": {"type": "LogStrings", "path": ["monitoring", "df9531f6", "stdout"], "values": [{"value": "1", "step": null, "ts": 1683778227.1278658}]}, "version": 132}
{"obj": {"type": "LogStrings", "path": ["monitoring", "df9531f6", "stdout"], "values": [{"value": "\n", "step": null, "ts": 1683778227.1283998}]}, "version": 133}
{"obj": {"type": "LogStrings", "path": ["monitoring", "df9531f6", "stdout"], "values": [{"value": "1", "step": null, "ts": 1683778227.370542}]}, "version": 134}
{"obj": {"type": "LogStrings", "path": ["monitoring", "df9531f6", "stdout"], "values": [{"value": "\n", "step": null, "ts": 1683778227.3715343}]}, "version": 135}
{"obj": {"type": "LogStrings", "path": ["monitoring", "df9531f6", "stdout"], "values": [{"value": "1", "step": null, "ts": 1683778227.6321268}]}, "version": 136}
{"obj": {"type": "LogStrings", "path": ["monitoring", "df9531f6", "stdout"], "values": [{"value": "\n", "step": null, "ts": 1683778227.6329231}]}, "version": 137}
{"obj": {"type": "LogStrings", "path": ["monitoring", "df9531f6", "stdout"], "values": [{"value": "1", "step": null, "ts": 1683778227.8968458}]}, "version": 138}
{"obj": {"type": "LogStrings", "path": ["monitoring", "df9531f6", "stdout"], "values": [{"value": "\n", "step": null, "ts": 1683778227.9773066}]}, "version": 139}
{"obj": {"type": "LogStrings", "path": ["monitoring", "df9531f6", "stdout"], "values": [{"value": "1", "step": null, "ts": 1683778228.1602724}]}, "version": 140}
{"obj": {"type": "LogStrings", "path": ["monitoring", "df9531f6", "stdout"], "values": [{"value": "\n", "step": null, "ts": 1683778228.1607902}]}, "version": 141}
{"obj": {"type": "LogStrings", "path": ["monitoring", "df9531f6", "stdout"], "values": [{"value": "1", "step": null, "ts": 1683778228.413006}]}, "version": 142}
{"obj": {"type": "LogStrings", "path": ["monitoring", "df9531f6", "stdout"], "values": [{"value": "\n", "step": null, "ts": 1683778228.4135094}]}, "version": 143}
{"obj": {"type": "LogStrings", "path": ["monitoring", "df9531f6", "stdout"], "values": [{"value": "1", "step": null, "ts": 1683778228.6719565}]}, "version": 144}
{"obj": {"type": "LogStrings", "path": ["monitoring", "df9531f6", "stdout"], "values": [{"value": "\n", "step": null, "ts": 1683778228.6724527}]}, "version": 145}
{"obj": {"type": "LogStrings", "path": ["monitoring", "df9531f6", "stdout"], "values": [{"value": "1", "step": null, "ts": 1683778228.9327729}]}, "version": 146}
{"obj": {"type": "LogStrings", "path": ["monitoring", "df9531f6", "stdout"], "values": [{"value": "\n", "step": null, "ts": 1683778229.0139534}]}, "version": 147}
{"obj": {"type": "LogStrings", "path": ["monitoring", "df9531f6", "stdout"], "values": [{"value": "1", "step": null, "ts": 1683778229.1939032}]}, "version": 148}
{"obj": {"type": "LogStrings", "path": ["monitoring", "df9531f6", "stdout"], "values": [{"value": "\n", "step": null, "ts": 1683778229.1950605}]}, "version": 149}
{"obj": {"type": "LogStrings", "path": ["monitoring", "df9531f6", "stdout"], "values": [{"value": "1", "step": null, "ts": 1683778229.457373}]}, "version": 150}
{"obj": {"type": "LogStrings", "path": ["monitoring", "df9531f6", "stdout"], "values": [{"value": "\n", "step": null, "ts": 1683778229.4579062}]}, "version": 151}
{"obj": {"type": "LogStrings", "path": ["monitoring", "df9531f6", "stdout"], "values": [{"value": "1", "step": null, "ts": 1683778229.7166018}]}, "version": 152}
{"obj": {"type": "LogStrings", "path": ["monitoring", "df9531f6", "stdout"], "values": [{"value": "\n", "step": null, "ts": 1683778229.7171144}]}, "version": 153}
{"obj": {"type": "LogStrings", "path": ["monitoring", "df9531f6", "traceback"], "values": [{"value": "An uncaught exception occurred while run was active on worker seoul.", "step": null, "ts": 1683778229.7974415}, {"value": "Marking run as failed", "step": null, "ts": 1683778229.7974415}, {"value": "Traceback:", "step": null, "ts": 1683778229.7974415}, {"value": "  File \"/home/ssh6847/miniconda3/envs/byt5/lib/python3.8/runpy.py\", line 194, in _run_module_as_main\n    return _run_code(code, main_globals, None,\n", "step": null, "ts": 1683778229.7974415}, {"value": "  File \"/home/ssh6847/miniconda3/envs/byt5/lib/python3.8/runpy.py\", line 87, in _run_code\n    exec(code, run_globals)\n", "step": null, "ts": 1683778229.7974415}, {"value": "  File \"/data/spencer/byt5/nanobyT5/nanoT5/main.py\", line 75, in <module>\n    main()\n", "step": null, "ts": 1683778229.7974415}, {"value": "  File \"/home/ssh6847/miniconda3/envs/byt5/lib/python3.8/site-packages/hydra/main.py\", line 94, in decorated_main\n    _run_hydra(\n", "step": null, "ts": 1683778229.7974415}, {"value": "  File \"/home/ssh6847/miniconda3/envs/byt5/lib/python3.8/site-packages/hydra/_internal/utils.py\", line 394, in _run_hydra\n    _run_app(\n", "step": null, "ts": 1683778229.7974415}, {"value": "  File \"/home/ssh6847/miniconda3/envs/byt5/lib/python3.8/site-packages/hydra/_internal/utils.py\", line 457, in _run_app\n    run_and_report(\n", "step": null, "ts": 1683778229.7974415}, {"value": "  File \"/home/ssh6847/miniconda3/envs/byt5/lib/python3.8/site-packages/hydra/_internal/utils.py\", line 220, in run_and_report\n    return func()\n", "step": null, "ts": 1683778229.7974415}]}, "version": 154}
{"obj": {"type": "LogStrings", "path": ["monitoring", "df9531f6", "traceback"], "values": [{"value": "  File \"/home/ssh6847/miniconda3/envs/byt5/lib/python3.8/site-packages/hydra/_internal/utils.py\", line 458, in <lambda>\n    lambda: hydra.run(\n", "step": null, "ts": 1683778229.7974415}, {"value": "  File \"/home/ssh6847/miniconda3/envs/byt5/lib/python3.8/site-packages/hydra/_internal/hydra.py\", line 119, in run\n    ret = run_job(\n", "step": null, "ts": 1683778229.7974415}, {"value": "  File \"/home/ssh6847/miniconda3/envs/byt5/lib/python3.8/site-packages/hydra/core/utils.py\", line 186, in run_job\n    ret.return_value = task_function(task_cfg)\n", "step": null, "ts": 1683778229.7974415}, {"value": "  File \"/data/spencer/byt5/nanobyT5/nanoT5/main.py\", line 68, in main\n    train(model, train_dataloader, test_dataloader, accelerator,\n", "step": null, "ts": 1683778229.7974415}, {"value": "  File \"/data/spencer/byt5/nanobyT5/nanoT5/utils/train_utils.py\", line 201, in train\n    loss, stats = forward(model, batch)\n", "step": null, "ts": 1683778229.7974415}, {"value": "  File \"/data/spencer/byt5/nanobyT5/nanoT5/utils/train_utils.py\", line 100, in forward\n    stats['loss'] = loss.detach().float().item()\n", "step": null, "ts": 1683778229.7974415}, {"value": "", "step": null, "ts": 1683778229.7974415}]}, "version": 155}
{"obj": {"type": "AssignBool", "path": ["sys", "failed"], "value": true}, "version": 156}
{"obj": {"type": "LogStrings", "path": ["monitoring", "df9531f6", "stderr"], "values": [{"value": "Traceback (most recent call last):\n", "step": null, "ts": 1683778229.8201113}]}, "version": 157}
{"obj": {"type": "LogStrings", "path": ["monitoring", "df9531f6", "stderr"], "values": [{"value": "  File \"/home/ssh6847/miniconda3/envs/byt5/lib/python3.8/runpy.py\", line 194, in _run_module_as_main\n", "step": null, "ts": 1683778229.8205812}]}, "version": 158}
{"obj": {"type": "LogStrings", "path": ["monitoring", "df9531f6", "stderr"], "values": [{"value": "    ", "step": null, "ts": 1683778229.8209558}]}, "version": 159}
{"obj": {"type": "LogStrings", "path": ["monitoring", "df9531f6", "stdout"], "values": [{"value": "Shutting down background jobs, please wait a moment...\n", "step": null, "ts": 1683778229.8221655}]}, "version": 160}
{"obj": {"type": "LogStrings", "path": ["monitoring", "df9531f6", "stderr"], "values": [{"value": "return _run_code(code, main_globals, None,", "step": null, "ts": 1683778229.8225152}]}, "version": 161}
{"obj": {"type": "LogStrings", "path": ["monitoring", "df9531f6", "stderr"], "values": [{"value": "\n", "step": null, "ts": 1683778229.822983}]}, "version": 162}
{"obj": {"type": "LogStrings", "path": ["monitoring", "df9531f6", "stderr"], "values": [{"value": "  File \"/home/ssh6847/miniconda3/envs/byt5/lib/python3.8/runpy.py\", line 87, in _run_code\n", "step": null, "ts": 1683778229.8234222}]}, "version": 163}
{"obj": {"type": "LogStrings", "path": ["monitoring", "df9531f6", "stderr"], "values": [{"value": "    ", "step": null, "ts": 1683778229.8239222}]}, "version": 164}
{"obj": {"type": "LogStrings", "path": ["monitoring", "df9531f6", "stderr"], "values": [{"value": "exec(code, run_globals)", "step": null, "ts": 1683778229.8242788}]}, "version": 165}
{"obj": {"type": "LogStrings", "path": ["monitoring", "df9531f6", "stderr"], "values": [{"value": "\n", "step": null, "ts": 1683778229.8246503}]}, "version": 166}
{"obj": {"type": "LogStrings", "path": ["monitoring", "df9531f6", "stderr"], "values": [{"value": "  File \"/data/spencer/byt5/nanobyT5/nanoT5/main.py\", line 75, in <module>\n", "step": null, "ts": 1683778229.8250914}]}, "version": 167}
{"obj": {"type": "LogStrings", "path": ["monitoring", "df9531f6", "stderr"], "values": [{"value": "    ", "step": null, "ts": 1683778229.8254223}]}, "version": 168}
{"obj": {"type": "LogStrings", "path": ["monitoring", "df9531f6", "stderr"], "values": [{"value": "main()", "step": null, "ts": 1683778229.8257987}]}, "version": 169}
{"obj": {"type": "LogStrings", "path": ["monitoring", "df9531f6", "stderr"], "values": [{"value": "\n", "step": null, "ts": 1683778229.8262005}]}, "version": 170}
{"obj": {"type": "LogStrings", "path": ["monitoring", "df9531f6", "stderr"], "values": [{"value": "  File \"/home/ssh6847/miniconda3/envs/byt5/lib/python3.8/site-packages/hydra/main.py\", line 94, in decorated_main\n", "step": null, "ts": 1683778229.826597}]}, "version": 171}
{"obj": {"type": "LogStrings", "path": ["monitoring", "df9531f6", "stderr"], "values": [{"value": "    ", "step": null, "ts": 1683778229.8269756}]}, "version": 172}
{"obj": {"type": "LogStrings", "path": ["monitoring", "df9531f6", "stderr"], "values": [{"value": "_run_hydra(", "step": null, "ts": 1683778229.8273587}]}, "version": 173}
{"obj": {"type": "LogStrings", "path": ["monitoring", "df9531f6", "stderr"], "values": [{"value": "\n", "step": null, "ts": 1683778229.8279166}]}, "version": 174}
{"obj": {"type": "LogStrings", "path": ["monitoring", "df9531f6", "stderr"], "values": [{"value": "  File \"/home/ssh6847/miniconda3/envs/byt5/lib/python3.8/site-packages/hydra/_internal/utils.py\", line 394, in _run_hydra\n", "step": null, "ts": 1683778229.828274}]}, "version": 175}
{"obj": {"type": "LogStrings", "path": ["monitoring", "df9531f6", "stderr"], "values": [{"value": "    ", "step": null, "ts": 1683778229.828828}]}, "version": 176}
{"obj": {"type": "LogStrings", "path": ["monitoring", "df9531f6", "stderr"], "values": [{"value": "_run_app(", "step": null, "ts": 1683778229.8295658}]}, "version": 177}
{"obj": {"type": "LogStrings", "path": ["monitoring", "df9531f6", "stderr"], "values": [{"value": "\n", "step": null, "ts": 1683778229.8303995}]}, "version": 178}
{"obj": {"type": "LogStrings", "path": ["monitoring", "df9531f6", "stderr"], "values": [{"value": "  File \"/home/ssh6847/miniconda3/envs/byt5/lib/python3.8/site-packages/hydra/_internal/utils.py\", line 457, in _run_app\n", "step": null, "ts": 1683778229.8308105}]}, "version": 179}
{"obj": {"type": "LogStrings", "path": ["monitoring", "df9531f6", "stderr"], "values": [{"value": "    ", "step": null, "ts": 1683778229.8312032}]}, "version": 180}
{"obj": {"type": "LogStrings", "path": ["monitoring", "df9531f6", "stderr"], "values": [{"value": "run_and_report(", "step": null, "ts": 1683778229.831594}]}, "version": 181}
{"obj": {"type": "LogStrings", "path": ["monitoring", "df9531f6", "stderr"], "values": [{"value": "\n", "step": null, "ts": 1683778229.8319826}]}, "version": 182}
{"obj": {"type": "LogStrings", "path": ["monitoring", "df9531f6", "stderr"], "values": [{"value": "  File \"/home/ssh6847/miniconda3/envs/byt5/lib/python3.8/site-packages/hydra/_internal/utils.py\", line 220, in run_and_report\n", "step": null, "ts": 1683778229.8323681}]}, "version": 183}
{"obj": {"type": "LogStrings", "path": ["monitoring", "df9531f6", "stderr"], "values": [{"value": "    ", "step": null, "ts": 1683778229.8327577}]}, "version": 184}
{"obj": {"type": "LogStrings", "path": ["monitoring", "df9531f6", "stderr"], "values": [{"value": "return func()", "step": null, "ts": 1683778229.8331459}]}, "version": 185}
{"obj": {"type": "LogStrings", "path": ["monitoring", "df9531f6", "stderr"], "values": [{"value": "\n", "step": null, "ts": 1683778229.8335414}]}, "version": 186}
{"obj": {"type": "LogStrings", "path": ["monitoring", "df9531f6", "stderr"], "values": [{"value": "  File \"/home/ssh6847/miniconda3/envs/byt5/lib/python3.8/site-packages/hydra/_internal/utils.py\", line 458, in <lambda>\n", "step": null, "ts": 1683778229.8339312}]}, "version": 187}
{"obj": {"type": "LogStrings", "path": ["monitoring", "df9531f6", "stderr"], "values": [{"value": "    ", "step": null, "ts": 1683778229.834323}]}, "version": 188}
{"obj": {"type": "LogStrings", "path": ["monitoring", "df9531f6", "stderr"], "values": [{"value": "lambda: hydra.run(", "step": null, "ts": 1683778229.834718}]}, "version": 189}
{"obj": {"type": "LogStrings", "path": ["monitoring", "df9531f6", "stderr"], "values": [{"value": "\n", "step": null, "ts": 1683778229.8351085}]}, "version": 190}
{"obj": {"type": "LogStrings", "path": ["monitoring", "df9531f6", "stderr"], "values": [{"value": "  File \"/home/ssh6847/miniconda3/envs/byt5/lib/python3.8/site-packages/hydra/_internal/hydra.py\", line 119, in run\n", "step": null, "ts": 1683778229.8354921}]}, "version": 191}
{"obj": {"type": "LogStrings", "path": ["monitoring", "df9531f6", "stderr"], "values": [{"value": "    ", "step": null, "ts": 1683778229.835889}]}, "version": 192}
{"obj": {"type": "LogStrings", "path": ["monitoring", "df9531f6", "stderr"], "values": [{"value": "ret = run_job(", "step": null, "ts": 1683778229.8362808}]}, "version": 193}
{"obj": {"type": "LogStrings", "path": ["monitoring", "df9531f6", "stderr"], "values": [{"value": "\n", "step": null, "ts": 1683778229.8366828}]}, "version": 194}
{"obj": {"type": "LogStrings", "path": ["monitoring", "df9531f6", "stderr"], "values": [{"value": "  File \"/home/ssh6847/miniconda3/envs/byt5/lib/python3.8/site-packages/hydra/core/utils.py\", line 186, in run_job\n", "step": null, "ts": 1683778229.8372166}]}, "version": 195}
{"obj": {"type": "LogStrings", "path": ["monitoring", "df9531f6", "stderr"], "values": [{"value": "    ", "step": null, "ts": 1683778229.837975}]}, "version": 196}
{"obj": {"type": "LogStrings", "path": ["monitoring", "df9531f6", "stderr"], "values": [{"value": "ret.return_value = task_function(task_cfg)", "step": null, "ts": 1683778229.8387818}]}, "version": 197}
{"obj": {"type": "LogStrings", "path": ["monitoring", "df9531f6", "stderr"], "values": [{"value": "\n", "step": null, "ts": 1683778229.8391898}]}, "version": 198}
{"obj": {"type": "LogStrings", "path": ["monitoring", "df9531f6", "stderr"], "values": [{"value": "  File \"/data/spencer/byt5/nanobyT5/nanoT5/main.py\", line 68, in main\n", "step": null, "ts": 1683778229.8395798}]}, "version": 199}
{"obj": {"type": "LogStrings", "path": ["monitoring", "df9531f6", "stderr"], "values": [{"value": "    ", "step": null, "ts": 1683778229.8399715}]}, "version": 200}
{"obj": {"type": "LogStrings", "path": ["monitoring", "df9531f6", "stderr"], "values": [{"value": "train(model, train_dataloader, test_dataloader, accelerator,", "step": null, "ts": 1683778229.840369}]}, "version": 201}
{"obj": {"type": "LogStrings", "path": ["monitoring", "df9531f6", "stderr"], "values": [{"value": "\n", "step": null, "ts": 1683778229.840766}]}, "version": 202}
{"obj": {"type": "LogStrings", "path": ["monitoring", "df9531f6", "stderr"], "values": [{"value": "  File \"/data/spencer/byt5/nanobyT5/nanoT5/utils/train_utils.py\", line 201, in train\n", "step": null, "ts": 1683778229.8411572}]}, "version": 203}
{"obj": {"type": "LogStrings", "path": ["monitoring", "df9531f6", "stderr"], "values": [{"value": "    ", "step": null, "ts": 1683778229.8415396}]}, "version": 204}
{"obj": {"type": "LogStrings", "path": ["monitoring", "df9531f6", "stderr"], "values": [{"value": "loss, stats = forward(model, batch)", "step": null, "ts": 1683778229.8419225}]}, "version": 205}
{"obj": {"type": "LogStrings", "path": ["monitoring", "df9531f6", "stderr"], "values": [{"value": "\n", "step": null, "ts": 1683778229.8423123}]}, "version": 206}
{"obj": {"type": "LogStrings", "path": ["monitoring", "df9531f6", "stderr"], "values": [{"value": "  File \"/data/spencer/byt5/nanobyT5/nanoT5/utils/train_utils.py\", line 100, in forward\n", "step": null, "ts": 1683778229.8427072}]}, "version": 207}
{"obj": {"type": "LogStrings", "path": ["monitoring", "df9531f6", "stderr"], "values": [{"value": "    ", "step": null, "ts": 1683778229.8431017}]}, "version": 208}
{"obj": {"type": "LogStrings", "path": ["monitoring", "df9531f6", "stderr"], "values": [{"value": "stats['loss'] = loss.detach().float().item()", "step": null, "ts": 1683778229.8434958}]}, "version": 209}
{"obj": {"type": "LogStrings", "path": ["monitoring", "df9531f6", "stderr"], "values": [{"value": "\n", "step": null, "ts": 1683778229.8438902}]}, "version": 210}
{"obj": {"type": "LogStrings", "path": ["monitoring", "df9531f6", "stderr"], "values": [{"value": "KeyboardInterrupt", "step": null, "ts": 1683778229.8442807}]}, "version": 211}
{"obj": {"type": "LogStrings", "path": ["monitoring", "df9531f6", "stderr"], "values": [{"value": "", "step": null, "ts": 1683778229.8446703}]}, "version": 212}
{"obj": {"type": "LogStrings", "path": ["monitoring", "df9531f6", "stderr"], "values": [{"value": "\n", "step": null, "ts": 1683778229.8450458}]}, "version": 213}
